<?xml version="1.0" encoding="UTF-8"?>
<testsuite name="com.choucair.features.startsharp.StartSharp" tests="1" skipped="0" failures="0" errors="0" timestamp="2022-09-30T20:37:46" hostname="MPC-5CD012CZ0B" time="99.365">
  <properties/>
  <testcase name="should_MeetingAndOrganizationBeCreated_When_SubmitTheCompleteRegistrationData" classname="com.choucair.features.startsharp.StartSharp" time="99.365"/>
  <system-out><![CDATA[15:37:46.876 [Test worker] INFO  - 

-------------------------------------------------------------------------------------
     _______. _______ .______       _______ .__   __.  __  .___________.____    ____ 
    /       ||   ____||   _  \     |   ____||  \ |  | |  | |           |\   \  /   / 
   |   (----`|  |__   |  |_)  |    |  |__   |   \|  | |  | `---|  |----` \   \/   /  
    \   \    |   __|  |      /     |   __|  |  . `  | |  |     |  |       \_    _/   
.----)   |   |  |____ |  |\  \----.|  |____ |  |\   | |  |     |  |         |  |     
|_______/    |_______|| _| `._____||_______||__| \__| |__|     |__|         |__|    
                                                                                     
 News and tutorials at http://www.serenity-bdd.info                                  
 Documentation at https://wakaleo.gitbooks.io/the-serenity-book/content/             
 Join the Serenity Community on Gitter: https://gitter.im/serenity-bdd/serenity-core 
 Serenity BDD Support and Training at http://serenity-bdd.info/#/trainingandsupport  
-------------------------------------------------------------------------------------

15:37:46.959 [Test worker] DEBUG net.thucydides.core.steps.StepEventBus - Test suite started for class com.choucair.features.startsharp.StartSharp
15:37:46.967 [Test worker] INFO  - Test Suite Started: Start sharp
15:37:46.997 [Test worker] INFO  - 
  _____   ___   ___   _____     ___   _____     _     ___   _____   ___   ___  
 |_   _| | __| / __| |_   _|   / __| |_   _|   /_\   | _ \ |_   _| | __| |   \ 
   | |   | _|  \__ \   | |     \__ \   | |    / _ \  |   /   | |   | _|  | |) |
   |_|   |___| |___/   |_|     |___/   |_|   /_/ \_\ |_|_\   |_|   |___| |___/ 

should_MeetingAndOrganizationBeCreated_When_SubmitTheCompleteRegistrationData
--------------------------------------------------------------------------------
15:37:47.600 [Test worker] DEBUG net.thucydides.core.model.featuretags.StoryFileStrategy - Story name for startsharp => story:Startsharp/Start sharp
15:37:48.436 [Test worker] INFO net.serenitybdd.core.webdriver.driverproviders.ChromeDriverProvider - Using automatically driver download
15:37:49.925 [Test worker] DEBUG io.github.bonigarcia.wdm.cache.ResolutionCache - Resolution chrome=105 in cache (valid until 16:13:26 30/09/2022 COT)
15:37:49.937 [Test worker] DEBUG io.github.bonigarcia.wdm.cache.ResolutionCache - Resolution chrome105=105.0.5195.52 in cache (valid until 11:47:50 01/10/2022 COT)
15:37:49.940 [Test worker] INFO io.github.bonigarcia.wdm.WebDriverManager - Using chromedriver 105.0.5195.52 (resolved driver for Chrome 105)
15:37:49.985 [Test worker] DEBUG io.github.bonigarcia.wdm.WebDriverManager - Driver chromedriver 105.0.5195.52 found in cache
15:37:49.986 [Test worker] INFO io.github.bonigarcia.wdm.WebDriverManager - Exporting webdriver.chrome.driver as C:\Users\Administrador\.cache\selenium\chromedriver\win32\105.0.5195.52\chromedriver.exe
15:37:51.038 [Test worker] DEBUG net.thucydides.core.reflection.ClassFinder - Could not load class .com.choucair.conf.BaseConf
15:37:51.038 [Test worker] DEBUG net.thucydides.core.reflection.ClassFinder - Could not load class .com.choucair.data.factories.ActorFactory
15:37:51.039 [Test worker] DEBUG net.thucydides.core.reflection.ClassFinder - Could not load class .com.choucair.data.factories.DataFactory
15:37:51.039 [Test worker] DEBUG net.thucydides.core.reflection.ClassFinder - Could not load class .com.choucair.enums.ActorName
15:37:51.039 [Test worker] DEBUG net.thucydides.core.reflection.ClassFinder - Could not load class .com.choucair.exceptions.DataNotFoundException
15:37:51.039 [Test worker] DEBUG net.thucydides.core.reflection.ClassFinder - Could not load class .com.choucair.features.login.Login
15:37:51.039 [Test worker] DEBUG net.thucydides.core.reflection.ClassFinder - Could not load class .com.choucair.features.startsharp.StartSharp
15:37:51.039 [Test worker] DEBUG net.thucydides.core.reflection.ClassFinder - Could not load class .com.choucair.interactions.startsharp.AddBusinessUnit
15:37:51.039 [Test worker] DEBUG net.thucydides.core.reflection.ClassFinder - Could not load class .com.choucair.interactions.startsharp.AddMeeting
15:37:51.039 [Test worker] DEBUG net.thucydides.core.reflection.ClassFinder - Could not load class .com.choucair.models.actor.ChoucairActor
15:37:51.039 [Test worker] DEBUG net.thucydides.core.reflection.ClassFinder - Could not load class .com.choucair.models.actor.Company
15:37:51.040 [Test worker] DEBUG net.thucydides.core.reflection.ClassFinder - Could not load class .com.choucair.models.actor.Credentials
15:37:51.040 [Test worker] DEBUG net.thucydides.core.reflection.ClassFinder - Could not load class .com.choucair.models.purchase.DataStartSharp
15:37:51.040 [Test worker] DEBUG net.thucydides.core.reflection.ClassFinder - Could not load class .com.choucair.tasks.Refresh
15:37:51.040 [Test worker] DEBUG net.thucydides.core.reflection.ClassFinder - Could not load class .com.choucair.tasks.login.LoginWith
15:37:51.040 [Test worker] DEBUG net.thucydides.core.reflection.ClassFinder - Could not load class .com.choucair.tasks.navigate.NavigateTo
15:37:51.040 [Test worker] DEBUG net.thucydides.core.reflection.ClassFinder - Could not load class .com.choucair.tasks.navigate.NavigateToCreate
15:37:51.040 [Test worker] DEBUG net.thucydides.core.reflection.ClassFinder - Could not load class .com.choucair.tasks.startsharp.CreateNewBusinessUnit
15:37:51.040 [Test worker] DEBUG net.thucydides.core.reflection.ClassFinder - Could not load class .com.choucair.tasks.startsharp.CreateNewMeeting
15:37:51.041 [Test worker] DEBUG net.thucydides.core.reflection.ClassFinder - Could not load class .com.choucair.ui.components.Chat
15:37:51.041 [Test worker] DEBUG net.thucydides.core.reflection.ClassFinder - Could not load class .com.choucair.ui.components.Menu.Menu
15:37:51.041 [Test worker] DEBUG net.thucydides.core.reflection.ClassFinder - Could not load class .com.choucair.ui.components.ModalMessage
15:37:51.041 [Test worker] DEBUG net.thucydides.core.reflection.ClassFinder - Could not load class .com.choucair.ui.components.Settings
15:37:51.041 [Test worker] DEBUG net.thucydides.core.reflection.ClassFinder - Could not load class .com.choucair.ui.components.UserMenu
15:37:51.042 [Test worker] DEBUG net.thucydides.core.reflection.ClassFinder - Could not load class .com.choucair.ui.components.header.CreateMenu
15:37:51.042 [Test worker] DEBUG net.thucydides.core.reflection.ClassFinder - Could not load class .com.choucair.ui.login.LoginPage
15:37:51.042 [Test worker] DEBUG net.thucydides.core.reflection.ClassFinder - Could not load class .com.choucair.ui.startsharp.CreateNewBusinessUnitPage
15:37:51.042 [Test worker] DEBUG net.thucydides.core.reflection.ClassFinder - Could not load class .com.choucair.ui.startsharp.CreateNewMeetingPage
15:37:51.042 [Test worker] DEBUG net.thucydides.core.reflection.ClassFinder - Could not load class .com.choucair.ui.startsharp.preview.DetailMeetingPreview
15:37:51.043 [Test worker] DEBUG net.thucydides.core.reflection.ClassFinder - Could not load class .com.choucair.util.GetEnvironment
15:37:51.043 [Test worker] DEBUG net.thucydides.core.reflection.ClassFinder - Could not load class .com.choucair.util.GetRandomNumber
15:37:51.044 [Test worker] DEBUG net.thucydides.core.reflection.ClassFinder - Could not load class META-INF.versions.9.com.sun.istack.logging.StackHelper
15:37:51.045 [Test worker] DEBUG net.thucydides.core.reflection.ClassFinder - Could not load class META-INF.versions.9.com.sun.xml.bind.v2.runtime.reflect.opt.AccessorInjector
15:37:51.045 [Test worker] DEBUG net.thucydides.core.reflection.ClassFinder - Could not load class META-INF.versions.9.com.sun.xml.bind.v2.runtime.reflect.opt.Injector
15:37:51.046 [Test worker] DEBUG net.thucydides.core.reflection.ClassFinder - Could not load class META-INF.versions.9.com.sun.xml.bind.v2.runtime.reflect.opt.OptimizedAccessorFactory
15:37:51.046 [Test worker] DEBUG net.thucydides.core.reflection.ClassFinder - Could not load class META-INF.versions.9.com.sun.xml.bind.v2.runtime.reflect.opt.OptimizedTransducedAccessorFactory
15:37:51.047 [Test worker] DEBUG net.thucydides.core.reflection.ClassFinder - Could not load class META-INF.versions.9.io.opentelemetry.sdk.internal.CurrentJavaVersionSpecific
15:37:51.048 [Test worker] DEBUG net.thucydides.core.reflection.ClassFinder - Could not load class META-INF.versions.9.io.opentelemetry.sdk.internal.Java9VersionSpecific
15:37:51.049 [Test worker] DEBUG net.thucydides.core.reflection.ClassFinder - Could not load class META-INF.versions.9.javax.xml.bind.ModuleUtil
15:37:51.049 [Test worker] DEBUG net.thucydides.core.reflection.ClassFinder - Could not load class META-INF.versions.9.module-info
15:37:51.050 [Test worker] DEBUG net.thucydides.core.reflection.ClassFinder - Could not load class META-INF.versions.9.org.apache.logging.log4j.util.Base64Util
15:37:51.050 [Test worker] DEBUG net.thucydides.core.reflection.ClassFinder - Could not load class META-INF.versions.9.org.apache.logging.log4j.util.ProcessIdUtil
15:37:51.051 [Test worker] DEBUG net.thucydides.core.reflection.ClassFinder - Could not load class META-INF.versions.9.org.apache.logging.log4j.util.StackLocator
15:37:51.052 [Test worker] DEBUG net.thucydides.core.reflection.ClassFinder - Could not load class META-INF.versions.9.org.apache.logging.log4j.util.internal.DefaultObjectInputFilter
15:37:51.052 [Test worker] DEBUG net.thucydides.core.reflection.ClassFinder - Could not load class META-INF.versions.9.org.apache.xmlbeans.impl.tool.MavenPluginResolver
15:37:51.053 [Test worker] DEBUG net.thucydides.core.reflection.ClassFinder - Could not load class META-INF.versions.9.org.junit.platform.commons.util.ModuleUtils
15:37:51.545 [Test worker] DEBUG net.thucydides.core.reflection.ClassFinder - Could not load class com.google.gson.internal.
15:37:51.864 [Test worker] DEBUG net.thucydides.core.reflection.ClassFinder - Could not load class com.microsoft.schemas.office.office.STOLEUpdateMode
15:37:51.864 [Test worker] DEBUG net.thucydides.core.reflection.ClassFinder - Could not load class com.microsoft.schemas.office.office.STScreenSize
15:37:51.909 [Test worker] DEBUG net.thucydides.core.reflection.ClassFinder - Could not load class com.microsoft.schemas.office.visio.x2012.main.SheetType
15:37:51.916 [Test worker] DEBUG net.thucydides.core.reflection.ClassFinder - Could not load class com.microsoft.schemas.office.visio.x2012.main.TriggerType
15:37:51.952 [Test worker] DEBUG net.thucydides.core.reflection.ClassFinder - Could not load class com.microsoft.schemas.office.word.STHorizontalAnchor
15:37:51.953 [Test worker] DEBUG net.thucydides.core.reflection.ClassFinder - Could not load class com.microsoft.schemas.office.word.STVerticalAnchor
15:37:51.954 [Test worker] DEBUG net.thucydides.core.reflection.ClassFinder - Could not load class com.microsoft.schemas.office.word.STWrapSide
15:37:52.041 [Test worker] DEBUG net.thucydides.core.reflection.ClassFinder - Could not load class com.microsoft.schemas.vml.STImageAspect
15:37:52.047 [Test worker] DEBUG net.thucydides.core.reflection.ClassFinder - Could not load class com.microsoft.schemas.vml.STStrokeArrowLength
15:37:52.051 [Test worker] DEBUG net.thucydides.core.reflection.ClassFinder - Could not load class com.microsoft.schemas.vml.STStrokeArrowWidth
15:37:52.051 [Test worker] DEBUG net.thucydides.core.reflection.ClassFinder - Could not load class com.microsoft.schemas.vml.STStrokeEndCap
15:37:52.054 [Test worker] DEBUG net.thucydides.core.reflection.ClassFinder - Could not load class com.microsoft.schemas.vml.STStrokeLineStyle
15:37:52.260 [Test worker] DEBUG net.thucydides.core.reflection.ClassFinder - Could not load class com.sun.xml.bind.v2.runtime.output.FastInfosetStreamWriterOutput
15:37:52.638 [Test worker] DEBUG net.thucydides.core.reflection.ClassFinder - Could not load class module-info
15:37:52.872 [Test worker] DEBUG net.thucydides.core.reflection.ClassFinder - Could not load class org.apache.logging.log4j.util.Activator
15:37:54.154 [Test worker] DEBUG net.thucydides.core.reflection.ClassFinder - Could not load class org.apache.poi.xslf.draw.SVGImageRenderer
15:37:54.155 [Test worker] DEBUG net.thucydides.core.reflection.ClassFinder - Could not load class org.apache.poi.xslf.draw.SVGPOIGraphics2D
15:37:54.156 [Test worker] DEBUG net.thucydides.core.reflection.ClassFinder - Could not load class org.apache.poi.xslf.draw.SVGRenderExtension
15:37:54.157 [Test worker] DEBUG net.thucydides.core.reflection.ClassFinder - Could not load class org.apache.poi.xslf.draw.SVGUserAgent
15:37:54.218 [Test worker] DEBUG net.thucydides.core.reflection.ClassFinder - Could not load class org.apache.poi.xslf.util.SVGFormat
15:37:54.691 [Test worker] DEBUG net.thucydides.core.reflection.ClassFinder - Could not load class org.apache.xmlbeans.impl.schema.TypeSystemHolder
15:37:54.732 [Test worker] DEBUG net.thucydides.core.reflection.ClassFinder - Could not load class org.apache.xmlbeans.impl.tool.MavenPlugin
15:37:54.734 [Test worker] DEBUG net.thucydides.core.reflection.ClassFinder - Could not load class org.apache.xmlbeans.impl.tool.MavenPluginHelp
15:37:54.748 [Test worker] DEBUG net.thucydides.core.reflection.ClassFinder - Could not load class org.apache.xmlbeans.impl.tool.XMLBean
15:37:54.982 [Test worker] DEBUG net.thucydides.core.reflection.ClassFinder - Could not load class org.apache.xmlbeans.impl.xpath.saxon.SaxonXPath
15:37:54.984 [Test worker] DEBUG net.thucydides.core.reflection.ClassFinder - Could not load class org.apache.xmlbeans.impl.xpath.saxon.SaxonXQuery
15:37:57.815 [Test worker] DEBUG net.thucydides.core.reflection.ClassFinder - Could not load class org.etsi.uri.x01903.v13.GenericTimeStampType
15:37:57.820 [Test worker] DEBUG net.thucydides.core.reflection.ClassFinder - Could not load class org.etsi.uri.x01903.v13.QualifierType
15:37:58.851 [Test worker] DEBUG io.netty.util.internal.logging.InternalLoggerFactory - Using SLF4J as the default logging framework
15:37:58.856 [Test worker] DEBUG io.netty.util.ResourceLeakDetector - -Dio.netty.leakDetection.level: simple
15:37:58.856 [Test worker] DEBUG io.netty.util.ResourceLeakDetector - -Dio.netty.leakDetection.targetRecords: 4
15:37:58.863 [Test worker] DEBUG io.netty.util.ResourceLeakDetectorFactory - Loaded default ResourceLeakDetector: io.netty.util.ResourceLeakDetector@5bf5a339
15:37:58.886 [Test worker] DEBUG io.netty.util.internal.PlatformDependent0 - -Dio.netty.noUnsafe: false
15:37:58.886 [Test worker] DEBUG io.netty.util.internal.PlatformDependent0 - Java version: 11
15:37:58.887 [Test worker] DEBUG io.netty.util.internal.PlatformDependent0 - sun.misc.Unsafe.theUnsafe: available
15:37:58.888 [Test worker] DEBUG io.netty.util.internal.PlatformDependent0 - sun.misc.Unsafe.copyMemory: available
15:37:58.889 [Test worker] DEBUG io.netty.util.internal.PlatformDependent0 - java.nio.Buffer.address: available
15:37:58.890 [Test worker] DEBUG io.netty.util.internal.PlatformDependent0 - direct buffer constructor: unavailable: Reflective setAccessible(true) disabled
15:37:58.890 [Test worker] DEBUG io.netty.util.internal.PlatformDependent0 - java.nio.Bits.unaligned: available, true
15:37:58.892 [Test worker] DEBUG io.netty.util.internal.PlatformDependent0 - jdk.internal.misc.Unsafe.allocateUninitializedArray(int): unavailable: class io.netty.util.internal.PlatformDependent0$6 cannot access class jdk.internal.misc.Unsafe (in module java.base) because module java.base does not export jdk.internal.misc to unnamed module @7c2b5021
15:37:58.893 [Test worker] DEBUG io.netty.util.internal.PlatformDependent0 - java.nio.DirectByteBuffer.<init>(long, int): unavailable
15:37:58.894 [Test worker] DEBUG io.netty.util.internal.PlatformDependent - sun.misc.Unsafe: available
15:37:58.896 [Test worker] DEBUG io.netty.util.internal.PlatformDependent - maxDirectMemory: 536870912 bytes (maybe)
15:37:58.897 [Test worker] DEBUG io.netty.util.internal.PlatformDependent - -Dio.netty.tmpdir: C:\Users\ADMINI~1\AppData\Local\Temp (java.io.tmpdir)
15:37:58.897 [Test worker] DEBUG io.netty.util.internal.PlatformDependent - -Dio.netty.bitMode: 64 (sun.arch.data.model)
15:37:58.897 [Test worker] DEBUG io.netty.util.internal.PlatformDependent - Platform: Windows
15:37:58.898 [Test worker] DEBUG io.netty.util.internal.PlatformDependent - -Dio.netty.maxDirectMemory: -1 bytes
15:37:58.899 [Test worker] DEBUG io.netty.util.internal.PlatformDependent - -Dio.netty.uninitializedArrayAllocationThreshold: -1
15:37:58.900 [Test worker] DEBUG io.netty.util.internal.CleanerJava9 - java.nio.ByteBuffer.cleaner(): available
15:37:58.900 [Test worker] DEBUG io.netty.util.internal.PlatformDependent - -Dio.netty.noPreferDirect: false
15:37:58.916 [Test worker] DEBUG io.netty.util.internal.PlatformDependent - org.jctools-core.MpscChunkedArrayQueue: available
15:37:58.940 [Test worker] DEBUG io.netty.util.internal.InternalThreadLocalMap - -Dio.netty.threadLocalMap.stringBuilder.initialSize: 1024
15:37:58.940 [Test worker] DEBUG io.netty.util.internal.InternalThreadLocalMap - -Dio.netty.threadLocalMap.stringBuilder.maxSize: 4096
15:37:58.973 [Test worker] DEBUG io.netty.handler.ssl.JdkSslContext - Default protocols (JDK): [TLSv1.3, TLSv1.2] 
15:37:58.973 [Test worker] DEBUG io.netty.handler.ssl.JdkSslContext - Default cipher suites (JDK): [TLS_ECDHE_ECDSA_WITH_AES_256_GCM_SHA384, TLS_ECDHE_ECDSA_WITH_AES_128_GCM_SHA256, TLS_ECDHE_RSA_WITH_AES_128_GCM_SHA256, TLS_ECDHE_RSA_WITH_AES_256_GCM_SHA384, TLS_ECDHE_RSA_WITH_AES_128_CBC_SHA, TLS_ECDHE_RSA_WITH_AES_256_CBC_SHA, TLS_RSA_WITH_AES_128_GCM_SHA256, TLS_RSA_WITH_AES_128_CBC_SHA, TLS_RSA_WITH_AES_256_CBC_SHA, TLS_AES_128_GCM_SHA256, TLS_AES_256_GCM_SHA384]
15:37:59.010 [Test worker] DEBUG io.netty.channel.MultithreadEventLoopGroup - -Dio.netty.eventLoopThreads: 16
15:37:59.019 [Test worker] DEBUG io.netty.channel.nio.NioEventLoop - -Dio.netty.noKeySetOptimization: false
15:37:59.019 [Test worker] DEBUG io.netty.channel.nio.NioEventLoop - -Dio.netty.selectorAutoRebuildThreshold: 512
15:37:59.061 [Test worker] DEBUG io.netty.buffer.PooledByteBufAllocator - -Dio.netty.allocator.numHeapArenas: 1
15:37:59.061 [Test worker] DEBUG io.netty.buffer.PooledByteBufAllocator - -Dio.netty.allocator.numDirectArenas: 1
15:37:59.061 [Test worker] DEBUG io.netty.buffer.PooledByteBufAllocator - -Dio.netty.allocator.pageSize: 8192
15:37:59.061 [Test worker] DEBUG io.netty.buffer.PooledByteBufAllocator - -Dio.netty.allocator.maxOrder: 9
15:37:59.061 [Test worker] DEBUG io.netty.buffer.PooledByteBufAllocator - -Dio.netty.allocator.chunkSize: 4194304
15:37:59.061 [Test worker] DEBUG io.netty.buffer.PooledByteBufAllocator - -Dio.netty.allocator.smallCacheSize: 256
15:37:59.062 [Test worker] DEBUG io.netty.buffer.PooledByteBufAllocator - -Dio.netty.allocator.normalCacheSize: 64
15:37:59.062 [Test worker] DEBUG io.netty.buffer.PooledByteBufAllocator - -Dio.netty.allocator.maxCachedBufferCapacity: 32768
15:37:59.062 [Test worker] DEBUG io.netty.buffer.PooledByteBufAllocator - -Dio.netty.allocator.cacheTrimInterval: 8192
15:37:59.062 [Test worker] DEBUG io.netty.buffer.PooledByteBufAllocator - -Dio.netty.allocator.cacheTrimIntervalMillis: 600000
15:37:59.062 [Test worker] DEBUG io.netty.buffer.PooledByteBufAllocator - -Dio.netty.allocator.useCacheForAllThreads: false
15:37:59.062 [Test worker] DEBUG io.netty.buffer.PooledByteBufAllocator - -Dio.netty.allocator.maxCachedByteBuffersPerChunk: 1023
15:37:59.074 [Test worker] DEBUG io.netty.buffer.ByteBufUtil - -Dio.netty.allocator.type: pooled
15:37:59.074 [Test worker] DEBUG io.netty.buffer.ByteBufUtil - -Dio.netty.threadLocalDirectBufferSize: 0
15:37:59.075 [Test worker] DEBUG io.netty.buffer.ByteBufUtil - -Dio.netty.maxThreadLocalCharBufferSize: 16384
15:37:59.257 [Test worker] DEBUG net.thucydides.core.reflection.ClassFinder - Could not load class org.openxmlformats.schemas.drawingml.x2006.chart.CTSerAx
15:37:59.277 [Test worker] DEBUG net.thucydides.core.reflection.ClassFinder - Could not load class org.openxmlformats.schemas.drawingml.x2006.chart.STDepthPercentUShort
15:37:59.278 [Test worker] DEBUG net.thucydides.core.reflection.ClassFinder - Could not load class org.openxmlformats.schemas.drawingml.x2006.chart.STDepthPercentWithSymbol
15:37:59.283 [Test worker] DEBUG net.thucydides.core.reflection.ClassFinder - Could not load class org.openxmlformats.schemas.drawingml.x2006.chart.STHPercentUShort
15:37:59.284 [Test worker] DEBUG net.thucydides.core.reflection.ClassFinder - Could not load class org.openxmlformats.schemas.drawingml.x2006.chart.STHPercentWithSymbol
15:37:59.286 [Test worker] DEBUG net.thucydides.core.reflection.ClassFinder - Could not load class org.openxmlformats.schemas.drawingml.x2006.chart.STHoleSizePercent
15:37:59.287 [Test worker] DEBUG net.thucydides.core.reflection.ClassFinder - Could not load class org.openxmlformats.schemas.drawingml.x2006.chart.STHoleSizeUByte
15:37:59.293 [Test worker] DEBUG net.thucydides.core.reflection.ClassFinder - Could not load class org.openxmlformats.schemas.drawingml.x2006.chart.STOverlapByte
15:37:59.294 [Test worker] DEBUG net.thucydides.core.reflection.ClassFinder - Could not load class org.openxmlformats.schemas.drawingml.x2006.chart.STOverlapPercent
15:37:59.295 [Test worker] DEBUG net.thucydides.core.reflection.ClassFinder - Could not load class org.openxmlformats.schemas.drawingml.x2006.chart.STPageSetupOrientation
15:37:59.431 [Test worker] DEBUG net.thucydides.core.reflection.ClassFinder - Could not load class org.openxmlformats.schemas.drawingml.x2006.main.CTGroupFillProperties
15:37:59.455 [Test worker] DEBUG net.thucydides.core.reflection.ClassFinder - Could not load class org.openxmlformats.schemas.drawingml.x2006.main.CTPath2DQuadBezierTo
15:37:59.527 [Test worker] DEBUG net.thucydides.core.reflection.ClassFinder - Could not load class org.openxmlformats.schemas.drawingml.x2006.main.STEffectContainerType
15:37:59.541 [Test worker] DEBUG net.thucydides.core.reflection.ClassFinder - Could not load class org.openxmlformats.schemas.drawingml.x2006.main.STPresetMaterialType
15:37:59.732 [Test worker] DEBUG net.thucydides.core.reflection.ClassFinder - Could not load class org.openxmlformats.schemas.drawingml.x2006.wordprocessingDrawing.STAlignH
15:37:59.733 [Test worker] DEBUG net.thucydides.core.reflection.ClassFinder - Could not load class org.openxmlformats.schemas.drawingml.x2006.wordprocessingDrawing.STAlignV
15:37:59.753 [Test worker] DEBUG net.thucydides.core.reflection.ClassFinder - Could not load class org.openxmlformats.schemas.officeDocument.x2006.docPropsVTypes.STVectorBaseType
15:37:59.819 [Test worker] DEBUG net.thucydides.core.reflection.ClassFinder - Could not load class org.openxmlformats.schemas.officeDocument.x2006.sharedTypes.STConformanceClass
15:37:59.891 [Test worker] DEBUG net.thucydides.core.reflection.ClassFinder - Could not load class org.openxmlformats.schemas.presentationml.x2006.main.STDirection
15:37:59.904 [Test worker] DEBUG net.thucydides.core.reflection.ClassFinder - Could not load class org.openxmlformats.schemas.presentationml.x2006.main.STTLTimeNodeMasterRelation
15:37:59.904 [Test worker] DEBUG net.thucydides.core.reflection.ClassFinder - Could not load class org.openxmlformats.schemas.presentationml.x2006.main.STTLTimeNodePresetClassType
15:37:59.906 [Test worker] DEBUG net.thucydides.core.reflection.ClassFinder - Could not load class org.openxmlformats.schemas.presentationml.x2006.main.STTLTimeNodeSyncType
15:37:59.908 [Test worker] DEBUG net.thucydides.core.reflection.ClassFinder - Could not load class org.openxmlformats.schemas.presentationml.x2006.main.STTLTriggerEvent
15:38:00.141 [Test worker] DEBUG net.thucydides.core.reflection.ClassFinder - Could not load class org.openxmlformats.schemas.spreadsheetml.x2006.main.STComments
15:38:00.146 [Test worker] DEBUG net.thucydides.core.reflection.ClassFinder - Could not load class org.openxmlformats.schemas.spreadsheetml.x2006.main.STDataValidationImeMode
15:38:00.150 [Test worker] DEBUG net.thucydides.core.reflection.ClassFinder - Could not load class org.openxmlformats.schemas.spreadsheetml.x2006.main.STFieldSortType
15:38:00.162 [Test worker] DEBUG net.thucydides.core.reflection.ClassFinder - Could not load class org.openxmlformats.schemas.spreadsheetml.x2006.main.STOleUpdate
15:38:00.168 [Test worker] DEBUG net.thucydides.core.reflection.ClassFinder - Could not load class org.openxmlformats.schemas.spreadsheetml.x2006.main.STPhoneticAlignment
15:38:00.174 [Test worker] DEBUG net.thucydides.core.reflection.ClassFinder - Could not load class org.openxmlformats.schemas.spreadsheetml.x2006.main.STShowDataAs
15:38:00.175 [Test worker] DEBUG net.thucydides.core.reflection.ClassFinder - Could not load class org.openxmlformats.schemas.spreadsheetml.x2006.main.STSortBy
15:38:00.176 [Test worker] DEBUG net.thucydides.core.reflection.ClassFinder - Could not load class org.openxmlformats.schemas.spreadsheetml.x2006.main.STSortMethod
15:38:00.181 [Test worker] DEBUG net.thucydides.core.reflection.ClassFinder - Could not load class org.openxmlformats.schemas.spreadsheetml.x2006.main.STTableType
15:38:00.181 [Test worker] DEBUG net.thucydides.core.reflection.ClassFinder - Could not load class org.openxmlformats.schemas.spreadsheetml.x2006.main.STTargetScreenSize
15:38:00.184 [Test worker] DEBUG net.thucydides.core.reflection.ClassFinder - Could not load class org.openxmlformats.schemas.spreadsheetml.x2006.main.STTotalsRowFunction
15:38:00.389 [Test worker] DEBUG net.thucydides.core.reflection.ClassFinder - Could not load class org.openxmlformats.schemas.wordprocessingml.x2006.main.CTBookmarkRange
15:38:00.428 [Test worker] DEBUG net.thucydides.core.reflection.ClassFinder - Could not load class org.openxmlformats.schemas.wordprocessingml.x2006.main.CTDocumentBase
15:38:00.495 [Test worker] DEBUG net.thucydides.core.reflection.ClassFinder - Could not load class org.openxmlformats.schemas.wordprocessingml.x2006.main.CTPPrBase
15:38:00.579 [Test worker] DEBUG net.thucydides.core.reflection.ClassFinder - Could not load class org.openxmlformats.schemas.wordprocessingml.x2006.main.CTTblGridBase
15:38:00.586 [Test worker] DEBUG net.thucydides.core.reflection.ClassFinder - Could not load class org.openxmlformats.schemas.wordprocessingml.x2006.main.CTTblPrBase
15:38:00.588 [Test worker] DEBUG net.thucydides.core.reflection.ClassFinder - Could not load class org.openxmlformats.schemas.wordprocessingml.x2006.main.CTTblPrExBase
15:38:00.596 [Test worker] DEBUG net.thucydides.core.reflection.ClassFinder - Could not load class org.openxmlformats.schemas.wordprocessingml.x2006.main.CTTcPrBase
15:38:00.597 [Test worker] DEBUG net.thucydides.core.reflection.ClassFinder - Could not load class org.openxmlformats.schemas.wordprocessingml.x2006.main.CTTcPrInner
15:38:00.606 [Test worker] DEBUG net.thucydides.core.reflection.ClassFinder - Could not load class org.openxmlformats.schemas.wordprocessingml.x2006.main.CTTrPrBase
15:38:00.629 [Test worker] DEBUG net.thucydides.core.reflection.ClassFinder - Could not load class org.openxmlformats.schemas.wordprocessingml.x2006.main.STChapterSep
15:38:00.639 [Test worker] DEBUG net.thucydides.core.reflection.ClassFinder - Could not load class org.openxmlformats.schemas.wordprocessingml.x2006.main.STDropCap
15:38:00.663 [Test worker] DEBUG net.thucydides.core.reflection.ClassFinder - Could not load class org.openxmlformats.schemas.wordprocessingml.x2006.main.STPTabAlignment
15:38:00.663 [Test worker] DEBUG net.thucydides.core.reflection.ClassFinder - Could not load class org.openxmlformats.schemas.wordprocessingml.x2006.main.STPTabLeader
15:38:00.664 [Test worker] DEBUG net.thucydides.core.reflection.ClassFinder - Could not load class org.openxmlformats.schemas.wordprocessingml.x2006.main.STPTabRelativeTo
15:38:00.666 [Test worker] DEBUG net.thucydides.core.reflection.ClassFinder - Could not load class org.openxmlformats.schemas.wordprocessingml.x2006.main.STPageBorderZOrder
15:38:00.697 [Test worker] DEBUG net.thucydides.core.reflection.ClassFinder - Could not load class org.openxmlformats.schemas.wordprocessingml.x2006.main.STZoom
15:38:01.089 [Test worker] DEBUG net.serenitybdd.core.webdriver.driverproviders.ProvideNewDriver - Instantiating driver
15:38:01.089 [Test worker] DEBUG net.serenitybdd.core.webdriver.driverproviders.ProvideNewDriver - Driver capabilities: Capabilities {acceptInsecureCerts: false, autodownload: true, base.url: https://serenity.is/demo/, browserName: chrome, driver: chrome, goog:chromeOptions: {args: [--start-maximized, --test-type, --no-sandbox, --ignore-certificate-errors, \r\n                   --di..., --disable-default-apps, --disable-extensions-file-a..., \r\n                   --in..., --disable-infobars,--disabl...], extensions: []}, timeouts.fluentwait: 10000, timeouts.implicitlywait: 45000}
15:38:01.875 [Forwarding newSession on session null to remote] DEBUG io.netty.channel.DefaultChannelId - -Dio.netty.processId: 2181 (user-set)
15:38:01.876 [Forwarding newSession on session null to remote] DEBUG io.netty.channel.DefaultChannelId - -Dio.netty.machineId: 28:f0:76:ff:fe:16:65:0e (user-set)
15:38:01.963 [AsyncHttpClient-1-2] DEBUG io.netty.buffer.AbstractByteBuf - -Dio.netty.buffer.checkAccessible: true
15:38:01.963 [AsyncHttpClient-1-2] DEBUG io.netty.buffer.AbstractByteBuf - -Dio.netty.buffer.checkBounds: true
15:38:01.963 [AsyncHttpClient-1-2] DEBUG io.netty.util.ResourceLeakDetectorFactory - Loaded default ResourceLeakDetector: io.netty.util.ResourceLeakDetector@241de70c
15:38:01.978 [AsyncHttpClient-1-2] DEBUG org.asynchttpclient.netty.channel.NettyConnectListener - Using new Channel '[id: 0xee7d4684, L:/127.0.0.1:59971 - R:localhost/127.0.0.1:58509]' for 'POST' to '/session'
15:38:02.000 [AsyncHttpClient-1-2] DEBUG io.netty.util.Recycler - -Dio.netty.recycler.maxCapacityPerThread: 4096
15:38:02.000 [AsyncHttpClient-1-2] DEBUG io.netty.util.Recycler - -Dio.netty.recycler.ratio: 8
15:38:02.000 [AsyncHttpClient-1-2] DEBUG io.netty.util.Recycler - -Dio.netty.recycler.chunkSize: 32
15:38:02.000 [AsyncHttpClient-1-2] DEBUG io.netty.util.Recycler - -Dio.netty.recycler.blocking: false
15:38:02.583 [AsyncHttpClient-1-2] DEBUG io.netty.handler.codec.compression.Brotli - brotli4j not in the classpath; Brotli support will be unavailable.
15:38:02.583 [AsyncHttpClient-1-2] DEBUG org.asynchttpclient.netty.handler.HttpHandler - 

Request DefaultHttpRequest(decodeResult: success, version: HTTP/1.1)
POST /session HTTP/1.1
User-Agent: selenium/4.1.4 (java windows)
Content-Length: 1362
Content-Type: application/json; charset=utf-8
host: localhost:58509
accept: */*

Response DefaultHttpResponse(decodeResult: success, version: HTTP/1.1)
HTTP/1.1 200 OK
Content-Type: application/json; charset=utf-8
cache-control: no-cache
content-length: 794

15:38:02.591 [AsyncHttpClient-1-2] DEBUG org.asynchttpclient.netty.channel.ChannelManager - Adding key: http://localhost:58509 for channel [id: 0xee7d4684, L:/127.0.0.1:59971 - R:localhost/127.0.0.1:58509]
15:38:02.653 [AsyncHttpClient-1-3] DEBUG org.asynchttpclient.netty.channel.NettyConnectListener - Using new Channel '[id: 0xd3c2d013, L:/127.0.0.1:59979 - R:localhost/127.0.0.1:59972]' for 'GET' to '/json/version'
15:38:02.656 [AsyncHttpClient-1-3] DEBUG org.asynchttpclient.netty.handler.HttpHandler - 

Request DefaultFullHttpRequest(decodeResult: success, version: HTTP/1.1, content: EmptyByteBufBE)
GET /json/version HTTP/1.1
User-Agent: selenium/4.1.4 (java windows)
host: localhost:59972
accept: */*

Response DefaultHttpResponse(decodeResult: success, version: HTTP/1.1)
HTTP/1.1 200 OK
Content-Type: application/json; charset=UTF-8
content-length: 423

15:38:02.656 [AsyncHttpClient-1-3] DEBUG org.asynchttpclient.netty.channel.ChannelManager - Adding key: http://localhost:59972 for channel [id: 0xd3c2d013, L:/127.0.0.1:59979 - R:localhost/127.0.0.1:59972]
15:38:02.664 [Test worker] DEBUG io.netty.util.internal.ThreadLocalRandom - -Dio.netty.initialSeedUniquifier: 0x1fb0774a0e671b13
15:38:02.668 [AsyncHttpClient-1-4] DEBUG org.asynchttpclient.netty.channel.NettyConnectListener - Using new Channel '[id: 0x146a9213, L:/127.0.0.1:59980 - R:localhost/127.0.0.1:59972]' for 'GET' to '/devtools/browser/373be6e0-a3fe-4d70-b26d-86339de9ceb7'
15:38:02.669 [AsyncHttpClient-1-4] DEBUG org.asynchttpclient.netty.handler.WebSocketHandler - 

Request DefaultFullHttpRequest(decodeResult: success, version: HTTP/1.1, content: EmptyByteBufBE)
GET /devtools/browser/373be6e0-a3fe-4d70-b26d-86339de9ceb7 HTTP/1.1
upgrade: websocket
connection: upgrade
sec-websocket-key: lAP8H9Ktnp1jbB/qnKqKqw==
sec-websocket-version: 13
origin: http://localhost:59972
host: localhost:59972
accept: */*
user-agent: AHC/2.1

Response DefaultHttpResponse(decodeResult: success, version: HTTP/1.1)
HTTP/1.1 101 WebSocket Protocol Handshake
Upgrade: WebSocket
Connection: Upgrade
Sec-WebSocket-Accept: Mfyh53UUNU7wEsRJhUeh+8znpYs=

15:38:02.702 [Forwarding setTimeout on session 566657fccef467be2dbfb2d8d7b8db24 to remote] DEBUG org.asynchttpclient.netty.request.NettyRequestSender - Using pooled Channel '[id: 0xee7d4684, L:/127.0.0.1:59971 - R:localhost/127.0.0.1:58509]' for 'POST' to 'http://localhost:58509/session/566657fccef467be2dbfb2d8d7b8db24/timeouts'
15:38:02.702 [Forwarding setTimeout on session 566657fccef467be2dbfb2d8d7b8db24 to remote] DEBUG org.asynchttpclient.netty.request.NettyRequestSender - Using open Channel [id: 0xee7d4684, L:/127.0.0.1:59971 - R:localhost/127.0.0.1:58509] for POST '/session/566657fccef467be2dbfb2d8d7b8db24/timeouts'
15:38:02.705 [AsyncHttpClient-1-2] DEBUG org.asynchttpclient.netty.handler.HttpHandler - 

Request DefaultHttpRequest(decodeResult: success, version: HTTP/1.1)
POST /session/566657fccef467be2dbfb2d8d7b8db24/timeouts HTTP/1.1
User-Agent: selenium/4.1.4 (java windows)
Content-Length: 23
Content-Type: application/json; charset=utf-8
host: localhost:58509
accept: */*

Response DefaultHttpResponse(decodeResult: success, version: HTTP/1.1)
HTTP/1.1 200 OK
Content-Type: application/json; charset=utf-8
cache-control: no-cache
content-length: 14

15:38:02.706 [AsyncHttpClient-1-2] DEBUG org.asynchttpclient.netty.channel.ChannelManager - Adding key: http://localhost:58509 for channel [id: 0xee7d4684, L:/127.0.0.1:59971 - R:localhost/127.0.0.1:58509]
15:38:03.330 [AsyncHttpClient-1-1] DEBUG org.asynchttpclient.netty.channel.DefaultChannelPool - Entry count for : http://localhost:58509 : 1
15:38:03.330 [AsyncHttpClient-1-1] DEBUG org.asynchttpclient.netty.channel.DefaultChannelPool - Entry count for : http://localhost:59972 : 1
15:38:03.586 [Test worker] DEBUG net.thucydides.core.reflection.ClassFinder - Could not load class .com.choucair.conf.BaseConf
15:38:03.586 [Test worker] DEBUG net.thucydides.core.reflection.ClassFinder - Could not load class .com.choucair.data.factories.ActorFactory
15:38:03.586 [Test worker] DEBUG net.thucydides.core.reflection.ClassFinder - Could not load class .com.choucair.data.factories.DataFactory
15:38:03.586 [Test worker] DEBUG net.thucydides.core.reflection.ClassFinder - Could not load class .com.choucair.enums.ActorName
15:38:03.586 [Test worker] DEBUG net.thucydides.core.reflection.ClassFinder - Could not load class .com.choucair.exceptions.DataNotFoundException
15:38:03.586 [Test worker] DEBUG net.thucydides.core.reflection.ClassFinder - Could not load class .com.choucair.features.login.Login
15:38:03.586 [Test worker] DEBUG net.thucydides.core.reflection.ClassFinder - Could not load class .com.choucair.features.startsharp.StartSharp
15:38:03.586 [Test worker] DEBUG net.thucydides.core.reflection.ClassFinder - Could not load class .com.choucair.interactions.startsharp.AddBusinessUnit
15:38:03.586 [Test worker] DEBUG net.thucydides.core.reflection.ClassFinder - Could not load class .com.choucair.interactions.startsharp.AddMeeting
15:38:03.586 [Test worker] DEBUG net.thucydides.core.reflection.ClassFinder - Could not load class .com.choucair.models.actor.ChoucairActor
15:38:03.586 [Test worker] DEBUG net.thucydides.core.reflection.ClassFinder - Could not load class .com.choucair.models.actor.Company
15:38:03.587 [Test worker] DEBUG net.thucydides.core.reflection.ClassFinder - Could not load class .com.choucair.models.actor.Credentials
15:38:03.587 [Test worker] DEBUG net.thucydides.core.reflection.ClassFinder - Could not load class .com.choucair.models.purchase.DataStartSharp
15:38:03.587 [Test worker] DEBUG net.thucydides.core.reflection.ClassFinder - Could not load class .com.choucair.tasks.Refresh
15:38:03.587 [Test worker] DEBUG net.thucydides.core.reflection.ClassFinder - Could not load class .com.choucair.tasks.login.LoginWith
15:38:03.587 [Test worker] DEBUG net.thucydides.core.reflection.ClassFinder - Could not load class .com.choucair.tasks.navigate.NavigateTo
15:38:03.587 [Test worker] DEBUG net.thucydides.core.reflection.ClassFinder - Could not load class .com.choucair.tasks.navigate.NavigateToCreate
15:38:03.587 [Test worker] DEBUG net.thucydides.core.reflection.ClassFinder - Could not load class .com.choucair.tasks.startsharp.CreateNewBusinessUnit
15:38:03.587 [Test worker] DEBUG net.thucydides.core.reflection.ClassFinder - Could not load class .com.choucair.tasks.startsharp.CreateNewMeeting
15:38:03.587 [Test worker] DEBUG net.thucydides.core.reflection.ClassFinder - Could not load class .com.choucair.ui.components.Chat
15:38:03.587 [Test worker] DEBUG net.thucydides.core.reflection.ClassFinder - Could not load class .com.choucair.ui.components.Menu.Menu
15:38:03.588 [Test worker] DEBUG net.thucydides.core.reflection.ClassFinder - Could not load class .com.choucair.ui.components.ModalMessage
15:38:03.588 [Test worker] DEBUG net.thucydides.core.reflection.ClassFinder - Could not load class .com.choucair.ui.components.Settings
15:38:03.588 [Test worker] DEBUG net.thucydides.core.reflection.ClassFinder - Could not load class .com.choucair.ui.components.UserMenu
15:38:03.588 [Test worker] DEBUG net.thucydides.core.reflection.ClassFinder - Could not load class .com.choucair.ui.components.header.CreateMenu
15:38:03.588 [Test worker] DEBUG net.thucydides.core.reflection.ClassFinder - Could not load class .com.choucair.ui.login.LoginPage
15:38:03.588 [Test worker] DEBUG net.thucydides.core.reflection.ClassFinder - Could not load class .com.choucair.ui.startsharp.CreateNewBusinessUnitPage
15:38:03.588 [Test worker] DEBUG net.thucydides.core.reflection.ClassFinder - Could not load class .com.choucair.ui.startsharp.CreateNewMeetingPage
15:38:03.588 [Test worker] DEBUG net.thucydides.core.reflection.ClassFinder - Could not load class .com.choucair.ui.startsharp.preview.DetailMeetingPreview
15:38:03.588 [Test worker] DEBUG net.thucydides.core.reflection.ClassFinder - Could not load class .com.choucair.util.GetEnvironment
15:38:03.588 [Test worker] DEBUG net.thucydides.core.reflection.ClassFinder - Could not load class .com.choucair.util.GetRandomNumber
15:38:03.589 [Test worker] DEBUG net.thucydides.core.reflection.ClassFinder - Could not load class META-INF.versions.9.com.sun.istack.logging.StackHelper
15:38:03.589 [Test worker] DEBUG net.thucydides.core.reflection.ClassFinder - Could not load class META-INF.versions.9.com.sun.xml.bind.v2.runtime.reflect.opt.AccessorInjector
15:38:03.590 [Test worker] DEBUG net.thucydides.core.reflection.ClassFinder - Could not load class META-INF.versions.9.com.sun.xml.bind.v2.runtime.reflect.opt.Injector
15:38:03.590 [Test worker] DEBUG net.thucydides.core.reflection.ClassFinder - Could not load class META-INF.versions.9.com.sun.xml.bind.v2.runtime.reflect.opt.OptimizedAccessorFactory
15:38:03.591 [Test worker] DEBUG net.thucydides.core.reflection.ClassFinder - Could not load class META-INF.versions.9.com.sun.xml.bind.v2.runtime.reflect.opt.OptimizedTransducedAccessorFactory
15:38:03.591 [Test worker] DEBUG net.thucydides.core.reflection.ClassFinder - Could not load class META-INF.versions.9.io.opentelemetry.sdk.internal.CurrentJavaVersionSpecific
15:38:03.592 [Test worker] DEBUG net.thucydides.core.reflection.ClassFinder - Could not load class META-INF.versions.9.io.opentelemetry.sdk.internal.Java9VersionSpecific
15:38:03.592 [Test worker] DEBUG net.thucydides.core.reflection.ClassFinder - Could not load class META-INF.versions.9.javax.xml.bind.ModuleUtil
15:38:03.593 [Test worker] DEBUG net.thucydides.core.reflection.ClassFinder - Could not load class META-INF.versions.9.module-info
15:38:03.593 [Test worker] DEBUG net.thucydides.core.reflection.ClassFinder - Could not load class META-INF.versions.9.org.apache.logging.log4j.util.Base64Util
15:38:03.594 [Test worker] DEBUG net.thucydides.core.reflection.ClassFinder - Could not load class META-INF.versions.9.org.apache.logging.log4j.util.ProcessIdUtil
15:38:03.594 [Test worker] DEBUG net.thucydides.core.reflection.ClassFinder - Could not load class META-INF.versions.9.org.apache.logging.log4j.util.StackLocator
15:38:03.595 [Test worker] DEBUG net.thucydides.core.reflection.ClassFinder - Could not load class META-INF.versions.9.org.apache.logging.log4j.util.internal.DefaultObjectInputFilter
15:38:03.595 [Test worker] DEBUG net.thucydides.core.reflection.ClassFinder - Could not load class META-INF.versions.9.org.apache.xmlbeans.impl.tool.MavenPluginResolver
15:38:03.596 [Test worker] DEBUG net.thucydides.core.reflection.ClassFinder - Could not load class META-INF.versions.9.org.junit.platform.commons.util.ModuleUtils
15:38:03.598 [Test worker] DEBUG net.thucydides.core.reflection.ClassFinder - Could not load class com.google.gson.internal.
15:38:03.599 [Test worker] DEBUG net.thucydides.core.reflection.ClassFinder - Could not load class com.microsoft.schemas.office.office.STOLEUpdateMode
15:38:03.600 [Test worker] DEBUG net.thucydides.core.reflection.ClassFinder - Could not load class com.microsoft.schemas.office.office.STScreenSize
15:38:03.600 [Test worker] DEBUG net.thucydides.core.reflection.ClassFinder - Could not load class com.microsoft.schemas.office.visio.x2012.main.SheetType
15:38:03.600 [Test worker] DEBUG net.thucydides.core.reflection.ClassFinder - Could not load class com.microsoft.schemas.office.visio.x2012.main.TriggerType
15:38:03.600 [Test worker] DEBUG net.thucydides.core.reflection.ClassFinder - Could not load class com.microsoft.schemas.office.word.STHorizontalAnchor
15:38:03.601 [Test worker] DEBUG net.thucydides.core.reflection.ClassFinder - Could not load class com.microsoft.schemas.office.word.STVerticalAnchor
15:38:03.601 [Test worker] DEBUG net.thucydides.core.reflection.ClassFinder - Could not load class com.microsoft.schemas.office.word.STWrapSide
15:38:03.602 [Test worker] DEBUG net.thucydides.core.reflection.ClassFinder - Could not load class com.microsoft.schemas.vml.STImageAspect
15:38:03.602 [Test worker] DEBUG net.thucydides.core.reflection.ClassFinder - Could not load class com.microsoft.schemas.vml.STStrokeArrowLength
15:38:03.602 [Test worker] DEBUG net.thucydides.core.reflection.ClassFinder - Could not load class com.microsoft.schemas.vml.STStrokeArrowWidth
15:38:03.603 [Test worker] DEBUG net.thucydides.core.reflection.ClassFinder - Could not load class com.microsoft.schemas.vml.STStrokeEndCap
15:38:03.603 [Test worker] DEBUG net.thucydides.core.reflection.ClassFinder - Could not load class com.microsoft.schemas.vml.STStrokeLineStyle
15:38:03.605 [Test worker] DEBUG net.thucydides.core.reflection.ClassFinder - Could not load class com.sun.xml.bind.v2.runtime.output.FastInfosetStreamWriterOutput
15:38:03.607 [Test worker] DEBUG net.thucydides.core.reflection.ClassFinder - Could not load class module-info
15:38:03.610 [Test worker] DEBUG net.thucydides.core.reflection.ClassFinder - Could not load class org.apache.logging.log4j.util.Activator
15:38:03.614 [Test worker] DEBUG net.thucydides.core.reflection.ClassFinder - Could not load class org.apache.poi.xslf.draw.SVGImageRenderer
15:38:03.615 [Test worker] DEBUG net.thucydides.core.reflection.ClassFinder - Could not load class org.apache.poi.xslf.draw.SVGPOIGraphics2D
15:38:03.617 [Test worker] DEBUG net.thucydides.core.reflection.ClassFinder - Could not load class org.apache.poi.xslf.draw.SVGRenderExtension
15:38:03.618 [Test worker] DEBUG net.thucydides.core.reflection.ClassFinder - Could not load class org.apache.poi.xslf.draw.SVGUserAgent
15:38:03.619 [Test worker] DEBUG net.thucydides.core.reflection.ClassFinder - Could not load class org.apache.poi.xslf.util.SVGFormat
15:38:03.620 [Test worker] DEBUG net.thucydides.core.reflection.ClassFinder - Could not load class org.apache.xmlbeans.impl.schema.TypeSystemHolder
15:38:03.622 [Test worker] DEBUG net.thucydides.core.reflection.ClassFinder - Could not load class org.apache.xmlbeans.impl.tool.MavenPlugin
15:38:03.623 [Test worker] DEBUG net.thucydides.core.reflection.ClassFinder - Could not load class org.apache.xmlbeans.impl.tool.MavenPluginHelp
15:38:03.624 [Test worker] DEBUG net.thucydides.core.reflection.ClassFinder - Could not load class org.apache.xmlbeans.impl.tool.XMLBean
15:38:03.626 [Test worker] DEBUG net.thucydides.core.reflection.ClassFinder - Could not load class org.apache.xmlbeans.impl.xpath.saxon.SaxonXPath
15:38:03.627 [Test worker] DEBUG net.thucydides.core.reflection.ClassFinder - Could not load class org.apache.xmlbeans.impl.xpath.saxon.SaxonXQuery
15:38:03.637 [Test worker] DEBUG net.thucydides.core.reflection.ClassFinder - Could not load class org.etsi.uri.x01903.v13.GenericTimeStampType
15:38:03.638 [Test worker] DEBUG net.thucydides.core.reflection.ClassFinder - Could not load class org.etsi.uri.x01903.v13.QualifierType
15:38:03.644 [Test worker] DEBUG net.thucydides.core.reflection.ClassFinder - Could not load class org.openxmlformats.schemas.drawingml.x2006.chart.CTSerAx
15:38:03.645 [Test worker] DEBUG net.thucydides.core.reflection.ClassFinder - Could not load class org.openxmlformats.schemas.drawingml.x2006.chart.STDepthPercentUShort
15:38:03.645 [Test worker] DEBUG net.thucydides.core.reflection.ClassFinder - Could not load class org.openxmlformats.schemas.drawingml.x2006.chart.STDepthPercentWithSymbol
15:38:03.645 [Test worker] DEBUG net.thucydides.core.reflection.ClassFinder - Could not load class org.openxmlformats.schemas.drawingml.x2006.chart.STHPercentUShort
15:38:03.645 [Test worker] DEBUG net.thucydides.core.reflection.ClassFinder - Could not load class org.openxmlformats.schemas.drawingml.x2006.chart.STHPercentWithSymbol
15:38:03.645 [Test worker] DEBUG net.thucydides.core.reflection.ClassFinder - Could not load class org.openxmlformats.schemas.drawingml.x2006.chart.STHoleSizePercent
15:38:03.645 [Test worker] DEBUG net.thucydides.core.reflection.ClassFinder - Could not load class org.openxmlformats.schemas.drawingml.x2006.chart.STHoleSizeUByte
15:38:03.645 [Test worker] DEBUG net.thucydides.core.reflection.ClassFinder - Could not load class org.openxmlformats.schemas.drawingml.x2006.chart.STOverlapByte
15:38:03.645 [Test worker] DEBUG net.thucydides.core.reflection.ClassFinder - Could not load class org.openxmlformats.schemas.drawingml.x2006.chart.STOverlapPercent
15:38:03.646 [Test worker] DEBUG net.thucydides.core.reflection.ClassFinder - Could not load class org.openxmlformats.schemas.drawingml.x2006.chart.STPageSetupOrientation
15:38:03.647 [Test worker] DEBUG net.thucydides.core.reflection.ClassFinder - Could not load class org.openxmlformats.schemas.drawingml.x2006.main.CTGroupFillProperties
15:38:03.647 [Test worker] DEBUG net.thucydides.core.reflection.ClassFinder - Could not load class org.openxmlformats.schemas.drawingml.x2006.main.CTPath2DQuadBezierTo
15:38:03.648 [Test worker] DEBUG net.thucydides.core.reflection.ClassFinder - Could not load class org.openxmlformats.schemas.drawingml.x2006.main.STEffectContainerType
15:38:03.648 [Test worker] DEBUG net.thucydides.core.reflection.ClassFinder - Could not load class org.openxmlformats.schemas.drawingml.x2006.main.STPresetMaterialType
15:38:03.649 [Test worker] DEBUG net.thucydides.core.reflection.ClassFinder - Could not load class org.openxmlformats.schemas.drawingml.x2006.wordprocessingDrawing.STAlignH
15:38:03.650 [Test worker] DEBUG net.thucydides.core.reflection.ClassFinder - Could not load class org.openxmlformats.schemas.drawingml.x2006.wordprocessingDrawing.STAlignV
15:38:03.650 [Test worker] DEBUG net.thucydides.core.reflection.ClassFinder - Could not load class org.openxmlformats.schemas.officeDocument.x2006.docPropsVTypes.STVectorBaseType
15:38:03.651 [Test worker] DEBUG net.thucydides.core.reflection.ClassFinder - Could not load class org.openxmlformats.schemas.officeDocument.x2006.sharedTypes.STConformanceClass
15:38:03.652 [Test worker] DEBUG net.thucydides.core.reflection.ClassFinder - Could not load class org.openxmlformats.schemas.presentationml.x2006.main.STDirection
15:38:03.652 [Test worker] DEBUG net.thucydides.core.reflection.ClassFinder - Could not load class org.openxmlformats.schemas.presentationml.x2006.main.STTLTimeNodeMasterRelation
15:38:03.653 [Test worker] DEBUG net.thucydides.core.reflection.ClassFinder - Could not load class org.openxmlformats.schemas.presentationml.x2006.main.STTLTimeNodePresetClassType
15:38:03.653 [Test worker] DEBUG net.thucydides.core.reflection.ClassFinder - Could not load class org.openxmlformats.schemas.presentationml.x2006.main.STTLTimeNodeSyncType
15:38:03.654 [Test worker] DEBUG net.thucydides.core.reflection.ClassFinder - Could not load class org.openxmlformats.schemas.presentationml.x2006.main.STTLTriggerEvent
15:38:03.655 [Test worker] DEBUG net.thucydides.core.reflection.ClassFinder - Could not load class org.openxmlformats.schemas.spreadsheetml.x2006.main.STComments
15:38:03.655 [Test worker] DEBUG net.thucydides.core.reflection.ClassFinder - Could not load class org.openxmlformats.schemas.spreadsheetml.x2006.main.STDataValidationImeMode
15:38:03.656 [Test worker] DEBUG net.thucydides.core.reflection.ClassFinder - Could not load class org.openxmlformats.schemas.spreadsheetml.x2006.main.STFieldSortType
15:38:03.656 [Test worker] DEBUG net.thucydides.core.reflection.ClassFinder - Could not load class org.openxmlformats.schemas.spreadsheetml.x2006.main.STOleUpdate
15:38:03.657 [Test worker] DEBUG net.thucydides.core.reflection.ClassFinder - Could not load class org.openxmlformats.schemas.spreadsheetml.x2006.main.STPhoneticAlignment
15:38:03.657 [Test worker] DEBUG net.thucydides.core.reflection.ClassFinder - Could not load class org.openxmlformats.schemas.spreadsheetml.x2006.main.STShowDataAs
15:38:03.658 [Test worker] DEBUG net.thucydides.core.reflection.ClassFinder - Could not load class org.openxmlformats.schemas.spreadsheetml.x2006.main.STSortBy
15:38:03.658 [Test worker] DEBUG net.thucydides.core.reflection.ClassFinder - Could not load class org.openxmlformats.schemas.spreadsheetml.x2006.main.STSortMethod
15:38:03.659 [Test worker] DEBUG net.thucydides.core.reflection.ClassFinder - Could not load class org.openxmlformats.schemas.spreadsheetml.x2006.main.STTableType
15:38:03.659 [Test worker] DEBUG net.thucydides.core.reflection.ClassFinder - Could not load class org.openxmlformats.schemas.spreadsheetml.x2006.main.STTargetScreenSize
15:38:03.660 [Test worker] DEBUG net.thucydides.core.reflection.ClassFinder - Could not load class org.openxmlformats.schemas.spreadsheetml.x2006.main.STTotalsRowFunction
15:38:03.661 [Test worker] DEBUG net.thucydides.core.reflection.ClassFinder - Could not load class org.openxmlformats.schemas.wordprocessingml.x2006.main.CTBookmarkRange
15:38:03.661 [Test worker] DEBUG net.thucydides.core.reflection.ClassFinder - Could not load class org.openxmlformats.schemas.wordprocessingml.x2006.main.CTDocumentBase
15:38:03.661 [Test worker] DEBUG net.thucydides.core.reflection.ClassFinder - Could not load class org.openxmlformats.schemas.wordprocessingml.x2006.main.CTPPrBase
15:38:03.661 [Test worker] DEBUG net.thucydides.core.reflection.ClassFinder - Could not load class org.openxmlformats.schemas.wordprocessingml.x2006.main.CTTblGridBase
15:38:03.661 [Test worker] DEBUG net.thucydides.core.reflection.ClassFinder - Could not load class org.openxmlformats.schemas.wordprocessingml.x2006.main.CTTblPrBase
15:38:03.661 [Test worker] DEBUG net.thucydides.core.reflection.ClassFinder - Could not load class org.openxmlformats.schemas.wordprocessingml.x2006.main.CTTblPrExBase
15:38:03.662 [Test worker] DEBUG net.thucydides.core.reflection.ClassFinder - Could not load class org.openxmlformats.schemas.wordprocessingml.x2006.main.CTTcPrBase
15:38:03.662 [Test worker] DEBUG net.thucydides.core.reflection.ClassFinder - Could not load class org.openxmlformats.schemas.wordprocessingml.x2006.main.CTTcPrInner
15:38:03.662 [Test worker] DEBUG net.thucydides.core.reflection.ClassFinder - Could not load class org.openxmlformats.schemas.wordprocessingml.x2006.main.CTTrPrBase
15:38:03.662 [Test worker] DEBUG net.thucydides.core.reflection.ClassFinder - Could not load class org.openxmlformats.schemas.wordprocessingml.x2006.main.STChapterSep
15:38:03.663 [Test worker] DEBUG net.thucydides.core.reflection.ClassFinder - Could not load class org.openxmlformats.schemas.wordprocessingml.x2006.main.STDropCap
15:38:03.664 [Test worker] DEBUG net.thucydides.core.reflection.ClassFinder - Could not load class org.openxmlformats.schemas.wordprocessingml.x2006.main.STPTabAlignment
15:38:03.664 [Test worker] DEBUG net.thucydides.core.reflection.ClassFinder - Could not load class org.openxmlformats.schemas.wordprocessingml.x2006.main.STPTabLeader
15:38:03.665 [Test worker] DEBUG net.thucydides.core.reflection.ClassFinder - Could not load class org.openxmlformats.schemas.wordprocessingml.x2006.main.STPTabRelativeTo
15:38:03.665 [Test worker] DEBUG net.thucydides.core.reflection.ClassFinder - Could not load class org.openxmlformats.schemas.wordprocessingml.x2006.main.STPageBorderZOrder
15:38:03.666 [Test worker] DEBUG net.thucydides.core.reflection.ClassFinder - Could not load class org.openxmlformats.schemas.wordprocessingml.x2006.main.STZoom
15:38:03.672 [Forwarding maximizeCurrentWindow on session 566657fccef467be2dbfb2d8d7b8db24 to remote] DEBUG org.asynchttpclient.netty.request.NettyRequestSender - Using pooled Channel '[id: 0xee7d4684, L:/127.0.0.1:59971 - R:localhost/127.0.0.1:58509]' for 'POST' to 'http://localhost:58509/session/566657fccef467be2dbfb2d8d7b8db24/window/maximize'
15:38:03.672 [Forwarding maximizeCurrentWindow on session 566657fccef467be2dbfb2d8d7b8db24 to remote] DEBUG org.asynchttpclient.netty.request.NettyRequestSender - Using open Channel [id: 0xee7d4684, L:/127.0.0.1:59971 - R:localhost/127.0.0.1:58509] for POST '/session/566657fccef467be2dbfb2d8d7b8db24/window/maximize'
15:38:03.678 [AsyncHttpClient-1-2] DEBUG org.asynchttpclient.netty.handler.HttpHandler - 

Request DefaultHttpRequest(decodeResult: success, version: HTTP/1.1)
POST /session/566657fccef467be2dbfb2d8d7b8db24/window/maximize HTTP/1.1
User-Agent: selenium/4.1.4 (java windows)
Content-Length: 3
Content-Type: application/json; charset=utf-8
host: localhost:58509
accept: */*

Response DefaultHttpResponse(decodeResult: success, version: HTTP/1.1)
HTTP/1.1 200 OK
Content-Type: application/json; charset=utf-8
cache-control: no-cache
content-length: 51

15:38:03.679 [AsyncHttpClient-1-2] DEBUG org.asynchttpclient.netty.channel.ChannelManager - Adding key: http://localhost:58509 for channel [id: 0xee7d4684, L:/127.0.0.1:59971 - R:localhost/127.0.0.1:58509]
15:38:04.429 [AsyncHttpClient-1-1] DEBUG org.asynchttpclient.netty.channel.DefaultChannelPool - Entry count for : http://localhost:58509 : 1
15:38:04.429 [AsyncHttpClient-1-1] DEBUG org.asynchttpclient.netty.channel.DefaultChannelPool - Entry count for : http://localhost:59972 : 1
15:38:05.027 [Test worker] DEBUG net.serenitybdd.core.photography.Darkroom - Opening darkroom
15:38:05.028 [Darkroom Processing Line] DEBUG net.serenitybdd.core.photography.DarkroomProcessingLine - Darkroom processing line starting up
15:38:05.029 [Forwarding screenshot on session 566657fccef467be2dbfb2d8d7b8db24 to remote] DEBUG org.asynchttpclient.netty.request.NettyRequestSender - Using pooled Channel '[id: 0xee7d4684, L:/127.0.0.1:59971 - R:localhost/127.0.0.1:58509]' for 'GET' to 'http://localhost:58509/session/566657fccef467be2dbfb2d8d7b8db24/screenshot'
15:38:05.030 [Forwarding screenshot on session 566657fccef467be2dbfb2d8d7b8db24 to remote] DEBUG org.asynchttpclient.netty.request.NettyRequestSender - Using open Channel [id: 0xee7d4684, L:/127.0.0.1:59971 - R:localhost/127.0.0.1:58509] for GET '/session/566657fccef467be2dbfb2d8d7b8db24/screenshot'
15:38:05.118 [AsyncHttpClient-1-2] DEBUG org.asynchttpclient.netty.handler.HttpHandler - 

Request DefaultFullHttpRequest(decodeResult: success, version: HTTP/1.1, content: EmptyByteBufBE)
GET /session/566657fccef467be2dbfb2d8d7b8db24/screenshot HTTP/1.1
User-Agent: selenium/4.1.4 (java windows)
Cache-Control: no-cache
Content-Type: application/json; charset=utf-8
host: localhost:58509
accept: */*

Response DefaultHttpResponse(decodeResult: success, version: HTTP/1.1)
HTTP/1.1 200 OK
Content-Type: application/json; charset=utf-8
cache-control: no-cache
content-length: 6268

15:38:05.119 [AsyncHttpClient-1-2] DEBUG org.asynchttpclient.netty.channel.ChannelManager - Adding key: http://localhost:58509 for channel [id: 0xee7d4684, L:/127.0.0.1:59971 - R:localhost/127.0.0.1:58509]
15:38:05.207 [Test worker] DEBUG net.serenitybdd.core.photography.Darkroom - Send negative for processing for C:\Users\Administrador\Documents\Choucair\Choucair\ChoucairAutomation\target\site\serenity\0506a3a1dbbee2235fe47286b51a09f8232743f85c8d1caad92c55e9d4d990ac.png
15:38:05.211 [Test worker] DEBUG net.thucydides.core.steps.StepInterceptor - STARTING STEP: StartSharp.navigate - !#title
15:38:05.264 [Forwarding screenshot on session 566657fccef467be2dbfb2d8d7b8db24 to remote] DEBUG org.asynchttpclient.netty.request.NettyRequestSender - Using pooled Channel '[id: 0xee7d4684, L:/127.0.0.1:59971 - R:localhost/127.0.0.1:58509]' for 'GET' to 'http://localhost:58509/session/566657fccef467be2dbfb2d8d7b8db24/screenshot'
15:38:05.264 [Forwarding screenshot on session 566657fccef467be2dbfb2d8d7b8db24 to remote] DEBUG org.asynchttpclient.netty.request.NettyRequestSender - Using open Channel [id: 0xee7d4684, L:/127.0.0.1:59971 - R:localhost/127.0.0.1:58509] for GET '/session/566657fccef467be2dbfb2d8d7b8db24/screenshot'
15:38:05.343 [AsyncHttpClient-1-2] DEBUG org.asynchttpclient.netty.handler.HttpHandler - 

Request DefaultFullHttpRequest(decodeResult: success, version: HTTP/1.1, content: EmptyByteBufBE)
GET /session/566657fccef467be2dbfb2d8d7b8db24/screenshot HTTP/1.1
User-Agent: selenium/4.1.4 (java windows)
Cache-Control: no-cache
Content-Type: application/json; charset=utf-8
host: localhost:58509
accept: */*

Response DefaultHttpResponse(decodeResult: success, version: HTTP/1.1)
HTTP/1.1 200 OK
Content-Type: application/json; charset=utf-8
cache-control: no-cache
content-length: 6268

15:38:05.343 [AsyncHttpClient-1-2] DEBUG org.asynchttpclient.netty.channel.ChannelManager - Adding key: http://localhost:58509 for channel [id: 0xee7d4684, L:/127.0.0.1:59971 - R:localhost/127.0.0.1:58509]
15:38:05.346 [Test worker] DEBUG net.serenitybdd.core.photography.Darkroom - Send negative for processing for C:\Users\Administrador\Documents\Choucair\Choucair\ChoucairAutomation\target\site\serenity\0506a3a1dbbee2235fe47286b51a09f8232743f85c8d1caad92c55e9d4d990ac.png
15:38:05.347 [Test worker] DEBUG net.thucydides.core.steps.StepInterceptor - STARTING STEP: StartSharp.navigate - !#title
15:38:05.388 [Test worker] DEBUG net.thucydides.core.steps.StepInterceptor - STARTING STEP: StartSharp.navigate - {0} opens the browser at #url
15:38:05.401 [Forwarding get on session 566657fccef467be2dbfb2d8d7b8db24 to remote] DEBUG org.asynchttpclient.netty.request.NettyRequestSender - Using pooled Channel '[id: 0xee7d4684, L:/127.0.0.1:59971 - R:localhost/127.0.0.1:58509]' for 'POST' to 'http://localhost:58509/session/566657fccef467be2dbfb2d8d7b8db24/url'
15:38:05.401 [Forwarding get on session 566657fccef467be2dbfb2d8d7b8db24 to remote] DEBUG org.asynchttpclient.netty.request.NettyRequestSender - Using open Channel [id: 0xee7d4684, L:/127.0.0.1:59971 - R:localhost/127.0.0.1:58509] for POST '/session/566657fccef467be2dbfb2d8d7b8db24/url'
15:38:05.524 [AsyncHttpClient-1-1] DEBUG org.asynchttpclient.netty.channel.DefaultChannelPool - Entry count for : http://localhost:59972 : 1
15:38:06.630 [AsyncHttpClient-1-1] DEBUG org.asynchttpclient.netty.channel.DefaultChannelPool - Entry count for : http://localhost:59972 : 1
15:38:07.724 [AsyncHttpClient-1-1] DEBUG org.asynchttpclient.netty.channel.DefaultChannelPool - Entry count for : http://localhost:59972 : 1
15:38:08.824 [AsyncHttpClient-1-1] DEBUG org.asynchttpclient.netty.channel.DefaultChannelPool - Entry count for : http://localhost:59972 : 1
15:38:09.930 [AsyncHttpClient-1-1] DEBUG org.asynchttpclient.netty.channel.DefaultChannelPool - Entry count for : http://localhost:59972 : 1
15:38:11.025 [AsyncHttpClient-1-1] DEBUG org.asynchttpclient.netty.channel.DefaultChannelPool - Entry count for : http://localhost:59972 : 1
15:38:12.130 [AsyncHttpClient-1-1] DEBUG org.asynchttpclient.netty.channel.DefaultChannelPool - Entry count for : http://localhost:59972 : 1
15:38:13.223 [AsyncHttpClient-1-1] DEBUG org.asynchttpclient.netty.channel.DefaultChannelPool - Entry count for : http://localhost:59972 : 1
15:38:14.331 [AsyncHttpClient-1-1] DEBUG org.asynchttpclient.netty.channel.DefaultChannelPool - Entry count for : http://localhost:59972 : 1
15:38:15.423 [AsyncHttpClient-1-1] DEBUG org.asynchttpclient.netty.channel.DefaultChannelPool - Entry count for : http://localhost:59972 : 1
15:38:16.525 [AsyncHttpClient-1-1] DEBUG org.asynchttpclient.netty.channel.DefaultChannelPool - Entry count for : http://localhost:59972 : 1
15:38:17.626 [AsyncHttpClient-1-1] DEBUG org.asynchttpclient.netty.channel.DefaultChannelPool - Entry count for : http://localhost:59972 : 1
15:38:18.636 [AsyncHttpClient-1-2] DEBUG org.asynchttpclient.netty.handler.HttpHandler - 

Request DefaultHttpRequest(decodeResult: success, version: HTTP/1.1)
POST /session/566657fccef467be2dbfb2d8d7b8db24/url HTTP/1.1
User-Agent: selenium/4.1.4 (java windows)
Content-Length: 60
Content-Type: application/json; charset=utf-8
host: localhost:58509
accept: */*

Response DefaultHttpResponse(decodeResult: success, version: HTTP/1.1)
HTTP/1.1 200 OK
Content-Type: application/json; charset=utf-8
cache-control: no-cache
content-length: 14

15:38:18.636 [AsyncHttpClient-1-2] DEBUG org.asynchttpclient.netty.channel.ChannelManager - Adding key: http://localhost:58509 for channel [id: 0xee7d4684, L:/127.0.0.1:59971 - R:localhost/127.0.0.1:58509]
15:38:18.643 [Forwarding setTimeout on session 566657fccef467be2dbfb2d8d7b8db24 to remote] DEBUG org.asynchttpclient.netty.request.NettyRequestSender - Using pooled Channel '[id: 0xee7d4684, L:/127.0.0.1:59971 - R:localhost/127.0.0.1:58509]' for 'POST' to 'http://localhost:58509/session/566657fccef467be2dbfb2d8d7b8db24/timeouts'
15:38:18.644 [Forwarding setTimeout on session 566657fccef467be2dbfb2d8d7b8db24 to remote] DEBUG org.asynchttpclient.netty.request.NettyRequestSender - Using open Channel [id: 0xee7d4684, L:/127.0.0.1:59971 - R:localhost/127.0.0.1:58509] for POST '/session/566657fccef467be2dbfb2d8d7b8db24/timeouts'
15:38:18.654 [AsyncHttpClient-1-2] DEBUG org.asynchttpclient.netty.handler.HttpHandler - 

Request DefaultHttpRequest(decodeResult: success, version: HTTP/1.1)
POST /session/566657fccef467be2dbfb2d8d7b8db24/timeouts HTTP/1.1
User-Agent: selenium/4.1.4 (java windows)
Content-Length: 23
Content-Type: application/json; charset=utf-8
host: localhost:58509
accept: */*

Response DefaultHttpResponse(decodeResult: success, version: HTTP/1.1)
HTTP/1.1 200 OK
Content-Type: application/json; charset=utf-8
cache-control: no-cache
content-length: 14

15:38:18.654 [AsyncHttpClient-1-2] DEBUG org.asynchttpclient.netty.channel.ChannelManager - Adding key: http://localhost:58509 for channel [id: 0xee7d4684, L:/127.0.0.1:59971 - R:localhost/127.0.0.1:58509]
15:38:18.688 [Forwarding getCurrentUrl on session 566657fccef467be2dbfb2d8d7b8db24 to remote] DEBUG org.asynchttpclient.netty.request.NettyRequestSender - Using pooled Channel '[id: 0xee7d4684, L:/127.0.0.1:59971 - R:localhost/127.0.0.1:58509]' for 'GET' to 'http://localhost:58509/session/566657fccef467be2dbfb2d8d7b8db24/url'
15:38:18.688 [Forwarding getCurrentUrl on session 566657fccef467be2dbfb2d8d7b8db24 to remote] DEBUG org.asynchttpclient.netty.request.NettyRequestSender - Using open Channel [id: 0xee7d4684, L:/127.0.0.1:59971 - R:localhost/127.0.0.1:58509] for GET '/session/566657fccef467be2dbfb2d8d7b8db24/url'
15:38:18.692 [AsyncHttpClient-1-2] DEBUG org.asynchttpclient.netty.handler.HttpHandler - 

Request DefaultFullHttpRequest(decodeResult: success, version: HTTP/1.1, content: EmptyByteBufBE)
GET /session/566657fccef467be2dbfb2d8d7b8db24/url HTTP/1.1
User-Agent: selenium/4.1.4 (java windows)
Cache-Control: no-cache
Content-Type: application/json; charset=utf-8
host: localhost:58509
accept: */*

Response DefaultHttpResponse(decodeResult: success, version: HTTP/1.1)
HTTP/1.1 200 OK
Content-Type: application/json; charset=utf-8
cache-control: no-cache
content-length: 72

15:38:18.692 [AsyncHttpClient-1-2] DEBUG org.asynchttpclient.netty.channel.ChannelManager - Adding key: http://localhost:58509 for channel [id: 0xee7d4684, L:/127.0.0.1:59971 - R:localhost/127.0.0.1:58509]
15:38:18.718 [Forwarding screenshot on session 566657fccef467be2dbfb2d8d7b8db24 to remote] DEBUG org.asynchttpclient.netty.request.NettyRequestSender - Using pooled Channel '[id: 0xee7d4684, L:/127.0.0.1:59971 - R:localhost/127.0.0.1:58509]' for 'GET' to 'http://localhost:58509/session/566657fccef467be2dbfb2d8d7b8db24/screenshot'
15:38:18.718 [Forwarding screenshot on session 566657fccef467be2dbfb2d8d7b8db24 to remote] DEBUG org.asynchttpclient.netty.request.NettyRequestSender - Using open Channel [id: 0xee7d4684, L:/127.0.0.1:59971 - R:localhost/127.0.0.1:58509] for GET '/session/566657fccef467be2dbfb2d8d7b8db24/screenshot'
15:38:18.729 [AsyncHttpClient-1-1] DEBUG org.asynchttpclient.netty.channel.DefaultChannelPool - Entry count for : http://localhost:59972 : 1
15:38:18.920 [AsyncHttpClient-1-2] DEBUG org.asynchttpclient.netty.handler.HttpHandler - 

Request DefaultFullHttpRequest(decodeResult: success, version: HTTP/1.1, content: EmptyByteBufBE)
GET /session/566657fccef467be2dbfb2d8d7b8db24/screenshot HTTP/1.1
User-Agent: selenium/4.1.4 (java windows)
Cache-Control: no-cache
Content-Type: application/json; charset=utf-8
host: localhost:58509
accept: */*

Response DefaultHttpResponse(decodeResult: success, version: HTTP/1.1)
HTTP/1.1 200 OK
Content-Type: application/json; charset=utf-8
cache-control: no-cache
content-length: 26180

15:38:18.921 [AsyncHttpClient-1-2] DEBUG org.asynchttpclient.netty.channel.ChannelManager - Adding key: http://localhost:58509 for channel [id: 0xee7d4684, L:/127.0.0.1:59971 - R:localhost/127.0.0.1:58509]
15:38:18.924 [Test worker] DEBUG net.serenitybdd.core.photography.Darkroom - Send negative for processing for C:\Users\Administrador\Documents\Choucair\Choucair\ChoucairAutomation\target\site\serenity\583df2e3dad39f669b967b3aacf93b26265e57f11e3bf3c79bf37497f2eabe53.png
15:38:18.926 [Test worker] DEBUG net.thucydides.core.steps.StepInterceptor - STEP DONE: {0} opens the browser at #url
15:38:18.971 [Test worker] DEBUG net.thucydides.core.steps.StepInterceptor - STEP DONE: !#title
15:38:19.019 [Forwarding screenshot on session 566657fccef467be2dbfb2d8d7b8db24 to remote] DEBUG org.asynchttpclient.netty.request.NettyRequestSender - Using pooled Channel '[id: 0xee7d4684, L:/127.0.0.1:59971 - R:localhost/127.0.0.1:58509]' for 'GET' to 'http://localhost:58509/session/566657fccef467be2dbfb2d8d7b8db24/screenshot'
15:38:19.019 [Forwarding screenshot on session 566657fccef467be2dbfb2d8d7b8db24 to remote] DEBUG org.asynchttpclient.netty.request.NettyRequestSender - Using open Channel [id: 0xee7d4684, L:/127.0.0.1:59971 - R:localhost/127.0.0.1:58509] for GET '/session/566657fccef467be2dbfb2d8d7b8db24/screenshot'
15:38:19.109 [AsyncHttpClient-1-2] DEBUG org.asynchttpclient.netty.handler.HttpHandler - 

Request DefaultFullHttpRequest(decodeResult: success, version: HTTP/1.1, content: EmptyByteBufBE)
GET /session/566657fccef467be2dbfb2d8d7b8db24/screenshot HTTP/1.1
User-Agent: selenium/4.1.4 (java windows)
Cache-Control: no-cache
Content-Type: application/json; charset=utf-8
host: localhost:58509
accept: */*

Response DefaultHttpResponse(decodeResult: success, version: HTTP/1.1)
HTTP/1.1 200 OK
Content-Type: application/json; charset=utf-8
cache-control: no-cache
content-length: 29996

15:38:19.109 [AsyncHttpClient-1-2] DEBUG org.asynchttpclient.netty.channel.ChannelManager - Adding key: http://localhost:58509 for channel [id: 0xee7d4684, L:/127.0.0.1:59971 - R:localhost/127.0.0.1:58509]
15:38:19.112 [Test worker] DEBUG net.serenitybdd.core.photography.Darkroom - Send negative for processing for C:\Users\Administrador\Documents\Choucair\Choucair\ChoucairAutomation\target\site\serenity\75893cc6abf0666cc59a52d8366c6b610d12ec4b880ac1a81fefba33a8c520f4.png
15:38:19.113 [Darkroom Processing Line] DEBUG net.serenitybdd.core.photography.DarkroomProcessingLine - Processing screenshot image in /var/screenshots/screenshot-17558072408258652571
15:38:19.113 [Darkroom Processing Line] DEBUG net.serenitybdd.core.photography.DarkroomProcessingLine - Saving screenshot to C:\Users\Administrador\Documents\Choucair\Choucair\ChoucairAutomation\target\site\serenity\75893cc6abf0666cc59a52d8366c6b610d12ec4b880ac1a81fefba33a8c520f4.png
15:38:19.113 [Test worker] DEBUG net.thucydides.core.steps.StepInterceptor - STARTING STEP: LoginWith.performAs - {0} enters #theTextAsAString into #target
15:38:19.126 [Test worker] DEBUG net.serenitybdd.screenplay.targets.IFrameSwitcher - default content already selected for username txt
15:38:19.171 [Forwarding findElement on session 566657fccef467be2dbfb2d8d7b8db24 to remote] DEBUG org.asynchttpclient.netty.request.NettyRequestSender - Using pooled Channel '[id: 0xee7d4684, L:/127.0.0.1:59971 - R:localhost/127.0.0.1:58509]' for 'POST' to 'http://localhost:58509/session/566657fccef467be2dbfb2d8d7b8db24/element'
15:38:19.171 [Forwarding findElement on session 566657fccef467be2dbfb2d8d7b8db24 to remote] DEBUG org.asynchttpclient.netty.request.NettyRequestSender - Using open Channel [id: 0xee7d4684, L:/127.0.0.1:59971 - R:localhost/127.0.0.1:58509] for POST '/session/566657fccef467be2dbfb2d8d7b8db24/element'
15:38:19.181 [AsyncHttpClient-1-2] DEBUG org.asynchttpclient.netty.handler.HttpHandler - 

Request DefaultHttpRequest(decodeResult: success, version: HTTP/1.1)
POST /session/566657fccef467be2dbfb2d8d7b8db24/element HTTP/1.1
User-Agent: selenium/4.1.4 (java windows)
Content-Length: 87
Content-Type: application/json; charset=utf-8
host: localhost:58509
accept: */*

Response DefaultHttpResponse(decodeResult: success, version: HTTP/1.1)
HTTP/1.1 200 OK
Content-Type: application/json; charset=utf-8
cache-control: no-cache
content-length: 88

15:38:19.182 [AsyncHttpClient-1-2] DEBUG org.asynchttpclient.netty.channel.ChannelManager - Adding key: http://localhost:58509 for channel [id: 0xee7d4684, L:/127.0.0.1:59971 - R:localhost/127.0.0.1:58509]
15:38:19.185 [Forwarding clearElement on session 566657fccef467be2dbfb2d8d7b8db24 to remote] DEBUG org.asynchttpclient.netty.request.NettyRequestSender - Using pooled Channel '[id: 0xee7d4684, L:/127.0.0.1:59971 - R:localhost/127.0.0.1:58509]' for 'POST' to 'http://localhost:58509/session/566657fccef467be2dbfb2d8d7b8db24/element/df154586-ba2f-454a-a140-db96d5f59aa3/clear'
15:38:19.185 [Forwarding clearElement on session 566657fccef467be2dbfb2d8d7b8db24 to remote] DEBUG org.asynchttpclient.netty.request.NettyRequestSender - Using open Channel [id: 0xee7d4684, L:/127.0.0.1:59971 - R:localhost/127.0.0.1:58509] for POST '/session/566657fccef467be2dbfb2d8d7b8db24/element/df154586-ba2f-454a-a140-db96d5f59aa3/clear'
15:38:19.217 [AsyncHttpClient-1-2] DEBUG org.asynchttpclient.netty.handler.HttpHandler - 

Request DefaultHttpRequest(decodeResult: success, version: HTTP/1.1)
POST /session/566657fccef467be2dbfb2d8d7b8db24/element/df154586-ba2f-454a-a140-db96d5f59aa3/clear HTTP/1.1
User-Agent: selenium/4.1.4 (java windows)
Content-Length: 50
Content-Type: application/json; charset=utf-8
host: localhost:58509
accept: */*

Response DefaultHttpResponse(decodeResult: success, version: HTTP/1.1)
HTTP/1.1 200 OK
Content-Type: application/json; charset=utf-8
cache-control: no-cache
content-length: 14

15:38:19.217 [AsyncHttpClient-1-2] DEBUG org.asynchttpclient.netty.channel.ChannelManager - Adding key: http://localhost:58509 for channel [id: 0xee7d4684, L:/127.0.0.1:59971 - R:localhost/127.0.0.1:58509]
15:38:19.234 [Forwarding sendKeysToElement on session 566657fccef467be2dbfb2d8d7b8db24 to remote] DEBUG org.asynchttpclient.netty.request.NettyRequestSender - Using pooled Channel '[id: 0xee7d4684, L:/127.0.0.1:59971 - R:localhost/127.0.0.1:58509]' for 'POST' to 'http://localhost:58509/session/566657fccef467be2dbfb2d8d7b8db24/element/df154586-ba2f-454a-a140-db96d5f59aa3/value'
15:38:19.234 [Forwarding sendKeysToElement on session 566657fccef467be2dbfb2d8d7b8db24 to remote] DEBUG org.asynchttpclient.netty.request.NettyRequestSender - Using open Channel [id: 0xee7d4684, L:/127.0.0.1:59971 - R:localhost/127.0.0.1:58509] for POST '/session/566657fccef467be2dbfb2d8d7b8db24/element/df154586-ba2f-454a-a140-db96d5f59aa3/value'
15:38:19.275 [AsyncHttpClient-1-2] DEBUG org.asynchttpclient.netty.handler.HttpHandler - 

Request DefaultHttpRequest(decodeResult: success, version: HTTP/1.1)
POST /session/566657fccef467be2dbfb2d8d7b8db24/element/df154586-ba2f-454a-a140-db96d5f59aa3/value HTTP/1.1
User-Agent: selenium/4.1.4 (java windows)
Content-Length: 131
Content-Type: application/json; charset=utf-8
host: localhost:58509
accept: */*

Response DefaultHttpResponse(decodeResult: success, version: HTTP/1.1)
HTTP/1.1 200 OK
Content-Type: application/json; charset=utf-8
cache-control: no-cache
content-length: 14

15:38:19.275 [AsyncHttpClient-1-2] DEBUG org.asynchttpclient.netty.channel.ChannelManager - Adding key: http://localhost:58509 for channel [id: 0xee7d4684, L:/127.0.0.1:59971 - R:localhost/127.0.0.1:58509]
15:38:19.299 [Forwarding screenshot on session 566657fccef467be2dbfb2d8d7b8db24 to remote] DEBUG org.asynchttpclient.netty.request.NettyRequestSender - Using pooled Channel '[id: 0xee7d4684, L:/127.0.0.1:59971 - R:localhost/127.0.0.1:58509]' for 'GET' to 'http://localhost:58509/session/566657fccef467be2dbfb2d8d7b8db24/screenshot'
15:38:19.299 [Forwarding screenshot on session 566657fccef467be2dbfb2d8d7b8db24 to remote] DEBUG org.asynchttpclient.netty.request.NettyRequestSender - Using open Channel [id: 0xee7d4684, L:/127.0.0.1:59971 - R:localhost/127.0.0.1:58509] for GET '/session/566657fccef467be2dbfb2d8d7b8db24/screenshot'
15:38:19.445 [AsyncHttpClient-1-2] DEBUG org.asynchttpclient.netty.handler.HttpHandler - 

Request DefaultFullHttpRequest(decodeResult: success, version: HTTP/1.1, content: EmptyByteBufBE)
GET /session/566657fccef467be2dbfb2d8d7b8db24/screenshot HTTP/1.1
User-Agent: selenium/4.1.4 (java windows)
Cache-Control: no-cache
Content-Type: application/json; charset=utf-8
host: localhost:58509
accept: */*

Response DefaultHttpResponse(decodeResult: success, version: HTTP/1.1)
HTTP/1.1 200 OK
Content-Type: application/json; charset=utf-8
cache-control: no-cache
content-length: 30196

15:38:19.446 [AsyncHttpClient-1-2] DEBUG org.asynchttpclient.netty.channel.ChannelManager - Adding key: http://localhost:58509 for channel [id: 0xee7d4684, L:/127.0.0.1:59971 - R:localhost/127.0.0.1:58509]
15:38:19.448 [Test worker] DEBUG net.serenitybdd.core.photography.Darkroom - Send negative for processing for C:\Users\Administrador\Documents\Choucair\Choucair\ChoucairAutomation\target\site\serenity\1b743f34dbd3df72115cd1046514fea13f1be4f0f58dd8f2bebdd3f3353a626e.png
15:38:19.449 [Darkroom Processing Line] DEBUG net.serenitybdd.core.photography.DarkroomProcessingLine - Processing screenshot image in /var/screenshots/screenshot-9072457642795704167
15:38:19.449 [Darkroom Processing Line] DEBUG net.serenitybdd.core.photography.DarkroomProcessingLine - Saving screenshot to C:\Users\Administrador\Documents\Choucair\Choucair\ChoucairAutomation\target\site\serenity\1b743f34dbd3df72115cd1046514fea13f1be4f0f58dd8f2bebdd3f3353a626e.png
15:38:19.476 [Test worker] DEBUG net.thucydides.core.steps.StepInterceptor - STEP DONE: {0} enters #theTextAsAString into #target
15:38:19.513 [Forwarding screenshot on session 566657fccef467be2dbfb2d8d7b8db24 to remote] DEBUG org.asynchttpclient.netty.request.NettyRequestSender - Using pooled Channel '[id: 0xee7d4684, L:/127.0.0.1:59971 - R:localhost/127.0.0.1:58509]' for 'GET' to 'http://localhost:58509/session/566657fccef467be2dbfb2d8d7b8db24/screenshot'
15:38:19.513 [Forwarding screenshot on session 566657fccef467be2dbfb2d8d7b8db24 to remote] DEBUG org.asynchttpclient.netty.request.NettyRequestSender - Using open Channel [id: 0xee7d4684, L:/127.0.0.1:59971 - R:localhost/127.0.0.1:58509] for GET '/session/566657fccef467be2dbfb2d8d7b8db24/screenshot'
15:38:19.646 [AsyncHttpClient-1-2] DEBUG org.asynchttpclient.netty.handler.HttpHandler - 

Request DefaultFullHttpRequest(decodeResult: success, version: HTTP/1.1, content: EmptyByteBufBE)
GET /session/566657fccef467be2dbfb2d8d7b8db24/screenshot HTTP/1.1
User-Agent: selenium/4.1.4 (java windows)
Cache-Control: no-cache
Content-Type: application/json; charset=utf-8
host: localhost:58509
accept: */*

Response DefaultHttpResponse(decodeResult: success, version: HTTP/1.1)
HTTP/1.1 200 OK
Content-Type: application/json; charset=utf-8
cache-control: no-cache
content-length: 30404

15:38:19.647 [AsyncHttpClient-1-2] DEBUG org.asynchttpclient.netty.channel.ChannelManager - Adding key: http://localhost:58509 for channel [id: 0xee7d4684, L:/127.0.0.1:59971 - R:localhost/127.0.0.1:58509]
15:38:19.650 [Test worker] DEBUG net.serenitybdd.core.photography.Darkroom - Send negative for processing for C:\Users\Administrador\Documents\Choucair\Choucair\ChoucairAutomation\target\site\serenity\92085e7a4da5b81d7a7bd58d9acb0d56015e513333b9cf3e183cfd16c4ac3b85.png
15:38:19.650 [Darkroom Processing Line] DEBUG net.serenitybdd.core.photography.DarkroomProcessingLine - Processing screenshot image in /var/screenshots/screenshot-14051155852099223335
15:38:19.650 [Test worker] DEBUG net.thucydides.core.steps.StepInterceptor - STARTING STEP: LoginWith.performAs - {0} enters #theTextAsAString into #target
15:38:19.650 [Darkroom Processing Line] DEBUG net.serenitybdd.core.photography.DarkroomProcessingLine - Saving screenshot to C:\Users\Administrador\Documents\Choucair\Choucair\ChoucairAutomation\target\site\serenity\92085e7a4da5b81d7a7bd58d9acb0d56015e513333b9cf3e183cfd16c4ac3b85.png
15:38:19.669 [Test worker] DEBUG net.serenitybdd.screenplay.targets.IFrameSwitcher - default content already selected for password txt
15:38:19.727 [Forwarding findElement on session 566657fccef467be2dbfb2d8d7b8db24 to remote] DEBUG org.asynchttpclient.netty.request.NettyRequestSender - Using pooled Channel '[id: 0xee7d4684, L:/127.0.0.1:59971 - R:localhost/127.0.0.1:58509]' for 'POST' to 'http://localhost:58509/session/566657fccef467be2dbfb2d8d7b8db24/element'
15:38:19.727 [Forwarding findElement on session 566657fccef467be2dbfb2d8d7b8db24 to remote] DEBUG org.asynchttpclient.netty.request.NettyRequestSender - Using open Channel [id: 0xee7d4684, L:/127.0.0.1:59971 - R:localhost/127.0.0.1:58509] for POST '/session/566657fccef467be2dbfb2d8d7b8db24/element'
15:38:19.737 [AsyncHttpClient-1-2] DEBUG org.asynchttpclient.netty.handler.HttpHandler - 

Request DefaultHttpRequest(decodeResult: success, version: HTTP/1.1)
POST /session/566657fccef467be2dbfb2d8d7b8db24/element HTTP/1.1
User-Agent: selenium/4.1.4 (java windows)
Content-Length: 87
Content-Type: application/json; charset=utf-8
host: localhost:58509
accept: */*

Response DefaultHttpResponse(decodeResult: success, version: HTTP/1.1)
HTTP/1.1 200 OK
Content-Type: application/json; charset=utf-8
cache-control: no-cache
content-length: 88

15:38:19.737 [AsyncHttpClient-1-2] DEBUG org.asynchttpclient.netty.channel.ChannelManager - Adding key: http://localhost:58509 for channel [id: 0xee7d4684, L:/127.0.0.1:59971 - R:localhost/127.0.0.1:58509]
15:38:19.739 [Forwarding clearElement on session 566657fccef467be2dbfb2d8d7b8db24 to remote] DEBUG org.asynchttpclient.netty.request.NettyRequestSender - Using pooled Channel '[id: 0xee7d4684, L:/127.0.0.1:59971 - R:localhost/127.0.0.1:58509]' for 'POST' to 'http://localhost:58509/session/566657fccef467be2dbfb2d8d7b8db24/element/14a79e2a-2f50-46ec-8b90-8324ad6f0ce7/clear'
15:38:19.739 [Forwarding clearElement on session 566657fccef467be2dbfb2d8d7b8db24 to remote] DEBUG org.asynchttpclient.netty.request.NettyRequestSender - Using open Channel [id: 0xee7d4684, L:/127.0.0.1:59971 - R:localhost/127.0.0.1:58509] for POST '/session/566657fccef467be2dbfb2d8d7b8db24/element/14a79e2a-2f50-46ec-8b90-8324ad6f0ce7/clear'
15:38:19.775 [AsyncHttpClient-1-2] DEBUG org.asynchttpclient.netty.handler.HttpHandler - 

Request DefaultHttpRequest(decodeResult: success, version: HTTP/1.1)
POST /session/566657fccef467be2dbfb2d8d7b8db24/element/14a79e2a-2f50-46ec-8b90-8324ad6f0ce7/clear HTTP/1.1
User-Agent: selenium/4.1.4 (java windows)
Content-Length: 50
Content-Type: application/json; charset=utf-8
host: localhost:58509
accept: */*

Response DefaultHttpResponse(decodeResult: success, version: HTTP/1.1)
HTTP/1.1 200 OK
Content-Type: application/json; charset=utf-8
cache-control: no-cache
content-length: 14

15:38:19.775 [AsyncHttpClient-1-2] DEBUG org.asynchttpclient.netty.channel.ChannelManager - Adding key: http://localhost:58509 for channel [id: 0xee7d4684, L:/127.0.0.1:59971 - R:localhost/127.0.0.1:58509]
15:38:19.792 [Forwarding sendKeysToElement on session 566657fccef467be2dbfb2d8d7b8db24 to remote] DEBUG org.asynchttpclient.netty.request.NettyRequestSender - Using pooled Channel '[id: 0xee7d4684, L:/127.0.0.1:59971 - R:localhost/127.0.0.1:58509]' for 'POST' to 'http://localhost:58509/session/566657fccef467be2dbfb2d8d7b8db24/element/14a79e2a-2f50-46ec-8b90-8324ad6f0ce7/value'
15:38:19.792 [Forwarding sendKeysToElement on session 566657fccef467be2dbfb2d8d7b8db24 to remote] DEBUG org.asynchttpclient.netty.request.NettyRequestSender - Using open Channel [id: 0xee7d4684, L:/127.0.0.1:59971 - R:localhost/127.0.0.1:58509] for POST '/session/566657fccef467be2dbfb2d8d7b8db24/element/14a79e2a-2f50-46ec-8b90-8324ad6f0ce7/value'
15:38:19.828 [AsyncHttpClient-1-1] DEBUG org.asynchttpclient.netty.channel.DefaultChannelPool - Entry count for : http://localhost:59972 : 1
15:38:19.831 [AsyncHttpClient-1-2] DEBUG org.asynchttpclient.netty.handler.HttpHandler - 

Request DefaultHttpRequest(decodeResult: success, version: HTTP/1.1)
POST /session/566657fccef467be2dbfb2d8d7b8db24/element/14a79e2a-2f50-46ec-8b90-8324ad6f0ce7/value HTTP/1.1
User-Agent: selenium/4.1.4 (java windows)
Content-Length: 161
Content-Type: application/json; charset=utf-8
host: localhost:58509
accept: */*

Response DefaultHttpResponse(decodeResult: success, version: HTTP/1.1)
HTTP/1.1 200 OK
Content-Type: application/json; charset=utf-8
cache-control: no-cache
content-length: 14

15:38:19.832 [AsyncHttpClient-1-2] DEBUG org.asynchttpclient.netty.channel.ChannelManager - Adding key: http://localhost:58509 for channel [id: 0xee7d4684, L:/127.0.0.1:59971 - R:localhost/127.0.0.1:58509]
15:38:19.851 [Forwarding screenshot on session 566657fccef467be2dbfb2d8d7b8db24 to remote] DEBUG org.asynchttpclient.netty.request.NettyRequestSender - Using pooled Channel '[id: 0xee7d4684, L:/127.0.0.1:59971 - R:localhost/127.0.0.1:58509]' for 'GET' to 'http://localhost:58509/session/566657fccef467be2dbfb2d8d7b8db24/screenshot'
15:38:19.851 [Forwarding screenshot on session 566657fccef467be2dbfb2d8d7b8db24 to remote] DEBUG org.asynchttpclient.netty.request.NettyRequestSender - Using open Channel [id: 0xee7d4684, L:/127.0.0.1:59971 - R:localhost/127.0.0.1:58509] for GET '/session/566657fccef467be2dbfb2d8d7b8db24/screenshot'
15:38:19.996 [AsyncHttpClient-1-2] DEBUG org.asynchttpclient.netty.handler.HttpHandler - 

Request DefaultFullHttpRequest(decodeResult: success, version: HTTP/1.1, content: EmptyByteBufBE)
GET /session/566657fccef467be2dbfb2d8d7b8db24/screenshot HTTP/1.1
User-Agent: selenium/4.1.4 (java windows)
Cache-Control: no-cache
Content-Type: application/json; charset=utf-8
host: localhost:58509
accept: */*

Response DefaultHttpResponse(decodeResult: success, version: HTTP/1.1)
HTTP/1.1 200 OK
Content-Type: application/json; charset=utf-8
cache-control: no-cache
content-length: 30292

15:38:19.997 [AsyncHttpClient-1-2] DEBUG org.asynchttpclient.netty.channel.ChannelManager - Adding key: http://localhost:58509 for channel [id: 0xee7d4684, L:/127.0.0.1:59971 - R:localhost/127.0.0.1:58509]
15:38:20.000 [Test worker] DEBUG net.serenitybdd.core.photography.Darkroom - Send negative for processing for C:\Users\Administrador\Documents\Choucair\Choucair\ChoucairAutomation\target\site\serenity\b34e314a4381ed7dd5987dc04ecbe7a7224f442645aeffc4abfb86175e9e97b1.png
15:38:20.001 [Darkroom Processing Line] DEBUG net.serenitybdd.core.photography.DarkroomProcessingLine - Processing screenshot image in /var/screenshots/screenshot-9103646268087799274
15:38:20.001 [Darkroom Processing Line] DEBUG net.serenitybdd.core.photography.DarkroomProcessingLine - Saving screenshot to C:\Users\Administrador\Documents\Choucair\Choucair\ChoucairAutomation\target\site\serenity\b34e314a4381ed7dd5987dc04ecbe7a7224f442645aeffc4abfb86175e9e97b1.png
15:38:20.073 [Forwarding screenshot on session 566657fccef467be2dbfb2d8d7b8db24 to remote] DEBUG org.asynchttpclient.netty.request.NettyRequestSender - Using pooled Channel '[id: 0xee7d4684, L:/127.0.0.1:59971 - R:localhost/127.0.0.1:58509]' for 'GET' to 'http://localhost:58509/session/566657fccef467be2dbfb2d8d7b8db24/screenshot'
15:38:20.073 [Forwarding screenshot on session 566657fccef467be2dbfb2d8d7b8db24 to remote] DEBUG org.asynchttpclient.netty.request.NettyRequestSender - Using open Channel [id: 0xee7d4684, L:/127.0.0.1:59971 - R:localhost/127.0.0.1:58509] for GET '/session/566657fccef467be2dbfb2d8d7b8db24/screenshot'
15:38:20.198 [AsyncHttpClient-1-2] DEBUG org.asynchttpclient.netty.handler.HttpHandler - 

Request DefaultFullHttpRequest(decodeResult: success, version: HTTP/1.1, content: EmptyByteBufBE)
GET /session/566657fccef467be2dbfb2d8d7b8db24/screenshot HTTP/1.1
User-Agent: selenium/4.1.4 (java windows)
Cache-Control: no-cache
Content-Type: application/json; charset=utf-8
host: localhost:58509
accept: */*

Response DefaultHttpResponse(decodeResult: success, version: HTTP/1.1)
HTTP/1.1 200 OK
Content-Type: application/json; charset=utf-8
cache-control: no-cache
content-length: 30408

15:38:20.199 [AsyncHttpClient-1-2] DEBUG org.asynchttpclient.netty.channel.ChannelManager - Adding key: http://localhost:58509 for channel [id: 0xee7d4684, L:/127.0.0.1:59971 - R:localhost/127.0.0.1:58509]
15:38:20.201 [Test worker] DEBUG net.serenitybdd.core.photography.Darkroom - Send negative for processing for C:\Users\Administrador\Documents\Choucair\Choucair\ChoucairAutomation\target\site\serenity\15546ceb43c72e7bbeb5bbaf10fd113158847e3899da38b237c753862f831270.png
15:38:20.201 [Test worker] DEBUG net.thucydides.core.steps.StepInterceptor - STEP DONE: {0} enters #theTextAsAString into #target
15:38:20.202 [Darkroom Processing Line] DEBUG net.serenitybdd.core.photography.DarkroomProcessingLine - Processing screenshot image in /var/screenshots/screenshot-3169893317317425469
15:38:20.202 [Darkroom Processing Line] DEBUG net.serenitybdd.core.photography.DarkroomProcessingLine - Saving screenshot to C:\Users\Administrador\Documents\Choucair\Choucair\ChoucairAutomation\target\site\serenity\15546ceb43c72e7bbeb5bbaf10fd113158847e3899da38b237c753862f831270.png
15:38:20.226 [Test worker] DEBUG net.thucydides.core.steps.StepInterceptor - STARTING STEP: LoginWith.performAs - {0} clicks on #target
15:38:20.227 [Test worker] DEBUG net.serenitybdd.screenplay.targets.IFrameSwitcher - default content already selected for Click btn
15:38:20.296 [Forwarding findElement on session 566657fccef467be2dbfb2d8d7b8db24 to remote] DEBUG org.asynchttpclient.netty.request.NettyRequestSender - Using pooled Channel '[id: 0xee7d4684, L:/127.0.0.1:59971 - R:localhost/127.0.0.1:58509]' for 'POST' to 'http://localhost:58509/session/566657fccef467be2dbfb2d8d7b8db24/element'
15:38:20.296 [Forwarding findElement on session 566657fccef467be2dbfb2d8d7b8db24 to remote] DEBUG org.asynchttpclient.netty.request.NettyRequestSender - Using open Channel [id: 0xee7d4684, L:/127.0.0.1:59971 - R:localhost/127.0.0.1:58509] for POST '/session/566657fccef467be2dbfb2d8d7b8db24/element'
15:38:20.305 [AsyncHttpClient-1-2] DEBUG org.asynchttpclient.netty.handler.HttpHandler - 

Request DefaultHttpRequest(decodeResult: success, version: HTTP/1.1)
POST /session/566657fccef467be2dbfb2d8d7b8db24/element HTTP/1.1
User-Agent: selenium/4.1.4 (java windows)
Content-Length: 90
Content-Type: application/json; charset=utf-8
host: localhost:58509
accept: */*

Response DefaultHttpResponse(decodeResult: success, version: HTTP/1.1)
HTTP/1.1 200 OK
Content-Type: application/json; charset=utf-8
cache-control: no-cache
content-length: 88

15:38:20.305 [AsyncHttpClient-1-2] DEBUG org.asynchttpclient.netty.channel.ChannelManager - Adding key: http://localhost:58509 for channel [id: 0xee7d4684, L:/127.0.0.1:59971 - R:localhost/127.0.0.1:58509]
15:38:20.321 [Forwarding isElementDisplayed on session 566657fccef467be2dbfb2d8d7b8db24 to remote] DEBUG org.asynchttpclient.netty.request.NettyRequestSender - Using pooled Channel '[id: 0xee7d4684, L:/127.0.0.1:59971 - R:localhost/127.0.0.1:58509]' for 'POST' to 'http://localhost:58509/session/566657fccef467be2dbfb2d8d7b8db24/execute/sync'
15:38:20.321 [Forwarding isElementDisplayed on session 566657fccef467be2dbfb2d8d7b8db24 to remote] DEBUG org.asynchttpclient.netty.request.NettyRequestSender - Using open Channel [id: 0xee7d4684, L:/127.0.0.1:59971 - R:localhost/127.0.0.1:58509] for POST '/session/566657fccef467be2dbfb2d8d7b8db24/execute/sync'
15:38:20.335 [AsyncHttpClient-1-2] DEBUG org.asynchttpclient.netty.handler.HttpHandler - 

Request DefaultHttpRequest(decodeResult: success, version: HTTP/1.1)
POST /session/566657fccef467be2dbfb2d8d7b8db24/execute/sync HTTP/1.1
User-Agent: selenium/4.1.4 (java windows)
Content-Length: 48780
Content-Type: application/json; charset=utf-8
host: localhost:58509
accept: */*

Response DefaultHttpResponse(decodeResult: success, version: HTTP/1.1)
HTTP/1.1 200 OK
Content-Type: application/json; charset=utf-8
cache-control: no-cache
content-length: 14

15:38:20.336 [AsyncHttpClient-1-2] DEBUG org.asynchttpclient.netty.channel.ChannelManager - Adding key: http://localhost:58509 for channel [id: 0xee7d4684, L:/127.0.0.1:59971 - R:localhost/127.0.0.1:58509]
15:38:20.356 [Forwarding findElement on session 566657fccef467be2dbfb2d8d7b8db24 to remote] DEBUG org.asynchttpclient.netty.request.NettyRequestSender - Using pooled Channel '[id: 0xee7d4684, L:/127.0.0.1:59971 - R:localhost/127.0.0.1:58509]' for 'POST' to 'http://localhost:58509/session/566657fccef467be2dbfb2d8d7b8db24/element'
15:38:20.356 [Forwarding findElement on session 566657fccef467be2dbfb2d8d7b8db24 to remote] DEBUG org.asynchttpclient.netty.request.NettyRequestSender - Using open Channel [id: 0xee7d4684, L:/127.0.0.1:59971 - R:localhost/127.0.0.1:58509] for POST '/session/566657fccef467be2dbfb2d8d7b8db24/element'
15:38:20.361 [AsyncHttpClient-1-2] DEBUG org.asynchttpclient.netty.handler.HttpHandler - 

Request DefaultHttpRequest(decodeResult: success, version: HTTP/1.1)
POST /session/566657fccef467be2dbfb2d8d7b8db24/element HTTP/1.1
User-Agent: selenium/4.1.4 (java windows)
Content-Length: 90
Content-Type: application/json; charset=utf-8
host: localhost:58509
accept: */*

Response DefaultHttpResponse(decodeResult: success, version: HTTP/1.1)
HTTP/1.1 200 OK
Content-Type: application/json; charset=utf-8
cache-control: no-cache
content-length: 88

15:38:20.362 [AsyncHttpClient-1-2] DEBUG org.asynchttpclient.netty.channel.ChannelManager - Adding key: http://localhost:58509 for channel [id: 0xee7d4684, L:/127.0.0.1:59971 - R:localhost/127.0.0.1:58509]
15:38:20.363 [Forwarding clickElement on session 566657fccef467be2dbfb2d8d7b8db24 to remote] DEBUG org.asynchttpclient.netty.request.NettyRequestSender - Using pooled Channel '[id: 0xee7d4684, L:/127.0.0.1:59971 - R:localhost/127.0.0.1:58509]' for 'POST' to 'http://localhost:58509/session/566657fccef467be2dbfb2d8d7b8db24/element/3e06ba0b-f038-46ef-99e9-533c1b1851ca/click'
15:38:20.363 [Forwarding clickElement on session 566657fccef467be2dbfb2d8d7b8db24 to remote] DEBUG org.asynchttpclient.netty.request.NettyRequestSender - Using open Channel [id: 0xee7d4684, L:/127.0.0.1:59971 - R:localhost/127.0.0.1:58509] for POST '/session/566657fccef467be2dbfb2d8d7b8db24/element/3e06ba0b-f038-46ef-99e9-533c1b1851ca/click'
15:38:20.397 [AsyncHttpClient-1-2] DEBUG org.asynchttpclient.netty.handler.HttpHandler - 

Request DefaultHttpRequest(decodeResult: success, version: HTTP/1.1)
POST /session/566657fccef467be2dbfb2d8d7b8db24/element/3e06ba0b-f038-46ef-99e9-533c1b1851ca/click HTTP/1.1
User-Agent: selenium/4.1.4 (java windows)
Content-Length: 50
Content-Type: application/json; charset=utf-8
host: localhost:58509
accept: */*

Response DefaultHttpResponse(decodeResult: success, version: HTTP/1.1)
HTTP/1.1 200 OK
Content-Type: application/json; charset=utf-8
cache-control: no-cache
content-length: 14

15:38:20.398 [AsyncHttpClient-1-2] DEBUG org.asynchttpclient.netty.channel.ChannelManager - Adding key: http://localhost:58509 for channel [id: 0xee7d4684, L:/127.0.0.1:59971 - R:localhost/127.0.0.1:58509]
15:38:20.414 [Forwarding screenshot on session 566657fccef467be2dbfb2d8d7b8db24 to remote] DEBUG org.asynchttpclient.netty.request.NettyRequestSender - Using pooled Channel '[id: 0xee7d4684, L:/127.0.0.1:59971 - R:localhost/127.0.0.1:58509]' for 'GET' to 'http://localhost:58509/session/566657fccef467be2dbfb2d8d7b8db24/screenshot'
15:38:20.414 [Forwarding screenshot on session 566657fccef467be2dbfb2d8d7b8db24 to remote] DEBUG org.asynchttpclient.netty.request.NettyRequestSender - Using open Channel [id: 0xee7d4684, L:/127.0.0.1:59971 - R:localhost/127.0.0.1:58509] for GET '/session/566657fccef467be2dbfb2d8d7b8db24/screenshot'
15:38:20.534 [AsyncHttpClient-1-2] DEBUG org.asynchttpclient.netty.handler.HttpHandler - 

Request DefaultFullHttpRequest(decodeResult: success, version: HTTP/1.1, content: EmptyByteBufBE)
GET /session/566657fccef467be2dbfb2d8d7b8db24/screenshot HTTP/1.1
User-Agent: selenium/4.1.4 (java windows)
Cache-Control: no-cache
Content-Type: application/json; charset=utf-8
host: localhost:58509
accept: */*

Response DefaultHttpResponse(decodeResult: success, version: HTTP/1.1)
HTTP/1.1 200 OK
Content-Type: application/json; charset=utf-8
cache-control: no-cache
content-length: 30704

15:38:20.534 [AsyncHttpClient-1-2] DEBUG org.asynchttpclient.netty.channel.ChannelManager - Adding key: http://localhost:58509 for channel [id: 0xee7d4684, L:/127.0.0.1:59971 - R:localhost/127.0.0.1:58509]
15:38:20.535 [Test worker] DEBUG net.serenitybdd.core.photography.Darkroom - Send negative for processing for C:\Users\Administrador\Documents\Choucair\Choucair\ChoucairAutomation\target\site\serenity\abdb4200f5ba04ce863a4c2e37223a8e0c7e393c8f362af64a4f85a9b3633915.png
15:38:20.537 [Darkroom Processing Line] DEBUG net.serenitybdd.core.photography.DarkroomProcessingLine - Processing screenshot image in /var/screenshots/screenshot-14004522472885548604
15:38:20.537 [Darkroom Processing Line] DEBUG net.serenitybdd.core.photography.DarkroomProcessingLine - Saving screenshot to C:\Users\Administrador\Documents\Choucair\Choucair\ChoucairAutomation\target\site\serenity\abdb4200f5ba04ce863a4c2e37223a8e0c7e393c8f362af64a4f85a9b3633915.png
15:38:20.559 [Test worker] DEBUG net.thucydides.core.steps.StepInterceptor - STEP DONE: {0} clicks on #target
15:38:20.600 [Test worker] DEBUG net.serenitybdd.screenplay.targets.IFrameSwitcher - default content already selected for menu
15:38:20.618 [Forwarding findElements on session 566657fccef467be2dbfb2d8d7b8db24 to remote] DEBUG org.asynchttpclient.netty.request.NettyRequestSender - Using pooled Channel '[id: 0xee7d4684, L:/127.0.0.1:59971 - R:localhost/127.0.0.1:58509]' for 'POST' to 'http://localhost:58509/session/566657fccef467be2dbfb2d8d7b8db24/elements'
15:38:20.618 [Forwarding findElements on session 566657fccef467be2dbfb2d8d7b8db24 to remote] DEBUG org.asynchttpclient.netty.request.NettyRequestSender - Using open Channel [id: 0xee7d4684, L:/127.0.0.1:59971 - R:localhost/127.0.0.1:58509] for POST '/session/566657fccef467be2dbfb2d8d7b8db24/elements'
15:38:20.932 [AsyncHttpClient-1-1] DEBUG org.asynchttpclient.netty.channel.DefaultChannelPool - Entry count for : http://localhost:59972 : 1
15:38:22.023 [AsyncHttpClient-1-1] DEBUG org.asynchttpclient.netty.channel.DefaultChannelPool - Entry count for : http://localhost:59972 : 1
15:38:23.127 [AsyncHttpClient-1-1] DEBUG org.asynchttpclient.netty.channel.DefaultChannelPool - Entry count for : http://localhost:59972 : 1
15:38:24.223 [AsyncHttpClient-1-1] DEBUG org.asynchttpclient.netty.channel.DefaultChannelPool - Entry count for : http://localhost:59972 : 1
15:38:25.325 [AsyncHttpClient-1-1] DEBUG org.asynchttpclient.netty.channel.DefaultChannelPool - Entry count for : http://localhost:59972 : 1
15:38:26.424 [AsyncHttpClient-1-1] DEBUG org.asynchttpclient.netty.channel.DefaultChannelPool - Entry count for : http://localhost:59972 : 1
15:38:27.525 [AsyncHttpClient-1-1] DEBUG org.asynchttpclient.netty.channel.DefaultChannelPool - Entry count for : http://localhost:59972 : 1
15:38:28.624 [AsyncHttpClient-1-1] DEBUG org.asynchttpclient.netty.channel.DefaultChannelPool - Entry count for : http://localhost:59972 : 1
15:38:29.727 [AsyncHttpClient-1-1] DEBUG org.asynchttpclient.netty.channel.DefaultChannelPool - Entry count for : http://localhost:59972 : 1
15:38:30.155 [AsyncHttpClient-1-2] DEBUG org.asynchttpclient.netty.handler.HttpHandler - 

Request DefaultHttpRequest(decodeResult: success, version: HTTP/1.1)
POST /session/566657fccef467be2dbfb2d8d7b8db24/elements HTTP/1.1
User-Agent: selenium/4.1.4 (java windows)
Content-Length: 77
Content-Type: application/json; charset=utf-8
host: localhost:58509
accept: */*

Response DefaultHttpResponse(decodeResult: success, version: HTTP/1.1)
HTTP/1.1 200 OK
Content-Type: application/json; charset=utf-8
cache-control: no-cache
content-length: 90

15:38:30.155 [AsyncHttpClient-1-2] DEBUG org.asynchttpclient.netty.channel.ChannelManager - Adding key: http://localhost:58509 for channel [id: 0xee7d4684, L:/127.0.0.1:59971 - R:localhost/127.0.0.1:58509]
15:38:30.200 [Forwarding isElementDisplayed on session 566657fccef467be2dbfb2d8d7b8db24 to remote] DEBUG org.asynchttpclient.netty.request.NettyRequestSender - Using pooled Channel '[id: 0xee7d4684, L:/127.0.0.1:59971 - R:localhost/127.0.0.1:58509]' for 'POST' to 'http://localhost:58509/session/566657fccef467be2dbfb2d8d7b8db24/execute/sync'
15:38:30.200 [Forwarding isElementDisplayed on session 566657fccef467be2dbfb2d8d7b8db24 to remote] DEBUG org.asynchttpclient.netty.request.NettyRequestSender - Using open Channel [id: 0xee7d4684, L:/127.0.0.1:59971 - R:localhost/127.0.0.1:58509] for POST '/session/566657fccef467be2dbfb2d8d7b8db24/execute/sync'
15:38:30.216 [AsyncHttpClient-1-2] DEBUG org.asynchttpclient.netty.handler.HttpHandler - 

Request DefaultHttpRequest(decodeResult: success, version: HTTP/1.1)
POST /session/566657fccef467be2dbfb2d8d7b8db24/execute/sync HTTP/1.1
User-Agent: selenium/4.1.4 (java windows)
Content-Length: 48780
Content-Type: application/json; charset=utf-8
host: localhost:58509
accept: */*

Response DefaultHttpResponse(decodeResult: success, version: HTTP/1.1)
HTTP/1.1 200 OK
Content-Type: application/json; charset=utf-8
cache-control: no-cache
content-length: 14

15:38:30.216 [AsyncHttpClient-1-2] DEBUG org.asynchttpclient.netty.channel.ChannelManager - Adding key: http://localhost:58509 for channel [id: 0xee7d4684, L:/127.0.0.1:59971 - R:localhost/127.0.0.1:58509]
15:38:30.221 [Forwarding isElementDisplayed on session 566657fccef467be2dbfb2d8d7b8db24 to remote] DEBUG org.asynchttpclient.netty.request.NettyRequestSender - Using pooled Channel '[id: 0xee7d4684, L:/127.0.0.1:59971 - R:localhost/127.0.0.1:58509]' for 'POST' to 'http://localhost:58509/session/566657fccef467be2dbfb2d8d7b8db24/execute/sync'
15:38:30.221 [Forwarding isElementDisplayed on session 566657fccef467be2dbfb2d8d7b8db24 to remote] DEBUG org.asynchttpclient.netty.request.NettyRequestSender - Using open Channel [id: 0xee7d4684, L:/127.0.0.1:59971 - R:localhost/127.0.0.1:58509] for POST '/session/566657fccef467be2dbfb2d8d7b8db24/execute/sync'
15:38:30.232 [AsyncHttpClient-1-2] DEBUG org.asynchttpclient.netty.handler.HttpHandler - 

Request DefaultHttpRequest(decodeResult: success, version: HTTP/1.1)
POST /session/566657fccef467be2dbfb2d8d7b8db24/execute/sync HTTP/1.1
User-Agent: selenium/4.1.4 (java windows)
Content-Length: 48780
Content-Type: application/json; charset=utf-8
host: localhost:58509
accept: */*

Response DefaultHttpResponse(decodeResult: success, version: HTTP/1.1)
HTTP/1.1 200 OK
Content-Type: application/json; charset=utf-8
cache-control: no-cache
content-length: 14

15:38:30.232 [AsyncHttpClient-1-2] DEBUG org.asynchttpclient.netty.channel.ChannelManager - Adding key: http://localhost:58509 for channel [id: 0xee7d4684, L:/127.0.0.1:59971 - R:localhost/127.0.0.1:58509]
15:38:30.273 [Forwarding screenshot on session 566657fccef467be2dbfb2d8d7b8db24 to remote] DEBUG org.asynchttpclient.netty.request.NettyRequestSender - Using pooled Channel '[id: 0xee7d4684, L:/127.0.0.1:59971 - R:localhost/127.0.0.1:58509]' for 'GET' to 'http://localhost:58509/session/566657fccef467be2dbfb2d8d7b8db24/screenshot'
15:38:30.273 [Forwarding screenshot on session 566657fccef467be2dbfb2d8d7b8db24 to remote] DEBUG org.asynchttpclient.netty.request.NettyRequestSender - Using open Channel [id: 0xee7d4684, L:/127.0.0.1:59971 - R:localhost/127.0.0.1:58509] for GET '/session/566657fccef467be2dbfb2d8d7b8db24/screenshot'
15:38:30.418 [AsyncHttpClient-1-2] DEBUG org.asynchttpclient.netty.handler.HttpHandler - 

Request DefaultFullHttpRequest(decodeResult: success, version: HTTP/1.1, content: EmptyByteBufBE)
GET /session/566657fccef467be2dbfb2d8d7b8db24/screenshot HTTP/1.1
User-Agent: selenium/4.1.4 (java windows)
Cache-Control: no-cache
Content-Type: application/json; charset=utf-8
host: localhost:58509
accept: */*

Response DefaultHttpResponse(decodeResult: success, version: HTTP/1.1)
HTTP/1.1 200 OK
Content-Type: application/json; charset=utf-8
cache-control: no-cache
content-length: 176208

15:38:30.420 [AsyncHttpClient-1-2] DEBUG org.asynchttpclient.netty.channel.ChannelManager - Adding key: http://localhost:58509 for channel [id: 0xee7d4684, L:/127.0.0.1:59971 - R:localhost/127.0.0.1:58509]
15:38:30.429 [Test worker] DEBUG net.serenitybdd.core.photography.Darkroom - Send negative for processing for C:\Users\Administrador\Documents\Choucair\Choucair\ChoucairAutomation\target\site\serenity\017c9682ee22454e936471d97c44443d583361116ca207174d58c824c8f3934b.png
15:38:30.430 [Test worker] DEBUG net.thucydides.core.steps.StepInterceptor - STARTING STEP: StartSharp.navigate - {0} clicks on #target
15:38:30.430 [Test worker] DEBUG net.serenitybdd.screenplay.targets.IFrameSwitcher - default content already selected for organization
15:38:30.566 [Forwarding findElement on session 566657fccef467be2dbfb2d8d7b8db24 to remote] DEBUG org.asynchttpclient.netty.request.NettyRequestSender - Using pooled Channel '[id: 0xee7d4684, L:/127.0.0.1:59971 - R:localhost/127.0.0.1:58509]' for 'POST' to 'http://localhost:58509/session/566657fccef467be2dbfb2d8d7b8db24/element'
15:38:30.567 [Forwarding findElement on session 566657fccef467be2dbfb2d8d7b8db24 to remote] DEBUG org.asynchttpclient.netty.request.NettyRequestSender - Using open Channel [id: 0xee7d4684, L:/127.0.0.1:59971 - R:localhost/127.0.0.1:58509] for POST '/session/566657fccef467be2dbfb2d8d7b8db24/element'
15:38:30.579 [AsyncHttpClient-1-2] DEBUG org.asynchttpclient.netty.handler.HttpHandler - 

Request DefaultHttpRequest(decodeResult: success, version: HTTP/1.1)
POST /session/566657fccef467be2dbfb2d8d7b8db24/element HTTP/1.1
User-Agent: selenium/4.1.4 (java windows)
Content-Length: 109
Content-Type: application/json; charset=utf-8
host: localhost:58509
accept: */*

Response DefaultHttpResponse(decodeResult: success, version: HTTP/1.1)
HTTP/1.1 200 OK
Content-Type: application/json; charset=utf-8
cache-control: no-cache
content-length: 88

15:38:30.579 [AsyncHttpClient-1-2] DEBUG org.asynchttpclient.netty.channel.ChannelManager - Adding key: http://localhost:58509 for channel [id: 0xee7d4684, L:/127.0.0.1:59971 - R:localhost/127.0.0.1:58509]
15:38:30.599 [Forwarding isElementDisplayed on session 566657fccef467be2dbfb2d8d7b8db24 to remote] DEBUG org.asynchttpclient.netty.request.NettyRequestSender - Using pooled Channel '[id: 0xee7d4684, L:/127.0.0.1:59971 - R:localhost/127.0.0.1:58509]' for 'POST' to 'http://localhost:58509/session/566657fccef467be2dbfb2d8d7b8db24/execute/sync'
15:38:30.599 [Forwarding isElementDisplayed on session 566657fccef467be2dbfb2d8d7b8db24 to remote] DEBUG org.asynchttpclient.netty.request.NettyRequestSender - Using open Channel [id: 0xee7d4684, L:/127.0.0.1:59971 - R:localhost/127.0.0.1:58509] for POST '/session/566657fccef467be2dbfb2d8d7b8db24/execute/sync'
15:38:30.609 [AsyncHttpClient-1-2] DEBUG org.asynchttpclient.netty.handler.HttpHandler - 

Request DefaultHttpRequest(decodeResult: success, version: HTTP/1.1)
POST /session/566657fccef467be2dbfb2d8d7b8db24/execute/sync HTTP/1.1
User-Agent: selenium/4.1.4 (java windows)
Content-Length: 48780
Content-Type: application/json; charset=utf-8
host: localhost:58509
accept: */*

Response DefaultHttpResponse(decodeResult: success, version: HTTP/1.1)
HTTP/1.1 200 OK
Content-Type: application/json; charset=utf-8
cache-control: no-cache
content-length: 14

15:38:30.609 [AsyncHttpClient-1-2] DEBUG org.asynchttpclient.netty.channel.ChannelManager - Adding key: http://localhost:58509 for channel [id: 0xee7d4684, L:/127.0.0.1:59971 - R:localhost/127.0.0.1:58509]
15:38:30.640 [Forwarding findElement on session 566657fccef467be2dbfb2d8d7b8db24 to remote] DEBUG org.asynchttpclient.netty.request.NettyRequestSender - Using pooled Channel '[id: 0xee7d4684, L:/127.0.0.1:59971 - R:localhost/127.0.0.1:58509]' for 'POST' to 'http://localhost:58509/session/566657fccef467be2dbfb2d8d7b8db24/element'
15:38:30.640 [Forwarding findElement on session 566657fccef467be2dbfb2d8d7b8db24 to remote] DEBUG org.asynchttpclient.netty.request.NettyRequestSender - Using open Channel [id: 0xee7d4684, L:/127.0.0.1:59971 - R:localhost/127.0.0.1:58509] for POST '/session/566657fccef467be2dbfb2d8d7b8db24/element'
15:38:30.648 [AsyncHttpClient-1-2] DEBUG org.asynchttpclient.netty.handler.HttpHandler - 

Request DefaultHttpRequest(decodeResult: success, version: HTTP/1.1)
POST /session/566657fccef467be2dbfb2d8d7b8db24/element HTTP/1.1
User-Agent: selenium/4.1.4 (java windows)
Content-Length: 109
Content-Type: application/json; charset=utf-8
host: localhost:58509
accept: */*

Response DefaultHttpResponse(decodeResult: success, version: HTTP/1.1)
HTTP/1.1 200 OK
Content-Type: application/json; charset=utf-8
cache-control: no-cache
content-length: 88

15:38:30.649 [AsyncHttpClient-1-2] DEBUG org.asynchttpclient.netty.channel.ChannelManager - Adding key: http://localhost:58509 for channel [id: 0xee7d4684, L:/127.0.0.1:59971 - R:localhost/127.0.0.1:58509]
15:38:30.650 [Forwarding clickElement on session 566657fccef467be2dbfb2d8d7b8db24 to remote] DEBUG org.asynchttpclient.netty.request.NettyRequestSender - Using pooled Channel '[id: 0xee7d4684, L:/127.0.0.1:59971 - R:localhost/127.0.0.1:58509]' for 'POST' to 'http://localhost:58509/session/566657fccef467be2dbfb2d8d7b8db24/element/0d63fc80-f54e-4ea5-b39e-779ac6f60eaa/click'
15:38:30.650 [Forwarding clickElement on session 566657fccef467be2dbfb2d8d7b8db24 to remote] DEBUG org.asynchttpclient.netty.request.NettyRequestSender - Using open Channel [id: 0xee7d4684, L:/127.0.0.1:59971 - R:localhost/127.0.0.1:58509] for POST '/session/566657fccef467be2dbfb2d8d7b8db24/element/0d63fc80-f54e-4ea5-b39e-779ac6f60eaa/click'
15:38:30.717 [AsyncHttpClient-1-2] DEBUG org.asynchttpclient.netty.handler.HttpHandler - 

Request DefaultHttpRequest(decodeResult: success, version: HTTP/1.1)
POST /session/566657fccef467be2dbfb2d8d7b8db24/element/0d63fc80-f54e-4ea5-b39e-779ac6f60eaa/click HTTP/1.1
User-Agent: selenium/4.1.4 (java windows)
Content-Length: 50
Content-Type: application/json; charset=utf-8
host: localhost:58509
accept: */*

Response DefaultHttpResponse(decodeResult: success, version: HTTP/1.1)
HTTP/1.1 200 OK
Content-Type: application/json; charset=utf-8
cache-control: no-cache
content-length: 14

15:38:30.717 [AsyncHttpClient-1-2] DEBUG org.asynchttpclient.netty.channel.ChannelManager - Adding key: http://localhost:58509 for channel [id: 0xee7d4684, L:/127.0.0.1:59971 - R:localhost/127.0.0.1:58509]
15:38:30.746 [Forwarding screenshot on session 566657fccef467be2dbfb2d8d7b8db24 to remote] DEBUG org.asynchttpclient.netty.request.NettyRequestSender - Using pooled Channel '[id: 0xee7d4684, L:/127.0.0.1:59971 - R:localhost/127.0.0.1:58509]' for 'GET' to 'http://localhost:58509/session/566657fccef467be2dbfb2d8d7b8db24/screenshot'
15:38:30.746 [Forwarding screenshot on session 566657fccef467be2dbfb2d8d7b8db24 to remote] DEBUG org.asynchttpclient.netty.request.NettyRequestSender - Using open Channel [id: 0xee7d4684, L:/127.0.0.1:59971 - R:localhost/127.0.0.1:58509] for GET '/session/566657fccef467be2dbfb2d8d7b8db24/screenshot'
15:38:30.824 [AsyncHttpClient-1-1] DEBUG org.asynchttpclient.netty.channel.DefaultChannelPool - Entry count for : http://localhost:59972 : 1
15:38:30.893 [AsyncHttpClient-1-2] DEBUG org.asynchttpclient.netty.handler.HttpHandler - 

Request DefaultFullHttpRequest(decodeResult: success, version: HTTP/1.1, content: EmptyByteBufBE)
GET /session/566657fccef467be2dbfb2d8d7b8db24/screenshot HTTP/1.1
User-Agent: selenium/4.1.4 (java windows)
Cache-Control: no-cache
Content-Type: application/json; charset=utf-8
host: localhost:58509
accept: */*

Response DefaultHttpResponse(decodeResult: success, version: HTTP/1.1)
HTTP/1.1 200 OK
Content-Type: application/json; charset=utf-8
cache-control: no-cache
content-length: 180216

15:38:30.895 [AsyncHttpClient-1-2] DEBUG org.asynchttpclient.netty.channel.ChannelManager - Adding key: http://localhost:58509 for channel [id: 0xee7d4684, L:/127.0.0.1:59971 - R:localhost/127.0.0.1:58509]
15:38:30.902 [Test worker] DEBUG net.serenitybdd.core.photography.Darkroom - Send negative for processing for C:\Users\Administrador\Documents\Choucair\Choucair\ChoucairAutomation\target\site\serenity\3b21ac57cfe235a49a39b3b465c2b1da302436266ff97a195a417679b12d6bd6.png
15:38:30.902 [Darkroom Processing Line] DEBUG net.serenitybdd.core.photography.DarkroomProcessingLine - Processing screenshot image in /var/screenshots/screenshot-9438094600564087885
15:38:30.902 [Darkroom Processing Line] DEBUG net.serenitybdd.core.photography.DarkroomProcessingLine - Saving screenshot to C:\Users\Administrador\Documents\Choucair\Choucair\ChoucairAutomation\target\site\serenity\3b21ac57cfe235a49a39b3b465c2b1da302436266ff97a195a417679b12d6bd6.png
15:38:30.922 [Test worker] DEBUG net.thucydides.core.steps.StepInterceptor - STEP DONE: {0} clicks on #target
15:38:30.951 [Test worker] DEBUG net.serenitybdd.screenplay.targets.IFrameSwitcher - default content already selected for business units
15:38:30.965 [Forwarding findElements on session 566657fccef467be2dbfb2d8d7b8db24 to remote] DEBUG org.asynchttpclient.netty.request.NettyRequestSender - Using pooled Channel '[id: 0xee7d4684, L:/127.0.0.1:59971 - R:localhost/127.0.0.1:58509]' for 'POST' to 'http://localhost:58509/session/566657fccef467be2dbfb2d8d7b8db24/elements'
15:38:30.965 [Forwarding findElements on session 566657fccef467be2dbfb2d8d7b8db24 to remote] DEBUG org.asynchttpclient.netty.request.NettyRequestSender - Using open Channel [id: 0xee7d4684, L:/127.0.0.1:59971 - R:localhost/127.0.0.1:58509] for POST '/session/566657fccef467be2dbfb2d8d7b8db24/elements'
15:38:30.974 [AsyncHttpClient-1-2] DEBUG org.asynchttpclient.netty.handler.HttpHandler - 

Request DefaultHttpRequest(decodeResult: success, version: HTTP/1.1)
POST /session/566657fccef467be2dbfb2d8d7b8db24/elements HTTP/1.1
User-Agent: selenium/4.1.4 (java windows)
Content-Length: 111
Content-Type: application/json; charset=utf-8
host: localhost:58509
accept: */*

Response DefaultHttpResponse(decodeResult: success, version: HTTP/1.1)
HTTP/1.1 200 OK
Content-Type: application/json; charset=utf-8
cache-control: no-cache
content-length: 90

15:38:30.974 [AsyncHttpClient-1-2] DEBUG org.asynchttpclient.netty.channel.ChannelManager - Adding key: http://localhost:58509 for channel [id: 0xee7d4684, L:/127.0.0.1:59971 - R:localhost/127.0.0.1:58509]
15:38:31.002 [Forwarding isElementDisplayed on session 566657fccef467be2dbfb2d8d7b8db24 to remote] DEBUG org.asynchttpclient.netty.request.NettyRequestSender - Using pooled Channel '[id: 0xee7d4684, L:/127.0.0.1:59971 - R:localhost/127.0.0.1:58509]' for 'POST' to 'http://localhost:58509/session/566657fccef467be2dbfb2d8d7b8db24/execute/sync'
15:38:31.003 [Forwarding isElementDisplayed on session 566657fccef467be2dbfb2d8d7b8db24 to remote] DEBUG org.asynchttpclient.netty.request.NettyRequestSender - Using open Channel [id: 0xee7d4684, L:/127.0.0.1:59971 - R:localhost/127.0.0.1:58509] for POST '/session/566657fccef467be2dbfb2d8d7b8db24/execute/sync'
15:38:31.013 [AsyncHttpClient-1-2] DEBUG org.asynchttpclient.netty.handler.HttpHandler - 

Request DefaultHttpRequest(decodeResult: success, version: HTTP/1.1)
POST /session/566657fccef467be2dbfb2d8d7b8db24/execute/sync HTTP/1.1
User-Agent: selenium/4.1.4 (java windows)
Content-Length: 48780
Content-Type: application/json; charset=utf-8
host: localhost:58509
accept: */*

Response DefaultHttpResponse(decodeResult: success, version: HTTP/1.1)
HTTP/1.1 200 OK
Content-Type: application/json; charset=utf-8
cache-control: no-cache
content-length: 14

15:38:31.013 [AsyncHttpClient-1-2] DEBUG org.asynchttpclient.netty.channel.ChannelManager - Adding key: http://localhost:58509 for channel [id: 0xee7d4684, L:/127.0.0.1:59971 - R:localhost/127.0.0.1:58509]
15:38:31.017 [Forwarding isElementDisplayed on session 566657fccef467be2dbfb2d8d7b8db24 to remote] DEBUG org.asynchttpclient.netty.request.NettyRequestSender - Using pooled Channel '[id: 0xee7d4684, L:/127.0.0.1:59971 - R:localhost/127.0.0.1:58509]' for 'POST' to 'http://localhost:58509/session/566657fccef467be2dbfb2d8d7b8db24/execute/sync'
15:38:31.017 [Forwarding isElementDisplayed on session 566657fccef467be2dbfb2d8d7b8db24 to remote] DEBUG org.asynchttpclient.netty.request.NettyRequestSender - Using open Channel [id: 0xee7d4684, L:/127.0.0.1:59971 - R:localhost/127.0.0.1:58509] for POST '/session/566657fccef467be2dbfb2d8d7b8db24/execute/sync'
15:38:31.025 [AsyncHttpClient-1-2] DEBUG org.asynchttpclient.netty.handler.HttpHandler - 

Request DefaultHttpRequest(decodeResult: success, version: HTTP/1.1)
POST /session/566657fccef467be2dbfb2d8d7b8db24/execute/sync HTTP/1.1
User-Agent: selenium/4.1.4 (java windows)
Content-Length: 48780
Content-Type: application/json; charset=utf-8
host: localhost:58509
accept: */*

Response DefaultHttpResponse(decodeResult: success, version: HTTP/1.1)
HTTP/1.1 200 OK
Content-Type: application/json; charset=utf-8
cache-control: no-cache
content-length: 14

15:38:31.025 [AsyncHttpClient-1-2] DEBUG org.asynchttpclient.netty.channel.ChannelManager - Adding key: http://localhost:58509 for channel [id: 0xee7d4684, L:/127.0.0.1:59971 - R:localhost/127.0.0.1:58509]
15:38:31.065 [Forwarding screenshot on session 566657fccef467be2dbfb2d8d7b8db24 to remote] DEBUG org.asynchttpclient.netty.request.NettyRequestSender - Using pooled Channel '[id: 0xee7d4684, L:/127.0.0.1:59971 - R:localhost/127.0.0.1:58509]' for 'GET' to 'http://localhost:58509/session/566657fccef467be2dbfb2d8d7b8db24/screenshot'
15:38:31.065 [Forwarding screenshot on session 566657fccef467be2dbfb2d8d7b8db24 to remote] DEBUG org.asynchttpclient.netty.request.NettyRequestSender - Using open Channel [id: 0xee7d4684, L:/127.0.0.1:59971 - R:localhost/127.0.0.1:58509] for GET '/session/566657fccef467be2dbfb2d8d7b8db24/screenshot'
15:38:31.191 [AsyncHttpClient-1-2] DEBUG org.asynchttpclient.netty.handler.HttpHandler - 

Request DefaultFullHttpRequest(decodeResult: success, version: HTTP/1.1, content: EmptyByteBufBE)
GET /session/566657fccef467be2dbfb2d8d7b8db24/screenshot HTTP/1.1
User-Agent: selenium/4.1.4 (java windows)
Cache-Control: no-cache
Content-Type: application/json; charset=utf-8
host: localhost:58509
accept: */*

Response DefaultHttpResponse(decodeResult: success, version: HTTP/1.1)
HTTP/1.1 200 OK
Content-Type: application/json; charset=utf-8
cache-control: no-cache
content-length: 180952

15:38:31.192 [AsyncHttpClient-1-2] DEBUG org.asynchttpclient.netty.channel.ChannelManager - Adding key: http://localhost:58509 for channel [id: 0xee7d4684, L:/127.0.0.1:59971 - R:localhost/127.0.0.1:58509]
15:38:31.196 [Test worker] DEBUG net.serenitybdd.core.photography.Darkroom - Send negative for processing for C:\Users\Administrador\Documents\Choucair\Choucair\ChoucairAutomation\target\site\serenity\e8558866870273bc82ed3891c5c056b8b7eaeca3f30fb31937859e230eb2f80c.png
15:38:31.197 [Test worker] DEBUG net.thucydides.core.steps.StepInterceptor - STARTING STEP: StartSharp.navigate - {0} clicks on #target
15:38:31.198 [Test worker] DEBUG net.serenitybdd.screenplay.targets.IFrameSwitcher - default content already selected for business units
15:38:31.280 [Forwarding findElement on session 566657fccef467be2dbfb2d8d7b8db24 to remote] DEBUG org.asynchttpclient.netty.request.NettyRequestSender - Using pooled Channel '[id: 0xee7d4684, L:/127.0.0.1:59971 - R:localhost/127.0.0.1:58509]' for 'POST' to 'http://localhost:58509/session/566657fccef467be2dbfb2d8d7b8db24/element'
15:38:31.280 [Forwarding findElement on session 566657fccef467be2dbfb2d8d7b8db24 to remote] DEBUG org.asynchttpclient.netty.request.NettyRequestSender - Using open Channel [id: 0xee7d4684, L:/127.0.0.1:59971 - R:localhost/127.0.0.1:58509] for POST '/session/566657fccef467be2dbfb2d8d7b8db24/element'
15:38:31.290 [AsyncHttpClient-1-2] DEBUG org.asynchttpclient.netty.handler.HttpHandler - 

Request DefaultHttpRequest(decodeResult: success, version: HTTP/1.1)
POST /session/566657fccef467be2dbfb2d8d7b8db24/element HTTP/1.1
User-Agent: selenium/4.1.4 (java windows)
Content-Length: 111
Content-Type: application/json; charset=utf-8
host: localhost:58509
accept: */*

Response DefaultHttpResponse(decodeResult: success, version: HTTP/1.1)
HTTP/1.1 200 OK
Content-Type: application/json; charset=utf-8
cache-control: no-cache
content-length: 88

15:38:31.290 [AsyncHttpClient-1-2] DEBUG org.asynchttpclient.netty.channel.ChannelManager - Adding key: http://localhost:58509 for channel [id: 0xee7d4684, L:/127.0.0.1:59971 - R:localhost/127.0.0.1:58509]
15:38:31.304 [Forwarding isElementDisplayed on session 566657fccef467be2dbfb2d8d7b8db24 to remote] DEBUG org.asynchttpclient.netty.request.NettyRequestSender - Using pooled Channel '[id: 0xee7d4684, L:/127.0.0.1:59971 - R:localhost/127.0.0.1:58509]' for 'POST' to 'http://localhost:58509/session/566657fccef467be2dbfb2d8d7b8db24/execute/sync'
15:38:31.304 [Forwarding isElementDisplayed on session 566657fccef467be2dbfb2d8d7b8db24 to remote] DEBUG org.asynchttpclient.netty.request.NettyRequestSender - Using open Channel [id: 0xee7d4684, L:/127.0.0.1:59971 - R:localhost/127.0.0.1:58509] for POST '/session/566657fccef467be2dbfb2d8d7b8db24/execute/sync'
15:38:31.313 [AsyncHttpClient-1-2] DEBUG org.asynchttpclient.netty.handler.HttpHandler - 

Request DefaultHttpRequest(decodeResult: success, version: HTTP/1.1)
POST /session/566657fccef467be2dbfb2d8d7b8db24/execute/sync HTTP/1.1
User-Agent: selenium/4.1.4 (java windows)
Content-Length: 48780
Content-Type: application/json; charset=utf-8
host: localhost:58509
accept: */*

Response DefaultHttpResponse(decodeResult: success, version: HTTP/1.1)
HTTP/1.1 200 OK
Content-Type: application/json; charset=utf-8
cache-control: no-cache
content-length: 14

15:38:31.313 [AsyncHttpClient-1-2] DEBUG org.asynchttpclient.netty.channel.ChannelManager - Adding key: http://localhost:58509 for channel [id: 0xee7d4684, L:/127.0.0.1:59971 - R:localhost/127.0.0.1:58509]
15:38:31.337 [Forwarding findElement on session 566657fccef467be2dbfb2d8d7b8db24 to remote] DEBUG org.asynchttpclient.netty.request.NettyRequestSender - Using pooled Channel '[id: 0xee7d4684, L:/127.0.0.1:59971 - R:localhost/127.0.0.1:58509]' for 'POST' to 'http://localhost:58509/session/566657fccef467be2dbfb2d8d7b8db24/element'
15:38:31.337 [Forwarding findElement on session 566657fccef467be2dbfb2d8d7b8db24 to remote] DEBUG org.asynchttpclient.netty.request.NettyRequestSender - Using open Channel [id: 0xee7d4684, L:/127.0.0.1:59971 - R:localhost/127.0.0.1:58509] for POST '/session/566657fccef467be2dbfb2d8d7b8db24/element'
15:38:31.344 [AsyncHttpClient-1-2] DEBUG org.asynchttpclient.netty.handler.HttpHandler - 

Request DefaultHttpRequest(decodeResult: success, version: HTTP/1.1)
POST /session/566657fccef467be2dbfb2d8d7b8db24/element HTTP/1.1
User-Agent: selenium/4.1.4 (java windows)
Content-Length: 111
Content-Type: application/json; charset=utf-8
host: localhost:58509
accept: */*

Response DefaultHttpResponse(decodeResult: success, version: HTTP/1.1)
HTTP/1.1 200 OK
Content-Type: application/json; charset=utf-8
cache-control: no-cache
content-length: 88

15:38:31.345 [AsyncHttpClient-1-2] DEBUG org.asynchttpclient.netty.channel.ChannelManager - Adding key: http://localhost:58509 for channel [id: 0xee7d4684, L:/127.0.0.1:59971 - R:localhost/127.0.0.1:58509]
15:38:31.347 [Forwarding clickElement on session 566657fccef467be2dbfb2d8d7b8db24 to remote] DEBUG org.asynchttpclient.netty.request.NettyRequestSender - Using pooled Channel '[id: 0xee7d4684, L:/127.0.0.1:59971 - R:localhost/127.0.0.1:58509]' for 'POST' to 'http://localhost:58509/session/566657fccef467be2dbfb2d8d7b8db24/element/c860a243-829f-496b-93a1-aa3d33ae877a/click'
15:38:31.347 [Forwarding clickElement on session 566657fccef467be2dbfb2d8d7b8db24 to remote] DEBUG org.asynchttpclient.netty.request.NettyRequestSender - Using open Channel [id: 0xee7d4684, L:/127.0.0.1:59971 - R:localhost/127.0.0.1:58509] for POST '/session/566657fccef467be2dbfb2d8d7b8db24/element/c860a243-829f-496b-93a1-aa3d33ae877a/click'
15:38:31.925 [AsyncHttpClient-1-1] DEBUG org.asynchttpclient.netty.channel.DefaultChannelPool - Entry count for : http://localhost:59972 : 1
15:38:33.024 [AsyncHttpClient-1-1] DEBUG org.asynchttpclient.netty.channel.DefaultChannelPool - Entry count for : http://localhost:59972 : 1
15:38:34.126 [AsyncHttpClient-1-1] DEBUG org.asynchttpclient.netty.channel.DefaultChannelPool - Entry count for : http://localhost:59972 : 1
15:38:35.223 [AsyncHttpClient-1-1] DEBUG org.asynchttpclient.netty.channel.DefaultChannelPool - Entry count for : http://localhost:59972 : 1
15:38:36.332 [AsyncHttpClient-1-1] DEBUG org.asynchttpclient.netty.channel.DefaultChannelPool - Entry count for : http://localhost:59972 : 1
15:38:36.513 [AsyncHttpClient-1-2] DEBUG org.asynchttpclient.netty.handler.HttpHandler - 

Request DefaultHttpRequest(decodeResult: success, version: HTTP/1.1)
POST /session/566657fccef467be2dbfb2d8d7b8db24/element/c860a243-829f-496b-93a1-aa3d33ae877a/click HTTP/1.1
User-Agent: selenium/4.1.4 (java windows)
Content-Length: 50
Content-Type: application/json; charset=utf-8
host: localhost:58509
accept: */*

Response DefaultHttpResponse(decodeResult: success, version: HTTP/1.1)
HTTP/1.1 200 OK
Content-Type: application/json; charset=utf-8
cache-control: no-cache
content-length: 14

15:38:36.513 [AsyncHttpClient-1-2] DEBUG org.asynchttpclient.netty.channel.ChannelManager - Adding key: http://localhost:58509 for channel [id: 0xee7d4684, L:/127.0.0.1:59971 - R:localhost/127.0.0.1:58509]
15:38:36.531 [Forwarding screenshot on session 566657fccef467be2dbfb2d8d7b8db24 to remote] DEBUG org.asynchttpclient.netty.request.NettyRequestSender - Using pooled Channel '[id: 0xee7d4684, L:/127.0.0.1:59971 - R:localhost/127.0.0.1:58509]' for 'GET' to 'http://localhost:58509/session/566657fccef467be2dbfb2d8d7b8db24/screenshot'
15:38:36.531 [Forwarding screenshot on session 566657fccef467be2dbfb2d8d7b8db24 to remote] DEBUG org.asynchttpclient.netty.request.NettyRequestSender - Using open Channel [id: 0xee7d4684, L:/127.0.0.1:59971 - R:localhost/127.0.0.1:58509] for GET '/session/566657fccef467be2dbfb2d8d7b8db24/screenshot'
15:38:36.617 [AsyncHttpClient-1-2] DEBUG org.asynchttpclient.netty.handler.HttpHandler - 

Request DefaultFullHttpRequest(decodeResult: success, version: HTTP/1.1, content: EmptyByteBufBE)
GET /session/566657fccef467be2dbfb2d8d7b8db24/screenshot HTTP/1.1
User-Agent: selenium/4.1.4 (java windows)
Cache-Control: no-cache
Content-Type: application/json; charset=utf-8
host: localhost:58509
accept: */*

Response DefaultHttpResponse(decodeResult: success, version: HTTP/1.1)
HTTP/1.1 200 OK
Content-Type: application/json; charset=utf-8
cache-control: no-cache
content-length: 74888

15:38:36.617 [AsyncHttpClient-1-2] DEBUG org.asynchttpclient.netty.channel.ChannelManager - Adding key: http://localhost:58509 for channel [id: 0xee7d4684, L:/127.0.0.1:59971 - R:localhost/127.0.0.1:58509]
15:38:36.620 [Test worker] DEBUG net.serenitybdd.core.photography.Darkroom - Send negative for processing for C:\Users\Administrador\Documents\Choucair\Choucair\ChoucairAutomation\target\site\serenity\6237511de531d2c191cdabed273e02b0a62b934d9d81c6eb7113040c05f3bc30.png
15:38:36.636 [Test worker] DEBUG net.thucydides.core.steps.StepInterceptor - STEP DONE: {0} clicks on #target
15:38:36.661 [Test worker] DEBUG net.thucydides.core.steps.StepInterceptor - STEP DONE: !#title
15:38:36.831 [Forwarding screenshot on session 566657fccef467be2dbfb2d8d7b8db24 to remote] DEBUG org.asynchttpclient.netty.request.NettyRequestSender - Using pooled Channel '[id: 0xee7d4684, L:/127.0.0.1:59971 - R:localhost/127.0.0.1:58509]' for 'GET' to 'http://localhost:58509/session/566657fccef467be2dbfb2d8d7b8db24/screenshot'
15:38:36.832 [Forwarding screenshot on session 566657fccef467be2dbfb2d8d7b8db24 to remote] DEBUG org.asynchttpclient.netty.request.NettyRequestSender - Using open Channel [id: 0xee7d4684, L:/127.0.0.1:59971 - R:localhost/127.0.0.1:58509] for GET '/session/566657fccef467be2dbfb2d8d7b8db24/screenshot'
15:38:36.927 [AsyncHttpClient-1-2] DEBUG org.asynchttpclient.netty.handler.HttpHandler - 

Request DefaultFullHttpRequest(decodeResult: success, version: HTTP/1.1, content: EmptyByteBufBE)
GET /session/566657fccef467be2dbfb2d8d7b8db24/screenshot HTTP/1.1
User-Agent: selenium/4.1.4 (java windows)
Cache-Control: no-cache
Content-Type: application/json; charset=utf-8
host: localhost:58509
accept: */*

Response DefaultHttpResponse(decodeResult: success, version: HTTP/1.1)
HTTP/1.1 200 OK
Content-Type: application/json; charset=utf-8
cache-control: no-cache
content-length: 76736

15:38:36.928 [AsyncHttpClient-1-2] DEBUG org.asynchttpclient.netty.channel.ChannelManager - Adding key: http://localhost:58509 for channel [id: 0xee7d4684, L:/127.0.0.1:59971 - R:localhost/127.0.0.1:58509]
15:38:36.931 [Test worker] DEBUG net.serenitybdd.core.photography.Darkroom - Send negative for processing for C:\Users\Administrador\Documents\Choucair\Choucair\ChoucairAutomation\target\site\serenity\03dcd89a5282215de034e28992fc0b723511109780d5f33029f44c2251205205.png
15:38:36.931 [Darkroom Processing Line] DEBUG net.serenitybdd.core.photography.DarkroomProcessingLine - Processing screenshot image in /var/screenshots/screenshot-12574810591460095654
15:38:36.931 [Darkroom Processing Line] DEBUG net.serenitybdd.core.photography.DarkroomProcessingLine - Saving screenshot to C:\Users\Administrador\Documents\Choucair\Choucair\ChoucairAutomation\target\site\serenity\03dcd89a5282215de034e28992fc0b723511109780d5f33029f44c2251205205.png
15:38:36.931 [Test worker] DEBUG net.thucydides.core.steps.StepInterceptor - STARTING STEP: StartSharp.should_MeetingAndOrganizationBeCreated_When_SubmitTheCompleteRegistrationData - performAs
15:38:36.967 [Test worker] DEBUG net.thucydides.core.steps.StepInterceptor - STARTING STEP: CreateNewBusinessUnit.performAs - !#title
15:38:36.989 [Test worker] DEBUG net.serenitybdd.screenplay.targets.IFrameSwitcher - default content already selected for button create business unit
15:38:37.012 [Forwarding findElements on session 566657fccef467be2dbfb2d8d7b8db24 to remote] DEBUG org.asynchttpclient.netty.request.NettyRequestSender - Using pooled Channel '[id: 0xee7d4684, L:/127.0.0.1:59971 - R:localhost/127.0.0.1:58509]' for 'POST' to 'http://localhost:58509/session/566657fccef467be2dbfb2d8d7b8db24/elements'
15:38:37.012 [Forwarding findElements on session 566657fccef467be2dbfb2d8d7b8db24 to remote] DEBUG org.asynchttpclient.netty.request.NettyRequestSender - Using open Channel [id: 0xee7d4684, L:/127.0.0.1:59971 - R:localhost/127.0.0.1:58509] for POST '/session/566657fccef467be2dbfb2d8d7b8db24/elements'
15:38:37.022 [AsyncHttpClient-1-2] DEBUG org.asynchttpclient.netty.handler.HttpHandler - 

Request DefaultHttpRequest(decodeResult: success, version: HTTP/1.1)
POST /session/566657fccef467be2dbfb2d8d7b8db24/elements HTTP/1.1
User-Agent: selenium/4.1.4 (java windows)
Content-Length: 101
Content-Type: application/json; charset=utf-8
host: localhost:58509
accept: */*

Response DefaultHttpResponse(decodeResult: success, version: HTTP/1.1)
HTTP/1.1 200 OK
Content-Type: application/json; charset=utf-8
cache-control: no-cache
content-length: 90

15:38:37.023 [AsyncHttpClient-1-2] DEBUG org.asynchttpclient.netty.channel.ChannelManager - Adding key: http://localhost:58509 for channel [id: 0xee7d4684, L:/127.0.0.1:59971 - R:localhost/127.0.0.1:58509]
15:38:37.054 [Forwarding isElementDisplayed on session 566657fccef467be2dbfb2d8d7b8db24 to remote] DEBUG org.asynchttpclient.netty.request.NettyRequestSender - Using pooled Channel '[id: 0xee7d4684, L:/127.0.0.1:59971 - R:localhost/127.0.0.1:58509]' for 'POST' to 'http://localhost:58509/session/566657fccef467be2dbfb2d8d7b8db24/execute/sync'
15:38:37.054 [Forwarding isElementDisplayed on session 566657fccef467be2dbfb2d8d7b8db24 to remote] DEBUG org.asynchttpclient.netty.request.NettyRequestSender - Using open Channel [id: 0xee7d4684, L:/127.0.0.1:59971 - R:localhost/127.0.0.1:58509] for POST '/session/566657fccef467be2dbfb2d8d7b8db24/execute/sync'
15:38:37.063 [AsyncHttpClient-1-2] DEBUG org.asynchttpclient.netty.handler.HttpHandler - 

Request DefaultHttpRequest(decodeResult: success, version: HTTP/1.1)
POST /session/566657fccef467be2dbfb2d8d7b8db24/execute/sync HTTP/1.1
User-Agent: selenium/4.1.4 (java windows)
Content-Length: 48780
Content-Type: application/json; charset=utf-8
host: localhost:58509
accept: */*

Response DefaultHttpResponse(decodeResult: success, version: HTTP/1.1)
HTTP/1.1 200 OK
Content-Type: application/json; charset=utf-8
cache-control: no-cache
content-length: 14

15:38:37.063 [AsyncHttpClient-1-2] DEBUG org.asynchttpclient.netty.channel.ChannelManager - Adding key: http://localhost:58509 for channel [id: 0xee7d4684, L:/127.0.0.1:59971 - R:localhost/127.0.0.1:58509]
15:38:37.066 [Forwarding isElementDisplayed on session 566657fccef467be2dbfb2d8d7b8db24 to remote] DEBUG org.asynchttpclient.netty.request.NettyRequestSender - Using pooled Channel '[id: 0xee7d4684, L:/127.0.0.1:59971 - R:localhost/127.0.0.1:58509]' for 'POST' to 'http://localhost:58509/session/566657fccef467be2dbfb2d8d7b8db24/execute/sync'
15:38:37.066 [Forwarding isElementDisplayed on session 566657fccef467be2dbfb2d8d7b8db24 to remote] DEBUG org.asynchttpclient.netty.request.NettyRequestSender - Using open Channel [id: 0xee7d4684, L:/127.0.0.1:59971 - R:localhost/127.0.0.1:58509] for POST '/session/566657fccef467be2dbfb2d8d7b8db24/execute/sync'
15:38:37.074 [AsyncHttpClient-1-2] DEBUG org.asynchttpclient.netty.handler.HttpHandler - 

Request DefaultHttpRequest(decodeResult: success, version: HTTP/1.1)
POST /session/566657fccef467be2dbfb2d8d7b8db24/execute/sync HTTP/1.1
User-Agent: selenium/4.1.4 (java windows)
Content-Length: 48780
Content-Type: application/json; charset=utf-8
host: localhost:58509
accept: */*

Response DefaultHttpResponse(decodeResult: success, version: HTTP/1.1)
HTTP/1.1 200 OK
Content-Type: application/json; charset=utf-8
cache-control: no-cache
content-length: 14

15:38:37.075 [AsyncHttpClient-1-2] DEBUG org.asynchttpclient.netty.channel.ChannelManager - Adding key: http://localhost:58509 for channel [id: 0xee7d4684, L:/127.0.0.1:59971 - R:localhost/127.0.0.1:58509]
15:38:37.120 [Forwarding screenshot on session 566657fccef467be2dbfb2d8d7b8db24 to remote] DEBUG org.asynchttpclient.netty.request.NettyRequestSender - Using pooled Channel '[id: 0xee7d4684, L:/127.0.0.1:59971 - R:localhost/127.0.0.1:58509]' for 'GET' to 'http://localhost:58509/session/566657fccef467be2dbfb2d8d7b8db24/screenshot'
15:38:37.120 [Forwarding screenshot on session 566657fccef467be2dbfb2d8d7b8db24 to remote] DEBUG org.asynchttpclient.netty.request.NettyRequestSender - Using open Channel [id: 0xee7d4684, L:/127.0.0.1:59971 - R:localhost/127.0.0.1:58509] for GET '/session/566657fccef467be2dbfb2d8d7b8db24/screenshot'
15:38:37.211 [AsyncHttpClient-1-2] DEBUG org.asynchttpclient.netty.handler.HttpHandler - 

Request DefaultFullHttpRequest(decodeResult: success, version: HTTP/1.1, content: EmptyByteBufBE)
GET /session/566657fccef467be2dbfb2d8d7b8db24/screenshot HTTP/1.1
User-Agent: selenium/4.1.4 (java windows)
Cache-Control: no-cache
Content-Type: application/json; charset=utf-8
host: localhost:58509
accept: */*

Response DefaultHttpResponse(decodeResult: success, version: HTTP/1.1)
HTTP/1.1 200 OK
Content-Type: application/json; charset=utf-8
cache-control: no-cache
content-length: 76736

15:38:37.211 [AsyncHttpClient-1-2] DEBUG org.asynchttpclient.netty.channel.ChannelManager - Adding key: http://localhost:58509 for channel [id: 0xee7d4684, L:/127.0.0.1:59971 - R:localhost/127.0.0.1:58509]
15:38:37.214 [Test worker] DEBUG net.serenitybdd.core.photography.Darkroom - Send negative for processing for C:\Users\Administrador\Documents\Choucair\Choucair\ChoucairAutomation\target\site\serenity\3d103dc17068e2482961f9956dc23f6272c000537f43e2e4569c87712ab6d417.png
15:38:37.214 [Darkroom Processing Line] DEBUG net.serenitybdd.core.photography.DarkroomProcessingLine - Processing screenshot image in /var/screenshots/screenshot-9777653309798306901
15:38:37.214 [Test worker] DEBUG net.thucydides.core.steps.StepInterceptor - STARTING STEP: CreateNewBusinessUnit.performAs - {0} clicks on #target
15:38:37.214 [Darkroom Processing Line] DEBUG net.serenitybdd.core.photography.DarkroomProcessingLine - Saving screenshot to C:\Users\Administrador\Documents\Choucair\Choucair\ChoucairAutomation\target\site\serenity\3d103dc17068e2482961f9956dc23f6272c000537f43e2e4569c87712ab6d417.png
15:38:37.215 [Test worker] DEBUG net.serenitybdd.screenplay.targets.IFrameSwitcher - default content already selected for button create business unit
15:38:37.278 [Forwarding findElement on session 566657fccef467be2dbfb2d8d7b8db24 to remote] DEBUG org.asynchttpclient.netty.request.NettyRequestSender - Using pooled Channel '[id: 0xee7d4684, L:/127.0.0.1:59971 - R:localhost/127.0.0.1:58509]' for 'POST' to 'http://localhost:58509/session/566657fccef467be2dbfb2d8d7b8db24/element'
15:38:37.278 [Forwarding findElement on session 566657fccef467be2dbfb2d8d7b8db24 to remote] DEBUG org.asynchttpclient.netty.request.NettyRequestSender - Using open Channel [id: 0xee7d4684, L:/127.0.0.1:59971 - R:localhost/127.0.0.1:58509] for POST '/session/566657fccef467be2dbfb2d8d7b8db24/element'
15:38:37.288 [AsyncHttpClient-1-2] DEBUG org.asynchttpclient.netty.handler.HttpHandler - 

Request DefaultHttpRequest(decodeResult: success, version: HTTP/1.1)
POST /session/566657fccef467be2dbfb2d8d7b8db24/element HTTP/1.1
User-Agent: selenium/4.1.4 (java windows)
Content-Length: 101
Content-Type: application/json; charset=utf-8
host: localhost:58509
accept: */*

Response DefaultHttpResponse(decodeResult: success, version: HTTP/1.1)
HTTP/1.1 200 OK
Content-Type: application/json; charset=utf-8
cache-control: no-cache
content-length: 88

15:38:37.288 [AsyncHttpClient-1-2] DEBUG org.asynchttpclient.netty.channel.ChannelManager - Adding key: http://localhost:58509 for channel [id: 0xee7d4684, L:/127.0.0.1:59971 - R:localhost/127.0.0.1:58509]
15:38:37.303 [Forwarding isElementDisplayed on session 566657fccef467be2dbfb2d8d7b8db24 to remote] DEBUG org.asynchttpclient.netty.request.NettyRequestSender - Using pooled Channel '[id: 0xee7d4684, L:/127.0.0.1:59971 - R:localhost/127.0.0.1:58509]' for 'POST' to 'http://localhost:58509/session/566657fccef467be2dbfb2d8d7b8db24/execute/sync'
15:38:37.303 [Forwarding isElementDisplayed on session 566657fccef467be2dbfb2d8d7b8db24 to remote] DEBUG org.asynchttpclient.netty.request.NettyRequestSender - Using open Channel [id: 0xee7d4684, L:/127.0.0.1:59971 - R:localhost/127.0.0.1:58509] for POST '/session/566657fccef467be2dbfb2d8d7b8db24/execute/sync'
15:38:37.310 [AsyncHttpClient-1-2] DEBUG org.asynchttpclient.netty.handler.HttpHandler - 

Request DefaultHttpRequest(decodeResult: success, version: HTTP/1.1)
POST /session/566657fccef467be2dbfb2d8d7b8db24/execute/sync HTTP/1.1
User-Agent: selenium/4.1.4 (java windows)
Content-Length: 48780
Content-Type: application/json; charset=utf-8
host: localhost:58509
accept: */*

Response DefaultHttpResponse(decodeResult: success, version: HTTP/1.1)
HTTP/1.1 200 OK
Content-Type: application/json; charset=utf-8
cache-control: no-cache
content-length: 14

15:38:37.311 [AsyncHttpClient-1-2] DEBUG org.asynchttpclient.netty.channel.ChannelManager - Adding key: http://localhost:58509 for channel [id: 0xee7d4684, L:/127.0.0.1:59971 - R:localhost/127.0.0.1:58509]
15:38:37.331 [Forwarding findElement on session 566657fccef467be2dbfb2d8d7b8db24 to remote] DEBUG org.asynchttpclient.netty.request.NettyRequestSender - Using pooled Channel '[id: 0xee7d4684, L:/127.0.0.1:59971 - R:localhost/127.0.0.1:58509]' for 'POST' to 'http://localhost:58509/session/566657fccef467be2dbfb2d8d7b8db24/element'
15:38:37.332 [Forwarding findElement on session 566657fccef467be2dbfb2d8d7b8db24 to remote] DEBUG org.asynchttpclient.netty.request.NettyRequestSender - Using open Channel [id: 0xee7d4684, L:/127.0.0.1:59971 - R:localhost/127.0.0.1:58509] for POST '/session/566657fccef467be2dbfb2d8d7b8db24/element'
15:38:37.338 [AsyncHttpClient-1-2] DEBUG org.asynchttpclient.netty.handler.HttpHandler - 

Request DefaultHttpRequest(decodeResult: success, version: HTTP/1.1)
POST /session/566657fccef467be2dbfb2d8d7b8db24/element HTTP/1.1
User-Agent: selenium/4.1.4 (java windows)
Content-Length: 101
Content-Type: application/json; charset=utf-8
host: localhost:58509
accept: */*

Response DefaultHttpResponse(decodeResult: success, version: HTTP/1.1)
HTTP/1.1 200 OK
Content-Type: application/json; charset=utf-8
cache-control: no-cache
content-length: 88

15:38:37.339 [AsyncHttpClient-1-2] DEBUG org.asynchttpclient.netty.channel.ChannelManager - Adding key: http://localhost:58509 for channel [id: 0xee7d4684, L:/127.0.0.1:59971 - R:localhost/127.0.0.1:58509]
15:38:37.341 [Forwarding clickElement on session 566657fccef467be2dbfb2d8d7b8db24 to remote] DEBUG org.asynchttpclient.netty.request.NettyRequestSender - Using pooled Channel '[id: 0xee7d4684, L:/127.0.0.1:59971 - R:localhost/127.0.0.1:58509]' for 'POST' to 'http://localhost:58509/session/566657fccef467be2dbfb2d8d7b8db24/element/774c7030-d43a-40e4-a792-552fbe921b00/click'
15:38:37.341 [Forwarding clickElement on session 566657fccef467be2dbfb2d8d7b8db24 to remote] DEBUG org.asynchttpclient.netty.request.NettyRequestSender - Using open Channel [id: 0xee7d4684, L:/127.0.0.1:59971 - R:localhost/127.0.0.1:58509] for POST '/session/566657fccef467be2dbfb2d8d7b8db24/element/774c7030-d43a-40e4-a792-552fbe921b00/click'
15:38:37.425 [AsyncHttpClient-1-1] DEBUG org.asynchttpclient.netty.channel.DefaultChannelPool - Entry count for : http://localhost:59972 : 1
15:38:38.524 [AsyncHttpClient-1-1] DEBUG org.asynchttpclient.netty.channel.DefaultChannelPool - Entry count for : http://localhost:59972 : 1
15:38:39.639 [AsyncHttpClient-1-1] DEBUG org.asynchttpclient.netty.channel.DefaultChannelPool - Entry count for : http://localhost:59972 : 1
15:38:39.935 [AsyncHttpClient-1-2] DEBUG org.asynchttpclient.netty.handler.HttpHandler - 

Request DefaultHttpRequest(decodeResult: success, version: HTTP/1.1)
POST /session/566657fccef467be2dbfb2d8d7b8db24/element/774c7030-d43a-40e4-a792-552fbe921b00/click HTTP/1.1
User-Agent: selenium/4.1.4 (java windows)
Content-Length: 50
Content-Type: application/json; charset=utf-8
host: localhost:58509
accept: */*

Response DefaultHttpResponse(decodeResult: success, version: HTTP/1.1)
HTTP/1.1 200 OK
Content-Type: application/json; charset=utf-8
cache-control: no-cache
content-length: 14

15:38:39.935 [AsyncHttpClient-1-2] DEBUG org.asynchttpclient.netty.channel.ChannelManager - Adding key: http://localhost:58509 for channel [id: 0xee7d4684, L:/127.0.0.1:59971 - R:localhost/127.0.0.1:58509]
15:38:39.954 [Forwarding screenshot on session 566657fccef467be2dbfb2d8d7b8db24 to remote] DEBUG org.asynchttpclient.netty.request.NettyRequestSender - Using pooled Channel '[id: 0xee7d4684, L:/127.0.0.1:59971 - R:localhost/127.0.0.1:58509]' for 'GET' to 'http://localhost:58509/session/566657fccef467be2dbfb2d8d7b8db24/screenshot'
15:38:39.954 [Forwarding screenshot on session 566657fccef467be2dbfb2d8d7b8db24 to remote] DEBUG org.asynchttpclient.netty.request.NettyRequestSender - Using open Channel [id: 0xee7d4684, L:/127.0.0.1:59971 - R:localhost/127.0.0.1:58509] for GET '/session/566657fccef467be2dbfb2d8d7b8db24/screenshot'
15:38:40.155 [AsyncHttpClient-1-2] DEBUG org.asynchttpclient.netty.handler.HttpHandler - 

Request DefaultFullHttpRequest(decodeResult: success, version: HTTP/1.1, content: EmptyByteBufBE)
GET /session/566657fccef467be2dbfb2d8d7b8db24/screenshot HTTP/1.1
User-Agent: selenium/4.1.4 (java windows)
Cache-Control: no-cache
Content-Type: application/json; charset=utf-8
host: localhost:58509
accept: */*

Response DefaultHttpResponse(decodeResult: success, version: HTTP/1.1)
HTTP/1.1 200 OK
Content-Type: application/json; charset=utf-8
cache-control: no-cache
content-length: 112264

15:38:40.156 [AsyncHttpClient-1-2] DEBUG org.asynchttpclient.netty.channel.ChannelManager - Adding key: http://localhost:58509 for channel [id: 0xee7d4684, L:/127.0.0.1:59971 - R:localhost/127.0.0.1:58509]
15:38:40.160 [Test worker] DEBUG net.serenitybdd.core.photography.Darkroom - Send negative for processing for C:\Users\Administrador\Documents\Choucair\Choucair\ChoucairAutomation\target\site\serenity\588f2b26cd905873a412ba5a42bbf89bc5d9963f971652940e38d87719991faf.png
15:38:40.161 [Darkroom Processing Line] DEBUG net.serenitybdd.core.photography.DarkroomProcessingLine - Processing screenshot image in /var/screenshots/screenshot-5926103137507077064
15:38:40.161 [Darkroom Processing Line] DEBUG net.serenitybdd.core.photography.DarkroomProcessingLine - Saving screenshot to C:\Users\Administrador\Documents\Choucair\Choucair\ChoucairAutomation\target\site\serenity\588f2b26cd905873a412ba5a42bbf89bc5d9963f971652940e38d87719991faf.png
15:38:40.177 [Test worker] DEBUG net.thucydides.core.steps.StepInterceptor - STEP DONE: {0} clicks on #target
15:38:40.216 [Forwarding screenshot on session 566657fccef467be2dbfb2d8d7b8db24 to remote] DEBUG org.asynchttpclient.netty.request.NettyRequestSender - Using pooled Channel '[id: 0xee7d4684, L:/127.0.0.1:59971 - R:localhost/127.0.0.1:58509]' for 'GET' to 'http://localhost:58509/session/566657fccef467be2dbfb2d8d7b8db24/screenshot'
15:38:40.216 [Forwarding screenshot on session 566657fccef467be2dbfb2d8d7b8db24 to remote] DEBUG org.asynchttpclient.netty.request.NettyRequestSender - Using open Channel [id: 0xee7d4684, L:/127.0.0.1:59971 - R:localhost/127.0.0.1:58509] for GET '/session/566657fccef467be2dbfb2d8d7b8db24/screenshot'
15:38:40.366 [AsyncHttpClient-1-2] DEBUG org.asynchttpclient.netty.handler.HttpHandler - 

Request DefaultFullHttpRequest(decodeResult: success, version: HTTP/1.1, content: EmptyByteBufBE)
GET /session/566657fccef467be2dbfb2d8d7b8db24/screenshot HTTP/1.1
User-Agent: selenium/4.1.4 (java windows)
Cache-Control: no-cache
Content-Type: application/json; charset=utf-8
host: localhost:58509
accept: */*

Response DefaultHttpResponse(decodeResult: success, version: HTTP/1.1)
HTTP/1.1 200 OK
Content-Type: application/json; charset=utf-8
cache-control: no-cache
content-length: 114412

15:38:40.367 [AsyncHttpClient-1-2] DEBUG org.asynchttpclient.netty.channel.ChannelManager - Adding key: http://localhost:58509 for channel [id: 0xee7d4684, L:/127.0.0.1:59971 - R:localhost/127.0.0.1:58509]
15:38:40.370 [Test worker] DEBUG net.serenitybdd.core.photography.Darkroom - Send negative for processing for C:\Users\Administrador\Documents\Choucair\Choucair\ChoucairAutomation\target\site\serenity\be50908458a64d764d7bb71491549e9ab9cb36b9deaa6709ef48f43c224774e5.png
15:38:40.370 [Test worker] DEBUG net.thucydides.core.steps.StepInterceptor - STEP DONE: !#title
15:38:40.371 [Darkroom Processing Line] DEBUG net.serenitybdd.core.photography.DarkroomProcessingLine - Processing screenshot image in /var/screenshots/screenshot-2846211560728274237
15:38:40.371 [Darkroom Processing Line] DEBUG net.serenitybdd.core.photography.DarkroomProcessingLine - Saving screenshot to C:\Users\Administrador\Documents\Choucair\Choucair\ChoucairAutomation\target\site\serenity\be50908458a64d764d7bb71491549e9ab9cb36b9deaa6709ef48f43c224774e5.png
15:38:40.393 [Test worker] DEBUG net.serenitybdd.screenplay.targets.IFrameSwitcher - default content already selected for input from name
15:38:40.446 [Forwarding findElement on session 566657fccef467be2dbfb2d8d7b8db24 to remote] DEBUG org.asynchttpclient.netty.request.NettyRequestSender - Using pooled Channel '[id: 0xee7d4684, L:/127.0.0.1:59971 - R:localhost/127.0.0.1:58509]' for 'POST' to 'http://localhost:58509/session/566657fccef467be2dbfb2d8d7b8db24/element'
15:38:40.446 [Forwarding findElement on session 566657fccef467be2dbfb2d8d7b8db24 to remote] DEBUG org.asynchttpclient.netty.request.NettyRequestSender - Using open Channel [id: 0xee7d4684, L:/127.0.0.1:59971 - R:localhost/127.0.0.1:58509] for POST '/session/566657fccef467be2dbfb2d8d7b8db24/element'
15:38:40.456 [AsyncHttpClient-1-2] DEBUG org.asynchttpclient.netty.handler.HttpHandler - 

Request DefaultHttpRequest(decodeResult: success, version: HTTP/1.1)
POST /session/566657fccef467be2dbfb2d8d7b8db24/element HTTP/1.1
User-Agent: selenium/4.1.4 (java windows)
Content-Length: 95
Content-Type: application/json; charset=utf-8
host: localhost:58509
accept: */*

Response DefaultHttpResponse(decodeResult: success, version: HTTP/1.1)
HTTP/1.1 200 OK
Content-Type: application/json; charset=utf-8
cache-control: no-cache
content-length: 88

15:38:40.456 [AsyncHttpClient-1-2] DEBUG org.asynchttpclient.netty.channel.ChannelManager - Adding key: http://localhost:58509 for channel [id: 0xee7d4684, L:/127.0.0.1:59971 - R:localhost/127.0.0.1:58509]
15:38:40.459 [Forwarding clearElement on session 566657fccef467be2dbfb2d8d7b8db24 to remote] DEBUG org.asynchttpclient.netty.request.NettyRequestSender - Using pooled Channel '[id: 0xee7d4684, L:/127.0.0.1:59971 - R:localhost/127.0.0.1:58509]' for 'POST' to 'http://localhost:58509/session/566657fccef467be2dbfb2d8d7b8db24/element/b56e526f-a3ec-4aa0-8356-f66329797992/clear'
15:38:40.459 [Forwarding clearElement on session 566657fccef467be2dbfb2d8d7b8db24 to remote] DEBUG org.asynchttpclient.netty.request.NettyRequestSender - Using open Channel [id: 0xee7d4684, L:/127.0.0.1:59971 - R:localhost/127.0.0.1:58509] for POST '/session/566657fccef467be2dbfb2d8d7b8db24/element/b56e526f-a3ec-4aa0-8356-f66329797992/clear'
15:38:40.483 [AsyncHttpClient-1-2] DEBUG org.asynchttpclient.netty.handler.HttpHandler - 

Request DefaultHttpRequest(decodeResult: success, version: HTTP/1.1)
POST /session/566657fccef467be2dbfb2d8d7b8db24/element/b56e526f-a3ec-4aa0-8356-f66329797992/clear HTTP/1.1
User-Agent: selenium/4.1.4 (java windows)
Content-Length: 50
Content-Type: application/json; charset=utf-8
host: localhost:58509
accept: */*

Response DefaultHttpResponse(decodeResult: success, version: HTTP/1.1)
HTTP/1.1 200 OK
Content-Type: application/json; charset=utf-8
cache-control: no-cache
content-length: 14

15:38:40.483 [AsyncHttpClient-1-2] DEBUG org.asynchttpclient.netty.channel.ChannelManager - Adding key: http://localhost:58509 for channel [id: 0xee7d4684, L:/127.0.0.1:59971 - R:localhost/127.0.0.1:58509]
15:38:40.495 [Forwarding sendKeysToElement on session 566657fccef467be2dbfb2d8d7b8db24 to remote] DEBUG org.asynchttpclient.netty.request.NettyRequestSender - Using pooled Channel '[id: 0xee7d4684, L:/127.0.0.1:59971 - R:localhost/127.0.0.1:58509]' for 'POST' to 'http://localhost:58509/session/566657fccef467be2dbfb2d8d7b8db24/element/b56e526f-a3ec-4aa0-8356-f66329797992/value'
15:38:40.495 [Forwarding sendKeysToElement on session 566657fccef467be2dbfb2d8d7b8db24 to remote] DEBUG org.asynchttpclient.netty.request.NettyRequestSender - Using open Channel [id: 0xee7d4684, L:/127.0.0.1:59971 - R:localhost/127.0.0.1:58509] for POST '/session/566657fccef467be2dbfb2d8d7b8db24/element/b56e526f-a3ec-4aa0-8356-f66329797992/value'
15:38:40.535 [AsyncHttpClient-1-2] DEBUG org.asynchttpclient.netty.handler.HttpHandler - 

Request DefaultHttpRequest(decodeResult: success, version: HTTP/1.1)
POST /session/566657fccef467be2dbfb2d8d7b8db24/element/b56e526f-a3ec-4aa0-8356-f66329797992/value HTTP/1.1
User-Agent: selenium/4.1.4 (java windows)
Content-Length: 251
Content-Type: application/json; charset=utf-8
host: localhost:58509
accept: */*

Response DefaultHttpResponse(decodeResult: success, version: HTTP/1.1)
HTTP/1.1 200 OK
Content-Type: application/json; charset=utf-8
cache-control: no-cache
content-length: 14

15:38:40.535 [AsyncHttpClient-1-2] DEBUG org.asynchttpclient.netty.channel.ChannelManager - Adding key: http://localhost:58509 for channel [id: 0xee7d4684, L:/127.0.0.1:59971 - R:localhost/127.0.0.1:58509]
15:38:40.550 [Forwarding screenshot on session 566657fccef467be2dbfb2d8d7b8db24 to remote] DEBUG org.asynchttpclient.netty.request.NettyRequestSender - Using pooled Channel '[id: 0xee7d4684, L:/127.0.0.1:59971 - R:localhost/127.0.0.1:58509]' for 'GET' to 'http://localhost:58509/session/566657fccef467be2dbfb2d8d7b8db24/screenshot'
15:38:40.555 [Forwarding screenshot on session 566657fccef467be2dbfb2d8d7b8db24 to remote] DEBUG org.asynchttpclient.netty.request.NettyRequestSender - Using open Channel [id: 0xee7d4684, L:/127.0.0.1:59971 - R:localhost/127.0.0.1:58509] for GET '/session/566657fccef467be2dbfb2d8d7b8db24/screenshot'
15:38:40.664 [AsyncHttpClient-1-2] DEBUG org.asynchttpclient.netty.handler.HttpHandler - 

Request DefaultFullHttpRequest(decodeResult: success, version: HTTP/1.1, content: EmptyByteBufBE)
GET /session/566657fccef467be2dbfb2d8d7b8db24/screenshot HTTP/1.1
User-Agent: selenium/4.1.4 (java windows)
Cache-Control: no-cache
Content-Type: application/json; charset=utf-8
host: localhost:58509
accept: */*

Response DefaultHttpResponse(decodeResult: success, version: HTTP/1.1)
HTTP/1.1 200 OK
Content-Type: application/json; charset=utf-8
cache-control: no-cache
content-length: 113772

15:38:40.665 [AsyncHttpClient-1-2] DEBUG org.asynchttpclient.netty.channel.ChannelManager - Adding key: http://localhost:58509 for channel [id: 0xee7d4684, L:/127.0.0.1:59971 - R:localhost/127.0.0.1:58509]
15:38:40.668 [Test worker] DEBUG net.serenitybdd.core.photography.Darkroom - Send negative for processing for C:\Users\Administrador\Documents\Choucair\Choucair\ChoucairAutomation\target\site\serenity\c31f4600312509bb4643a787c8742739790b9afa8686ad3fed4f40011b25b06d.png
15:38:40.669 [Darkroom Processing Line] DEBUG net.serenitybdd.core.photography.DarkroomProcessingLine - Processing screenshot image in /var/screenshots/screenshot-239953040807798974
15:38:40.669 [Darkroom Processing Line] DEBUG net.serenitybdd.core.photography.DarkroomProcessingLine - Saving screenshot to C:\Users\Administrador\Documents\Choucair\Choucair\ChoucairAutomation\target\site\serenity\c31f4600312509bb4643a787c8742739790b9afa8686ad3fed4f40011b25b06d.png
15:38:40.702 [Test worker] DEBUG net.thucydides.core.steps.StepInterceptor - STARTING STEP: CreateNewBusinessUnit.performAs - !#title
15:38:40.723 [Forwarding screenshot on session 566657fccef467be2dbfb2d8d7b8db24 to remote] DEBUG org.asynchttpclient.netty.request.NettyRequestSender - Using pooled Channel '[id: 0xee7d4684, L:/127.0.0.1:59971 - R:localhost/127.0.0.1:58509]' for 'GET' to 'http://localhost:58509/session/566657fccef467be2dbfb2d8d7b8db24/screenshot'
15:38:40.723 [Forwarding screenshot on session 566657fccef467be2dbfb2d8d7b8db24 to remote] DEBUG org.asynchttpclient.netty.request.NettyRequestSender - Using open Channel [id: 0xee7d4684, L:/127.0.0.1:59971 - R:localhost/127.0.0.1:58509] for GET '/session/566657fccef467be2dbfb2d8d7b8db24/screenshot'
15:38:40.724 [AsyncHttpClient-1-1] DEBUG org.asynchttpclient.netty.channel.DefaultChannelPool - Entry count for : http://localhost:59972 : 1
15:38:40.811 [AsyncHttpClient-1-2] DEBUG org.asynchttpclient.netty.handler.HttpHandler - 

Request DefaultFullHttpRequest(decodeResult: success, version: HTTP/1.1, content: EmptyByteBufBE)
GET /session/566657fccef467be2dbfb2d8d7b8db24/screenshot HTTP/1.1
User-Agent: selenium/4.1.4 (java windows)
Cache-Control: no-cache
Content-Type: application/json; charset=utf-8
host: localhost:58509
accept: */*

Response DefaultHttpResponse(decodeResult: success, version: HTTP/1.1)
HTTP/1.1 200 OK
Content-Type: application/json; charset=utf-8
cache-control: no-cache
content-length: 113772

15:38:40.812 [AsyncHttpClient-1-2] DEBUG org.asynchttpclient.netty.channel.ChannelManager - Adding key: http://localhost:58509 for channel [id: 0xee7d4684, L:/127.0.0.1:59971 - R:localhost/127.0.0.1:58509]
15:38:40.815 [Test worker] DEBUG net.serenitybdd.core.photography.Darkroom - Send negative for processing for C:\Users\Administrador\Documents\Choucair\Choucair\ChoucairAutomation\target\site\serenity\c31f4600312509bb4643a787c8742739790b9afa8686ad3fed4f40011b25b06d.png
15:38:40.816 [Test worker] DEBUG net.thucydides.core.steps.StepInterceptor - STARTING STEP: CreateNewBusinessUnit.performAs - {0} clicks on #target
15:38:40.817 [Test worker] DEBUG net.serenitybdd.screenplay.targets.IFrameSwitcher - default content already selected for list from item parent unit
15:38:40.880 [Forwarding findElement on session 566657fccef467be2dbfb2d8d7b8db24 to remote] DEBUG org.asynchttpclient.netty.request.NettyRequestSender - Using pooled Channel '[id: 0xee7d4684, L:/127.0.0.1:59971 - R:localhost/127.0.0.1:58509]' for 'POST' to 'http://localhost:58509/session/566657fccef467be2dbfb2d8d7b8db24/element'
15:38:40.880 [Forwarding findElement on session 566657fccef467be2dbfb2d8d7b8db24 to remote] DEBUG org.asynchttpclient.netty.request.NettyRequestSender - Using open Channel [id: 0xee7d4684, L:/127.0.0.1:59971 - R:localhost/127.0.0.1:58509] for POST '/session/566657fccef467be2dbfb2d8d7b8db24/element'
15:38:40.889 [AsyncHttpClient-1-2] DEBUG org.asynchttpclient.netty.handler.HttpHandler - 

Request DefaultHttpRequest(decodeResult: success, version: HTTP/1.1)
POST /session/566657fccef467be2dbfb2d8d7b8db24/element HTTP/1.1
User-Agent: selenium/4.1.4 (java windows)
Content-Length: 65
Content-Type: application/json; charset=utf-8
host: localhost:58509
accept: */*

Response DefaultHttpResponse(decodeResult: success, version: HTTP/1.1)
HTTP/1.1 200 OK
Content-Type: application/json; charset=utf-8
cache-control: no-cache
content-length: 88

15:38:40.889 [AsyncHttpClient-1-2] DEBUG org.asynchttpclient.netty.channel.ChannelManager - Adding key: http://localhost:58509 for channel [id: 0xee7d4684, L:/127.0.0.1:59971 - R:localhost/127.0.0.1:58509]
15:38:40.902 [Forwarding isElementDisplayed on session 566657fccef467be2dbfb2d8d7b8db24 to remote] DEBUG org.asynchttpclient.netty.request.NettyRequestSender - Using pooled Channel '[id: 0xee7d4684, L:/127.0.0.1:59971 - R:localhost/127.0.0.1:58509]' for 'POST' to 'http://localhost:58509/session/566657fccef467be2dbfb2d8d7b8db24/execute/sync'
15:38:40.902 [Forwarding isElementDisplayed on session 566657fccef467be2dbfb2d8d7b8db24 to remote] DEBUG org.asynchttpclient.netty.request.NettyRequestSender - Using open Channel [id: 0xee7d4684, L:/127.0.0.1:59971 - R:localhost/127.0.0.1:58509] for POST '/session/566657fccef467be2dbfb2d8d7b8db24/execute/sync'
15:38:40.911 [AsyncHttpClient-1-2] DEBUG org.asynchttpclient.netty.handler.HttpHandler - 

Request DefaultHttpRequest(decodeResult: success, version: HTTP/1.1)
POST /session/566657fccef467be2dbfb2d8d7b8db24/execute/sync HTTP/1.1
User-Agent: selenium/4.1.4 (java windows)
Content-Length: 48780
Content-Type: application/json; charset=utf-8
host: localhost:58509
accept: */*

Response DefaultHttpResponse(decodeResult: success, version: HTTP/1.1)
HTTP/1.1 200 OK
Content-Type: application/json; charset=utf-8
cache-control: no-cache
content-length: 14

15:38:40.911 [AsyncHttpClient-1-2] DEBUG org.asynchttpclient.netty.channel.ChannelManager - Adding key: http://localhost:58509 for channel [id: 0xee7d4684, L:/127.0.0.1:59971 - R:localhost/127.0.0.1:58509]
15:38:40.931 [Forwarding findElement on session 566657fccef467be2dbfb2d8d7b8db24 to remote] DEBUG org.asynchttpclient.netty.request.NettyRequestSender - Using pooled Channel '[id: 0xee7d4684, L:/127.0.0.1:59971 - R:localhost/127.0.0.1:58509]' for 'POST' to 'http://localhost:58509/session/566657fccef467be2dbfb2d8d7b8db24/element'
15:38:40.931 [Forwarding findElement on session 566657fccef467be2dbfb2d8d7b8db24 to remote] DEBUG org.asynchttpclient.netty.request.NettyRequestSender - Using open Channel [id: 0xee7d4684, L:/127.0.0.1:59971 - R:localhost/127.0.0.1:58509] for POST '/session/566657fccef467be2dbfb2d8d7b8db24/element'
15:38:40.937 [AsyncHttpClient-1-2] DEBUG org.asynchttpclient.netty.handler.HttpHandler - 

Request DefaultHttpRequest(decodeResult: success, version: HTTP/1.1)
POST /session/566657fccef467be2dbfb2d8d7b8db24/element HTTP/1.1
User-Agent: selenium/4.1.4 (java windows)
Content-Length: 65
Content-Type: application/json; charset=utf-8
host: localhost:58509
accept: */*

Response DefaultHttpResponse(decodeResult: success, version: HTTP/1.1)
HTTP/1.1 200 OK
Content-Type: application/json; charset=utf-8
cache-control: no-cache
content-length: 88

15:38:40.937 [AsyncHttpClient-1-2] DEBUG org.asynchttpclient.netty.channel.ChannelManager - Adding key: http://localhost:58509 for channel [id: 0xee7d4684, L:/127.0.0.1:59971 - R:localhost/127.0.0.1:58509]
15:38:40.938 [Forwarding clickElement on session 566657fccef467be2dbfb2d8d7b8db24 to remote] DEBUG org.asynchttpclient.netty.request.NettyRequestSender - Using pooled Channel '[id: 0xee7d4684, L:/127.0.0.1:59971 - R:localhost/127.0.0.1:58509]' for 'POST' to 'http://localhost:58509/session/566657fccef467be2dbfb2d8d7b8db24/element/1f015bdf-eea2-47c3-bdef-61bad71cd8f5/click'
15:38:40.939 [Forwarding clickElement on session 566657fccef467be2dbfb2d8d7b8db24 to remote] DEBUG org.asynchttpclient.netty.request.NettyRequestSender - Using open Channel [id: 0xee7d4684, L:/127.0.0.1:59971 - R:localhost/127.0.0.1:58509] for POST '/session/566657fccef467be2dbfb2d8d7b8db24/element/1f015bdf-eea2-47c3-bdef-61bad71cd8f5/click'
15:38:41.009 [AsyncHttpClient-1-2] DEBUG org.asynchttpclient.netty.handler.HttpHandler - 

Request DefaultHttpRequest(decodeResult: success, version: HTTP/1.1)
POST /session/566657fccef467be2dbfb2d8d7b8db24/element/1f015bdf-eea2-47c3-bdef-61bad71cd8f5/click HTTP/1.1
User-Agent: selenium/4.1.4 (java windows)
Content-Length: 50
Content-Type: application/json; charset=utf-8
host: localhost:58509
accept: */*

Response DefaultHttpResponse(decodeResult: success, version: HTTP/1.1)
HTTP/1.1 200 OK
Content-Type: application/json; charset=utf-8
cache-control: no-cache
content-length: 14

15:38:41.009 [AsyncHttpClient-1-2] DEBUG org.asynchttpclient.netty.channel.ChannelManager - Adding key: http://localhost:58509 for channel [id: 0xee7d4684, L:/127.0.0.1:59971 - R:localhost/127.0.0.1:58509]
15:38:41.026 [Forwarding screenshot on session 566657fccef467be2dbfb2d8d7b8db24 to remote] DEBUG org.asynchttpclient.netty.request.NettyRequestSender - Using pooled Channel '[id: 0xee7d4684, L:/127.0.0.1:59971 - R:localhost/127.0.0.1:58509]' for 'GET' to 'http://localhost:58509/session/566657fccef467be2dbfb2d8d7b8db24/screenshot'
15:38:41.026 [Forwarding screenshot on session 566657fccef467be2dbfb2d8d7b8db24 to remote] DEBUG org.asynchttpclient.netty.request.NettyRequestSender - Using open Channel [id: 0xee7d4684, L:/127.0.0.1:59971 - R:localhost/127.0.0.1:58509] for GET '/session/566657fccef467be2dbfb2d8d7b8db24/screenshot'
15:38:41.237 [AsyncHttpClient-1-2] DEBUG org.asynchttpclient.netty.handler.HttpHandler - 

Request DefaultFullHttpRequest(decodeResult: success, version: HTTP/1.1, content: EmptyByteBufBE)
GET /session/566657fccef467be2dbfb2d8d7b8db24/screenshot HTTP/1.1
User-Agent: selenium/4.1.4 (java windows)
Cache-Control: no-cache
Content-Type: application/json; charset=utf-8
host: localhost:58509
accept: */*

Response DefaultHttpResponse(decodeResult: success, version: HTTP/1.1)
HTTP/1.1 200 OK
Content-Type: application/json; charset=utf-8
cache-control: no-cache
content-length: 130580

15:38:41.238 [AsyncHttpClient-1-2] DEBUG org.asynchttpclient.netty.channel.ChannelManager - Adding key: http://localhost:58509 for channel [id: 0xee7d4684, L:/127.0.0.1:59971 - R:localhost/127.0.0.1:58509]
15:38:41.242 [Test worker] DEBUG net.serenitybdd.core.photography.Darkroom - Send negative for processing for C:\Users\Administrador\Documents\Choucair\Choucair\ChoucairAutomation\target\site\serenity\eb9f602862d8cd4047d9bd5020069c90628d3ec5186badcac7faefcd73ab3034.png
15:38:41.242 [Darkroom Processing Line] DEBUG net.serenitybdd.core.photography.DarkroomProcessingLine - Processing screenshot image in /var/screenshots/screenshot-1996907457560135373
15:38:41.242 [Darkroom Processing Line] DEBUG net.serenitybdd.core.photography.DarkroomProcessingLine - Saving screenshot to C:\Users\Administrador\Documents\Choucair\Choucair\ChoucairAutomation\target\site\serenity\eb9f602862d8cd4047d9bd5020069c90628d3ec5186badcac7faefcd73ab3034.png
15:38:41.260 [Test worker] DEBUG net.thucydides.core.steps.StepInterceptor - STEP DONE: {0} clicks on #target
15:38:41.296 [Test worker] DEBUG net.serenitybdd.screenplay.targets.IFrameSwitcher - default content already selected for input select parent unit
15:38:41.308 [Forwarding findElements on session 566657fccef467be2dbfb2d8d7b8db24 to remote] DEBUG org.asynchttpclient.netty.request.NettyRequestSender - Using pooled Channel '[id: 0xee7d4684, L:/127.0.0.1:59971 - R:localhost/127.0.0.1:58509]' for 'POST' to 'http://localhost:58509/session/566657fccef467be2dbfb2d8d7b8db24/elements'
15:38:41.308 [Forwarding findElements on session 566657fccef467be2dbfb2d8d7b8db24 to remote] DEBUG org.asynchttpclient.netty.request.NettyRequestSender - Using open Channel [id: 0xee7d4684, L:/127.0.0.1:59971 - R:localhost/127.0.0.1:58509] for POST '/session/566657fccef467be2dbfb2d8d7b8db24/elements'
15:38:41.319 [AsyncHttpClient-1-2] DEBUG org.asynchttpclient.netty.handler.HttpHandler - 

Request DefaultHttpRequest(decodeResult: success, version: HTTP/1.1)
POST /session/566657fccef467be2dbfb2d8d7b8db24/elements HTTP/1.1
User-Agent: selenium/4.1.4 (java windows)
Content-Length: 108
Content-Type: application/json; charset=utf-8
host: localhost:58509
accept: */*

Response DefaultHttpResponse(decodeResult: success, version: HTTP/1.1)
HTTP/1.1 200 OK
Content-Type: application/json; charset=utf-8
cache-control: no-cache
content-length: 90

15:38:41.319 [AsyncHttpClient-1-2] DEBUG org.asynchttpclient.netty.channel.ChannelManager - Adding key: http://localhost:58509 for channel [id: 0xee7d4684, L:/127.0.0.1:59971 - R:localhost/127.0.0.1:58509]
15:38:41.342 [Forwarding isElementDisplayed on session 566657fccef467be2dbfb2d8d7b8db24 to remote] DEBUG org.asynchttpclient.netty.request.NettyRequestSender - Using pooled Channel '[id: 0xee7d4684, L:/127.0.0.1:59971 - R:localhost/127.0.0.1:58509]' for 'POST' to 'http://localhost:58509/session/566657fccef467be2dbfb2d8d7b8db24/execute/sync'
15:38:41.342 [Forwarding isElementDisplayed on session 566657fccef467be2dbfb2d8d7b8db24 to remote] DEBUG org.asynchttpclient.netty.request.NettyRequestSender - Using open Channel [id: 0xee7d4684, L:/127.0.0.1:59971 - R:localhost/127.0.0.1:58509] for POST '/session/566657fccef467be2dbfb2d8d7b8db24/execute/sync'
15:38:41.350 [AsyncHttpClient-1-2] DEBUG org.asynchttpclient.netty.handler.HttpHandler - 

Request DefaultHttpRequest(decodeResult: success, version: HTTP/1.1)
POST /session/566657fccef467be2dbfb2d8d7b8db24/execute/sync HTTP/1.1
User-Agent: selenium/4.1.4 (java windows)
Content-Length: 48780
Content-Type: application/json; charset=utf-8
host: localhost:58509
accept: */*

Response DefaultHttpResponse(decodeResult: success, version: HTTP/1.1)
HTTP/1.1 200 OK
Content-Type: application/json; charset=utf-8
cache-control: no-cache
content-length: 14

15:38:41.351 [AsyncHttpClient-1-2] DEBUG org.asynchttpclient.netty.channel.ChannelManager - Adding key: http://localhost:58509 for channel [id: 0xee7d4684, L:/127.0.0.1:59971 - R:localhost/127.0.0.1:58509]
15:38:41.354 [Forwarding isElementDisplayed on session 566657fccef467be2dbfb2d8d7b8db24 to remote] DEBUG org.asynchttpclient.netty.request.NettyRequestSender - Using pooled Channel '[id: 0xee7d4684, L:/127.0.0.1:59971 - R:localhost/127.0.0.1:58509]' for 'POST' to 'http://localhost:58509/session/566657fccef467be2dbfb2d8d7b8db24/execute/sync'
15:38:41.354 [Forwarding isElementDisplayed on session 566657fccef467be2dbfb2d8d7b8db24 to remote] DEBUG org.asynchttpclient.netty.request.NettyRequestSender - Using open Channel [id: 0xee7d4684, L:/127.0.0.1:59971 - R:localhost/127.0.0.1:58509] for POST '/session/566657fccef467be2dbfb2d8d7b8db24/execute/sync'
15:38:41.362 [AsyncHttpClient-1-2] DEBUG org.asynchttpclient.netty.handler.HttpHandler - 

Request DefaultHttpRequest(decodeResult: success, version: HTTP/1.1)
POST /session/566657fccef467be2dbfb2d8d7b8db24/execute/sync HTTP/1.1
User-Agent: selenium/4.1.4 (java windows)
Content-Length: 48780
Content-Type: application/json; charset=utf-8
host: localhost:58509
accept: */*

Response DefaultHttpResponse(decodeResult: success, version: HTTP/1.1)
HTTP/1.1 200 OK
Content-Type: application/json; charset=utf-8
cache-control: no-cache
content-length: 14

15:38:41.362 [AsyncHttpClient-1-2] DEBUG org.asynchttpclient.netty.channel.ChannelManager - Adding key: http://localhost:58509 for channel [id: 0xee7d4684, L:/127.0.0.1:59971 - R:localhost/127.0.0.1:58509]
15:38:41.399 [Forwarding screenshot on session 566657fccef467be2dbfb2d8d7b8db24 to remote] DEBUG org.asynchttpclient.netty.request.NettyRequestSender - Using pooled Channel '[id: 0xee7d4684, L:/127.0.0.1:59971 - R:localhost/127.0.0.1:58509]' for 'GET' to 'http://localhost:58509/session/566657fccef467be2dbfb2d8d7b8db24/screenshot'
15:38:41.399 [Forwarding screenshot on session 566657fccef467be2dbfb2d8d7b8db24 to remote] DEBUG org.asynchttpclient.netty.request.NettyRequestSender - Using open Channel [id: 0xee7d4684, L:/127.0.0.1:59971 - R:localhost/127.0.0.1:58509] for GET '/session/566657fccef467be2dbfb2d8d7b8db24/screenshot'
15:38:41.480 [AsyncHttpClient-1-2] DEBUG org.asynchttpclient.netty.handler.HttpHandler - 

Request DefaultFullHttpRequest(decodeResult: success, version: HTTP/1.1, content: EmptyByteBufBE)
GET /session/566657fccef467be2dbfb2d8d7b8db24/screenshot HTTP/1.1
User-Agent: selenium/4.1.4 (java windows)
Cache-Control: no-cache
Content-Type: application/json; charset=utf-8
host: localhost:58509
accept: */*

Response DefaultHttpResponse(decodeResult: success, version: HTTP/1.1)
HTTP/1.1 200 OK
Content-Type: application/json; charset=utf-8
cache-control: no-cache
content-length: 130480

15:38:41.481 [AsyncHttpClient-1-2] DEBUG org.asynchttpclient.netty.channel.ChannelManager - Adding key: http://localhost:58509 for channel [id: 0xee7d4684, L:/127.0.0.1:59971 - R:localhost/127.0.0.1:58509]
15:38:41.484 [Test worker] DEBUG net.serenitybdd.core.photography.Darkroom - Send negative for processing for C:\Users\Administrador\Documents\Choucair\Choucair\ChoucairAutomation\target\site\serenity\012c8dabfbf906e93ef1c31850b535a58b5168acc8619b6f2c74027eb38badab.png
15:38:41.484 [Darkroom Processing Line] DEBUG net.serenitybdd.core.photography.DarkroomProcessingLine - Processing screenshot image in /var/screenshots/screenshot-2380278354277232132
15:38:41.484 [Darkroom Processing Line] DEBUG net.serenitybdd.core.photography.DarkroomProcessingLine - Saving screenshot to C:\Users\Administrador\Documents\Choucair\Choucair\ChoucairAutomation\target\site\serenity\012c8dabfbf906e93ef1c31850b535a58b5168acc8619b6f2c74027eb38badab.png
15:38:41.484 [Test worker] DEBUG net.thucydides.core.steps.StepInterceptor - STARTING STEP: CreateNewBusinessUnit.performAs - {0} clicks on #target
15:38:41.485 [Test worker] DEBUG net.serenitybdd.screenplay.targets.IFrameSwitcher - default content already selected for input select parent unit
15:38:41.566 [Forwarding findElement on session 566657fccef467be2dbfb2d8d7b8db24 to remote] DEBUG org.asynchttpclient.netty.request.NettyRequestSender - Using pooled Channel '[id: 0xee7d4684, L:/127.0.0.1:59971 - R:localhost/127.0.0.1:58509]' for 'POST' to 'http://localhost:58509/session/566657fccef467be2dbfb2d8d7b8db24/element'
15:38:41.566 [Forwarding findElement on session 566657fccef467be2dbfb2d8d7b8db24 to remote] DEBUG org.asynchttpclient.netty.request.NettyRequestSender - Using open Channel [id: 0xee7d4684, L:/127.0.0.1:59971 - R:localhost/127.0.0.1:58509] for POST '/session/566657fccef467be2dbfb2d8d7b8db24/element'
15:38:41.576 [AsyncHttpClient-1-2] DEBUG org.asynchttpclient.netty.handler.HttpHandler - 

Request DefaultHttpRequest(decodeResult: success, version: HTTP/1.1)
POST /session/566657fccef467be2dbfb2d8d7b8db24/element HTTP/1.1
User-Agent: selenium/4.1.4 (java windows)
Content-Length: 108
Content-Type: application/json; charset=utf-8
host: localhost:58509
accept: */*

Response DefaultHttpResponse(decodeResult: success, version: HTTP/1.1)
HTTP/1.1 200 OK
Content-Type: application/json; charset=utf-8
cache-control: no-cache
content-length: 88

15:38:41.576 [AsyncHttpClient-1-2] DEBUG org.asynchttpclient.netty.channel.ChannelManager - Adding key: http://localhost:58509 for channel [id: 0xee7d4684, L:/127.0.0.1:59971 - R:localhost/127.0.0.1:58509]
15:38:41.588 [Forwarding isElementDisplayed on session 566657fccef467be2dbfb2d8d7b8db24 to remote] DEBUG org.asynchttpclient.netty.request.NettyRequestSender - Using pooled Channel '[id: 0xee7d4684, L:/127.0.0.1:59971 - R:localhost/127.0.0.1:58509]' for 'POST' to 'http://localhost:58509/session/566657fccef467be2dbfb2d8d7b8db24/execute/sync'
15:38:41.588 [Forwarding isElementDisplayed on session 566657fccef467be2dbfb2d8d7b8db24 to remote] DEBUG org.asynchttpclient.netty.request.NettyRequestSender - Using open Channel [id: 0xee7d4684, L:/127.0.0.1:59971 - R:localhost/127.0.0.1:58509] for POST '/session/566657fccef467be2dbfb2d8d7b8db24/execute/sync'
15:38:41.600 [AsyncHttpClient-1-2] DEBUG org.asynchttpclient.netty.handler.HttpHandler - 

Request DefaultHttpRequest(decodeResult: success, version: HTTP/1.1)
POST /session/566657fccef467be2dbfb2d8d7b8db24/execute/sync HTTP/1.1
User-Agent: selenium/4.1.4 (java windows)
Content-Length: 48780
Content-Type: application/json; charset=utf-8
host: localhost:58509
accept: */*

Response DefaultHttpResponse(decodeResult: success, version: HTTP/1.1)
HTTP/1.1 200 OK
Content-Type: application/json; charset=utf-8
cache-control: no-cache
content-length: 14

15:38:41.600 [AsyncHttpClient-1-2] DEBUG org.asynchttpclient.netty.channel.ChannelManager - Adding key: http://localhost:58509 for channel [id: 0xee7d4684, L:/127.0.0.1:59971 - R:localhost/127.0.0.1:58509]
15:38:41.620 [Forwarding findElement on session 566657fccef467be2dbfb2d8d7b8db24 to remote] DEBUG org.asynchttpclient.netty.request.NettyRequestSender - Using pooled Channel '[id: 0xee7d4684, L:/127.0.0.1:59971 - R:localhost/127.0.0.1:58509]' for 'POST' to 'http://localhost:58509/session/566657fccef467be2dbfb2d8d7b8db24/element'
15:38:41.620 [Forwarding findElement on session 566657fccef467be2dbfb2d8d7b8db24 to remote] DEBUG org.asynchttpclient.netty.request.NettyRequestSender - Using open Channel [id: 0xee7d4684, L:/127.0.0.1:59971 - R:localhost/127.0.0.1:58509] for POST '/session/566657fccef467be2dbfb2d8d7b8db24/element'
15:38:41.626 [AsyncHttpClient-1-2] DEBUG org.asynchttpclient.netty.handler.HttpHandler - 

Request DefaultHttpRequest(decodeResult: success, version: HTTP/1.1)
POST /session/566657fccef467be2dbfb2d8d7b8db24/element HTTP/1.1
User-Agent: selenium/4.1.4 (java windows)
Content-Length: 108
Content-Type: application/json; charset=utf-8
host: localhost:58509
accept: */*

Response DefaultHttpResponse(decodeResult: success, version: HTTP/1.1)
HTTP/1.1 200 OK
Content-Type: application/json; charset=utf-8
cache-control: no-cache
content-length: 88

15:38:41.627 [AsyncHttpClient-1-2] DEBUG org.asynchttpclient.netty.channel.ChannelManager - Adding key: http://localhost:58509 for channel [id: 0xee7d4684, L:/127.0.0.1:59971 - R:localhost/127.0.0.1:58509]
15:38:41.628 [Forwarding clickElement on session 566657fccef467be2dbfb2d8d7b8db24 to remote] DEBUG org.asynchttpclient.netty.request.NettyRequestSender - Using pooled Channel '[id: 0xee7d4684, L:/127.0.0.1:59971 - R:localhost/127.0.0.1:58509]' for 'POST' to 'http://localhost:58509/session/566657fccef467be2dbfb2d8d7b8db24/element/69d9155a-23b1-40ca-a426-f5a3e5a43561/click'
15:38:41.628 [Forwarding clickElement on session 566657fccef467be2dbfb2d8d7b8db24 to remote] DEBUG org.asynchttpclient.netty.request.NettyRequestSender - Using open Channel [id: 0xee7d4684, L:/127.0.0.1:59971 - R:localhost/127.0.0.1:58509] for POST '/session/566657fccef467be2dbfb2d8d7b8db24/element/69d9155a-23b1-40ca-a426-f5a3e5a43561/click'
15:38:41.665 [AsyncHttpClient-1-2] DEBUG org.asynchttpclient.netty.handler.HttpHandler - 

Request DefaultHttpRequest(decodeResult: success, version: HTTP/1.1)
POST /session/566657fccef467be2dbfb2d8d7b8db24/element/69d9155a-23b1-40ca-a426-f5a3e5a43561/click HTTP/1.1
User-Agent: selenium/4.1.4 (java windows)
Content-Length: 50
Content-Type: application/json; charset=utf-8
host: localhost:58509
accept: */*

Response DefaultHttpResponse(decodeResult: success, version: HTTP/1.1)
HTTP/1.1 200 OK
Content-Type: application/json; charset=utf-8
cache-control: no-cache
content-length: 14

15:38:41.665 [AsyncHttpClient-1-2] DEBUG org.asynchttpclient.netty.channel.ChannelManager - Adding key: http://localhost:58509 for channel [id: 0xee7d4684, L:/127.0.0.1:59971 - R:localhost/127.0.0.1:58509]
15:38:41.680 [Forwarding screenshot on session 566657fccef467be2dbfb2d8d7b8db24 to remote] DEBUG org.asynchttpclient.netty.request.NettyRequestSender - Using pooled Channel '[id: 0xee7d4684, L:/127.0.0.1:59971 - R:localhost/127.0.0.1:58509]' for 'GET' to 'http://localhost:58509/session/566657fccef467be2dbfb2d8d7b8db24/screenshot'
15:38:41.680 [Forwarding screenshot on session 566657fccef467be2dbfb2d8d7b8db24 to remote] DEBUG org.asynchttpclient.netty.request.NettyRequestSender - Using open Channel [id: 0xee7d4684, L:/127.0.0.1:59971 - R:localhost/127.0.0.1:58509] for GET '/session/566657fccef467be2dbfb2d8d7b8db24/screenshot'
15:38:41.780 [AsyncHttpClient-1-2] DEBUG org.asynchttpclient.netty.handler.HttpHandler - 

Request DefaultFullHttpRequest(decodeResult: success, version: HTTP/1.1, content: EmptyByteBufBE)
GET /session/566657fccef467be2dbfb2d8d7b8db24/screenshot HTTP/1.1
User-Agent: selenium/4.1.4 (java windows)
Cache-Control: no-cache
Content-Type: application/json; charset=utf-8
host: localhost:58509
accept: */*

Response DefaultHttpResponse(decodeResult: success, version: HTTP/1.1)
HTTP/1.1 200 OK
Content-Type: application/json; charset=utf-8
cache-control: no-cache
content-length: 114796

15:38:41.780 [AsyncHttpClient-1-2] DEBUG org.asynchttpclient.netty.channel.ChannelManager - Adding key: http://localhost:58509 for channel [id: 0xee7d4684, L:/127.0.0.1:59971 - R:localhost/127.0.0.1:58509]
15:38:41.784 [Test worker] DEBUG net.serenitybdd.core.photography.Darkroom - Send negative for processing for C:\Users\Administrador\Documents\Choucair\Choucair\ChoucairAutomation\target\site\serenity\4a6b9cca76cfcbc6981975427e3a8aa1217e927e7a9c7d7bc53c5794dae4f0a1.png
15:38:41.784 [Darkroom Processing Line] DEBUG net.serenitybdd.core.photography.DarkroomProcessingLine - Processing screenshot image in /var/screenshots/screenshot-13720888043894055843
15:38:41.784 [Darkroom Processing Line] DEBUG net.serenitybdd.core.photography.DarkroomProcessingLine - Saving screenshot to C:\Users\Administrador\Documents\Choucair\Choucair\ChoucairAutomation\target\site\serenity\4a6b9cca76cfcbc6981975427e3a8aa1217e927e7a9c7d7bc53c5794dae4f0a1.png
15:38:41.801 [Test worker] DEBUG net.thucydides.core.steps.StepInterceptor - STEP DONE: {0} clicks on #target
15:38:41.824 [AsyncHttpClient-1-1] DEBUG org.asynchttpclient.netty.channel.DefaultChannelPool - Entry count for : http://localhost:58509 : 1
15:38:41.824 [AsyncHttpClient-1-1] DEBUG org.asynchttpclient.netty.channel.DefaultChannelPool - Entry count for : http://localhost:59972 : 1
15:38:41.834 [Forwarding screenshot on session 566657fccef467be2dbfb2d8d7b8db24 to remote] DEBUG org.asynchttpclient.netty.request.NettyRequestSender - Using pooled Channel '[id: 0xee7d4684, L:/127.0.0.1:59971 - R:localhost/127.0.0.1:58509]' for 'GET' to 'http://localhost:58509/session/566657fccef467be2dbfb2d8d7b8db24/screenshot'
15:38:41.834 [Forwarding screenshot on session 566657fccef467be2dbfb2d8d7b8db24 to remote] DEBUG org.asynchttpclient.netty.request.NettyRequestSender - Using open Channel [id: 0xee7d4684, L:/127.0.0.1:59971 - R:localhost/127.0.0.1:58509] for GET '/session/566657fccef467be2dbfb2d8d7b8db24/screenshot'
15:38:41.933 [AsyncHttpClient-1-2] DEBUG org.asynchttpclient.netty.handler.HttpHandler - 

Request DefaultFullHttpRequest(decodeResult: success, version: HTTP/1.1, content: EmptyByteBufBE)
GET /session/566657fccef467be2dbfb2d8d7b8db24/screenshot HTTP/1.1
User-Agent: selenium/4.1.4 (java windows)
Cache-Control: no-cache
Content-Type: application/json; charset=utf-8
host: localhost:58509
accept: */*

Response DefaultHttpResponse(decodeResult: success, version: HTTP/1.1)
HTTP/1.1 200 OK
Content-Type: application/json; charset=utf-8
cache-control: no-cache
content-length: 114796

15:38:41.934 [AsyncHttpClient-1-2] DEBUG org.asynchttpclient.netty.channel.ChannelManager - Adding key: http://localhost:58509 for channel [id: 0xee7d4684, L:/127.0.0.1:59971 - R:localhost/127.0.0.1:58509]
15:38:41.937 [Test worker] DEBUG net.serenitybdd.core.photography.Darkroom - Send negative for processing for C:\Users\Administrador\Documents\Choucair\Choucair\ChoucairAutomation\target\site\serenity\4a6b9cca76cfcbc6981975427e3a8aa1217e927e7a9c7d7bc53c5794dae4f0a1.png
15:38:41.937 [Test worker] DEBUG net.thucydides.core.steps.StepInterceptor - STEP DONE: !#title
15:38:41.961 [Test worker] DEBUG net.thucydides.core.steps.StepInterceptor - STARTING STEP: CreateNewBusinessUnit.performAs - !#title
15:38:41.976 [Test worker] DEBUG net.thucydides.core.steps.StepInterceptor - STARTING STEP: CreateNewBusinessUnit.performAs - {0} clicks on #target
15:38:41.977 [Test worker] DEBUG net.serenitybdd.screenplay.targets.IFrameSwitcher - default content already selected for button save new business unit
15:38:42.052 [Forwarding findElement on session 566657fccef467be2dbfb2d8d7b8db24 to remote] DEBUG org.asynchttpclient.netty.request.NettyRequestSender - Using pooled Channel '[id: 0xee7d4684, L:/127.0.0.1:59971 - R:localhost/127.0.0.1:58509]' for 'POST' to 'http://localhost:58509/session/566657fccef467be2dbfb2d8d7b8db24/element'
15:38:42.052 [Forwarding findElement on session 566657fccef467be2dbfb2d8d7b8db24 to remote] DEBUG org.asynchttpclient.netty.request.NettyRequestSender - Using open Channel [id: 0xee7d4684, L:/127.0.0.1:59971 - R:localhost/127.0.0.1:58509] for POST '/session/566657fccef467be2dbfb2d8d7b8db24/element'
15:38:42.062 [AsyncHttpClient-1-2] DEBUG org.asynchttpclient.netty.handler.HttpHandler - 

Request DefaultHttpRequest(decodeResult: success, version: HTTP/1.1)
POST /session/566657fccef467be2dbfb2d8d7b8db24/element HTTP/1.1
User-Agent: selenium/4.1.4 (java windows)
Content-Length: 96
Content-Type: application/json; charset=utf-8
host: localhost:58509
accept: */*

Response DefaultHttpResponse(decodeResult: success, version: HTTP/1.1)
HTTP/1.1 200 OK
Content-Type: application/json; charset=utf-8
cache-control: no-cache
content-length: 88

15:38:42.062 [AsyncHttpClient-1-2] DEBUG org.asynchttpclient.netty.channel.ChannelManager - Adding key: http://localhost:58509 for channel [id: 0xee7d4684, L:/127.0.0.1:59971 - R:localhost/127.0.0.1:58509]
15:38:42.077 [Forwarding isElementDisplayed on session 566657fccef467be2dbfb2d8d7b8db24 to remote] DEBUG org.asynchttpclient.netty.request.NettyRequestSender - Using pooled Channel '[id: 0xee7d4684, L:/127.0.0.1:59971 - R:localhost/127.0.0.1:58509]' for 'POST' to 'http://localhost:58509/session/566657fccef467be2dbfb2d8d7b8db24/execute/sync'
15:38:42.077 [Forwarding isElementDisplayed on session 566657fccef467be2dbfb2d8d7b8db24 to remote] DEBUG org.asynchttpclient.netty.request.NettyRequestSender - Using open Channel [id: 0xee7d4684, L:/127.0.0.1:59971 - R:localhost/127.0.0.1:58509] for POST '/session/566657fccef467be2dbfb2d8d7b8db24/execute/sync'
15:38:42.087 [AsyncHttpClient-1-2] DEBUG org.asynchttpclient.netty.handler.HttpHandler - 

Request DefaultHttpRequest(decodeResult: success, version: HTTP/1.1)
POST /session/566657fccef467be2dbfb2d8d7b8db24/execute/sync HTTP/1.1
User-Agent: selenium/4.1.4 (java windows)
Content-Length: 48780
Content-Type: application/json; charset=utf-8
host: localhost:58509
accept: */*

Response DefaultHttpResponse(decodeResult: success, version: HTTP/1.1)
HTTP/1.1 200 OK
Content-Type: application/json; charset=utf-8
cache-control: no-cache
content-length: 14

15:38:42.087 [AsyncHttpClient-1-2] DEBUG org.asynchttpclient.netty.channel.ChannelManager - Adding key: http://localhost:58509 for channel [id: 0xee7d4684, L:/127.0.0.1:59971 - R:localhost/127.0.0.1:58509]
15:38:42.113 [Forwarding findElement on session 566657fccef467be2dbfb2d8d7b8db24 to remote] DEBUG org.asynchttpclient.netty.request.NettyRequestSender - Using pooled Channel '[id: 0xee7d4684, L:/127.0.0.1:59971 - R:localhost/127.0.0.1:58509]' for 'POST' to 'http://localhost:58509/session/566657fccef467be2dbfb2d8d7b8db24/element'
15:38:42.113 [Forwarding findElement on session 566657fccef467be2dbfb2d8d7b8db24 to remote] DEBUG org.asynchttpclient.netty.request.NettyRequestSender - Using open Channel [id: 0xee7d4684, L:/127.0.0.1:59971 - R:localhost/127.0.0.1:58509] for POST '/session/566657fccef467be2dbfb2d8d7b8db24/element'
15:38:42.120 [AsyncHttpClient-1-2] DEBUG org.asynchttpclient.netty.handler.HttpHandler - 

Request DefaultHttpRequest(decodeResult: success, version: HTTP/1.1)
POST /session/566657fccef467be2dbfb2d8d7b8db24/element HTTP/1.1
User-Agent: selenium/4.1.4 (java windows)
Content-Length: 96
Content-Type: application/json; charset=utf-8
host: localhost:58509
accept: */*

Response DefaultHttpResponse(decodeResult: success, version: HTTP/1.1)
HTTP/1.1 200 OK
Content-Type: application/json; charset=utf-8
cache-control: no-cache
content-length: 88

15:38:42.120 [AsyncHttpClient-1-2] DEBUG org.asynchttpclient.netty.channel.ChannelManager - Adding key: http://localhost:58509 for channel [id: 0xee7d4684, L:/127.0.0.1:59971 - R:localhost/127.0.0.1:58509]
15:38:42.122 [Forwarding clickElement on session 566657fccef467be2dbfb2d8d7b8db24 to remote] DEBUG org.asynchttpclient.netty.request.NettyRequestSender - Using pooled Channel '[id: 0xee7d4684, L:/127.0.0.1:59971 - R:localhost/127.0.0.1:58509]' for 'POST' to 'http://localhost:58509/session/566657fccef467be2dbfb2d8d7b8db24/element/1befd448-3042-4e3f-a28d-3d0912c9208f/click'
15:38:42.123 [Forwarding clickElement on session 566657fccef467be2dbfb2d8d7b8db24 to remote] DEBUG org.asynchttpclient.netty.request.NettyRequestSender - Using open Channel [id: 0xee7d4684, L:/127.0.0.1:59971 - R:localhost/127.0.0.1:58509] for POST '/session/566657fccef467be2dbfb2d8d7b8db24/element/1befd448-3042-4e3f-a28d-3d0912c9208f/click'
15:38:42.156 [AsyncHttpClient-1-2] DEBUG org.asynchttpclient.netty.handler.HttpHandler - 

Request DefaultHttpRequest(decodeResult: success, version: HTTP/1.1)
POST /session/566657fccef467be2dbfb2d8d7b8db24/element/1befd448-3042-4e3f-a28d-3d0912c9208f/click HTTP/1.1
User-Agent: selenium/4.1.4 (java windows)
Content-Length: 50
Content-Type: application/json; charset=utf-8
host: localhost:58509
accept: */*

Response DefaultHttpResponse(decodeResult: success, version: HTTP/1.1)
HTTP/1.1 200 OK
Content-Type: application/json; charset=utf-8
cache-control: no-cache
content-length: 14

15:38:42.157 [AsyncHttpClient-1-2] DEBUG org.asynchttpclient.netty.channel.ChannelManager - Adding key: http://localhost:58509 for channel [id: 0xee7d4684, L:/127.0.0.1:59971 - R:localhost/127.0.0.1:58509]
15:38:42.171 [Forwarding screenshot on session 566657fccef467be2dbfb2d8d7b8db24 to remote] DEBUG org.asynchttpclient.netty.request.NettyRequestSender - Using pooled Channel '[id: 0xee7d4684, L:/127.0.0.1:59971 - R:localhost/127.0.0.1:58509]' for 'GET' to 'http://localhost:58509/session/566657fccef467be2dbfb2d8d7b8db24/screenshot'
15:38:42.171 [Forwarding screenshot on session 566657fccef467be2dbfb2d8d7b8db24 to remote] DEBUG org.asynchttpclient.netty.request.NettyRequestSender - Using open Channel [id: 0xee7d4684, L:/127.0.0.1:59971 - R:localhost/127.0.0.1:58509] for GET '/session/566657fccef467be2dbfb2d8d7b8db24/screenshot'
15:38:42.280 [AsyncHttpClient-1-2] DEBUG org.asynchttpclient.netty.handler.HttpHandler - 

Request DefaultFullHttpRequest(decodeResult: success, version: HTTP/1.1, content: EmptyByteBufBE)
GET /session/566657fccef467be2dbfb2d8d7b8db24/screenshot HTTP/1.1
User-Agent: selenium/4.1.4 (java windows)
Cache-Control: no-cache
Content-Type: application/json; charset=utf-8
host: localhost:58509
accept: */*

Response DefaultHttpResponse(decodeResult: success, version: HTTP/1.1)
HTTP/1.1 200 OK
Content-Type: application/json; charset=utf-8
cache-control: no-cache
content-length: 114424

15:38:42.281 [AsyncHttpClient-1-2] DEBUG org.asynchttpclient.netty.channel.ChannelManager - Adding key: http://localhost:58509 for channel [id: 0xee7d4684, L:/127.0.0.1:59971 - R:localhost/127.0.0.1:58509]
15:38:42.284 [Test worker] DEBUG net.serenitybdd.core.photography.Darkroom - Send negative for processing for C:\Users\Administrador\Documents\Choucair\Choucair\ChoucairAutomation\target\site\serenity\f49be7efe34b9e199bd85881f5ee5582684e33d21ba0c6ca69f8f2b7d5c49e08.png
15:38:42.285 [Darkroom Processing Line] DEBUG net.serenitybdd.core.photography.DarkroomProcessingLine - Processing screenshot image in /var/screenshots/screenshot-8863592047577789733
15:38:42.285 [Darkroom Processing Line] DEBUG net.serenitybdd.core.photography.DarkroomProcessingLine - Saving screenshot to C:\Users\Administrador\Documents\Choucair\Choucair\ChoucairAutomation\target\site\serenity\f49be7efe34b9e199bd85881f5ee5582684e33d21ba0c6ca69f8f2b7d5c49e08.png
15:38:42.300 [Test worker] DEBUG net.thucydides.core.steps.StepInterceptor - STEP DONE: {0} clicks on #target
15:38:42.324 [Test worker] DEBUG net.thucydides.core.steps.StepInterceptor - STEP DONE: !#title
15:38:42.347 [Forwarding screenshot on session 566657fccef467be2dbfb2d8d7b8db24 to remote] DEBUG org.asynchttpclient.netty.request.NettyRequestSender - Using pooled Channel '[id: 0xee7d4684, L:/127.0.0.1:59971 - R:localhost/127.0.0.1:58509]' for 'GET' to 'http://localhost:58509/session/566657fccef467be2dbfb2d8d7b8db24/screenshot'
15:38:42.348 [Forwarding screenshot on session 566657fccef467be2dbfb2d8d7b8db24 to remote] DEBUG org.asynchttpclient.netty.request.NettyRequestSender - Using open Channel [id: 0xee7d4684, L:/127.0.0.1:59971 - R:localhost/127.0.0.1:58509] for GET '/session/566657fccef467be2dbfb2d8d7b8db24/screenshot'
15:38:42.930 [AsyncHttpClient-1-1] DEBUG org.asynchttpclient.netty.channel.DefaultChannelPool - Entry count for : http://localhost:59972 : 1
15:38:43.101 [AsyncHttpClient-1-2] DEBUG org.asynchttpclient.netty.handler.HttpHandler - 

Request DefaultFullHttpRequest(decodeResult: success, version: HTTP/1.1, content: EmptyByteBufBE)
GET /session/566657fccef467be2dbfb2d8d7b8db24/screenshot HTTP/1.1
User-Agent: selenium/4.1.4 (java windows)
Cache-Control: no-cache
Content-Type: application/json; charset=utf-8
host: localhost:58509
accept: */*

Response DefaultHttpResponse(decodeResult: success, version: HTTP/1.1)
HTTP/1.1 200 OK
Content-Type: application/json; charset=utf-8
cache-control: no-cache
content-length: 115492

15:38:43.102 [AsyncHttpClient-1-2] DEBUG org.asynchttpclient.netty.channel.ChannelManager - Adding key: http://localhost:58509 for channel [id: 0xee7d4684, L:/127.0.0.1:59971 - R:localhost/127.0.0.1:58509]
15:38:43.109 [Test worker] DEBUG net.serenitybdd.core.photography.Darkroom - Send negative for processing for C:\Users\Administrador\Documents\Choucair\Choucair\ChoucairAutomation\target\site\serenity\8c5898331538340fbabf056f3827c1370776368db71a51e01960a3656215dabd.png
15:38:43.109 [Test worker] DEBUG net.thucydides.core.steps.StepInterceptor - STEP DONE: performAs
15:38:43.109 [Darkroom Processing Line] DEBUG net.serenitybdd.core.photography.DarkroomProcessingLine - Processing screenshot image in /var/screenshots/screenshot-17217952717835068086
15:38:43.109 [Darkroom Processing Line] DEBUG net.serenitybdd.core.photography.DarkroomProcessingLine - Saving screenshot to C:\Users\Administrador\Documents\Choucair\Choucair\ChoucairAutomation\target\site\serenity\8c5898331538340fbabf056f3827c1370776368db71a51e01960a3656215dabd.png
15:38:43.649 [Forwarding screenshot on session 566657fccef467be2dbfb2d8d7b8db24 to remote] DEBUG org.asynchttpclient.netty.request.NettyRequestSender - Using pooled Channel '[id: 0xee7d4684, L:/127.0.0.1:59971 - R:localhost/127.0.0.1:58509]' for 'GET' to 'http://localhost:58509/session/566657fccef467be2dbfb2d8d7b8db24/screenshot'
15:38:43.649 [Forwarding screenshot on session 566657fccef467be2dbfb2d8d7b8db24 to remote] DEBUG org.asynchttpclient.netty.request.NettyRequestSender - Using open Channel [id: 0xee7d4684, L:/127.0.0.1:59971 - R:localhost/127.0.0.1:58509] for GET '/session/566657fccef467be2dbfb2d8d7b8db24/screenshot'
15:38:43.727 [AsyncHttpClient-1-2] DEBUG org.asynchttpclient.netty.handler.HttpHandler - 

Request DefaultFullHttpRequest(decodeResult: success, version: HTTP/1.1, content: EmptyByteBufBE)
GET /session/566657fccef467be2dbfb2d8d7b8db24/screenshot HTTP/1.1
User-Agent: selenium/4.1.4 (java windows)
Cache-Control: no-cache
Content-Type: application/json; charset=utf-8
host: localhost:58509
accept: */*

Response DefaultHttpResponse(decodeResult: success, version: HTTP/1.1)
HTTP/1.1 200 OK
Content-Type: application/json; charset=utf-8
cache-control: no-cache
content-length: 115800

15:38:43.728 [AsyncHttpClient-1-2] DEBUG org.asynchttpclient.netty.channel.ChannelManager - Adding key: http://localhost:58509 for channel [id: 0xee7d4684, L:/127.0.0.1:59971 - R:localhost/127.0.0.1:58509]
15:38:43.730 [Test worker] DEBUG net.serenitybdd.core.photography.Darkroom - Send negative for processing for C:\Users\Administrador\Documents\Choucair\Choucair\ChoucairAutomation\target\site\serenity\b8794127fe9c4f796970d7aeecf53d92e142bfd49033cd29e5f28c80f1a253f6.png
15:38:43.731 [Test worker] DEBUG net.thucydides.core.steps.StepInterceptor - STARTING STEP: StartSharp.should_MeetingAndOrganizationBeCreated_When_SubmitTheCompleteRegistrationData - !#title
15:38:43.731 [Darkroom Processing Line] DEBUG net.serenitybdd.core.photography.DarkroomProcessingLine - Processing screenshot image in /var/screenshots/screenshot-1198236213763566478
15:38:43.731 [Darkroom Processing Line] DEBUG net.serenitybdd.core.photography.DarkroomProcessingLine - Saving screenshot to C:\Users\Administrador\Documents\Choucair\Choucair\ChoucairAutomation\target\site\serenity\b8794127fe9c4f796970d7aeecf53d92e142bfd49033cd29e5f28c80f1a253f6.png
15:38:43.745 [Test worker] DEBUG net.thucydides.core.steps.StepInterceptor - STARTING STEP: StartSharp.should_MeetingAndOrganizationBeCreated_When_SubmitTheCompleteRegistrationData - {0} clicks on #target
15:38:43.746 [Test worker] DEBUG net.serenitybdd.screenplay.targets.IFrameSwitcher - default content already selected for meeting
15:38:43.807 [Forwarding findElement on session 566657fccef467be2dbfb2d8d7b8db24 to remote] DEBUG org.asynchttpclient.netty.request.NettyRequestSender - Using pooled Channel '[id: 0xee7d4684, L:/127.0.0.1:59971 - R:localhost/127.0.0.1:58509]' for 'POST' to 'http://localhost:58509/session/566657fccef467be2dbfb2d8d7b8db24/element'
15:38:43.807 [Forwarding findElement on session 566657fccef467be2dbfb2d8d7b8db24 to remote] DEBUG org.asynchttpclient.netty.request.NettyRequestSender - Using open Channel [id: 0xee7d4684, L:/127.0.0.1:59971 - R:localhost/127.0.0.1:58509] for POST '/session/566657fccef467be2dbfb2d8d7b8db24/element'
15:38:43.817 [AsyncHttpClient-1-2] DEBUG org.asynchttpclient.netty.handler.HttpHandler - 

Request DefaultHttpRequest(decodeResult: success, version: HTTP/1.1)
POST /session/566657fccef467be2dbfb2d8d7b8db24/element HTTP/1.1
User-Agent: selenium/4.1.4 (java windows)
Content-Length: 109
Content-Type: application/json; charset=utf-8
host: localhost:58509
accept: */*

Response DefaultHttpResponse(decodeResult: success, version: HTTP/1.1)
HTTP/1.1 200 OK
Content-Type: application/json; charset=utf-8
cache-control: no-cache
content-length: 88

15:38:43.817 [AsyncHttpClient-1-2] DEBUG org.asynchttpclient.netty.channel.ChannelManager - Adding key: http://localhost:58509 for channel [id: 0xee7d4684, L:/127.0.0.1:59971 - R:localhost/127.0.0.1:58509]
15:38:43.835 [Forwarding isElementDisplayed on session 566657fccef467be2dbfb2d8d7b8db24 to remote] DEBUG org.asynchttpclient.netty.request.NettyRequestSender - Using pooled Channel '[id: 0xee7d4684, L:/127.0.0.1:59971 - R:localhost/127.0.0.1:58509]' for 'POST' to 'http://localhost:58509/session/566657fccef467be2dbfb2d8d7b8db24/execute/sync'
15:38:43.835 [Forwarding isElementDisplayed on session 566657fccef467be2dbfb2d8d7b8db24 to remote] DEBUG org.asynchttpclient.netty.request.NettyRequestSender - Using open Channel [id: 0xee7d4684, L:/127.0.0.1:59971 - R:localhost/127.0.0.1:58509] for POST '/session/566657fccef467be2dbfb2d8d7b8db24/execute/sync'
15:38:43.845 [AsyncHttpClient-1-2] DEBUG org.asynchttpclient.netty.handler.HttpHandler - 

Request DefaultHttpRequest(decodeResult: success, version: HTTP/1.1)
POST /session/566657fccef467be2dbfb2d8d7b8db24/execute/sync HTTP/1.1
User-Agent: selenium/4.1.4 (java windows)
Content-Length: 48780
Content-Type: application/json; charset=utf-8
host: localhost:58509
accept: */*

Response DefaultHttpResponse(decodeResult: success, version: HTTP/1.1)
HTTP/1.1 200 OK
Content-Type: application/json; charset=utf-8
cache-control: no-cache
content-length: 14

15:38:43.845 [AsyncHttpClient-1-2] DEBUG org.asynchttpclient.netty.channel.ChannelManager - Adding key: http://localhost:58509 for channel [id: 0xee7d4684, L:/127.0.0.1:59971 - R:localhost/127.0.0.1:58509]
15:38:43.863 [Forwarding findElement on session 566657fccef467be2dbfb2d8d7b8db24 to remote] DEBUG org.asynchttpclient.netty.request.NettyRequestSender - Using pooled Channel '[id: 0xee7d4684, L:/127.0.0.1:59971 - R:localhost/127.0.0.1:58509]' for 'POST' to 'http://localhost:58509/session/566657fccef467be2dbfb2d8d7b8db24/element'
15:38:43.863 [Forwarding findElement on session 566657fccef467be2dbfb2d8d7b8db24 to remote] DEBUG org.asynchttpclient.netty.request.NettyRequestSender - Using open Channel [id: 0xee7d4684, L:/127.0.0.1:59971 - R:localhost/127.0.0.1:58509] for POST '/session/566657fccef467be2dbfb2d8d7b8db24/element'
15:38:43.869 [AsyncHttpClient-1-2] DEBUG org.asynchttpclient.netty.handler.HttpHandler - 

Request DefaultHttpRequest(decodeResult: success, version: HTTP/1.1)
POST /session/566657fccef467be2dbfb2d8d7b8db24/element HTTP/1.1
User-Agent: selenium/4.1.4 (java windows)
Content-Length: 109
Content-Type: application/json; charset=utf-8
host: localhost:58509
accept: */*

Response DefaultHttpResponse(decodeResult: success, version: HTTP/1.1)
HTTP/1.1 200 OK
Content-Type: application/json; charset=utf-8
cache-control: no-cache
content-length: 88

15:38:43.869 [AsyncHttpClient-1-2] DEBUG org.asynchttpclient.netty.channel.ChannelManager - Adding key: http://localhost:58509 for channel [id: 0xee7d4684, L:/127.0.0.1:59971 - R:localhost/127.0.0.1:58509]
15:38:43.871 [Forwarding clickElement on session 566657fccef467be2dbfb2d8d7b8db24 to remote] DEBUG org.asynchttpclient.netty.request.NettyRequestSender - Using pooled Channel '[id: 0xee7d4684, L:/127.0.0.1:59971 - R:localhost/127.0.0.1:58509]' for 'POST' to 'http://localhost:58509/session/566657fccef467be2dbfb2d8d7b8db24/element/9dc61baa-3fbc-43d2-aac3-20744f0ef2e4/click'
15:38:43.872 [Forwarding clickElement on session 566657fccef467be2dbfb2d8d7b8db24 to remote] DEBUG org.asynchttpclient.netty.request.NettyRequestSender - Using open Channel [id: 0xee7d4684, L:/127.0.0.1:59971 - R:localhost/127.0.0.1:58509] for POST '/session/566657fccef467be2dbfb2d8d7b8db24/element/9dc61baa-3fbc-43d2-aac3-20744f0ef2e4/click'
15:38:43.902 [AsyncHttpClient-1-2] DEBUG org.asynchttpclient.netty.handler.HttpHandler - 

Request DefaultHttpRequest(decodeResult: success, version: HTTP/1.1)
POST /session/566657fccef467be2dbfb2d8d7b8db24/element/9dc61baa-3fbc-43d2-aac3-20744f0ef2e4/click HTTP/1.1
User-Agent: selenium/4.1.4 (java windows)
Content-Length: 50
Content-Type: application/json; charset=utf-8
host: localhost:58509
accept: */*

Response DefaultHttpResponse(decodeResult: success, version: HTTP/1.1)
HTTP/1.1 200 OK
Content-Type: application/json; charset=utf-8
cache-control: no-cache
content-length: 14

15:38:43.903 [AsyncHttpClient-1-2] DEBUG org.asynchttpclient.netty.channel.ChannelManager - Adding key: http://localhost:58509 for channel [id: 0xee7d4684, L:/127.0.0.1:59971 - R:localhost/127.0.0.1:58509]
15:38:43.920 [Forwarding screenshot on session 566657fccef467be2dbfb2d8d7b8db24 to remote] DEBUG org.asynchttpclient.netty.request.NettyRequestSender - Using pooled Channel '[id: 0xee7d4684, L:/127.0.0.1:59971 - R:localhost/127.0.0.1:58509]' for 'GET' to 'http://localhost:58509/session/566657fccef467be2dbfb2d8d7b8db24/screenshot'
15:38:43.920 [Forwarding screenshot on session 566657fccef467be2dbfb2d8d7b8db24 to remote] DEBUG org.asynchttpclient.netty.request.NettyRequestSender - Using open Channel [id: 0xee7d4684, L:/127.0.0.1:59971 - R:localhost/127.0.0.1:58509] for GET '/session/566657fccef467be2dbfb2d8d7b8db24/screenshot'
15:38:44.024 [AsyncHttpClient-1-1] DEBUG org.asynchttpclient.netty.channel.DefaultChannelPool - Entry count for : http://localhost:59972 : 1
15:38:44.050 [AsyncHttpClient-1-2] DEBUG org.asynchttpclient.netty.handler.HttpHandler - 

Request DefaultFullHttpRequest(decodeResult: success, version: HTTP/1.1, content: EmptyByteBufBE)
GET /session/566657fccef467be2dbfb2d8d7b8db24/screenshot HTTP/1.1
User-Agent: selenium/4.1.4 (java windows)
Cache-Control: no-cache
Content-Type: application/json; charset=utf-8
host: localhost:58509
accept: */*

Response DefaultHttpResponse(decodeResult: success, version: HTTP/1.1)
HTTP/1.1 200 OK
Content-Type: application/json; charset=utf-8
cache-control: no-cache
content-length: 121640

15:38:44.050 [AsyncHttpClient-1-2] DEBUG org.asynchttpclient.netty.channel.ChannelManager - Adding key: http://localhost:58509 for channel [id: 0xee7d4684, L:/127.0.0.1:59971 - R:localhost/127.0.0.1:58509]
15:38:44.052 [Test worker] DEBUG net.serenitybdd.core.photography.Darkroom - Send negative for processing for C:\Users\Administrador\Documents\Choucair\Choucair\ChoucairAutomation\target\site\serenity\84fca6bbb08af6183b71574991ea06931195a8341823a6006218b85f97dde067.png
15:38:44.053 [Darkroom Processing Line] DEBUG net.serenitybdd.core.photography.DarkroomProcessingLine - Processing screenshot image in /var/screenshots/screenshot-7769418370654338019
15:38:44.053 [Darkroom Processing Line] DEBUG net.serenitybdd.core.photography.DarkroomProcessingLine - Saving screenshot to C:\Users\Administrador\Documents\Choucair\Choucair\ChoucairAutomation\target\site\serenity\84fca6bbb08af6183b71574991ea06931195a8341823a6006218b85f97dde067.png
15:38:44.067 [Test worker] DEBUG net.thucydides.core.steps.StepInterceptor - STEP DONE: {0} clicks on #target
15:38:44.086 [Test worker] DEBUG net.serenitybdd.screenplay.targets.IFrameSwitcher - default content already selected for meetings
15:38:44.101 [Forwarding findElements on session 566657fccef467be2dbfb2d8d7b8db24 to remote] DEBUG org.asynchttpclient.netty.request.NettyRequestSender - Using pooled Channel '[id: 0xee7d4684, L:/127.0.0.1:59971 - R:localhost/127.0.0.1:58509]' for 'POST' to 'http://localhost:58509/session/566657fccef467be2dbfb2d8d7b8db24/elements'
15:38:44.101 [Forwarding findElements on session 566657fccef467be2dbfb2d8d7b8db24 to remote] DEBUG org.asynchttpclient.netty.request.NettyRequestSender - Using open Channel [id: 0xee7d4684, L:/127.0.0.1:59971 - R:localhost/127.0.0.1:58509] for POST '/session/566657fccef467be2dbfb2d8d7b8db24/elements'
15:38:44.112 [AsyncHttpClient-1-2] DEBUG org.asynchttpclient.netty.handler.HttpHandler - 

Request DefaultHttpRequest(decodeResult: success, version: HTTP/1.1)
POST /session/566657fccef467be2dbfb2d8d7b8db24/elements HTTP/1.1
User-Agent: selenium/4.1.4 (java windows)
Content-Length: 105
Content-Type: application/json; charset=utf-8
host: localhost:58509
accept: */*

Response DefaultHttpResponse(decodeResult: success, version: HTTP/1.1)
HTTP/1.1 200 OK
Content-Type: application/json; charset=utf-8
cache-control: no-cache
content-length: 90

15:38:44.112 [AsyncHttpClient-1-2] DEBUG org.asynchttpclient.netty.channel.ChannelManager - Adding key: http://localhost:58509 for channel [id: 0xee7d4684, L:/127.0.0.1:59971 - R:localhost/127.0.0.1:58509]
15:38:44.135 [Forwarding isElementDisplayed on session 566657fccef467be2dbfb2d8d7b8db24 to remote] DEBUG org.asynchttpclient.netty.request.NettyRequestSender - Using pooled Channel '[id: 0xee7d4684, L:/127.0.0.1:59971 - R:localhost/127.0.0.1:58509]' for 'POST' to 'http://localhost:58509/session/566657fccef467be2dbfb2d8d7b8db24/execute/sync'
15:38:44.135 [Forwarding isElementDisplayed on session 566657fccef467be2dbfb2d8d7b8db24 to remote] DEBUG org.asynchttpclient.netty.request.NettyRequestSender - Using open Channel [id: 0xee7d4684, L:/127.0.0.1:59971 - R:localhost/127.0.0.1:58509] for POST '/session/566657fccef467be2dbfb2d8d7b8db24/execute/sync'
15:38:44.145 [AsyncHttpClient-1-2] DEBUG org.asynchttpclient.netty.handler.HttpHandler - 

Request DefaultHttpRequest(decodeResult: success, version: HTTP/1.1)
POST /session/566657fccef467be2dbfb2d8d7b8db24/execute/sync HTTP/1.1
User-Agent: selenium/4.1.4 (java windows)
Content-Length: 48780
Content-Type: application/json; charset=utf-8
host: localhost:58509
accept: */*

Response DefaultHttpResponse(decodeResult: success, version: HTTP/1.1)
HTTP/1.1 200 OK
Content-Type: application/json; charset=utf-8
cache-control: no-cache
content-length: 14

15:38:44.145 [AsyncHttpClient-1-2] DEBUG org.asynchttpclient.netty.channel.ChannelManager - Adding key: http://localhost:58509 for channel [id: 0xee7d4684, L:/127.0.0.1:59971 - R:localhost/127.0.0.1:58509]
15:38:44.148 [Forwarding isElementDisplayed on session 566657fccef467be2dbfb2d8d7b8db24 to remote] DEBUG org.asynchttpclient.netty.request.NettyRequestSender - Using pooled Channel '[id: 0xee7d4684, L:/127.0.0.1:59971 - R:localhost/127.0.0.1:58509]' for 'POST' to 'http://localhost:58509/session/566657fccef467be2dbfb2d8d7b8db24/execute/sync'
15:38:44.148 [Forwarding isElementDisplayed on session 566657fccef467be2dbfb2d8d7b8db24 to remote] DEBUG org.asynchttpclient.netty.request.NettyRequestSender - Using open Channel [id: 0xee7d4684, L:/127.0.0.1:59971 - R:localhost/127.0.0.1:58509] for POST '/session/566657fccef467be2dbfb2d8d7b8db24/execute/sync'
15:38:44.158 [AsyncHttpClient-1-2] DEBUG org.asynchttpclient.netty.handler.HttpHandler - 

Request DefaultHttpRequest(decodeResult: success, version: HTTP/1.1)
POST /session/566657fccef467be2dbfb2d8d7b8db24/execute/sync HTTP/1.1
User-Agent: selenium/4.1.4 (java windows)
Content-Length: 48780
Content-Type: application/json; charset=utf-8
host: localhost:58509
accept: */*

Response DefaultHttpResponse(decodeResult: success, version: HTTP/1.1)
HTTP/1.1 200 OK
Content-Type: application/json; charset=utf-8
cache-control: no-cache
content-length: 14

15:38:44.158 [AsyncHttpClient-1-2] DEBUG org.asynchttpclient.netty.channel.ChannelManager - Adding key: http://localhost:58509 for channel [id: 0xee7d4684, L:/127.0.0.1:59971 - R:localhost/127.0.0.1:58509]
15:38:44.186 [Forwarding screenshot on session 566657fccef467be2dbfb2d8d7b8db24 to remote] DEBUG org.asynchttpclient.netty.request.NettyRequestSender - Using pooled Channel '[id: 0xee7d4684, L:/127.0.0.1:59971 - R:localhost/127.0.0.1:58509]' for 'GET' to 'http://localhost:58509/session/566657fccef467be2dbfb2d8d7b8db24/screenshot'
15:38:44.186 [Forwarding screenshot on session 566657fccef467be2dbfb2d8d7b8db24 to remote] DEBUG org.asynchttpclient.netty.request.NettyRequestSender - Using open Channel [id: 0xee7d4684, L:/127.0.0.1:59971 - R:localhost/127.0.0.1:58509] for GET '/session/566657fccef467be2dbfb2d8d7b8db24/screenshot'
15:38:44.316 [AsyncHttpClient-1-2] DEBUG org.asynchttpclient.netty.handler.HttpHandler - 

Request DefaultFullHttpRequest(decodeResult: success, version: HTTP/1.1, content: EmptyByteBufBE)
GET /session/566657fccef467be2dbfb2d8d7b8db24/screenshot HTTP/1.1
User-Agent: selenium/4.1.4 (java windows)
Cache-Control: no-cache
Content-Type: application/json; charset=utf-8
host: localhost:58509
accept: */*

Response DefaultHttpResponse(decodeResult: success, version: HTTP/1.1)
HTTP/1.1 200 OK
Content-Type: application/json; charset=utf-8
cache-control: no-cache
content-length: 123060

15:38:44.316 [AsyncHttpClient-1-2] DEBUG org.asynchttpclient.netty.channel.ChannelManager - Adding key: http://localhost:58509 for channel [id: 0xee7d4684, L:/127.0.0.1:59971 - R:localhost/127.0.0.1:58509]
15:38:44.319 [Test worker] DEBUG net.serenitybdd.core.photography.Darkroom - Send negative for processing for C:\Users\Administrador\Documents\Choucair\Choucair\ChoucairAutomation\target\site\serenity\d627aa5857411a516c4f2dd4609242d74530d912b009ef791695409e7ab50315.png
15:38:44.319 [Test worker] DEBUG net.thucydides.core.steps.StepInterceptor - STARTING STEP: StartSharp.should_MeetingAndOrganizationBeCreated_When_SubmitTheCompleteRegistrationData - {0} clicks on #target
15:38:44.319 [Darkroom Processing Line] DEBUG net.serenitybdd.core.photography.DarkroomProcessingLine - Processing screenshot image in /var/screenshots/screenshot-1737978004906350876
15:38:44.319 [Darkroom Processing Line] DEBUG net.serenitybdd.core.photography.DarkroomProcessingLine - Saving screenshot to C:\Users\Administrador\Documents\Choucair\Choucair\ChoucairAutomation\target\site\serenity\d627aa5857411a516c4f2dd4609242d74530d912b009ef791695409e7ab50315.png
15:38:44.320 [Test worker] DEBUG net.serenitybdd.screenplay.targets.IFrameSwitcher - default content already selected for meetings
15:38:44.394 [Forwarding findElement on session 566657fccef467be2dbfb2d8d7b8db24 to remote] DEBUG org.asynchttpclient.netty.request.NettyRequestSender - Using pooled Channel '[id: 0xee7d4684, L:/127.0.0.1:59971 - R:localhost/127.0.0.1:58509]' for 'POST' to 'http://localhost:58509/session/566657fccef467be2dbfb2d8d7b8db24/element'
15:38:44.394 [Forwarding findElement on session 566657fccef467be2dbfb2d8d7b8db24 to remote] DEBUG org.asynchttpclient.netty.request.NettyRequestSender - Using open Channel [id: 0xee7d4684, L:/127.0.0.1:59971 - R:localhost/127.0.0.1:58509] for POST '/session/566657fccef467be2dbfb2d8d7b8db24/element'
15:38:44.404 [AsyncHttpClient-1-2] DEBUG org.asynchttpclient.netty.handler.HttpHandler - 

Request DefaultHttpRequest(decodeResult: success, version: HTTP/1.1)
POST /session/566657fccef467be2dbfb2d8d7b8db24/element HTTP/1.1
User-Agent: selenium/4.1.4 (java windows)
Content-Length: 105
Content-Type: application/json; charset=utf-8
host: localhost:58509
accept: */*

Response DefaultHttpResponse(decodeResult: success, version: HTTP/1.1)
HTTP/1.1 200 OK
Content-Type: application/json; charset=utf-8
cache-control: no-cache
content-length: 88

15:38:44.404 [AsyncHttpClient-1-2] DEBUG org.asynchttpclient.netty.channel.ChannelManager - Adding key: http://localhost:58509 for channel [id: 0xee7d4684, L:/127.0.0.1:59971 - R:localhost/127.0.0.1:58509]
15:38:44.417 [Forwarding isElementDisplayed on session 566657fccef467be2dbfb2d8d7b8db24 to remote] DEBUG org.asynchttpclient.netty.request.NettyRequestSender - Using pooled Channel '[id: 0xee7d4684, L:/127.0.0.1:59971 - R:localhost/127.0.0.1:58509]' for 'POST' to 'http://localhost:58509/session/566657fccef467be2dbfb2d8d7b8db24/execute/sync'
15:38:44.417 [Forwarding isElementDisplayed on session 566657fccef467be2dbfb2d8d7b8db24 to remote] DEBUG org.asynchttpclient.netty.request.NettyRequestSender - Using open Channel [id: 0xee7d4684, L:/127.0.0.1:59971 - R:localhost/127.0.0.1:58509] for POST '/session/566657fccef467be2dbfb2d8d7b8db24/execute/sync'
15:38:44.425 [AsyncHttpClient-1-2] DEBUG org.asynchttpclient.netty.handler.HttpHandler - 

Request DefaultHttpRequest(decodeResult: success, version: HTTP/1.1)
POST /session/566657fccef467be2dbfb2d8d7b8db24/execute/sync HTTP/1.1
User-Agent: selenium/4.1.4 (java windows)
Content-Length: 48780
Content-Type: application/json; charset=utf-8
host: localhost:58509
accept: */*

Response DefaultHttpResponse(decodeResult: success, version: HTTP/1.1)
HTTP/1.1 200 OK
Content-Type: application/json; charset=utf-8
cache-control: no-cache
content-length: 14

15:38:44.426 [AsyncHttpClient-1-2] DEBUG org.asynchttpclient.netty.channel.ChannelManager - Adding key: http://localhost:58509 for channel [id: 0xee7d4684, L:/127.0.0.1:59971 - R:localhost/127.0.0.1:58509]
15:38:44.445 [Forwarding findElement on session 566657fccef467be2dbfb2d8d7b8db24 to remote] DEBUG org.asynchttpclient.netty.request.NettyRequestSender - Using pooled Channel '[id: 0xee7d4684, L:/127.0.0.1:59971 - R:localhost/127.0.0.1:58509]' for 'POST' to 'http://localhost:58509/session/566657fccef467be2dbfb2d8d7b8db24/element'
15:38:44.445 [Forwarding findElement on session 566657fccef467be2dbfb2d8d7b8db24 to remote] DEBUG org.asynchttpclient.netty.request.NettyRequestSender - Using open Channel [id: 0xee7d4684, L:/127.0.0.1:59971 - R:localhost/127.0.0.1:58509] for POST '/session/566657fccef467be2dbfb2d8d7b8db24/element'
15:38:44.450 [AsyncHttpClient-1-2] DEBUG org.asynchttpclient.netty.handler.HttpHandler - 

Request DefaultHttpRequest(decodeResult: success, version: HTTP/1.1)
POST /session/566657fccef467be2dbfb2d8d7b8db24/element HTTP/1.1
User-Agent: selenium/4.1.4 (java windows)
Content-Length: 105
Content-Type: application/json; charset=utf-8
host: localhost:58509
accept: */*

Response DefaultHttpResponse(decodeResult: success, version: HTTP/1.1)
HTTP/1.1 200 OK
Content-Type: application/json; charset=utf-8
cache-control: no-cache
content-length: 88

15:38:44.451 [AsyncHttpClient-1-2] DEBUG org.asynchttpclient.netty.channel.ChannelManager - Adding key: http://localhost:58509 for channel [id: 0xee7d4684, L:/127.0.0.1:59971 - R:localhost/127.0.0.1:58509]
15:38:44.452 [Forwarding clickElement on session 566657fccef467be2dbfb2d8d7b8db24 to remote] DEBUG org.asynchttpclient.netty.request.NettyRequestSender - Using pooled Channel '[id: 0xee7d4684, L:/127.0.0.1:59971 - R:localhost/127.0.0.1:58509]' for 'POST' to 'http://localhost:58509/session/566657fccef467be2dbfb2d8d7b8db24/element/a19316b8-4a88-44a0-9beb-ef17b86b466a/click'
15:38:44.452 [Forwarding clickElement on session 566657fccef467be2dbfb2d8d7b8db24 to remote] DEBUG org.asynchttpclient.netty.request.NettyRequestSender - Using open Channel [id: 0xee7d4684, L:/127.0.0.1:59971 - R:localhost/127.0.0.1:58509] for POST '/session/566657fccef467be2dbfb2d8d7b8db24/element/a19316b8-4a88-44a0-9beb-ef17b86b466a/click'
15:38:45.133 [AsyncHttpClient-1-1] DEBUG org.asynchttpclient.netty.channel.DefaultChannelPool - Entry count for : http://localhost:59972 : 1
15:38:46.227 [AsyncHttpClient-1-1] DEBUG org.asynchttpclient.netty.channel.DefaultChannelPool - Entry count for : http://localhost:59972 : 1
15:38:47.329 [AsyncHttpClient-1-1] DEBUG org.asynchttpclient.netty.channel.DefaultChannelPool - Entry count for : http://localhost:59972 : 1
15:38:48.428 [AsyncHttpClient-1-1] DEBUG org.asynchttpclient.netty.channel.DefaultChannelPool - Entry count for : http://localhost:59972 : 1
15:38:49.523 [AsyncHttpClient-1-1] DEBUG org.asynchttpclient.netty.channel.DefaultChannelPool - Entry count for : http://localhost:59972 : 1
15:38:50.623 [AsyncHttpClient-1-1] DEBUG org.asynchttpclient.netty.channel.DefaultChannelPool - Entry count for : http://localhost:59972 : 1
15:38:51.730 [AsyncHttpClient-1-1] DEBUG org.asynchttpclient.netty.channel.DefaultChannelPool - Entry count for : http://localhost:59972 : 1
15:38:52.824 [AsyncHttpClient-1-1] DEBUG org.asynchttpclient.netty.channel.DefaultChannelPool - Entry count for : http://localhost:59972 : 1
15:38:53.923 [AsyncHttpClient-1-1] DEBUG org.asynchttpclient.netty.channel.DefaultChannelPool - Entry count for : http://localhost:59972 : 1
15:38:55.024 [AsyncHttpClient-1-1] DEBUG org.asynchttpclient.netty.channel.DefaultChannelPool - Entry count for : http://localhost:59972 : 1
15:38:56.128 [AsyncHttpClient-1-1] DEBUG org.asynchttpclient.netty.channel.DefaultChannelPool - Entry count for : http://localhost:59972 : 1
15:38:57.225 [AsyncHttpClient-1-1] DEBUG org.asynchttpclient.netty.channel.DefaultChannelPool - Entry count for : http://localhost:59972 : 1
15:38:58.324 [AsyncHttpClient-1-1] DEBUG org.asynchttpclient.netty.channel.DefaultChannelPool - Entry count for : http://localhost:59972 : 1
15:38:59.424 [AsyncHttpClient-1-1] DEBUG org.asynchttpclient.netty.channel.DefaultChannelPool - Entry count for : http://localhost:59972 : 1
15:39:00.529 [AsyncHttpClient-1-1] DEBUG org.asynchttpclient.netty.channel.DefaultChannelPool - Entry count for : http://localhost:59972 : 1
15:39:01.628 [AsyncHttpClient-1-1] DEBUG org.asynchttpclient.netty.channel.DefaultChannelPool - Entry count for : http://localhost:59972 : 1
15:39:02.724 [AsyncHttpClient-1-1] DEBUG org.asynchttpclient.netty.channel.DefaultChannelPool - Entry count for : http://localhost:59972 : 1
15:39:02.724 [AsyncHttpClient-1-1] DEBUG org.asynchttpclient.netty.channel.DefaultChannelPool - Adding Candidate expired Channel [id: 0xd3c2d013, L:/127.0.0.1:59979 - R:localhost/127.0.0.1:59972] isIdleTimeoutExpired=true isRemotelyClosed=false isTtlExpired=false
15:39:02.725 [AsyncHttpClient-1-1] DEBUG org.asynchttpclient.netty.channel.DefaultChannelPool - Closing Idle Channel [id: 0xd3c2d013, L:/127.0.0.1:59979 - R:localhost/127.0.0.1:59972]
15:39:02.729 [AsyncHttpClient-1-1] DEBUG org.asynchttpclient.netty.channel.DefaultChannelPool - Closed 1 connections out of 1 in 5 ms
15:39:02.732 [AsyncHttpClient-1-3] DEBUG org.asynchttpclient.netty.handler.HttpHandler - Channel Closed: [id: 0xd3c2d013, L:/127.0.0.1:59979 ! R:localhost/127.0.0.1:59972] with attribute DISCARD
15:39:06.194 [AsyncHttpClient-1-2] DEBUG org.asynchttpclient.netty.handler.HttpHandler - 

Request DefaultHttpRequest(decodeResult: success, version: HTTP/1.1)
POST /session/566657fccef467be2dbfb2d8d7b8db24/element/a19316b8-4a88-44a0-9beb-ef17b86b466a/click HTTP/1.1
User-Agent: selenium/4.1.4 (java windows)
Content-Length: 50
Content-Type: application/json; charset=utf-8
host: localhost:58509
accept: */*

Response DefaultHttpResponse(decodeResult: success, version: HTTP/1.1)
HTTP/1.1 200 OK
Content-Type: application/json; charset=utf-8
cache-control: no-cache
content-length: 14

15:39:06.194 [AsyncHttpClient-1-2] DEBUG org.asynchttpclient.netty.channel.ChannelManager - Adding key: http://localhost:58509 for channel [id: 0xee7d4684, L:/127.0.0.1:59971 - R:localhost/127.0.0.1:58509]
15:39:06.210 [Forwarding screenshot on session 566657fccef467be2dbfb2d8d7b8db24 to remote] DEBUG org.asynchttpclient.netty.request.NettyRequestSender - Using pooled Channel '[id: 0xee7d4684, L:/127.0.0.1:59971 - R:localhost/127.0.0.1:58509]' for 'GET' to 'http://localhost:58509/session/566657fccef467be2dbfb2d8d7b8db24/screenshot'
15:39:06.210 [Forwarding screenshot on session 566657fccef467be2dbfb2d8d7b8db24 to remote] DEBUG org.asynchttpclient.netty.request.NettyRequestSender - Using open Channel [id: 0xee7d4684, L:/127.0.0.1:59971 - R:localhost/127.0.0.1:58509] for GET '/session/566657fccef467be2dbfb2d8d7b8db24/screenshot'
15:39:06.298 [AsyncHttpClient-1-2] DEBUG org.asynchttpclient.netty.handler.HttpHandler - 

Request DefaultFullHttpRequest(decodeResult: success, version: HTTP/1.1, content: EmptyByteBufBE)
GET /session/566657fccef467be2dbfb2d8d7b8db24/screenshot HTTP/1.1
User-Agent: selenium/4.1.4 (java windows)
Cache-Control: no-cache
Content-Type: application/json; charset=utf-8
host: localhost:58509
accept: */*

Response DefaultHttpResponse(decodeResult: success, version: HTTP/1.1)
HTTP/1.1 200 OK
Content-Type: application/json; charset=utf-8
cache-control: no-cache
content-length: 99984

15:39:06.299 [AsyncHttpClient-1-2] DEBUG org.asynchttpclient.netty.channel.ChannelManager - Adding key: http://localhost:58509 for channel [id: 0xee7d4684, L:/127.0.0.1:59971 - R:localhost/127.0.0.1:58509]
15:39:06.301 [Test worker] DEBUG net.serenitybdd.core.photography.Darkroom - Send negative for processing for C:\Users\Administrador\Documents\Choucair\Choucair\ChoucairAutomation\target\site\serenity\1268e3825d402debb18dbdc33649b73e2604bf9fe8747120066022d55e4294a7.png
15:39:06.314 [Test worker] DEBUG net.thucydides.core.steps.StepInterceptor - STEP DONE: {0} clicks on #target
15:39:06.334 [Test worker] DEBUG net.thucydides.core.steps.StepInterceptor - STEP DONE: !#title
15:39:06.355 [Forwarding screenshot on session 566657fccef467be2dbfb2d8d7b8db24 to remote] DEBUG org.asynchttpclient.netty.request.NettyRequestSender - Using pooled Channel '[id: 0xee7d4684, L:/127.0.0.1:59971 - R:localhost/127.0.0.1:58509]' for 'GET' to 'http://localhost:58509/session/566657fccef467be2dbfb2d8d7b8db24/screenshot'
15:39:06.355 [Forwarding screenshot on session 566657fccef467be2dbfb2d8d7b8db24 to remote] DEBUG org.asynchttpclient.netty.request.NettyRequestSender - Using open Channel [id: 0xee7d4684, L:/127.0.0.1:59971 - R:localhost/127.0.0.1:58509] for GET '/session/566657fccef467be2dbfb2d8d7b8db24/screenshot'
15:39:06.437 [AsyncHttpClient-1-2] DEBUG org.asynchttpclient.netty.handler.HttpHandler - 

Request DefaultFullHttpRequest(decodeResult: success, version: HTTP/1.1, content: EmptyByteBufBE)
GET /session/566657fccef467be2dbfb2d8d7b8db24/screenshot HTTP/1.1
User-Agent: selenium/4.1.4 (java windows)
Cache-Control: no-cache
Content-Type: application/json; charset=utf-8
host: localhost:58509
accept: */*

Response DefaultHttpResponse(decodeResult: success, version: HTTP/1.1)
HTTP/1.1 200 OK
Content-Type: application/json; charset=utf-8
cache-control: no-cache
content-length: 100772

15:39:06.437 [AsyncHttpClient-1-2] DEBUG org.asynchttpclient.netty.channel.ChannelManager - Adding key: http://localhost:58509 for channel [id: 0xee7d4684, L:/127.0.0.1:59971 - R:localhost/127.0.0.1:58509]
15:39:06.439 [Test worker] DEBUG net.serenitybdd.core.photography.Darkroom - Send negative for processing for C:\Users\Administrador\Documents\Choucair\Choucair\ChoucairAutomation\target\site\serenity\7fbf711ddddb5fd6e140c7e0e6be0addd5997a3e56582a85387e0ef2d5f93b8b.png
15:39:06.440 [Test worker] DEBUG net.thucydides.core.steps.StepInterceptor - STARTING STEP: StartSharp.should_MeetingAndOrganizationBeCreated_When_SubmitTheCompleteRegistrationData - performAs
15:39:06.440 [Darkroom Processing Line] DEBUG net.serenitybdd.core.photography.DarkroomProcessingLine - Processing screenshot image in /var/screenshots/screenshot-5598993150701235603
15:39:06.440 [Darkroom Processing Line] DEBUG net.serenitybdd.core.photography.DarkroomProcessingLine - Saving screenshot to C:\Users\Administrador\Documents\Choucair\Choucair\ChoucairAutomation\target\site\serenity\7fbf711ddddb5fd6e140c7e0e6be0addd5997a3e56582a85387e0ef2d5f93b8b.png
15:39:06.469 [Test worker] DEBUG net.thucydides.core.steps.StepInterceptor - STARTING STEP: CreateNewMeeting.performAs - !#title
15:39:06.488 [Test worker] DEBUG net.serenitybdd.screenplay.targets.IFrameSwitcher - default content already selected for button create meeting
15:39:06.499 [Forwarding findElements on session 566657fccef467be2dbfb2d8d7b8db24 to remote] DEBUG org.asynchttpclient.netty.request.NettyRequestSender - Using pooled Channel '[id: 0xee7d4684, L:/127.0.0.1:59971 - R:localhost/127.0.0.1:58509]' for 'POST' to 'http://localhost:58509/session/566657fccef467be2dbfb2d8d7b8db24/elements'
15:39:06.500 [Forwarding findElements on session 566657fccef467be2dbfb2d8d7b8db24 to remote] DEBUG org.asynchttpclient.netty.request.NettyRequestSender - Using open Channel [id: 0xee7d4684, L:/127.0.0.1:59971 - R:localhost/127.0.0.1:58509] for POST '/session/566657fccef467be2dbfb2d8d7b8db24/elements'
15:39:06.511 [AsyncHttpClient-1-2] DEBUG org.asynchttpclient.netty.handler.HttpHandler - 

Request DefaultHttpRequest(decodeResult: success, version: HTTP/1.1)
POST /session/566657fccef467be2dbfb2d8d7b8db24/elements HTTP/1.1
User-Agent: selenium/4.1.4 (java windows)
Content-Length: 104
Content-Type: application/json; charset=utf-8
host: localhost:58509
accept: */*

Response DefaultHttpResponse(decodeResult: success, version: HTTP/1.1)
HTTP/1.1 200 OK
Content-Type: application/json; charset=utf-8
cache-control: no-cache
content-length: 90

15:39:06.511 [AsyncHttpClient-1-2] DEBUG org.asynchttpclient.netty.channel.ChannelManager - Adding key: http://localhost:58509 for channel [id: 0xee7d4684, L:/127.0.0.1:59971 - R:localhost/127.0.0.1:58509]
15:39:06.532 [Forwarding isElementDisplayed on session 566657fccef467be2dbfb2d8d7b8db24 to remote] DEBUG org.asynchttpclient.netty.request.NettyRequestSender - Using pooled Channel '[id: 0xee7d4684, L:/127.0.0.1:59971 - R:localhost/127.0.0.1:58509]' for 'POST' to 'http://localhost:58509/session/566657fccef467be2dbfb2d8d7b8db24/execute/sync'
15:39:06.533 [Forwarding isElementDisplayed on session 566657fccef467be2dbfb2d8d7b8db24 to remote] DEBUG org.asynchttpclient.netty.request.NettyRequestSender - Using open Channel [id: 0xee7d4684, L:/127.0.0.1:59971 - R:localhost/127.0.0.1:58509] for POST '/session/566657fccef467be2dbfb2d8d7b8db24/execute/sync'
15:39:06.542 [AsyncHttpClient-1-2] DEBUG org.asynchttpclient.netty.handler.HttpHandler - 

Request DefaultHttpRequest(decodeResult: success, version: HTTP/1.1)
POST /session/566657fccef467be2dbfb2d8d7b8db24/execute/sync HTTP/1.1
User-Agent: selenium/4.1.4 (java windows)
Content-Length: 48780
Content-Type: application/json; charset=utf-8
host: localhost:58509
accept: */*

Response DefaultHttpResponse(decodeResult: success, version: HTTP/1.1)
HTTP/1.1 200 OK
Content-Type: application/json; charset=utf-8
cache-control: no-cache
content-length: 14

15:39:06.542 [AsyncHttpClient-1-2] DEBUG org.asynchttpclient.netty.channel.ChannelManager - Adding key: http://localhost:58509 for channel [id: 0xee7d4684, L:/127.0.0.1:59971 - R:localhost/127.0.0.1:58509]
15:39:06.545 [Forwarding isElementDisplayed on session 566657fccef467be2dbfb2d8d7b8db24 to remote] DEBUG org.asynchttpclient.netty.request.NettyRequestSender - Using pooled Channel '[id: 0xee7d4684, L:/127.0.0.1:59971 - R:localhost/127.0.0.1:58509]' for 'POST' to 'http://localhost:58509/session/566657fccef467be2dbfb2d8d7b8db24/execute/sync'
15:39:06.545 [Forwarding isElementDisplayed on session 566657fccef467be2dbfb2d8d7b8db24 to remote] DEBUG org.asynchttpclient.netty.request.NettyRequestSender - Using open Channel [id: 0xee7d4684, L:/127.0.0.1:59971 - R:localhost/127.0.0.1:58509] for POST '/session/566657fccef467be2dbfb2d8d7b8db24/execute/sync'
15:39:06.553 [AsyncHttpClient-1-2] DEBUG org.asynchttpclient.netty.handler.HttpHandler - 

Request DefaultHttpRequest(decodeResult: success, version: HTTP/1.1)
POST /session/566657fccef467be2dbfb2d8d7b8db24/execute/sync HTTP/1.1
User-Agent: selenium/4.1.4 (java windows)
Content-Length: 48780
Content-Type: application/json; charset=utf-8
host: localhost:58509
accept: */*

Response DefaultHttpResponse(decodeResult: success, version: HTTP/1.1)
HTTP/1.1 200 OK
Content-Type: application/json; charset=utf-8
cache-control: no-cache
content-length: 14

15:39:06.553 [AsyncHttpClient-1-2] DEBUG org.asynchttpclient.netty.channel.ChannelManager - Adding key: http://localhost:58509 for channel [id: 0xee7d4684, L:/127.0.0.1:59971 - R:localhost/127.0.0.1:58509]
15:39:06.594 [Forwarding screenshot on session 566657fccef467be2dbfb2d8d7b8db24 to remote] DEBUG org.asynchttpclient.netty.request.NettyRequestSender - Using pooled Channel '[id: 0xee7d4684, L:/127.0.0.1:59971 - R:localhost/127.0.0.1:58509]' for 'GET' to 'http://localhost:58509/session/566657fccef467be2dbfb2d8d7b8db24/screenshot'
15:39:06.594 [Forwarding screenshot on session 566657fccef467be2dbfb2d8d7b8db24 to remote] DEBUG org.asynchttpclient.netty.request.NettyRequestSender - Using open Channel [id: 0xee7d4684, L:/127.0.0.1:59971 - R:localhost/127.0.0.1:58509] for GET '/session/566657fccef467be2dbfb2d8d7b8db24/screenshot'
15:39:06.711 [AsyncHttpClient-1-2] DEBUG org.asynchttpclient.netty.handler.HttpHandler - 

Request DefaultFullHttpRequest(decodeResult: success, version: HTTP/1.1, content: EmptyByteBufBE)
GET /session/566657fccef467be2dbfb2d8d7b8db24/screenshot HTTP/1.1
User-Agent: selenium/4.1.4 (java windows)
Cache-Control: no-cache
Content-Type: application/json; charset=utf-8
host: localhost:58509
accept: */*

Response DefaultHttpResponse(decodeResult: success, version: HTTP/1.1)
HTTP/1.1 200 OK
Content-Type: application/json; charset=utf-8
cache-control: no-cache
content-length: 102072

15:39:06.712 [AsyncHttpClient-1-2] DEBUG org.asynchttpclient.netty.channel.ChannelManager - Adding key: http://localhost:58509 for channel [id: 0xee7d4684, L:/127.0.0.1:59971 - R:localhost/127.0.0.1:58509]
15:39:06.715 [Test worker] DEBUG net.serenitybdd.core.photography.Darkroom - Send negative for processing for C:\Users\Administrador\Documents\Choucair\Choucair\ChoucairAutomation\target\site\serenity\c0f2fa9d2ce9dab8ffc949fb15961968a185638ac4a237b4ae6c87bacf546dbd.png
15:39:06.715 [Test worker] DEBUG net.thucydides.core.steps.StepInterceptor - STARTING STEP: CreateNewMeeting.performAs - {0} clicks on #target
15:39:06.715 [Darkroom Processing Line] DEBUG net.serenitybdd.core.photography.DarkroomProcessingLine - Processing screenshot image in /var/screenshots/screenshot-5645288666950763740
15:39:06.716 [Darkroom Processing Line] DEBUG net.serenitybdd.core.photography.DarkroomProcessingLine - Saving screenshot to C:\Users\Administrador\Documents\Choucair\Choucair\ChoucairAutomation\target\site\serenity\c0f2fa9d2ce9dab8ffc949fb15961968a185638ac4a237b4ae6c87bacf546dbd.png
15:39:06.716 [Test worker] DEBUG net.serenitybdd.screenplay.targets.IFrameSwitcher - default content already selected for button create meeting
15:39:06.783 [Forwarding findElement on session 566657fccef467be2dbfb2d8d7b8db24 to remote] DEBUG org.asynchttpclient.netty.request.NettyRequestSender - Using pooled Channel '[id: 0xee7d4684, L:/127.0.0.1:59971 - R:localhost/127.0.0.1:58509]' for 'POST' to 'http://localhost:58509/session/566657fccef467be2dbfb2d8d7b8db24/element'
15:39:06.783 [Forwarding findElement on session 566657fccef467be2dbfb2d8d7b8db24 to remote] DEBUG org.asynchttpclient.netty.request.NettyRequestSender - Using open Channel [id: 0xee7d4684, L:/127.0.0.1:59971 - R:localhost/127.0.0.1:58509] for POST '/session/566657fccef467be2dbfb2d8d7b8db24/element'
15:39:06.791 [AsyncHttpClient-1-2] DEBUG org.asynchttpclient.netty.handler.HttpHandler - 

Request DefaultHttpRequest(decodeResult: success, version: HTTP/1.1)
POST /session/566657fccef467be2dbfb2d8d7b8db24/element HTTP/1.1
User-Agent: selenium/4.1.4 (java windows)
Content-Length: 104
Content-Type: application/json; charset=utf-8
host: localhost:58509
accept: */*

Response DefaultHttpResponse(decodeResult: success, version: HTTP/1.1)
HTTP/1.1 200 OK
Content-Type: application/json; charset=utf-8
cache-control: no-cache
content-length: 88

15:39:06.792 [AsyncHttpClient-1-2] DEBUG org.asynchttpclient.netty.channel.ChannelManager - Adding key: http://localhost:58509 for channel [id: 0xee7d4684, L:/127.0.0.1:59971 - R:localhost/127.0.0.1:58509]
15:39:06.804 [Forwarding isElementDisplayed on session 566657fccef467be2dbfb2d8d7b8db24 to remote] DEBUG org.asynchttpclient.netty.request.NettyRequestSender - Using pooled Channel '[id: 0xee7d4684, L:/127.0.0.1:59971 - R:localhost/127.0.0.1:58509]' for 'POST' to 'http://localhost:58509/session/566657fccef467be2dbfb2d8d7b8db24/execute/sync'
15:39:06.804 [Forwarding isElementDisplayed on session 566657fccef467be2dbfb2d8d7b8db24 to remote] DEBUG org.asynchttpclient.netty.request.NettyRequestSender - Using open Channel [id: 0xee7d4684, L:/127.0.0.1:59971 - R:localhost/127.0.0.1:58509] for POST '/session/566657fccef467be2dbfb2d8d7b8db24/execute/sync'
15:39:06.810 [AsyncHttpClient-1-2] DEBUG org.asynchttpclient.netty.handler.HttpHandler - 

Request DefaultHttpRequest(decodeResult: success, version: HTTP/1.1)
POST /session/566657fccef467be2dbfb2d8d7b8db24/execute/sync HTTP/1.1
User-Agent: selenium/4.1.4 (java windows)
Content-Length: 48780
Content-Type: application/json; charset=utf-8
host: localhost:58509
accept: */*

Response DefaultHttpResponse(decodeResult: success, version: HTTP/1.1)
HTTP/1.1 200 OK
Content-Type: application/json; charset=utf-8
cache-control: no-cache
content-length: 14

15:39:06.810 [AsyncHttpClient-1-2] DEBUG org.asynchttpclient.netty.channel.ChannelManager - Adding key: http://localhost:58509 for channel [id: 0xee7d4684, L:/127.0.0.1:59971 - R:localhost/127.0.0.1:58509]
15:39:06.829 [Forwarding findElement on session 566657fccef467be2dbfb2d8d7b8db24 to remote] DEBUG org.asynchttpclient.netty.request.NettyRequestSender - Using pooled Channel '[id: 0xee7d4684, L:/127.0.0.1:59971 - R:localhost/127.0.0.1:58509]' for 'POST' to 'http://localhost:58509/session/566657fccef467be2dbfb2d8d7b8db24/element'
15:39:06.829 [Forwarding findElement on session 566657fccef467be2dbfb2d8d7b8db24 to remote] DEBUG org.asynchttpclient.netty.request.NettyRequestSender - Using open Channel [id: 0xee7d4684, L:/127.0.0.1:59971 - R:localhost/127.0.0.1:58509] for POST '/session/566657fccef467be2dbfb2d8d7b8db24/element'
15:39:06.835 [AsyncHttpClient-1-2] DEBUG org.asynchttpclient.netty.handler.HttpHandler - 

Request DefaultHttpRequest(decodeResult: success, version: HTTP/1.1)
POST /session/566657fccef467be2dbfb2d8d7b8db24/element HTTP/1.1
User-Agent: selenium/4.1.4 (java windows)
Content-Length: 104
Content-Type: application/json; charset=utf-8
host: localhost:58509
accept: */*

Response DefaultHttpResponse(decodeResult: success, version: HTTP/1.1)
HTTP/1.1 200 OK
Content-Type: application/json; charset=utf-8
cache-control: no-cache
content-length: 88

15:39:06.835 [AsyncHttpClient-1-2] DEBUG org.asynchttpclient.netty.channel.ChannelManager - Adding key: http://localhost:58509 for channel [id: 0xee7d4684, L:/127.0.0.1:59971 - R:localhost/127.0.0.1:58509]
15:39:06.837 [Forwarding clickElement on session 566657fccef467be2dbfb2d8d7b8db24 to remote] DEBUG org.asynchttpclient.netty.request.NettyRequestSender - Using pooled Channel '[id: 0xee7d4684, L:/127.0.0.1:59971 - R:localhost/127.0.0.1:58509]' for 'POST' to 'http://localhost:58509/session/566657fccef467be2dbfb2d8d7b8db24/element/735bea32-fec1-4102-a7e8-cfc5faba46e8/click'
15:39:06.837 [Forwarding clickElement on session 566657fccef467be2dbfb2d8d7b8db24 to remote] DEBUG org.asynchttpclient.netty.request.NettyRequestSender - Using open Channel [id: 0xee7d4684, L:/127.0.0.1:59971 - R:localhost/127.0.0.1:58509] for POST '/session/566657fccef467be2dbfb2d8d7b8db24/element/735bea32-fec1-4102-a7e8-cfc5faba46e8/click'
15:39:07.382 [AsyncHttpClient-1-2] DEBUG org.asynchttpclient.netty.handler.HttpHandler - 

Request DefaultHttpRequest(decodeResult: success, version: HTTP/1.1)
POST /session/566657fccef467be2dbfb2d8d7b8db24/element/735bea32-fec1-4102-a7e8-cfc5faba46e8/click HTTP/1.1
User-Agent: selenium/4.1.4 (java windows)
Content-Length: 50
Content-Type: application/json; charset=utf-8
host: localhost:58509
accept: */*

Response DefaultHttpResponse(decodeResult: success, version: HTTP/1.1)
HTTP/1.1 200 OK
Content-Type: application/json; charset=utf-8
cache-control: no-cache
content-length: 14

15:39:07.383 [AsyncHttpClient-1-2] DEBUG org.asynchttpclient.netty.channel.ChannelManager - Adding key: http://localhost:58509 for channel [id: 0xee7d4684, L:/127.0.0.1:59971 - R:localhost/127.0.0.1:58509]
15:39:07.399 [Forwarding screenshot on session 566657fccef467be2dbfb2d8d7b8db24 to remote] DEBUG org.asynchttpclient.netty.request.NettyRequestSender - Using pooled Channel '[id: 0xee7d4684, L:/127.0.0.1:59971 - R:localhost/127.0.0.1:58509]' for 'GET' to 'http://localhost:58509/session/566657fccef467be2dbfb2d8d7b8db24/screenshot'
15:39:07.399 [Forwarding screenshot on session 566657fccef467be2dbfb2d8d7b8db24 to remote] DEBUG org.asynchttpclient.netty.request.NettyRequestSender - Using open Channel [id: 0xee7d4684, L:/127.0.0.1:59971 - R:localhost/127.0.0.1:58509] for GET '/session/566657fccef467be2dbfb2d8d7b8db24/screenshot'
15:39:07.570 [AsyncHttpClient-1-2] DEBUG org.asynchttpclient.netty.handler.HttpHandler - 

Request DefaultFullHttpRequest(decodeResult: success, version: HTTP/1.1, content: EmptyByteBufBE)
GET /session/566657fccef467be2dbfb2d8d7b8db24/screenshot HTTP/1.1
User-Agent: selenium/4.1.4 (java windows)
Cache-Control: no-cache
Content-Type: application/json; charset=utf-8
host: localhost:58509
accept: */*

Response DefaultHttpResponse(decodeResult: success, version: HTTP/1.1)
HTTP/1.1 200 OK
Content-Type: application/json; charset=utf-8
cache-control: no-cache
content-length: 125204

15:39:07.571 [AsyncHttpClient-1-2] DEBUG org.asynchttpclient.netty.channel.ChannelManager - Adding key: http://localhost:58509 for channel [id: 0xee7d4684, L:/127.0.0.1:59971 - R:localhost/127.0.0.1:58509]
15:39:07.574 [Test worker] DEBUG net.serenitybdd.core.photography.Darkroom - Send negative for processing for C:\Users\Administrador\Documents\Choucair\Choucair\ChoucairAutomation\target\site\serenity\a5aa30bbbb5856c5c9d268c07ec7d08ab3682dda47c27c08b028cbefec70bdc3.png
15:39:07.574 [Darkroom Processing Line] DEBUG net.serenitybdd.core.photography.DarkroomProcessingLine - Processing screenshot image in /var/screenshots/screenshot-15211340466266899749
15:39:07.574 [Darkroom Processing Line] DEBUG net.serenitybdd.core.photography.DarkroomProcessingLine - Saving screenshot to C:\Users\Administrador\Documents\Choucair\Choucair\ChoucairAutomation\target\site\serenity\a5aa30bbbb5856c5c9d268c07ec7d08ab3682dda47c27c08b028cbefec70bdc3.png
15:39:07.590 [Test worker] DEBUG net.thucydides.core.steps.StepInterceptor - STEP DONE: {0} clicks on #target
15:39:07.631 [Forwarding screenshot on session 566657fccef467be2dbfb2d8d7b8db24 to remote] DEBUG org.asynchttpclient.netty.request.NettyRequestSender - Using pooled Channel '[id: 0xee7d4684, L:/127.0.0.1:59971 - R:localhost/127.0.0.1:58509]' for 'GET' to 'http://localhost:58509/session/566657fccef467be2dbfb2d8d7b8db24/screenshot'
15:39:07.631 [Forwarding screenshot on session 566657fccef467be2dbfb2d8d7b8db24 to remote] DEBUG org.asynchttpclient.netty.request.NettyRequestSender - Using open Channel [id: 0xee7d4684, L:/127.0.0.1:59971 - R:localhost/127.0.0.1:58509] for GET '/session/566657fccef467be2dbfb2d8d7b8db24/screenshot'
15:39:07.778 [AsyncHttpClient-1-2] DEBUG org.asynchttpclient.netty.handler.HttpHandler - 

Request DefaultFullHttpRequest(decodeResult: success, version: HTTP/1.1, content: EmptyByteBufBE)
GET /session/566657fccef467be2dbfb2d8d7b8db24/screenshot HTTP/1.1
User-Agent: selenium/4.1.4 (java windows)
Cache-Control: no-cache
Content-Type: application/json; charset=utf-8
host: localhost:58509
accept: */*

Response DefaultHttpResponse(decodeResult: success, version: HTTP/1.1)
HTTP/1.1 200 OK
Content-Type: application/json; charset=utf-8
cache-control: no-cache
content-length: 125256

15:39:07.779 [AsyncHttpClient-1-2] DEBUG org.asynchttpclient.netty.channel.ChannelManager - Adding key: http://localhost:58509 for channel [id: 0xee7d4684, L:/127.0.0.1:59971 - R:localhost/127.0.0.1:58509]
15:39:07.782 [Test worker] DEBUG net.serenitybdd.core.photography.Darkroom - Send negative for processing for C:\Users\Administrador\Documents\Choucair\Choucair\ChoucairAutomation\target\site\serenity\4b6418b6d293925e7a2601e253c6249215bd2792754a6ff2aa1666efa1a4a442.png
15:39:07.783 [Test worker] DEBUG net.thucydides.core.steps.StepInterceptor - STEP DONE: !#title
15:39:07.783 [Darkroom Processing Line] DEBUG net.serenitybdd.core.photography.DarkroomProcessingLine - Processing screenshot image in /var/screenshots/screenshot-6527412449208148182
15:39:07.783 [Darkroom Processing Line] DEBUG net.serenitybdd.core.photography.DarkroomProcessingLine - Saving screenshot to C:\Users\Administrador\Documents\Choucair\Choucair\ChoucairAutomation\target\site\serenity\4b6418b6d293925e7a2601e253c6249215bd2792754a6ff2aa1666efa1a4a442.png
15:39:07.830 [Test worker] DEBUG net.thucydides.core.steps.StepInterceptor - STARTING STEP: CreateNewMeeting.performAs - !#title
15:39:07.848 [Forwarding screenshot on session 566657fccef467be2dbfb2d8d7b8db24 to remote] DEBUG org.asynchttpclient.netty.request.NettyRequestSender - Using pooled Channel '[id: 0xee7d4684, L:/127.0.0.1:59971 - R:localhost/127.0.0.1:58509]' for 'GET' to 'http://localhost:58509/session/566657fccef467be2dbfb2d8d7b8db24/screenshot'
15:39:07.848 [Forwarding screenshot on session 566657fccef467be2dbfb2d8d7b8db24 to remote] DEBUG org.asynchttpclient.netty.request.NettyRequestSender - Using open Channel [id: 0xee7d4684, L:/127.0.0.1:59971 - R:localhost/127.0.0.1:58509] for GET '/session/566657fccef467be2dbfb2d8d7b8db24/screenshot'
15:39:08.004 [AsyncHttpClient-1-2] DEBUG org.asynchttpclient.netty.handler.HttpHandler - 

Request DefaultFullHttpRequest(decodeResult: success, version: HTTP/1.1, content: EmptyByteBufBE)
GET /session/566657fccef467be2dbfb2d8d7b8db24/screenshot HTTP/1.1
User-Agent: selenium/4.1.4 (java windows)
Cache-Control: no-cache
Content-Type: application/json; charset=utf-8
host: localhost:58509
accept: */*

Response DefaultHttpResponse(decodeResult: success, version: HTTP/1.1)
HTTP/1.1 200 OK
Content-Type: application/json; charset=utf-8
cache-control: no-cache
content-length: 125508

15:39:08.005 [AsyncHttpClient-1-2] DEBUG org.asynchttpclient.netty.channel.ChannelManager - Adding key: http://localhost:58509 for channel [id: 0xee7d4684, L:/127.0.0.1:59971 - R:localhost/127.0.0.1:58509]
15:39:08.007 [Test worker] DEBUG net.serenitybdd.core.photography.Darkroom - Send negative for processing for C:\Users\Administrador\Documents\Choucair\Choucair\ChoucairAutomation\target\site\serenity\4b33f0821d82b7b3fe8dd6ef3cfd9bead2c5482904ecb49473d7329e46a0cbd2.png
15:39:08.008 [Test worker] DEBUG net.thucydides.core.steps.StepInterceptor - STARTING STEP: CreateNewMeeting.performAs - {0} enters #theTextAsAString into #target
15:39:08.008 [Darkroom Processing Line] DEBUG net.serenitybdd.core.photography.DarkroomProcessingLine - Processing screenshot image in /var/screenshots/screenshot-6023183913604969749
15:39:08.008 [Darkroom Processing Line] DEBUG net.serenitybdd.core.photography.DarkroomProcessingLine - Saving screenshot to C:\Users\Administrador\Documents\Choucair\Choucair\ChoucairAutomation\target\site\serenity\4b33f0821d82b7b3fe8dd6ef3cfd9bead2c5482904ecb49473d7329e46a0cbd2.png
15:39:08.019 [Test worker] DEBUG net.serenitybdd.screenplay.targets.IFrameSwitcher - default content already selected for input from name meeting
15:39:08.055 [Forwarding findElement on session 566657fccef467be2dbfb2d8d7b8db24 to remote] DEBUG org.asynchttpclient.netty.request.NettyRequestSender - Using pooled Channel '[id: 0xee7d4684, L:/127.0.0.1:59971 - R:localhost/127.0.0.1:58509]' for 'POST' to 'http://localhost:58509/session/566657fccef467be2dbfb2d8d7b8db24/element'
15:39:08.055 [Forwarding findElement on session 566657fccef467be2dbfb2d8d7b8db24 to remote] DEBUG org.asynchttpclient.netty.request.NettyRequestSender - Using open Channel [id: 0xee7d4684, L:/127.0.0.1:59971 - R:localhost/127.0.0.1:58509] for POST '/session/566657fccef467be2dbfb2d8d7b8db24/element'
15:39:08.066 [AsyncHttpClient-1-2] DEBUG org.asynchttpclient.netty.handler.HttpHandler - 

Request DefaultHttpRequest(decodeResult: success, version: HTTP/1.1)
POST /session/566657fccef467be2dbfb2d8d7b8db24/element HTTP/1.1
User-Agent: selenium/4.1.4 (java windows)
Content-Length: 119
Content-Type: application/json; charset=utf-8
host: localhost:58509
accept: */*

Response DefaultHttpResponse(decodeResult: success, version: HTTP/1.1)
HTTP/1.1 200 OK
Content-Type: application/json; charset=utf-8
cache-control: no-cache
content-length: 88

15:39:08.066 [AsyncHttpClient-1-2] DEBUG org.asynchttpclient.netty.channel.ChannelManager - Adding key: http://localhost:58509 for channel [id: 0xee7d4684, L:/127.0.0.1:59971 - R:localhost/127.0.0.1:58509]
15:39:08.067 [Forwarding clearElement on session 566657fccef467be2dbfb2d8d7b8db24 to remote] DEBUG org.asynchttpclient.netty.request.NettyRequestSender - Using pooled Channel '[id: 0xee7d4684, L:/127.0.0.1:59971 - R:localhost/127.0.0.1:58509]' for 'POST' to 'http://localhost:58509/session/566657fccef467be2dbfb2d8d7b8db24/element/951cac85-a055-44c8-844e-ed2763b47797/clear'
15:39:08.067 [Forwarding clearElement on session 566657fccef467be2dbfb2d8d7b8db24 to remote] DEBUG org.asynchttpclient.netty.request.NettyRequestSender - Using open Channel [id: 0xee7d4684, L:/127.0.0.1:59971 - R:localhost/127.0.0.1:58509] for POST '/session/566657fccef467be2dbfb2d8d7b8db24/element/951cac85-a055-44c8-844e-ed2763b47797/clear'
15:39:08.091 [AsyncHttpClient-1-2] DEBUG org.asynchttpclient.netty.handler.HttpHandler - 

Request DefaultHttpRequest(decodeResult: success, version: HTTP/1.1)
POST /session/566657fccef467be2dbfb2d8d7b8db24/element/951cac85-a055-44c8-844e-ed2763b47797/clear HTTP/1.1
User-Agent: selenium/4.1.4 (java windows)
Content-Length: 50
Content-Type: application/json; charset=utf-8
host: localhost:58509
accept: */*

Response DefaultHttpResponse(decodeResult: success, version: HTTP/1.1)
HTTP/1.1 200 OK
Content-Type: application/json; charset=utf-8
cache-control: no-cache
content-length: 14

15:39:08.092 [AsyncHttpClient-1-2] DEBUG org.asynchttpclient.netty.channel.ChannelManager - Adding key: http://localhost:58509 for channel [id: 0xee7d4684, L:/127.0.0.1:59971 - R:localhost/127.0.0.1:58509]
15:39:08.103 [Forwarding sendKeysToElement on session 566657fccef467be2dbfb2d8d7b8db24 to remote] DEBUG org.asynchttpclient.netty.request.NettyRequestSender - Using pooled Channel '[id: 0xee7d4684, L:/127.0.0.1:59971 - R:localhost/127.0.0.1:58509]' for 'POST' to 'http://localhost:58509/session/566657fccef467be2dbfb2d8d7b8db24/element/951cac85-a055-44c8-844e-ed2763b47797/value'
15:39:08.103 [Forwarding sendKeysToElement on session 566657fccef467be2dbfb2d8d7b8db24 to remote] DEBUG org.asynchttpclient.netty.request.NettyRequestSender - Using open Channel [id: 0xee7d4684, L:/127.0.0.1:59971 - R:localhost/127.0.0.1:58509] for POST '/session/566657fccef467be2dbfb2d8d7b8db24/element/951cac85-a055-44c8-844e-ed2763b47797/value'
15:39:08.155 [AsyncHttpClient-1-2] DEBUG org.asynchttpclient.netty.handler.HttpHandler - 

Request DefaultHttpRequest(decodeResult: success, version: HTTP/1.1)
POST /session/566657fccef467be2dbfb2d8d7b8db24/element/951cac85-a055-44c8-844e-ed2763b47797/value HTTP/1.1
User-Agent: selenium/4.1.4 (java windows)
Content-Length: 251
Content-Type: application/json; charset=utf-8
host: localhost:58509
accept: */*

Response DefaultHttpResponse(decodeResult: success, version: HTTP/1.1)
HTTP/1.1 200 OK
Content-Type: application/json; charset=utf-8
cache-control: no-cache
content-length: 14

15:39:08.155 [AsyncHttpClient-1-2] DEBUG org.asynchttpclient.netty.channel.ChannelManager - Adding key: http://localhost:58509 for channel [id: 0xee7d4684, L:/127.0.0.1:59971 - R:localhost/127.0.0.1:58509]
15:39:08.173 [Forwarding screenshot on session 566657fccef467be2dbfb2d8d7b8db24 to remote] DEBUG org.asynchttpclient.netty.request.NettyRequestSender - Using pooled Channel '[id: 0xee7d4684, L:/127.0.0.1:59971 - R:localhost/127.0.0.1:58509]' for 'GET' to 'http://localhost:58509/session/566657fccef467be2dbfb2d8d7b8db24/screenshot'
15:39:08.173 [Forwarding screenshot on session 566657fccef467be2dbfb2d8d7b8db24 to remote] DEBUG org.asynchttpclient.netty.request.NettyRequestSender - Using open Channel [id: 0xee7d4684, L:/127.0.0.1:59971 - R:localhost/127.0.0.1:58509] for GET '/session/566657fccef467be2dbfb2d8d7b8db24/screenshot'
15:39:08.302 [AsyncHttpClient-1-2] DEBUG org.asynchttpclient.netty.handler.HttpHandler - 

Request DefaultFullHttpRequest(decodeResult: success, version: HTTP/1.1, content: EmptyByteBufBE)
GET /session/566657fccef467be2dbfb2d8d7b8db24/screenshot HTTP/1.1
User-Agent: selenium/4.1.4 (java windows)
Cache-Control: no-cache
Content-Type: application/json; charset=utf-8
host: localhost:58509
accept: */*

Response DefaultHttpResponse(decodeResult: success, version: HTTP/1.1)
HTTP/1.1 200 OK
Content-Type: application/json; charset=utf-8
cache-control: no-cache
content-length: 127948

15:39:08.302 [AsyncHttpClient-1-2] DEBUG org.asynchttpclient.netty.channel.ChannelManager - Adding key: http://localhost:58509 for channel [id: 0xee7d4684, L:/127.0.0.1:59971 - R:localhost/127.0.0.1:58509]
15:39:08.305 [Test worker] DEBUG net.serenitybdd.core.photography.Darkroom - Send negative for processing for C:\Users\Administrador\Documents\Choucair\Choucair\ChoucairAutomation\target\site\serenity\f2cee192b8ca5ae78642d826818a433c33ad1885f387bafa50dc2c0c81014a02.png
15:39:08.306 [Darkroom Processing Line] DEBUG net.serenitybdd.core.photography.DarkroomProcessingLine - Processing screenshot image in /var/screenshots/screenshot-15179195974964797678
15:39:08.306 [Darkroom Processing Line] DEBUG net.serenitybdd.core.photography.DarkroomProcessingLine - Saving screenshot to C:\Users\Administrador\Documents\Choucair\Choucair\ChoucairAutomation\target\site\serenity\f2cee192b8ca5ae78642d826818a433c33ad1885f387bafa50dc2c0c81014a02.png
15:39:08.332 [Test worker] DEBUG net.thucydides.core.steps.StepInterceptor - STEP DONE: {0} enters #theTextAsAString into #target
15:39:08.355 [Test worker] DEBUG net.thucydides.core.steps.StepInterceptor - STEP DONE: !#title
15:39:08.382 [Forwarding screenshot on session 566657fccef467be2dbfb2d8d7b8db24 to remote] DEBUG org.asynchttpclient.netty.request.NettyRequestSender - Using pooled Channel '[id: 0xee7d4684, L:/127.0.0.1:59971 - R:localhost/127.0.0.1:58509]' for 'GET' to 'http://localhost:58509/session/566657fccef467be2dbfb2d8d7b8db24/screenshot'
15:39:08.382 [Forwarding screenshot on session 566657fccef467be2dbfb2d8d7b8db24 to remote] DEBUG org.asynchttpclient.netty.request.NettyRequestSender - Using open Channel [id: 0xee7d4684, L:/127.0.0.1:59971 - R:localhost/127.0.0.1:58509] for GET '/session/566657fccef467be2dbfb2d8d7b8db24/screenshot'
15:39:08.531 [AsyncHttpClient-1-2] DEBUG org.asynchttpclient.netty.handler.HttpHandler - 

Request DefaultFullHttpRequest(decodeResult: success, version: HTTP/1.1, content: EmptyByteBufBE)
GET /session/566657fccef467be2dbfb2d8d7b8db24/screenshot HTTP/1.1
User-Agent: selenium/4.1.4 (java windows)
Cache-Control: no-cache
Content-Type: application/json; charset=utf-8
host: localhost:58509
accept: */*

Response DefaultHttpResponse(decodeResult: success, version: HTTP/1.1)
HTTP/1.1 200 OK
Content-Type: application/json; charset=utf-8
cache-control: no-cache
content-length: 127784

15:39:08.532 [AsyncHttpClient-1-2] DEBUG org.asynchttpclient.netty.channel.ChannelManager - Adding key: http://localhost:58509 for channel [id: 0xee7d4684, L:/127.0.0.1:59971 - R:localhost/127.0.0.1:58509]
15:39:08.534 [Test worker] DEBUG net.serenitybdd.core.photography.Darkroom - Send negative for processing for C:\Users\Administrador\Documents\Choucair\Choucair\ChoucairAutomation\target\site\serenity\f90bca3ee44d9c9017250c84f2969b87a53947ed326ecf9bb121d984c1bfd478.png
15:39:08.535 [Test worker] DEBUG net.thucydides.core.steps.StepInterceptor - STARTING STEP: CreateNewMeeting.performAs - !#title
15:39:08.535 [Darkroom Processing Line] DEBUG net.serenitybdd.core.photography.DarkroomProcessingLine - Processing screenshot image in /var/screenshots/screenshot-4858048133061214221
15:39:08.535 [Darkroom Processing Line] DEBUG net.serenitybdd.core.photography.DarkroomProcessingLine - Saving screenshot to C:\Users\Administrador\Documents\Choucair\Choucair\ChoucairAutomation\target\site\serenity\f90bca3ee44d9c9017250c84f2969b87a53947ed326ecf9bb121d984c1bfd478.png
15:39:08.552 [Test worker] DEBUG net.thucydides.core.steps.StepInterceptor - STARTING STEP: CreateNewMeeting.performAs - {0} clicks on #target
15:39:08.553 [Test worker] DEBUG net.serenitybdd.screenplay.targets.IFrameSwitcher - default content already selected for list from item meeting type
15:39:08.628 [Forwarding findElement on session 566657fccef467be2dbfb2d8d7b8db24 to remote] DEBUG org.asynchttpclient.netty.request.NettyRequestSender - Using pooled Channel '[id: 0xee7d4684, L:/127.0.0.1:59971 - R:localhost/127.0.0.1:58509]' for 'POST' to 'http://localhost:58509/session/566657fccef467be2dbfb2d8d7b8db24/element'
15:39:08.628 [Forwarding findElement on session 566657fccef467be2dbfb2d8d7b8db24 to remote] DEBUG org.asynchttpclient.netty.request.NettyRequestSender - Using open Channel [id: 0xee7d4684, L:/127.0.0.1:59971 - R:localhost/127.0.0.1:58509] for POST '/session/566657fccef467be2dbfb2d8d7b8db24/element'
15:39:08.637 [AsyncHttpClient-1-2] DEBUG org.asynchttpclient.netty.handler.HttpHandler - 

Request DefaultHttpRequest(decodeResult: success, version: HTTP/1.1)
POST /session/566657fccef467be2dbfb2d8d7b8db24/element HTTP/1.1
User-Agent: selenium/4.1.4 (java windows)
Content-Length: 65
Content-Type: application/json; charset=utf-8
host: localhost:58509
accept: */*

Response DefaultHttpResponse(decodeResult: success, version: HTTP/1.1)
HTTP/1.1 200 OK
Content-Type: application/json; charset=utf-8
cache-control: no-cache
content-length: 88

15:39:08.637 [AsyncHttpClient-1-2] DEBUG org.asynchttpclient.netty.channel.ChannelManager - Adding key: http://localhost:58509 for channel [id: 0xee7d4684, L:/127.0.0.1:59971 - R:localhost/127.0.0.1:58509]
15:39:08.650 [Forwarding isElementDisplayed on session 566657fccef467be2dbfb2d8d7b8db24 to remote] DEBUG org.asynchttpclient.netty.request.NettyRequestSender - Using pooled Channel '[id: 0xee7d4684, L:/127.0.0.1:59971 - R:localhost/127.0.0.1:58509]' for 'POST' to 'http://localhost:58509/session/566657fccef467be2dbfb2d8d7b8db24/execute/sync'
15:39:08.650 [Forwarding isElementDisplayed on session 566657fccef467be2dbfb2d8d7b8db24 to remote] DEBUG org.asynchttpclient.netty.request.NettyRequestSender - Using open Channel [id: 0xee7d4684, L:/127.0.0.1:59971 - R:localhost/127.0.0.1:58509] for POST '/session/566657fccef467be2dbfb2d8d7b8db24/execute/sync'
15:39:08.659 [AsyncHttpClient-1-2] DEBUG org.asynchttpclient.netty.handler.HttpHandler - 

Request DefaultHttpRequest(decodeResult: success, version: HTTP/1.1)
POST /session/566657fccef467be2dbfb2d8d7b8db24/execute/sync HTTP/1.1
User-Agent: selenium/4.1.4 (java windows)
Content-Length: 48780
Content-Type: application/json; charset=utf-8
host: localhost:58509
accept: */*

Response DefaultHttpResponse(decodeResult: success, version: HTTP/1.1)
HTTP/1.1 200 OK
Content-Type: application/json; charset=utf-8
cache-control: no-cache
content-length: 14

15:39:08.659 [AsyncHttpClient-1-2] DEBUG org.asynchttpclient.netty.channel.ChannelManager - Adding key: http://localhost:58509 for channel [id: 0xee7d4684, L:/127.0.0.1:59971 - R:localhost/127.0.0.1:58509]
15:39:08.677 [Forwarding findElement on session 566657fccef467be2dbfb2d8d7b8db24 to remote] DEBUG org.asynchttpclient.netty.request.NettyRequestSender - Using pooled Channel '[id: 0xee7d4684, L:/127.0.0.1:59971 - R:localhost/127.0.0.1:58509]' for 'POST' to 'http://localhost:58509/session/566657fccef467be2dbfb2d8d7b8db24/element'
15:39:08.677 [Forwarding findElement on session 566657fccef467be2dbfb2d8d7b8db24 to remote] DEBUG org.asynchttpclient.netty.request.NettyRequestSender - Using open Channel [id: 0xee7d4684, L:/127.0.0.1:59971 - R:localhost/127.0.0.1:58509] for POST '/session/566657fccef467be2dbfb2d8d7b8db24/element'
15:39:08.683 [AsyncHttpClient-1-2] DEBUG org.asynchttpclient.netty.handler.HttpHandler - 

Request DefaultHttpRequest(decodeResult: success, version: HTTP/1.1)
POST /session/566657fccef467be2dbfb2d8d7b8db24/element HTTP/1.1
User-Agent: selenium/4.1.4 (java windows)
Content-Length: 65
Content-Type: application/json; charset=utf-8
host: localhost:58509
accept: */*

Response DefaultHttpResponse(decodeResult: success, version: HTTP/1.1)
HTTP/1.1 200 OK
Content-Type: application/json; charset=utf-8
cache-control: no-cache
content-length: 88

15:39:08.683 [AsyncHttpClient-1-2] DEBUG org.asynchttpclient.netty.channel.ChannelManager - Adding key: http://localhost:58509 for channel [id: 0xee7d4684, L:/127.0.0.1:59971 - R:localhost/127.0.0.1:58509]
15:39:08.684 [Forwarding clickElement on session 566657fccef467be2dbfb2d8d7b8db24 to remote] DEBUG org.asynchttpclient.netty.request.NettyRequestSender - Using pooled Channel '[id: 0xee7d4684, L:/127.0.0.1:59971 - R:localhost/127.0.0.1:58509]' for 'POST' to 'http://localhost:58509/session/566657fccef467be2dbfb2d8d7b8db24/element/c8826954-84b2-4173-a958-c09da80e643b/click'
15:39:08.684 [Forwarding clickElement on session 566657fccef467be2dbfb2d8d7b8db24 to remote] DEBUG org.asynchttpclient.netty.request.NettyRequestSender - Using open Channel [id: 0xee7d4684, L:/127.0.0.1:59971 - R:localhost/127.0.0.1:58509] for POST '/session/566657fccef467be2dbfb2d8d7b8db24/element/c8826954-84b2-4173-a958-c09da80e643b/click'
15:39:08.752 [AsyncHttpClient-1-2] DEBUG org.asynchttpclient.netty.handler.HttpHandler - 

Request DefaultHttpRequest(decodeResult: success, version: HTTP/1.1)
POST /session/566657fccef467be2dbfb2d8d7b8db24/element/c8826954-84b2-4173-a958-c09da80e643b/click HTTP/1.1
User-Agent: selenium/4.1.4 (java windows)
Content-Length: 50
Content-Type: application/json; charset=utf-8
host: localhost:58509
accept: */*

Response DefaultHttpResponse(decodeResult: success, version: HTTP/1.1)
HTTP/1.1 200 OK
Content-Type: application/json; charset=utf-8
cache-control: no-cache
content-length: 14

15:39:08.752 [AsyncHttpClient-1-2] DEBUG org.asynchttpclient.netty.channel.ChannelManager - Adding key: http://localhost:58509 for channel [id: 0xee7d4684, L:/127.0.0.1:59971 - R:localhost/127.0.0.1:58509]
15:39:08.772 [Forwarding screenshot on session 566657fccef467be2dbfb2d8d7b8db24 to remote] DEBUG org.asynchttpclient.netty.request.NettyRequestSender - Using pooled Channel '[id: 0xee7d4684, L:/127.0.0.1:59971 - R:localhost/127.0.0.1:58509]' for 'GET' to 'http://localhost:58509/session/566657fccef467be2dbfb2d8d7b8db24/screenshot'
15:39:08.772 [Forwarding screenshot on session 566657fccef467be2dbfb2d8d7b8db24 to remote] DEBUG org.asynchttpclient.netty.request.NettyRequestSender - Using open Channel [id: 0xee7d4684, L:/127.0.0.1:59971 - R:localhost/127.0.0.1:58509] for GET '/session/566657fccef467be2dbfb2d8d7b8db24/screenshot'
15:39:08.906 [AsyncHttpClient-1-2] DEBUG org.asynchttpclient.netty.handler.HttpHandler - 

Request DefaultFullHttpRequest(decodeResult: success, version: HTTP/1.1, content: EmptyByteBufBE)
GET /session/566657fccef467be2dbfb2d8d7b8db24/screenshot HTTP/1.1
User-Agent: selenium/4.1.4 (java windows)
Cache-Control: no-cache
Content-Type: application/json; charset=utf-8
host: localhost:58509
accept: */*

Response DefaultHttpResponse(decodeResult: success, version: HTTP/1.1)
HTTP/1.1 200 OK
Content-Type: application/json; charset=utf-8
cache-control: no-cache
content-length: 139880

15:39:08.907 [AsyncHttpClient-1-2] DEBUG org.asynchttpclient.netty.channel.ChannelManager - Adding key: http://localhost:58509 for channel [id: 0xee7d4684, L:/127.0.0.1:59971 - R:localhost/127.0.0.1:58509]
15:39:08.910 [Test worker] DEBUG net.serenitybdd.core.photography.Darkroom - Send negative for processing for C:\Users\Administrador\Documents\Choucair\Choucair\ChoucairAutomation\target\site\serenity\dab159b4539bcdb3c2c71067d1db25d160fd62ff5d18ccd81a89fa3023114927.png
15:39:08.910 [Darkroom Processing Line] DEBUG net.serenitybdd.core.photography.DarkroomProcessingLine - Processing screenshot image in /var/screenshots/screenshot-17524861803930903646
15:39:08.910 [Darkroom Processing Line] DEBUG net.serenitybdd.core.photography.DarkroomProcessingLine - Saving screenshot to C:\Users\Administrador\Documents\Choucair\Choucair\ChoucairAutomation\target\site\serenity\dab159b4539bcdb3c2c71067d1db25d160fd62ff5d18ccd81a89fa3023114927.png
15:39:08.925 [Test worker] DEBUG net.thucydides.core.steps.StepInterceptor - STEP DONE: {0} clicks on #target
15:39:08.956 [Test worker] DEBUG net.serenitybdd.screenplay.targets.IFrameSwitcher - default content already selected for input select meeting type
15:39:08.967 [Forwarding findElements on session 566657fccef467be2dbfb2d8d7b8db24 to remote] DEBUG org.asynchttpclient.netty.request.NettyRequestSender - Using pooled Channel '[id: 0xee7d4684, L:/127.0.0.1:59971 - R:localhost/127.0.0.1:58509]' for 'POST' to 'http://localhost:58509/session/566657fccef467be2dbfb2d8d7b8db24/elements'
15:39:08.967 [Forwarding findElements on session 566657fccef467be2dbfb2d8d7b8db24 to remote] DEBUG org.asynchttpclient.netty.request.NettyRequestSender - Using open Channel [id: 0xee7d4684, L:/127.0.0.1:59971 - R:localhost/127.0.0.1:58509] for POST '/session/566657fccef467be2dbfb2d8d7b8db24/elements'
15:39:08.977 [AsyncHttpClient-1-2] DEBUG org.asynchttpclient.netty.handler.HttpHandler - 

Request DefaultHttpRequest(decodeResult: success, version: HTTP/1.1)
POST /session/566657fccef467be2dbfb2d8d7b8db24/elements HTTP/1.1
User-Agent: selenium/4.1.4 (java windows)
Content-Length: 106
Content-Type: application/json; charset=utf-8
host: localhost:58509
accept: */*

Response DefaultHttpResponse(decodeResult: success, version: HTTP/1.1)
HTTP/1.1 200 OK
Content-Type: application/json; charset=utf-8
cache-control: no-cache
content-length: 90

15:39:08.977 [AsyncHttpClient-1-2] DEBUG org.asynchttpclient.netty.channel.ChannelManager - Adding key: http://localhost:58509 for channel [id: 0xee7d4684, L:/127.0.0.1:59971 - R:localhost/127.0.0.1:58509]
15:39:09.003 [Forwarding isElementDisplayed on session 566657fccef467be2dbfb2d8d7b8db24 to remote] DEBUG org.asynchttpclient.netty.request.NettyRequestSender - Using pooled Channel '[id: 0xee7d4684, L:/127.0.0.1:59971 - R:localhost/127.0.0.1:58509]' for 'POST' to 'http://localhost:58509/session/566657fccef467be2dbfb2d8d7b8db24/execute/sync'
15:39:09.003 [Forwarding isElementDisplayed on session 566657fccef467be2dbfb2d8d7b8db24 to remote] DEBUG org.asynchttpclient.netty.request.NettyRequestSender - Using open Channel [id: 0xee7d4684, L:/127.0.0.1:59971 - R:localhost/127.0.0.1:58509] for POST '/session/566657fccef467be2dbfb2d8d7b8db24/execute/sync'
15:39:09.032 [AsyncHttpClient-1-2] DEBUG org.asynchttpclient.netty.handler.HttpHandler - 

Request DefaultHttpRequest(decodeResult: success, version: HTTP/1.1)
POST /session/566657fccef467be2dbfb2d8d7b8db24/execute/sync HTTP/1.1
User-Agent: selenium/4.1.4 (java windows)
Content-Length: 48780
Content-Type: application/json; charset=utf-8
host: localhost:58509
accept: */*

Response DefaultHttpResponse(decodeResult: success, version: HTTP/1.1)
HTTP/1.1 200 OK
Content-Type: application/json; charset=utf-8
cache-control: no-cache
content-length: 14

15:39:09.032 [AsyncHttpClient-1-2] DEBUG org.asynchttpclient.netty.channel.ChannelManager - Adding key: http://localhost:58509 for channel [id: 0xee7d4684, L:/127.0.0.1:59971 - R:localhost/127.0.0.1:58509]
15:39:09.036 [Forwarding isElementDisplayed on session 566657fccef467be2dbfb2d8d7b8db24 to remote] DEBUG org.asynchttpclient.netty.request.NettyRequestSender - Using pooled Channel '[id: 0xee7d4684, L:/127.0.0.1:59971 - R:localhost/127.0.0.1:58509]' for 'POST' to 'http://localhost:58509/session/566657fccef467be2dbfb2d8d7b8db24/execute/sync'
15:39:09.036 [Forwarding isElementDisplayed on session 566657fccef467be2dbfb2d8d7b8db24 to remote] DEBUG org.asynchttpclient.netty.request.NettyRequestSender - Using open Channel [id: 0xee7d4684, L:/127.0.0.1:59971 - R:localhost/127.0.0.1:58509] for POST '/session/566657fccef467be2dbfb2d8d7b8db24/execute/sync'
15:39:09.044 [AsyncHttpClient-1-2] DEBUG org.asynchttpclient.netty.handler.HttpHandler - 

Request DefaultHttpRequest(decodeResult: success, version: HTTP/1.1)
POST /session/566657fccef467be2dbfb2d8d7b8db24/execute/sync HTTP/1.1
User-Agent: selenium/4.1.4 (java windows)
Content-Length: 48780
Content-Type: application/json; charset=utf-8
host: localhost:58509
accept: */*

Response DefaultHttpResponse(decodeResult: success, version: HTTP/1.1)
HTTP/1.1 200 OK
Content-Type: application/json; charset=utf-8
cache-control: no-cache
content-length: 14

15:39:09.044 [AsyncHttpClient-1-2] DEBUG org.asynchttpclient.netty.channel.ChannelManager - Adding key: http://localhost:58509 for channel [id: 0xee7d4684, L:/127.0.0.1:59971 - R:localhost/127.0.0.1:58509]
15:39:09.081 [Forwarding screenshot on session 566657fccef467be2dbfb2d8d7b8db24 to remote] DEBUG org.asynchttpclient.netty.request.NettyRequestSender - Using pooled Channel '[id: 0xee7d4684, L:/127.0.0.1:59971 - R:localhost/127.0.0.1:58509]' for 'GET' to 'http://localhost:58509/session/566657fccef467be2dbfb2d8d7b8db24/screenshot'
15:39:09.081 [Forwarding screenshot on session 566657fccef467be2dbfb2d8d7b8db24 to remote] DEBUG org.asynchttpclient.netty.request.NettyRequestSender - Using open Channel [id: 0xee7d4684, L:/127.0.0.1:59971 - R:localhost/127.0.0.1:58509] for GET '/session/566657fccef467be2dbfb2d8d7b8db24/screenshot'
15:39:09.231 [AsyncHttpClient-1-2] DEBUG org.asynchttpclient.netty.handler.HttpHandler - 

Request DefaultFullHttpRequest(decodeResult: success, version: HTTP/1.1, content: EmptyByteBufBE)
GET /session/566657fccef467be2dbfb2d8d7b8db24/screenshot HTTP/1.1
User-Agent: selenium/4.1.4 (java windows)
Cache-Control: no-cache
Content-Type: application/json; charset=utf-8
host: localhost:58509
accept: */*

Response DefaultHttpResponse(decodeResult: success, version: HTTP/1.1)
HTTP/1.1 200 OK
Content-Type: application/json; charset=utf-8
cache-control: no-cache
content-length: 139824

15:39:09.232 [AsyncHttpClient-1-2] DEBUG org.asynchttpclient.netty.channel.ChannelManager - Adding key: http://localhost:58509 for channel [id: 0xee7d4684, L:/127.0.0.1:59971 - R:localhost/127.0.0.1:58509]
15:39:09.234 [Test worker] DEBUG net.serenitybdd.core.photography.Darkroom - Send negative for processing for C:\Users\Administrador\Documents\Choucair\Choucair\ChoucairAutomation\target\site\serenity\bc76d923fbd04823740c790028db79424ccc1ad60b3d3d5fae28e56c1c596e4f.png
15:39:09.235 [Test worker] DEBUG net.thucydides.core.steps.StepInterceptor - STARTING STEP: CreateNewMeeting.performAs - {0} clicks on #target
15:39:09.235 [Darkroom Processing Line] DEBUG net.serenitybdd.core.photography.DarkroomProcessingLine - Processing screenshot image in /var/screenshots/screenshot-5457663075930611949
15:39:09.235 [Darkroom Processing Line] DEBUG net.serenitybdd.core.photography.DarkroomProcessingLine - Saving screenshot to C:\Users\Administrador\Documents\Choucair\Choucair\ChoucairAutomation\target\site\serenity\bc76d923fbd04823740c790028db79424ccc1ad60b3d3d5fae28e56c1c596e4f.png
15:39:09.236 [Test worker] DEBUG net.serenitybdd.screenplay.targets.IFrameSwitcher - default content already selected for input select meeting type
15:39:09.304 [Forwarding findElement on session 566657fccef467be2dbfb2d8d7b8db24 to remote] DEBUG org.asynchttpclient.netty.request.NettyRequestSender - Using pooled Channel '[id: 0xee7d4684, L:/127.0.0.1:59971 - R:localhost/127.0.0.1:58509]' for 'POST' to 'http://localhost:58509/session/566657fccef467be2dbfb2d8d7b8db24/element'
15:39:09.304 [Forwarding findElement on session 566657fccef467be2dbfb2d8d7b8db24 to remote] DEBUG org.asynchttpclient.netty.request.NettyRequestSender - Using open Channel [id: 0xee7d4684, L:/127.0.0.1:59971 - R:localhost/127.0.0.1:58509] for POST '/session/566657fccef467be2dbfb2d8d7b8db24/element'
15:39:09.314 [AsyncHttpClient-1-2] DEBUG org.asynchttpclient.netty.handler.HttpHandler - 

Request DefaultHttpRequest(decodeResult: success, version: HTTP/1.1)
POST /session/566657fccef467be2dbfb2d8d7b8db24/element HTTP/1.1
User-Agent: selenium/4.1.4 (java windows)
Content-Length: 106
Content-Type: application/json; charset=utf-8
host: localhost:58509
accept: */*

Response DefaultHttpResponse(decodeResult: success, version: HTTP/1.1)
HTTP/1.1 200 OK
Content-Type: application/json; charset=utf-8
cache-control: no-cache
content-length: 88

15:39:09.314 [AsyncHttpClient-1-2] DEBUG org.asynchttpclient.netty.channel.ChannelManager - Adding key: http://localhost:58509 for channel [id: 0xee7d4684, L:/127.0.0.1:59971 - R:localhost/127.0.0.1:58509]
15:39:09.324 [AsyncHttpClient-1-1] DEBUG org.asynchttpclient.netty.channel.DefaultChannelPool - Entry count for : http://localhost:58509 : 1
15:39:09.326 [Forwarding isElementDisplayed on session 566657fccef467be2dbfb2d8d7b8db24 to remote] DEBUG org.asynchttpclient.netty.request.NettyRequestSender - Using pooled Channel '[id: 0xee7d4684, L:/127.0.0.1:59971 - R:localhost/127.0.0.1:58509]' for 'POST' to 'http://localhost:58509/session/566657fccef467be2dbfb2d8d7b8db24/execute/sync'
15:39:09.327 [Forwarding isElementDisplayed on session 566657fccef467be2dbfb2d8d7b8db24 to remote] DEBUG org.asynchttpclient.netty.request.NettyRequestSender - Using open Channel [id: 0xee7d4684, L:/127.0.0.1:59971 - R:localhost/127.0.0.1:58509] for POST '/session/566657fccef467be2dbfb2d8d7b8db24/execute/sync'
15:39:09.335 [AsyncHttpClient-1-2] DEBUG org.asynchttpclient.netty.handler.HttpHandler - 

Request DefaultHttpRequest(decodeResult: success, version: HTTP/1.1)
POST /session/566657fccef467be2dbfb2d8d7b8db24/execute/sync HTTP/1.1
User-Agent: selenium/4.1.4 (java windows)
Content-Length: 48780
Content-Type: application/json; charset=utf-8
host: localhost:58509
accept: */*

Response DefaultHttpResponse(decodeResult: success, version: HTTP/1.1)
HTTP/1.1 200 OK
Content-Type: application/json; charset=utf-8
cache-control: no-cache
content-length: 14

15:39:09.335 [AsyncHttpClient-1-2] DEBUG org.asynchttpclient.netty.channel.ChannelManager - Adding key: http://localhost:58509 for channel [id: 0xee7d4684, L:/127.0.0.1:59971 - R:localhost/127.0.0.1:58509]
15:39:09.354 [Forwarding findElement on session 566657fccef467be2dbfb2d8d7b8db24 to remote] DEBUG org.asynchttpclient.netty.request.NettyRequestSender - Using pooled Channel '[id: 0xee7d4684, L:/127.0.0.1:59971 - R:localhost/127.0.0.1:58509]' for 'POST' to 'http://localhost:58509/session/566657fccef467be2dbfb2d8d7b8db24/element'
15:39:09.354 [Forwarding findElement on session 566657fccef467be2dbfb2d8d7b8db24 to remote] DEBUG org.asynchttpclient.netty.request.NettyRequestSender - Using open Channel [id: 0xee7d4684, L:/127.0.0.1:59971 - R:localhost/127.0.0.1:58509] for POST '/session/566657fccef467be2dbfb2d8d7b8db24/element'
15:39:09.362 [AsyncHttpClient-1-2] DEBUG org.asynchttpclient.netty.handler.HttpHandler - 

Request DefaultHttpRequest(decodeResult: success, version: HTTP/1.1)
POST /session/566657fccef467be2dbfb2d8d7b8db24/element HTTP/1.1
User-Agent: selenium/4.1.4 (java windows)
Content-Length: 106
Content-Type: application/json; charset=utf-8
host: localhost:58509
accept: */*

Response DefaultHttpResponse(decodeResult: success, version: HTTP/1.1)
HTTP/1.1 200 OK
Content-Type: application/json; charset=utf-8
cache-control: no-cache
content-length: 88

15:39:09.362 [AsyncHttpClient-1-2] DEBUG org.asynchttpclient.netty.channel.ChannelManager - Adding key: http://localhost:58509 for channel [id: 0xee7d4684, L:/127.0.0.1:59971 - R:localhost/127.0.0.1:58509]
15:39:09.363 [Forwarding clickElement on session 566657fccef467be2dbfb2d8d7b8db24 to remote] DEBUG org.asynchttpclient.netty.request.NettyRequestSender - Using pooled Channel '[id: 0xee7d4684, L:/127.0.0.1:59971 - R:localhost/127.0.0.1:58509]' for 'POST' to 'http://localhost:58509/session/566657fccef467be2dbfb2d8d7b8db24/element/42440b97-036a-463f-a564-7cdb023c8722/click'
15:39:09.363 [Forwarding clickElement on session 566657fccef467be2dbfb2d8d7b8db24 to remote] DEBUG org.asynchttpclient.netty.request.NettyRequestSender - Using open Channel [id: 0xee7d4684, L:/127.0.0.1:59971 - R:localhost/127.0.0.1:58509] for POST '/session/566657fccef467be2dbfb2d8d7b8db24/element/42440b97-036a-463f-a564-7cdb023c8722/click'
15:39:09.403 [AsyncHttpClient-1-2] DEBUG org.asynchttpclient.netty.handler.HttpHandler - 

Request DefaultHttpRequest(decodeResult: success, version: HTTP/1.1)
POST /session/566657fccef467be2dbfb2d8d7b8db24/element/42440b97-036a-463f-a564-7cdb023c8722/click HTTP/1.1
User-Agent: selenium/4.1.4 (java windows)
Content-Length: 50
Content-Type: application/json; charset=utf-8
host: localhost:58509
accept: */*

Response DefaultHttpResponse(decodeResult: success, version: HTTP/1.1)
HTTP/1.1 200 OK
Content-Type: application/json; charset=utf-8
cache-control: no-cache
content-length: 14

15:39:09.403 [AsyncHttpClient-1-2] DEBUG org.asynchttpclient.netty.channel.ChannelManager - Adding key: http://localhost:58509 for channel [id: 0xee7d4684, L:/127.0.0.1:59971 - R:localhost/127.0.0.1:58509]
15:39:09.425 [Forwarding screenshot on session 566657fccef467be2dbfb2d8d7b8db24 to remote] DEBUG org.asynchttpclient.netty.request.NettyRequestSender - Using pooled Channel '[id: 0xee7d4684, L:/127.0.0.1:59971 - R:localhost/127.0.0.1:58509]' for 'GET' to 'http://localhost:58509/session/566657fccef467be2dbfb2d8d7b8db24/screenshot'
15:39:09.425 [Forwarding screenshot on session 566657fccef467be2dbfb2d8d7b8db24 to remote] DEBUG org.asynchttpclient.netty.request.NettyRequestSender - Using open Channel [id: 0xee7d4684, L:/127.0.0.1:59971 - R:localhost/127.0.0.1:58509] for GET '/session/566657fccef467be2dbfb2d8d7b8db24/screenshot'
15:39:09.572 [AsyncHttpClient-1-2] DEBUG org.asynchttpclient.netty.handler.HttpHandler - 

Request DefaultFullHttpRequest(decodeResult: success, version: HTTP/1.1, content: EmptyByteBufBE)
GET /session/566657fccef467be2dbfb2d8d7b8db24/screenshot HTTP/1.1
User-Agent: selenium/4.1.4 (java windows)
Cache-Control: no-cache
Content-Type: application/json; charset=utf-8
host: localhost:58509
accept: */*

Response DefaultHttpResponse(decodeResult: success, version: HTTP/1.1)
HTTP/1.1 200 OK
Content-Type: application/json; charset=utf-8
cache-control: no-cache
content-length: 128424

15:39:09.572 [AsyncHttpClient-1-2] DEBUG org.asynchttpclient.netty.channel.ChannelManager - Adding key: http://localhost:58509 for channel [id: 0xee7d4684, L:/127.0.0.1:59971 - R:localhost/127.0.0.1:58509]
15:39:09.575 [Test worker] DEBUG net.serenitybdd.core.photography.Darkroom - Send negative for processing for C:\Users\Administrador\Documents\Choucair\Choucair\ChoucairAutomation\target\site\serenity\a610dfc17050aa1064ad53d3b274389e8ae6ece2c65fef6c04846b4c4243b888.png
15:39:09.576 [Darkroom Processing Line] DEBUG net.serenitybdd.core.photography.DarkroomProcessingLine - Processing screenshot image in /var/screenshots/screenshot-14311490790329395354
15:39:09.576 [Darkroom Processing Line] DEBUG net.serenitybdd.core.photography.DarkroomProcessingLine - Saving screenshot to C:\Users\Administrador\Documents\Choucair\Choucair\ChoucairAutomation\target\site\serenity\a610dfc17050aa1064ad53d3b274389e8ae6ece2c65fef6c04846b4c4243b888.png
15:39:09.594 [Test worker] DEBUG net.thucydides.core.steps.StepInterceptor - STEP DONE: {0} clicks on #target
15:39:09.627 [Forwarding screenshot on session 566657fccef467be2dbfb2d8d7b8db24 to remote] DEBUG org.asynchttpclient.netty.request.NettyRequestSender - Using pooled Channel '[id: 0xee7d4684, L:/127.0.0.1:59971 - R:localhost/127.0.0.1:58509]' for 'GET' to 'http://localhost:58509/session/566657fccef467be2dbfb2d8d7b8db24/screenshot'
15:39:09.627 [Forwarding screenshot on session 566657fccef467be2dbfb2d8d7b8db24 to remote] DEBUG org.asynchttpclient.netty.request.NettyRequestSender - Using open Channel [id: 0xee7d4684, L:/127.0.0.1:59971 - R:localhost/127.0.0.1:58509] for GET '/session/566657fccef467be2dbfb2d8d7b8db24/screenshot'
15:39:09.784 [AsyncHttpClient-1-2] DEBUG org.asynchttpclient.netty.handler.HttpHandler - 

Request DefaultFullHttpRequest(decodeResult: success, version: HTTP/1.1, content: EmptyByteBufBE)
GET /session/566657fccef467be2dbfb2d8d7b8db24/screenshot HTTP/1.1
User-Agent: selenium/4.1.4 (java windows)
Cache-Control: no-cache
Content-Type: application/json; charset=utf-8
host: localhost:58509
accept: */*

Response DefaultHttpResponse(decodeResult: success, version: HTTP/1.1)
HTTP/1.1 200 OK
Content-Type: application/json; charset=utf-8
cache-control: no-cache
content-length: 128300

15:39:09.784 [AsyncHttpClient-1-2] DEBUG org.asynchttpclient.netty.channel.ChannelManager - Adding key: http://localhost:58509 for channel [id: 0xee7d4684, L:/127.0.0.1:59971 - R:localhost/127.0.0.1:58509]
15:39:09.787 [Test worker] DEBUG net.serenitybdd.core.photography.Darkroom - Send negative for processing for C:\Users\Administrador\Documents\Choucair\Choucair\ChoucairAutomation\target\site\serenity\faa2a95759eb08f333c208ea42fa1bedb2129c002ae262182b21caad56a3b28e.png
15:39:09.787 [Test worker] DEBUG net.thucydides.core.steps.StepInterceptor - STEP DONE: !#title
15:39:09.787 [Darkroom Processing Line] DEBUG net.serenitybdd.core.photography.DarkroomProcessingLine - Processing screenshot image in /var/screenshots/screenshot-7283081661245838299
15:39:09.787 [Darkroom Processing Line] DEBUG net.serenitybdd.core.photography.DarkroomProcessingLine - Saving screenshot to C:\Users\Administrador\Documents\Choucair\Choucair\ChoucairAutomation\target\site\serenity\faa2a95759eb08f333c208ea42fa1bedb2129c002ae262182b21caad56a3b28e.png
15:39:09.813 [Test worker] DEBUG net.thucydides.core.steps.StepInterceptor - STARTING STEP: CreateNewMeeting.performAs - !#title
15:39:09.830 [Test worker] DEBUG net.thucydides.core.steps.StepInterceptor - STARTING STEP: CreateNewMeeting.performAs - {0} enters #theTextAsAString into #target
15:39:09.839 [Test worker] DEBUG net.serenitybdd.screenplay.targets.IFrameSwitcher - default content already selected for input start date
15:39:09.882 [Forwarding findElement on session 566657fccef467be2dbfb2d8d7b8db24 to remote] DEBUG org.asynchttpclient.netty.request.NettyRequestSender - Using pooled Channel '[id: 0xee7d4684, L:/127.0.0.1:59971 - R:localhost/127.0.0.1:58509]' for 'POST' to 'http://localhost:58509/session/566657fccef467be2dbfb2d8d7b8db24/element'
15:39:09.882 [Forwarding findElement on session 566657fccef467be2dbfb2d8d7b8db24 to remote] DEBUG org.asynchttpclient.netty.request.NettyRequestSender - Using open Channel [id: 0xee7d4684, L:/127.0.0.1:59971 - R:localhost/127.0.0.1:58509] for POST '/session/566657fccef467be2dbfb2d8d7b8db24/element'
15:39:09.892 [AsyncHttpClient-1-2] DEBUG org.asynchttpclient.netty.handler.HttpHandler - 

Request DefaultHttpRequest(decodeResult: success, version: HTTP/1.1)
POST /session/566657fccef467be2dbfb2d8d7b8db24/element HTTP/1.1
User-Agent: selenium/4.1.4 (java windows)
Content-Length: 117
Content-Type: application/json; charset=utf-8
host: localhost:58509
accept: */*

Response DefaultHttpResponse(decodeResult: success, version: HTTP/1.1)
HTTP/1.1 200 OK
Content-Type: application/json; charset=utf-8
cache-control: no-cache
content-length: 88

15:39:09.892 [AsyncHttpClient-1-2] DEBUG org.asynchttpclient.netty.channel.ChannelManager - Adding key: http://localhost:58509 for channel [id: 0xee7d4684, L:/127.0.0.1:59971 - R:localhost/127.0.0.1:58509]
15:39:09.894 [Forwarding clearElement on session 566657fccef467be2dbfb2d8d7b8db24 to remote] DEBUG org.asynchttpclient.netty.request.NettyRequestSender - Using pooled Channel '[id: 0xee7d4684, L:/127.0.0.1:59971 - R:localhost/127.0.0.1:58509]' for 'POST' to 'http://localhost:58509/session/566657fccef467be2dbfb2d8d7b8db24/element/86e1fc94-c580-4e4d-b27a-89c061ce9371/clear'
15:39:09.894 [Forwarding clearElement on session 566657fccef467be2dbfb2d8d7b8db24 to remote] DEBUG org.asynchttpclient.netty.request.NettyRequestSender - Using open Channel [id: 0xee7d4684, L:/127.0.0.1:59971 - R:localhost/127.0.0.1:58509] for POST '/session/566657fccef467be2dbfb2d8d7b8db24/element/86e1fc94-c580-4e4d-b27a-89c061ce9371/clear'
15:39:09.925 [AsyncHttpClient-1-2] DEBUG org.asynchttpclient.netty.handler.HttpHandler - 

Request DefaultHttpRequest(decodeResult: success, version: HTTP/1.1)
POST /session/566657fccef467be2dbfb2d8d7b8db24/element/86e1fc94-c580-4e4d-b27a-89c061ce9371/clear HTTP/1.1
User-Agent: selenium/4.1.4 (java windows)
Content-Length: 50
Content-Type: application/json; charset=utf-8
host: localhost:58509
accept: */*

Response DefaultHttpResponse(decodeResult: success, version: HTTP/1.1)
HTTP/1.1 200 OK
Content-Type: application/json; charset=utf-8
cache-control: no-cache
content-length: 14

15:39:09.925 [AsyncHttpClient-1-2] DEBUG org.asynchttpclient.netty.channel.ChannelManager - Adding key: http://localhost:58509 for channel [id: 0xee7d4684, L:/127.0.0.1:59971 - R:localhost/127.0.0.1:58509]
15:39:09.937 [Forwarding sendKeysToElement on session 566657fccef467be2dbfb2d8d7b8db24 to remote] DEBUG org.asynchttpclient.netty.request.NettyRequestSender - Using pooled Channel '[id: 0xee7d4684, L:/127.0.0.1:59971 - R:localhost/127.0.0.1:58509]' for 'POST' to 'http://localhost:58509/session/566657fccef467be2dbfb2d8d7b8db24/element/86e1fc94-c580-4e4d-b27a-89c061ce9371/value'
15:39:09.937 [Forwarding sendKeysToElement on session 566657fccef467be2dbfb2d8d7b8db24 to remote] DEBUG org.asynchttpclient.netty.request.NettyRequestSender - Using open Channel [id: 0xee7d4684, L:/127.0.0.1:59971 - R:localhost/127.0.0.1:58509] for POST '/session/566657fccef467be2dbfb2d8d7b8db24/element/86e1fc94-c580-4e4d-b27a-89c061ce9371/value'
15:39:09.992 [AsyncHttpClient-1-2] DEBUG org.asynchttpclient.netty.handler.HttpHandler - 

Request DefaultHttpRequest(decodeResult: success, version: HTTP/1.1)
POST /session/566657fccef467be2dbfb2d8d7b8db24/element/86e1fc94-c580-4e4d-b27a-89c061ce9371/value HTTP/1.1
User-Agent: selenium/4.1.4 (java windows)
Content-Length: 201
Content-Type: application/json; charset=utf-8
host: localhost:58509
accept: */*

Response DefaultHttpResponse(decodeResult: success, version: HTTP/1.1)
HTTP/1.1 200 OK
Content-Type: application/json; charset=utf-8
cache-control: no-cache
content-length: 14

15:39:09.993 [AsyncHttpClient-1-2] DEBUG org.asynchttpclient.netty.channel.ChannelManager - Adding key: http://localhost:58509 for channel [id: 0xee7d4684, L:/127.0.0.1:59971 - R:localhost/127.0.0.1:58509]
15:39:10.008 [Forwarding screenshot on session 566657fccef467be2dbfb2d8d7b8db24 to remote] DEBUG org.asynchttpclient.netty.request.NettyRequestSender - Using pooled Channel '[id: 0xee7d4684, L:/127.0.0.1:59971 - R:localhost/127.0.0.1:58509]' for 'GET' to 'http://localhost:58509/session/566657fccef467be2dbfb2d8d7b8db24/screenshot'
15:39:10.008 [Forwarding screenshot on session 566657fccef467be2dbfb2d8d7b8db24 to remote] DEBUG org.asynchttpclient.netty.request.NettyRequestSender - Using open Channel [id: 0xee7d4684, L:/127.0.0.1:59971 - R:localhost/127.0.0.1:58509] for GET '/session/566657fccef467be2dbfb2d8d7b8db24/screenshot'
15:39:10.151 [AsyncHttpClient-1-2] DEBUG org.asynchttpclient.netty.handler.HttpHandler - 

Request DefaultFullHttpRequest(decodeResult: success, version: HTTP/1.1, content: EmptyByteBufBE)
GET /session/566657fccef467be2dbfb2d8d7b8db24/screenshot HTTP/1.1
User-Agent: selenium/4.1.4 (java windows)
Cache-Control: no-cache
Content-Type: application/json; charset=utf-8
host: localhost:58509
accept: */*

Response DefaultHttpResponse(decodeResult: success, version: HTTP/1.1)
HTTP/1.1 200 OK
Content-Type: application/json; charset=utf-8
cache-control: no-cache
content-length: 132412

15:39:10.151 [AsyncHttpClient-1-2] DEBUG org.asynchttpclient.netty.channel.ChannelManager - Adding key: http://localhost:58509 for channel [id: 0xee7d4684, L:/127.0.0.1:59971 - R:localhost/127.0.0.1:58509]
15:39:10.155 [Test worker] DEBUG net.serenitybdd.core.photography.Darkroom - Send negative for processing for C:\Users\Administrador\Documents\Choucair\Choucair\ChoucairAutomation\target\site\serenity\4ba588a0ae6e6710821666a08a971e2d15e08c049ab809ad4d0b11983f3a05da.png
15:39:10.155 [Darkroom Processing Line] DEBUG net.serenitybdd.core.photography.DarkroomProcessingLine - Processing screenshot image in /var/screenshots/screenshot-17189341462629113547
15:39:10.155 [Darkroom Processing Line] DEBUG net.serenitybdd.core.photography.DarkroomProcessingLine - Saving screenshot to C:\Users\Administrador\Documents\Choucair\Choucair\ChoucairAutomation\target\site\serenity\4ba588a0ae6e6710821666a08a971e2d15e08c049ab809ad4d0b11983f3a05da.png
15:39:10.185 [Test worker] DEBUG net.thucydides.core.steps.StepInterceptor - STEP DONE: {0} enters #theTextAsAString into #target
15:39:10.212 [Forwarding screenshot on session 566657fccef467be2dbfb2d8d7b8db24 to remote] DEBUG org.asynchttpclient.netty.request.NettyRequestSender - Using pooled Channel '[id: 0xee7d4684, L:/127.0.0.1:59971 - R:localhost/127.0.0.1:58509]' for 'GET' to 'http://localhost:58509/session/566657fccef467be2dbfb2d8d7b8db24/screenshot'
15:39:10.213 [Forwarding screenshot on session 566657fccef467be2dbfb2d8d7b8db24 to remote] DEBUG org.asynchttpclient.netty.request.NettyRequestSender - Using open Channel [id: 0xee7d4684, L:/127.0.0.1:59971 - R:localhost/127.0.0.1:58509] for GET '/session/566657fccef467be2dbfb2d8d7b8db24/screenshot'
15:39:10.371 [AsyncHttpClient-1-2] DEBUG org.asynchttpclient.netty.handler.HttpHandler - 

Request DefaultFullHttpRequest(decodeResult: success, version: HTTP/1.1, content: EmptyByteBufBE)
GET /session/566657fccef467be2dbfb2d8d7b8db24/screenshot HTTP/1.1
User-Agent: selenium/4.1.4 (java windows)
Cache-Control: no-cache
Content-Type: application/json; charset=utf-8
host: localhost:58509
accept: */*

Response DefaultHttpResponse(decodeResult: success, version: HTTP/1.1)
HTTP/1.1 200 OK
Content-Type: application/json; charset=utf-8
cache-control: no-cache
content-length: 132756

15:39:10.371 [AsyncHttpClient-1-2] DEBUG org.asynchttpclient.netty.channel.ChannelManager - Adding key: http://localhost:58509 for channel [id: 0xee7d4684, L:/127.0.0.1:59971 - R:localhost/127.0.0.1:58509]
15:39:10.374 [Test worker] DEBUG net.serenitybdd.core.photography.Darkroom - Send negative for processing for C:\Users\Administrador\Documents\Choucair\Choucair\ChoucairAutomation\target\site\serenity\c779c676d34eae38dc283be7377b2db2ed9e6cf15dee61f76bd84424534b0698.png
15:39:10.375 [Test worker] DEBUG net.thucydides.core.steps.StepInterceptor - STEP DONE: !#title
15:39:10.375 [Darkroom Processing Line] DEBUG net.serenitybdd.core.photography.DarkroomProcessingLine - Processing screenshot image in /var/screenshots/screenshot-13212890200057136434
15:39:10.375 [Darkroom Processing Line] DEBUG net.serenitybdd.core.photography.DarkroomProcessingLine - Saving screenshot to C:\Users\Administrador\Documents\Choucair\Choucair\ChoucairAutomation\target\site\serenity\c779c676d34eae38dc283be7377b2db2ed9e6cf15dee61f76bd84424534b0698.png
15:39:10.401 [Test worker] DEBUG net.thucydides.core.steps.StepInterceptor - STARTING STEP: CreateNewMeeting.performAs - !#title
15:39:10.423 [AsyncHttpClient-1-1] DEBUG org.asynchttpclient.netty.channel.DefaultChannelPool - Entry count for : http://localhost:58509 : 1
15:39:10.425 [Forwarding screenshot on session 566657fccef467be2dbfb2d8d7b8db24 to remote] DEBUG org.asynchttpclient.netty.request.NettyRequestSender - Using pooled Channel '[id: 0xee7d4684, L:/127.0.0.1:59971 - R:localhost/127.0.0.1:58509]' for 'GET' to 'http://localhost:58509/session/566657fccef467be2dbfb2d8d7b8db24/screenshot'
15:39:10.425 [Forwarding screenshot on session 566657fccef467be2dbfb2d8d7b8db24 to remote] DEBUG org.asynchttpclient.netty.request.NettyRequestSender - Using open Channel [id: 0xee7d4684, L:/127.0.0.1:59971 - R:localhost/127.0.0.1:58509] for GET '/session/566657fccef467be2dbfb2d8d7b8db24/screenshot'
15:39:10.553 [AsyncHttpClient-1-2] DEBUG org.asynchttpclient.netty.handler.HttpHandler - 

Request DefaultFullHttpRequest(decodeResult: success, version: HTTP/1.1, content: EmptyByteBufBE)
GET /session/566657fccef467be2dbfb2d8d7b8db24/screenshot HTTP/1.1
User-Agent: selenium/4.1.4 (java windows)
Cache-Control: no-cache
Content-Type: application/json; charset=utf-8
host: localhost:58509
accept: */*

Response DefaultHttpResponse(decodeResult: success, version: HTTP/1.1)
HTTP/1.1 200 OK
Content-Type: application/json; charset=utf-8
cache-control: no-cache
content-length: 132484

15:39:10.553 [AsyncHttpClient-1-2] DEBUG org.asynchttpclient.netty.channel.ChannelManager - Adding key: http://localhost:58509 for channel [id: 0xee7d4684, L:/127.0.0.1:59971 - R:localhost/127.0.0.1:58509]
15:39:10.556 [Test worker] DEBUG net.serenitybdd.core.photography.Darkroom - Send negative for processing for C:\Users\Administrador\Documents\Choucair\Choucair\ChoucairAutomation\target\site\serenity\6981ca79fa4db29d52039c521c7f96ce82d43450a759cd452451e8117fcd6477.png
15:39:10.556 [Test worker] DEBUG net.thucydides.core.steps.StepInterceptor - STARTING STEP: CreateNewMeeting.performAs - {0} clicks on #target
15:39:10.556 [Darkroom Processing Line] DEBUG net.serenitybdd.core.photography.DarkroomProcessingLine - Processing screenshot image in /var/screenshots/screenshot-7619466237946585950
15:39:10.556 [Darkroom Processing Line] DEBUG net.serenitybdd.core.photography.DarkroomProcessingLine - Saving screenshot to C:\Users\Administrador\Documents\Choucair\Choucair\ChoucairAutomation\target\site\serenity\6981ca79fa4db29d52039c521c7f96ce82d43450a759cd452451e8117fcd6477.png
15:39:10.557 [Test worker] DEBUG net.serenitybdd.screenplay.targets.IFrameSwitcher - default content already selected for list from item location
15:39:10.625 [Forwarding findElement on session 566657fccef467be2dbfb2d8d7b8db24 to remote] DEBUG org.asynchttpclient.netty.request.NettyRequestSender - Using pooled Channel '[id: 0xee7d4684, L:/127.0.0.1:59971 - R:localhost/127.0.0.1:58509]' for 'POST' to 'http://localhost:58509/session/566657fccef467be2dbfb2d8d7b8db24/element'
15:39:10.625 [Forwarding findElement on session 566657fccef467be2dbfb2d8d7b8db24 to remote] DEBUG org.asynchttpclient.netty.request.NettyRequestSender - Using open Channel [id: 0xee7d4684, L:/127.0.0.1:59971 - R:localhost/127.0.0.1:58509] for POST '/session/566657fccef467be2dbfb2d8d7b8db24/element'
15:39:10.636 [AsyncHttpClient-1-2] DEBUG org.asynchttpclient.netty.handler.HttpHandler - 

Request DefaultHttpRequest(decodeResult: success, version: HTTP/1.1)
POST /session/566657fccef467be2dbfb2d8d7b8db24/element HTTP/1.1
User-Agent: selenium/4.1.4 (java windows)
Content-Length: 65
Content-Type: application/json; charset=utf-8
host: localhost:58509
accept: */*

Response DefaultHttpResponse(decodeResult: success, version: HTTP/1.1)
HTTP/1.1 200 OK
Content-Type: application/json; charset=utf-8
cache-control: no-cache
content-length: 88

15:39:10.636 [AsyncHttpClient-1-2] DEBUG org.asynchttpclient.netty.channel.ChannelManager - Adding key: http://localhost:58509 for channel [id: 0xee7d4684, L:/127.0.0.1:59971 - R:localhost/127.0.0.1:58509]
15:39:10.652 [Forwarding isElementDisplayed on session 566657fccef467be2dbfb2d8d7b8db24 to remote] DEBUG org.asynchttpclient.netty.request.NettyRequestSender - Using pooled Channel '[id: 0xee7d4684, L:/127.0.0.1:59971 - R:localhost/127.0.0.1:58509]' for 'POST' to 'http://localhost:58509/session/566657fccef467be2dbfb2d8d7b8db24/execute/sync'
15:39:10.652 [Forwarding isElementDisplayed on session 566657fccef467be2dbfb2d8d7b8db24 to remote] DEBUG org.asynchttpclient.netty.request.NettyRequestSender - Using open Channel [id: 0xee7d4684, L:/127.0.0.1:59971 - R:localhost/127.0.0.1:58509] for POST '/session/566657fccef467be2dbfb2d8d7b8db24/execute/sync'
15:39:10.662 [AsyncHttpClient-1-2] DEBUG org.asynchttpclient.netty.handler.HttpHandler - 

Request DefaultHttpRequest(decodeResult: success, version: HTTP/1.1)
POST /session/566657fccef467be2dbfb2d8d7b8db24/execute/sync HTTP/1.1
User-Agent: selenium/4.1.4 (java windows)
Content-Length: 48780
Content-Type: application/json; charset=utf-8
host: localhost:58509
accept: */*

Response DefaultHttpResponse(decodeResult: success, version: HTTP/1.1)
HTTP/1.1 200 OK
Content-Type: application/json; charset=utf-8
cache-control: no-cache
content-length: 14

15:39:10.662 [AsyncHttpClient-1-2] DEBUG org.asynchttpclient.netty.channel.ChannelManager - Adding key: http://localhost:58509 for channel [id: 0xee7d4684, L:/127.0.0.1:59971 - R:localhost/127.0.0.1:58509]
15:39:10.684 [Forwarding findElement on session 566657fccef467be2dbfb2d8d7b8db24 to remote] DEBUG org.asynchttpclient.netty.request.NettyRequestSender - Using pooled Channel '[id: 0xee7d4684, L:/127.0.0.1:59971 - R:localhost/127.0.0.1:58509]' for 'POST' to 'http://localhost:58509/session/566657fccef467be2dbfb2d8d7b8db24/element'
15:39:10.684 [Forwarding findElement on session 566657fccef467be2dbfb2d8d7b8db24 to remote] DEBUG org.asynchttpclient.netty.request.NettyRequestSender - Using open Channel [id: 0xee7d4684, L:/127.0.0.1:59971 - R:localhost/127.0.0.1:58509] for POST '/session/566657fccef467be2dbfb2d8d7b8db24/element'
15:39:10.689 [AsyncHttpClient-1-2] DEBUG org.asynchttpclient.netty.handler.HttpHandler - 

Request DefaultHttpRequest(decodeResult: success, version: HTTP/1.1)
POST /session/566657fccef467be2dbfb2d8d7b8db24/element HTTP/1.1
User-Agent: selenium/4.1.4 (java windows)
Content-Length: 65
Content-Type: application/json; charset=utf-8
host: localhost:58509
accept: */*

Response DefaultHttpResponse(decodeResult: success, version: HTTP/1.1)
HTTP/1.1 200 OK
Content-Type: application/json; charset=utf-8
cache-control: no-cache
content-length: 88

15:39:10.690 [AsyncHttpClient-1-2] DEBUG org.asynchttpclient.netty.channel.ChannelManager - Adding key: http://localhost:58509 for channel [id: 0xee7d4684, L:/127.0.0.1:59971 - R:localhost/127.0.0.1:58509]
15:39:10.691 [Forwarding clickElement on session 566657fccef467be2dbfb2d8d7b8db24 to remote] DEBUG org.asynchttpclient.netty.request.NettyRequestSender - Using pooled Channel '[id: 0xee7d4684, L:/127.0.0.1:59971 - R:localhost/127.0.0.1:58509]' for 'POST' to 'http://localhost:58509/session/566657fccef467be2dbfb2d8d7b8db24/element/f52ef9b5-f2bc-4584-b683-eb93118d432d/click'
15:39:10.691 [Forwarding clickElement on session 566657fccef467be2dbfb2d8d7b8db24 to remote] DEBUG org.asynchttpclient.netty.request.NettyRequestSender - Using open Channel [id: 0xee7d4684, L:/127.0.0.1:59971 - R:localhost/127.0.0.1:58509] for POST '/session/566657fccef467be2dbfb2d8d7b8db24/element/f52ef9b5-f2bc-4584-b683-eb93118d432d/click'
15:39:10.742 [AsyncHttpClient-1-2] DEBUG org.asynchttpclient.netty.handler.HttpHandler - 

Request DefaultHttpRequest(decodeResult: success, version: HTTP/1.1)
POST /session/566657fccef467be2dbfb2d8d7b8db24/element/f52ef9b5-f2bc-4584-b683-eb93118d432d/click HTTP/1.1
User-Agent: selenium/4.1.4 (java windows)
Content-Length: 50
Content-Type: application/json; charset=utf-8
host: localhost:58509
accept: */*

Response DefaultHttpResponse(decodeResult: success, version: HTTP/1.1)
HTTP/1.1 200 OK
Content-Type: application/json; charset=utf-8
cache-control: no-cache
content-length: 14

15:39:10.742 [AsyncHttpClient-1-2] DEBUG org.asynchttpclient.netty.channel.ChannelManager - Adding key: http://localhost:58509 for channel [id: 0xee7d4684, L:/127.0.0.1:59971 - R:localhost/127.0.0.1:58509]
15:39:10.760 [Forwarding screenshot on session 566657fccef467be2dbfb2d8d7b8db24 to remote] DEBUG org.asynchttpclient.netty.request.NettyRequestSender - Using pooled Channel '[id: 0xee7d4684, L:/127.0.0.1:59971 - R:localhost/127.0.0.1:58509]' for 'GET' to 'http://localhost:58509/session/566657fccef467be2dbfb2d8d7b8db24/screenshot'
15:39:10.760 [Forwarding screenshot on session 566657fccef467be2dbfb2d8d7b8db24 to remote] DEBUG org.asynchttpclient.netty.request.NettyRequestSender - Using open Channel [id: 0xee7d4684, L:/127.0.0.1:59971 - R:localhost/127.0.0.1:58509] for GET '/session/566657fccef467be2dbfb2d8d7b8db24/screenshot'
15:39:10.916 [AsyncHttpClient-1-2] DEBUG org.asynchttpclient.netty.handler.HttpHandler - 

Request DefaultFullHttpRequest(decodeResult: success, version: HTTP/1.1, content: EmptyByteBufBE)
GET /session/566657fccef467be2dbfb2d8d7b8db24/screenshot HTTP/1.1
User-Agent: selenium/4.1.4 (java windows)
Cache-Control: no-cache
Content-Type: application/json; charset=utf-8
host: localhost:58509
accept: */*

Response DefaultHttpResponse(decodeResult: success, version: HTTP/1.1)
HTTP/1.1 200 OK
Content-Type: application/json; charset=utf-8
cache-control: no-cache
content-length: 131784

15:39:10.916 [AsyncHttpClient-1-2] DEBUG org.asynchttpclient.netty.channel.ChannelManager - Adding key: http://localhost:58509 for channel [id: 0xee7d4684, L:/127.0.0.1:59971 - R:localhost/127.0.0.1:58509]
15:39:10.919 [Test worker] DEBUG net.serenitybdd.core.photography.Darkroom - Send negative for processing for C:\Users\Administrador\Documents\Choucair\Choucair\ChoucairAutomation\target\site\serenity\d52b2602bafe21fb0aa4ecd7ca714e4a46bb384b085af7cda55beecd417dd072.png
15:39:10.919 [Darkroom Processing Line] DEBUG net.serenitybdd.core.photography.DarkroomProcessingLine - Processing screenshot image in /var/screenshots/screenshot-4944749143549196931
15:39:10.919 [Darkroom Processing Line] DEBUG net.serenitybdd.core.photography.DarkroomProcessingLine - Saving screenshot to C:\Users\Administrador\Documents\Choucair\Choucair\ChoucairAutomation\target\site\serenity\d52b2602bafe21fb0aa4ecd7ca714e4a46bb384b085af7cda55beecd417dd072.png
15:39:10.936 [Test worker] DEBUG net.thucydides.core.steps.StepInterceptor - STEP DONE: {0} clicks on #target
15:39:10.968 [Test worker] DEBUG net.serenitybdd.screenplay.targets.IFrameSwitcher - default content already selected for location select list
15:39:10.981 [Forwarding findElements on session 566657fccef467be2dbfb2d8d7b8db24 to remote] DEBUG org.asynchttpclient.netty.request.NettyRequestSender - Using pooled Channel '[id: 0xee7d4684, L:/127.0.0.1:59971 - R:localhost/127.0.0.1:58509]' for 'POST' to 'http://localhost:58509/session/566657fccef467be2dbfb2d8d7b8db24/elements'
15:39:10.981 [Forwarding findElements on session 566657fccef467be2dbfb2d8d7b8db24 to remote] DEBUG org.asynchttpclient.netty.request.NettyRequestSender - Using open Channel [id: 0xee7d4684, L:/127.0.0.1:59971 - R:localhost/127.0.0.1:58509] for POST '/session/566657fccef467be2dbfb2d8d7b8db24/elements'
15:39:10.991 [AsyncHttpClient-1-2] DEBUG org.asynchttpclient.netty.handler.HttpHandler - 

Request DefaultHttpRequest(decodeResult: success, version: HTTP/1.1)
POST /session/566657fccef467be2dbfb2d8d7b8db24/elements HTTP/1.1
User-Agent: selenium/4.1.4 (java windows)
Content-Length: 103
Content-Type: application/json; charset=utf-8
host: localhost:58509
accept: */*

Response DefaultHttpResponse(decodeResult: success, version: HTTP/1.1)
HTTP/1.1 200 OK
Content-Type: application/json; charset=utf-8
cache-control: no-cache
content-length: 90

15:39:10.991 [AsyncHttpClient-1-2] DEBUG org.asynchttpclient.netty.channel.ChannelManager - Adding key: http://localhost:58509 for channel [id: 0xee7d4684, L:/127.0.0.1:59971 - R:localhost/127.0.0.1:58509]
15:39:11.021 [Forwarding isElementDisplayed on session 566657fccef467be2dbfb2d8d7b8db24 to remote] DEBUG org.asynchttpclient.netty.request.NettyRequestSender - Using pooled Channel '[id: 0xee7d4684, L:/127.0.0.1:59971 - R:localhost/127.0.0.1:58509]' for 'POST' to 'http://localhost:58509/session/566657fccef467be2dbfb2d8d7b8db24/execute/sync'
15:39:11.021 [Forwarding isElementDisplayed on session 566657fccef467be2dbfb2d8d7b8db24 to remote] DEBUG org.asynchttpclient.netty.request.NettyRequestSender - Using open Channel [id: 0xee7d4684, L:/127.0.0.1:59971 - R:localhost/127.0.0.1:58509] for POST '/session/566657fccef467be2dbfb2d8d7b8db24/execute/sync'
15:39:11.048 [AsyncHttpClient-1-2] DEBUG org.asynchttpclient.netty.handler.HttpHandler - 

Request DefaultHttpRequest(decodeResult: success, version: HTTP/1.1)
POST /session/566657fccef467be2dbfb2d8d7b8db24/execute/sync HTTP/1.1
User-Agent: selenium/4.1.4 (java windows)
Content-Length: 48780
Content-Type: application/json; charset=utf-8
host: localhost:58509
accept: */*

Response DefaultHttpResponse(decodeResult: success, version: HTTP/1.1)
HTTP/1.1 200 OK
Content-Type: application/json; charset=utf-8
cache-control: no-cache
content-length: 14

15:39:11.048 [AsyncHttpClient-1-2] DEBUG org.asynchttpclient.netty.channel.ChannelManager - Adding key: http://localhost:58509 for channel [id: 0xee7d4684, L:/127.0.0.1:59971 - R:localhost/127.0.0.1:58509]
15:39:11.052 [Forwarding isElementDisplayed on session 566657fccef467be2dbfb2d8d7b8db24 to remote] DEBUG org.asynchttpclient.netty.request.NettyRequestSender - Using pooled Channel '[id: 0xee7d4684, L:/127.0.0.1:59971 - R:localhost/127.0.0.1:58509]' for 'POST' to 'http://localhost:58509/session/566657fccef467be2dbfb2d8d7b8db24/execute/sync'
15:39:11.052 [Forwarding isElementDisplayed on session 566657fccef467be2dbfb2d8d7b8db24 to remote] DEBUG org.asynchttpclient.netty.request.NettyRequestSender - Using open Channel [id: 0xee7d4684, L:/127.0.0.1:59971 - R:localhost/127.0.0.1:58509] for POST '/session/566657fccef467be2dbfb2d8d7b8db24/execute/sync'
15:39:11.061 [AsyncHttpClient-1-2] DEBUG org.asynchttpclient.netty.handler.HttpHandler - 

Request DefaultHttpRequest(decodeResult: success, version: HTTP/1.1)
POST /session/566657fccef467be2dbfb2d8d7b8db24/execute/sync HTTP/1.1
User-Agent: selenium/4.1.4 (java windows)
Content-Length: 48780
Content-Type: application/json; charset=utf-8
host: localhost:58509
accept: */*

Response DefaultHttpResponse(decodeResult: success, version: HTTP/1.1)
HTTP/1.1 200 OK
Content-Type: application/json; charset=utf-8
cache-control: no-cache
content-length: 14

15:39:11.061 [AsyncHttpClient-1-2] DEBUG org.asynchttpclient.netty.channel.ChannelManager - Adding key: http://localhost:58509 for channel [id: 0xee7d4684, L:/127.0.0.1:59971 - R:localhost/127.0.0.1:58509]
15:39:11.095 [Forwarding screenshot on session 566657fccef467be2dbfb2d8d7b8db24 to remote] DEBUG org.asynchttpclient.netty.request.NettyRequestSender - Using pooled Channel '[id: 0xee7d4684, L:/127.0.0.1:59971 - R:localhost/127.0.0.1:58509]' for 'GET' to 'http://localhost:58509/session/566657fccef467be2dbfb2d8d7b8db24/screenshot'
15:39:11.095 [Forwarding screenshot on session 566657fccef467be2dbfb2d8d7b8db24 to remote] DEBUG org.asynchttpclient.netty.request.NettyRequestSender - Using open Channel [id: 0xee7d4684, L:/127.0.0.1:59971 - R:localhost/127.0.0.1:58509] for GET '/session/566657fccef467be2dbfb2d8d7b8db24/screenshot'
15:39:11.186 [AsyncHttpClient-1-2] DEBUG org.asynchttpclient.netty.handler.HttpHandler - 

Request DefaultFullHttpRequest(decodeResult: success, version: HTTP/1.1, content: EmptyByteBufBE)
GET /session/566657fccef467be2dbfb2d8d7b8db24/screenshot HTTP/1.1
User-Agent: selenium/4.1.4 (java windows)
Cache-Control: no-cache
Content-Type: application/json; charset=utf-8
host: localhost:58509
accept: */*

Response DefaultHttpResponse(decodeResult: success, version: HTTP/1.1)
HTTP/1.1 200 OK
Content-Type: application/json; charset=utf-8
cache-control: no-cache
content-length: 130652

15:39:11.186 [AsyncHttpClient-1-2] DEBUG org.asynchttpclient.netty.channel.ChannelManager - Adding key: http://localhost:58509 for channel [id: 0xee7d4684, L:/127.0.0.1:59971 - R:localhost/127.0.0.1:58509]
15:39:11.190 [Test worker] DEBUG net.serenitybdd.core.photography.Darkroom - Send negative for processing for C:\Users\Administrador\Documents\Choucair\Choucair\ChoucairAutomation\target\site\serenity\fda58043cd92e0719027931644c5889d4937934a9019e5bd585b5ad20d1b42e7.png
15:39:11.190 [Test worker] DEBUG net.thucydides.core.steps.StepInterceptor - STARTING STEP: CreateNewMeeting.performAs - {0} clicks on #target
15:39:11.190 [Darkroom Processing Line] DEBUG net.serenitybdd.core.photography.DarkroomProcessingLine - Processing screenshot image in /var/screenshots/screenshot-8462479521038661431
15:39:11.190 [Darkroom Processing Line] DEBUG net.serenitybdd.core.photography.DarkroomProcessingLine - Saving screenshot to C:\Users\Administrador\Documents\Choucair\Choucair\ChoucairAutomation\target\site\serenity\fda58043cd92e0719027931644c5889d4937934a9019e5bd585b5ad20d1b42e7.png
15:39:11.190 [Test worker] DEBUG net.serenitybdd.screenplay.targets.IFrameSwitcher - default content already selected for location select list
15:39:11.289 [Forwarding findElement on session 566657fccef467be2dbfb2d8d7b8db24 to remote] DEBUG org.asynchttpclient.netty.request.NettyRequestSender - Using pooled Channel '[id: 0xee7d4684, L:/127.0.0.1:59971 - R:localhost/127.0.0.1:58509]' for 'POST' to 'http://localhost:58509/session/566657fccef467be2dbfb2d8d7b8db24/element'
15:39:11.289 [Forwarding findElement on session 566657fccef467be2dbfb2d8d7b8db24 to remote] DEBUG org.asynchttpclient.netty.request.NettyRequestSender - Using open Channel [id: 0xee7d4684, L:/127.0.0.1:59971 - R:localhost/127.0.0.1:58509] for POST '/session/566657fccef467be2dbfb2d8d7b8db24/element'
15:39:11.299 [AsyncHttpClient-1-2] DEBUG org.asynchttpclient.netty.handler.HttpHandler - 

Request DefaultHttpRequest(decodeResult: success, version: HTTP/1.1)
POST /session/566657fccef467be2dbfb2d8d7b8db24/element HTTP/1.1
User-Agent: selenium/4.1.4 (java windows)
Content-Length: 103
Content-Type: application/json; charset=utf-8
host: localhost:58509
accept: */*

Response DefaultHttpResponse(decodeResult: success, version: HTTP/1.1)
HTTP/1.1 200 OK
Content-Type: application/json; charset=utf-8
cache-control: no-cache
content-length: 88

15:39:11.299 [AsyncHttpClient-1-2] DEBUG org.asynchttpclient.netty.channel.ChannelManager - Adding key: http://localhost:58509 for channel [id: 0xee7d4684, L:/127.0.0.1:59971 - R:localhost/127.0.0.1:58509]
15:39:11.318 [Forwarding isElementDisplayed on session 566657fccef467be2dbfb2d8d7b8db24 to remote] DEBUG org.asynchttpclient.netty.request.NettyRequestSender - Using pooled Channel '[id: 0xee7d4684, L:/127.0.0.1:59971 - R:localhost/127.0.0.1:58509]' for 'POST' to 'http://localhost:58509/session/566657fccef467be2dbfb2d8d7b8db24/execute/sync'
15:39:11.318 [Forwarding isElementDisplayed on session 566657fccef467be2dbfb2d8d7b8db24 to remote] DEBUG org.asynchttpclient.netty.request.NettyRequestSender - Using open Channel [id: 0xee7d4684, L:/127.0.0.1:59971 - R:localhost/127.0.0.1:58509] for POST '/session/566657fccef467be2dbfb2d8d7b8db24/execute/sync'
15:39:11.326 [AsyncHttpClient-1-2] DEBUG org.asynchttpclient.netty.handler.HttpHandler - 

Request DefaultHttpRequest(decodeResult: success, version: HTTP/1.1)
POST /session/566657fccef467be2dbfb2d8d7b8db24/execute/sync HTTP/1.1
User-Agent: selenium/4.1.4 (java windows)
Content-Length: 48780
Content-Type: application/json; charset=utf-8
host: localhost:58509
accept: */*

Response DefaultHttpResponse(decodeResult: success, version: HTTP/1.1)
HTTP/1.1 200 OK
Content-Type: application/json; charset=utf-8
cache-control: no-cache
content-length: 14

15:39:11.326 [AsyncHttpClient-1-2] DEBUG org.asynchttpclient.netty.channel.ChannelManager - Adding key: http://localhost:58509 for channel [id: 0xee7d4684, L:/127.0.0.1:59971 - R:localhost/127.0.0.1:58509]
15:39:11.347 [Forwarding findElement on session 566657fccef467be2dbfb2d8d7b8db24 to remote] DEBUG org.asynchttpclient.netty.request.NettyRequestSender - Using pooled Channel '[id: 0xee7d4684, L:/127.0.0.1:59971 - R:localhost/127.0.0.1:58509]' for 'POST' to 'http://localhost:58509/session/566657fccef467be2dbfb2d8d7b8db24/element'
15:39:11.347 [Forwarding findElement on session 566657fccef467be2dbfb2d8d7b8db24 to remote] DEBUG org.asynchttpclient.netty.request.NettyRequestSender - Using open Channel [id: 0xee7d4684, L:/127.0.0.1:59971 - R:localhost/127.0.0.1:58509] for POST '/session/566657fccef467be2dbfb2d8d7b8db24/element'
15:39:11.353 [AsyncHttpClient-1-2] DEBUG org.asynchttpclient.netty.handler.HttpHandler - 

Request DefaultHttpRequest(decodeResult: success, version: HTTP/1.1)
POST /session/566657fccef467be2dbfb2d8d7b8db24/element HTTP/1.1
User-Agent: selenium/4.1.4 (java windows)
Content-Length: 103
Content-Type: application/json; charset=utf-8
host: localhost:58509
accept: */*

Response DefaultHttpResponse(decodeResult: success, version: HTTP/1.1)
HTTP/1.1 200 OK
Content-Type: application/json; charset=utf-8
cache-control: no-cache
content-length: 88

15:39:11.353 [AsyncHttpClient-1-2] DEBUG org.asynchttpclient.netty.channel.ChannelManager - Adding key: http://localhost:58509 for channel [id: 0xee7d4684, L:/127.0.0.1:59971 - R:localhost/127.0.0.1:58509]
15:39:11.354 [Forwarding clickElement on session 566657fccef467be2dbfb2d8d7b8db24 to remote] DEBUG org.asynchttpclient.netty.request.NettyRequestSender - Using pooled Channel '[id: 0xee7d4684, L:/127.0.0.1:59971 - R:localhost/127.0.0.1:58509]' for 'POST' to 'http://localhost:58509/session/566657fccef467be2dbfb2d8d7b8db24/element/0d48c050-1eff-4b16-ad22-6b224e4a667a/click'
15:39:11.354 [Forwarding clickElement on session 566657fccef467be2dbfb2d8d7b8db24 to remote] DEBUG org.asynchttpclient.netty.request.NettyRequestSender - Using open Channel [id: 0xee7d4684, L:/127.0.0.1:59971 - R:localhost/127.0.0.1:58509] for POST '/session/566657fccef467be2dbfb2d8d7b8db24/element/0d48c050-1eff-4b16-ad22-6b224e4a667a/click'
15:39:11.387 [AsyncHttpClient-1-2] DEBUG org.asynchttpclient.netty.handler.HttpHandler - 

Request DefaultHttpRequest(decodeResult: success, version: HTTP/1.1)
POST /session/566657fccef467be2dbfb2d8d7b8db24/element/0d48c050-1eff-4b16-ad22-6b224e4a667a/click HTTP/1.1
User-Agent: selenium/4.1.4 (java windows)
Content-Length: 50
Content-Type: application/json; charset=utf-8
host: localhost:58509
accept: */*

Response DefaultHttpResponse(decodeResult: success, version: HTTP/1.1)
HTTP/1.1 200 OK
Content-Type: application/json; charset=utf-8
cache-control: no-cache
content-length: 14

15:39:11.387 [AsyncHttpClient-1-2] DEBUG org.asynchttpclient.netty.channel.ChannelManager - Adding key: http://localhost:58509 for channel [id: 0xee7d4684, L:/127.0.0.1:59971 - R:localhost/127.0.0.1:58509]
15:39:11.405 [Forwarding screenshot on session 566657fccef467be2dbfb2d8d7b8db24 to remote] DEBUG org.asynchttpclient.netty.request.NettyRequestSender - Using pooled Channel '[id: 0xee7d4684, L:/127.0.0.1:59971 - R:localhost/127.0.0.1:58509]' for 'GET' to 'http://localhost:58509/session/566657fccef467be2dbfb2d8d7b8db24/screenshot'
15:39:11.405 [Forwarding screenshot on session 566657fccef467be2dbfb2d8d7b8db24 to remote] DEBUG org.asynchttpclient.netty.request.NettyRequestSender - Using open Channel [id: 0xee7d4684, L:/127.0.0.1:59971 - R:localhost/127.0.0.1:58509] for GET '/session/566657fccef467be2dbfb2d8d7b8db24/screenshot'
15:39:11.533 [AsyncHttpClient-1-2] DEBUG org.asynchttpclient.netty.handler.HttpHandler - 

Request DefaultFullHttpRequest(decodeResult: success, version: HTTP/1.1, content: EmptyByteBufBE)
GET /session/566657fccef467be2dbfb2d8d7b8db24/screenshot HTTP/1.1
User-Agent: selenium/4.1.4 (java windows)
Cache-Control: no-cache
Content-Type: application/json; charset=utf-8
host: localhost:58509
accept: */*

Response DefaultHttpResponse(decodeResult: success, version: HTTP/1.1)
HTTP/1.1 200 OK
Content-Type: application/json; charset=utf-8
cache-control: no-cache
content-length: 128532

15:39:11.533 [AsyncHttpClient-1-2] DEBUG org.asynchttpclient.netty.channel.ChannelManager - Adding key: http://localhost:58509 for channel [id: 0xee7d4684, L:/127.0.0.1:59971 - R:localhost/127.0.0.1:58509]
15:39:11.537 [Test worker] DEBUG net.serenitybdd.core.photography.Darkroom - Send negative for processing for C:\Users\Administrador\Documents\Choucair\Choucair\ChoucairAutomation\target\site\serenity\0c0a837f9ad5b5545bbf142496aeb9d608cd2ff009599099db78091037b33fc6.png
15:39:11.537 [Darkroom Processing Line] DEBUG net.serenitybdd.core.photography.DarkroomProcessingLine - Processing screenshot image in /var/screenshots/screenshot-6368739685687072065
15:39:11.537 [Darkroom Processing Line] DEBUG net.serenitybdd.core.photography.DarkroomProcessingLine - Saving screenshot to C:\Users\Administrador\Documents\Choucair\Choucair\ChoucairAutomation\target\site\serenity\0c0a837f9ad5b5545bbf142496aeb9d608cd2ff009599099db78091037b33fc6.png
15:39:11.555 [Test worker] DEBUG net.thucydides.core.steps.StepInterceptor - STEP DONE: {0} clicks on #target
15:39:11.589 [Forwarding screenshot on session 566657fccef467be2dbfb2d8d7b8db24 to remote] DEBUG org.asynchttpclient.netty.request.NettyRequestSender - Using pooled Channel '[id: 0xee7d4684, L:/127.0.0.1:59971 - R:localhost/127.0.0.1:58509]' for 'GET' to 'http://localhost:58509/session/566657fccef467be2dbfb2d8d7b8db24/screenshot'
15:39:11.589 [Forwarding screenshot on session 566657fccef467be2dbfb2d8d7b8db24 to remote] DEBUG org.asynchttpclient.netty.request.NettyRequestSender - Using open Channel [id: 0xee7d4684, L:/127.0.0.1:59971 - R:localhost/127.0.0.1:58509] for GET '/session/566657fccef467be2dbfb2d8d7b8db24/screenshot'
15:39:11.691 [AsyncHttpClient-1-2] DEBUG org.asynchttpclient.netty.handler.HttpHandler - 

Request DefaultFullHttpRequest(decodeResult: success, version: HTTP/1.1, content: EmptyByteBufBE)
GET /session/566657fccef467be2dbfb2d8d7b8db24/screenshot HTTP/1.1
User-Agent: selenium/4.1.4 (java windows)
Cache-Control: no-cache
Content-Type: application/json; charset=utf-8
host: localhost:58509
accept: */*

Response DefaultHttpResponse(decodeResult: success, version: HTTP/1.1)
HTTP/1.1 200 OK
Content-Type: application/json; charset=utf-8
cache-control: no-cache
content-length: 128532

15:39:11.691 [AsyncHttpClient-1-2] DEBUG org.asynchttpclient.netty.channel.ChannelManager - Adding key: http://localhost:58509 for channel [id: 0xee7d4684, L:/127.0.0.1:59971 - R:localhost/127.0.0.1:58509]
15:39:11.694 [Test worker] DEBUG net.serenitybdd.core.photography.Darkroom - Send negative for processing for C:\Users\Administrador\Documents\Choucair\Choucair\ChoucairAutomation\target\site\serenity\0c0a837f9ad5b5545bbf142496aeb9d608cd2ff009599099db78091037b33fc6.png
15:39:11.694 [Test worker] DEBUG net.thucydides.core.steps.StepInterceptor - STEP DONE: !#title
15:39:11.721 [Test worker] DEBUG net.thucydides.core.steps.StepInterceptor - STARTING STEP: CreateNewMeeting.performAs - !#title
15:39:11.737 [Test worker] DEBUG net.thucydides.core.steps.StepInterceptor - STARTING STEP: CreateNewMeeting.performAs - {0} clicks on #target
15:39:11.737 [Test worker] DEBUG net.serenitybdd.screenplay.targets.IFrameSwitcher - default content already selected for list from item organized by
15:39:11.804 [Forwarding findElement on session 566657fccef467be2dbfb2d8d7b8db24 to remote] DEBUG org.asynchttpclient.netty.request.NettyRequestSender - Using pooled Channel '[id: 0xee7d4684, L:/127.0.0.1:59971 - R:localhost/127.0.0.1:58509]' for 'POST' to 'http://localhost:58509/session/566657fccef467be2dbfb2d8d7b8db24/element'
15:39:11.804 [Forwarding findElement on session 566657fccef467be2dbfb2d8d7b8db24 to remote] DEBUG org.asynchttpclient.netty.request.NettyRequestSender - Using open Channel [id: 0xee7d4684, L:/127.0.0.1:59971 - R:localhost/127.0.0.1:58509] for POST '/session/566657fccef467be2dbfb2d8d7b8db24/element'
15:39:11.814 [AsyncHttpClient-1-2] DEBUG org.asynchttpclient.netty.handler.HttpHandler - 

Request DefaultHttpRequest(decodeResult: success, version: HTTP/1.1)
POST /session/566657fccef467be2dbfb2d8d7b8db24/element HTTP/1.1
User-Agent: selenium/4.1.4 (java windows)
Content-Length: 65
Content-Type: application/json; charset=utf-8
host: localhost:58509
accept: */*

Response DefaultHttpResponse(decodeResult: success, version: HTTP/1.1)
HTTP/1.1 200 OK
Content-Type: application/json; charset=utf-8
cache-control: no-cache
content-length: 88

15:39:11.814 [AsyncHttpClient-1-2] DEBUG org.asynchttpclient.netty.channel.ChannelManager - Adding key: http://localhost:58509 for channel [id: 0xee7d4684, L:/127.0.0.1:59971 - R:localhost/127.0.0.1:58509]
15:39:11.826 [Forwarding isElementDisplayed on session 566657fccef467be2dbfb2d8d7b8db24 to remote] DEBUG org.asynchttpclient.netty.request.NettyRequestSender - Using pooled Channel '[id: 0xee7d4684, L:/127.0.0.1:59971 - R:localhost/127.0.0.1:58509]' for 'POST' to 'http://localhost:58509/session/566657fccef467be2dbfb2d8d7b8db24/execute/sync'
15:39:11.826 [Forwarding isElementDisplayed on session 566657fccef467be2dbfb2d8d7b8db24 to remote] DEBUG org.asynchttpclient.netty.request.NettyRequestSender - Using open Channel [id: 0xee7d4684, L:/127.0.0.1:59971 - R:localhost/127.0.0.1:58509] for POST '/session/566657fccef467be2dbfb2d8d7b8db24/execute/sync'
15:39:11.836 [AsyncHttpClient-1-2] DEBUG org.asynchttpclient.netty.handler.HttpHandler - 

Request DefaultHttpRequest(decodeResult: success, version: HTTP/1.1)
POST /session/566657fccef467be2dbfb2d8d7b8db24/execute/sync HTTP/1.1
User-Agent: selenium/4.1.4 (java windows)
Content-Length: 48780
Content-Type: application/json; charset=utf-8
host: localhost:58509
accept: */*

Response DefaultHttpResponse(decodeResult: success, version: HTTP/1.1)
HTTP/1.1 200 OK
Content-Type: application/json; charset=utf-8
cache-control: no-cache
content-length: 14

15:39:11.836 [AsyncHttpClient-1-2] DEBUG org.asynchttpclient.netty.channel.ChannelManager - Adding key: http://localhost:58509 for channel [id: 0xee7d4684, L:/127.0.0.1:59971 - R:localhost/127.0.0.1:58509]
15:39:11.855 [Forwarding findElement on session 566657fccef467be2dbfb2d8d7b8db24 to remote] DEBUG org.asynchttpclient.netty.request.NettyRequestSender - Using pooled Channel '[id: 0xee7d4684, L:/127.0.0.1:59971 - R:localhost/127.0.0.1:58509]' for 'POST' to 'http://localhost:58509/session/566657fccef467be2dbfb2d8d7b8db24/element'
15:39:11.855 [Forwarding findElement on session 566657fccef467be2dbfb2d8d7b8db24 to remote] DEBUG org.asynchttpclient.netty.request.NettyRequestSender - Using open Channel [id: 0xee7d4684, L:/127.0.0.1:59971 - R:localhost/127.0.0.1:58509] for POST '/session/566657fccef467be2dbfb2d8d7b8db24/element'
15:39:11.861 [AsyncHttpClient-1-2] DEBUG org.asynchttpclient.netty.handler.HttpHandler - 

Request DefaultHttpRequest(decodeResult: success, version: HTTP/1.1)
POST /session/566657fccef467be2dbfb2d8d7b8db24/element HTTP/1.1
User-Agent: selenium/4.1.4 (java windows)
Content-Length: 65
Content-Type: application/json; charset=utf-8
host: localhost:58509
accept: */*

Response DefaultHttpResponse(decodeResult: success, version: HTTP/1.1)
HTTP/1.1 200 OK
Content-Type: application/json; charset=utf-8
cache-control: no-cache
content-length: 88

15:39:11.861 [AsyncHttpClient-1-2] DEBUG org.asynchttpclient.netty.channel.ChannelManager - Adding key: http://localhost:58509 for channel [id: 0xee7d4684, L:/127.0.0.1:59971 - R:localhost/127.0.0.1:58509]
15:39:11.863 [Forwarding clickElement on session 566657fccef467be2dbfb2d8d7b8db24 to remote] DEBUG org.asynchttpclient.netty.request.NettyRequestSender - Using pooled Channel '[id: 0xee7d4684, L:/127.0.0.1:59971 - R:localhost/127.0.0.1:58509]' for 'POST' to 'http://localhost:58509/session/566657fccef467be2dbfb2d8d7b8db24/element/f35c2d00-fc0f-45d2-8272-5011e97298c2/click'
15:39:11.863 [Forwarding clickElement on session 566657fccef467be2dbfb2d8d7b8db24 to remote] DEBUG org.asynchttpclient.netty.request.NettyRequestSender - Using open Channel [id: 0xee7d4684, L:/127.0.0.1:59971 - R:localhost/127.0.0.1:58509] for POST '/session/566657fccef467be2dbfb2d8d7b8db24/element/f35c2d00-fc0f-45d2-8272-5011e97298c2/click'
15:39:11.926 [AsyncHttpClient-1-2] DEBUG org.asynchttpclient.netty.handler.HttpHandler - 

Request DefaultHttpRequest(decodeResult: success, version: HTTP/1.1)
POST /session/566657fccef467be2dbfb2d8d7b8db24/element/f35c2d00-fc0f-45d2-8272-5011e97298c2/click HTTP/1.1
User-Agent: selenium/4.1.4 (java windows)
Content-Length: 50
Content-Type: application/json; charset=utf-8
host: localhost:58509
accept: */*

Response DefaultHttpResponse(decodeResult: success, version: HTTP/1.1)
HTTP/1.1 200 OK
Content-Type: application/json; charset=utf-8
cache-control: no-cache
content-length: 14

15:39:11.926 [AsyncHttpClient-1-2] DEBUG org.asynchttpclient.netty.channel.ChannelManager - Adding key: http://localhost:58509 for channel [id: 0xee7d4684, L:/127.0.0.1:59971 - R:localhost/127.0.0.1:58509]
15:39:11.942 [Forwarding screenshot on session 566657fccef467be2dbfb2d8d7b8db24 to remote] DEBUG org.asynchttpclient.netty.request.NettyRequestSender - Using pooled Channel '[id: 0xee7d4684, L:/127.0.0.1:59971 - R:localhost/127.0.0.1:58509]' for 'GET' to 'http://localhost:58509/session/566657fccef467be2dbfb2d8d7b8db24/screenshot'
15:39:11.942 [Forwarding screenshot on session 566657fccef467be2dbfb2d8d7b8db24 to remote] DEBUG org.asynchttpclient.netty.request.NettyRequestSender - Using open Channel [id: 0xee7d4684, L:/127.0.0.1:59971 - R:localhost/127.0.0.1:58509] for GET '/session/566657fccef467be2dbfb2d8d7b8db24/screenshot'
15:39:12.067 [AsyncHttpClient-1-2] DEBUG org.asynchttpclient.netty.handler.HttpHandler - 

Request DefaultFullHttpRequest(decodeResult: success, version: HTTP/1.1, content: EmptyByteBufBE)
GET /session/566657fccef467be2dbfb2d8d7b8db24/screenshot HTTP/1.1
User-Agent: selenium/4.1.4 (java windows)
Cache-Control: no-cache
Content-Type: application/json; charset=utf-8
host: localhost:58509
accept: */*

Response DefaultHttpResponse(decodeResult: success, version: HTTP/1.1)
HTTP/1.1 200 OK
Content-Type: application/json; charset=utf-8
cache-control: no-cache
content-length: 142428

15:39:12.067 [AsyncHttpClient-1-2] DEBUG org.asynchttpclient.netty.channel.ChannelManager - Adding key: http://localhost:58509 for channel [id: 0xee7d4684, L:/127.0.0.1:59971 - R:localhost/127.0.0.1:58509]
15:39:12.070 [Test worker] DEBUG net.serenitybdd.core.photography.Darkroom - Send negative for processing for C:\Users\Administrador\Documents\Choucair\Choucair\ChoucairAutomation\target\site\serenity\47333b43dc36c6b397cf6c130d188756c7db8d0b69386035e8cbec6a1e1610b4.png
15:39:12.072 [Darkroom Processing Line] DEBUG net.serenitybdd.core.photography.DarkroomProcessingLine - Processing screenshot image in /var/screenshots/screenshot-4530653246324110033
15:39:12.072 [Darkroom Processing Line] DEBUG net.serenitybdd.core.photography.DarkroomProcessingLine - Saving screenshot to C:\Users\Administrador\Documents\Choucair\Choucair\ChoucairAutomation\target\site\serenity\47333b43dc36c6b397cf6c130d188756c7db8d0b69386035e8cbec6a1e1610b4.png
15:39:12.091 [Test worker] DEBUG net.thucydides.core.steps.StepInterceptor - STEP DONE: {0} clicks on #target
15:39:12.128 [Test worker] DEBUG net.serenitybdd.screenplay.targets.IFrameSwitcher - default content already selected for organized by select list
15:39:12.138 [Forwarding findElements on session 566657fccef467be2dbfb2d8d7b8db24 to remote] DEBUG org.asynchttpclient.netty.request.NettyRequestSender - Using pooled Channel '[id: 0xee7d4684, L:/127.0.0.1:59971 - R:localhost/127.0.0.1:58509]' for 'POST' to 'http://localhost:58509/session/566657fccef467be2dbfb2d8d7b8db24/elements'
15:39:12.138 [Forwarding findElements on session 566657fccef467be2dbfb2d8d7b8db24 to remote] DEBUG org.asynchttpclient.netty.request.NettyRequestSender - Using open Channel [id: 0xee7d4684, L:/127.0.0.1:59971 - R:localhost/127.0.0.1:58509] for POST '/session/566657fccef467be2dbfb2d8d7b8db24/elements'
15:39:12.148 [AsyncHttpClient-1-2] DEBUG org.asynchttpclient.netty.handler.HttpHandler - 

Request DefaultHttpRequest(decodeResult: success, version: HTTP/1.1)
POST /session/566657fccef467be2dbfb2d8d7b8db24/elements HTTP/1.1
User-Agent: selenium/4.1.4 (java windows)
Content-Length: 113
Content-Type: application/json; charset=utf-8
host: localhost:58509
accept: */*

Response DefaultHttpResponse(decodeResult: success, version: HTTP/1.1)
HTTP/1.1 200 OK
Content-Type: application/json; charset=utf-8
cache-control: no-cache
content-length: 90

15:39:12.148 [AsyncHttpClient-1-2] DEBUG org.asynchttpclient.netty.channel.ChannelManager - Adding key: http://localhost:58509 for channel [id: 0xee7d4684, L:/127.0.0.1:59971 - R:localhost/127.0.0.1:58509]
15:39:12.170 [Forwarding isElementDisplayed on session 566657fccef467be2dbfb2d8d7b8db24 to remote] DEBUG org.asynchttpclient.netty.request.NettyRequestSender - Using pooled Channel '[id: 0xee7d4684, L:/127.0.0.1:59971 - R:localhost/127.0.0.1:58509]' for 'POST' to 'http://localhost:58509/session/566657fccef467be2dbfb2d8d7b8db24/execute/sync'
15:39:12.170 [Forwarding isElementDisplayed on session 566657fccef467be2dbfb2d8d7b8db24 to remote] DEBUG org.asynchttpclient.netty.request.NettyRequestSender - Using open Channel [id: 0xee7d4684, L:/127.0.0.1:59971 - R:localhost/127.0.0.1:58509] for POST '/session/566657fccef467be2dbfb2d8d7b8db24/execute/sync'
15:39:12.179 [AsyncHttpClient-1-2] DEBUG org.asynchttpclient.netty.handler.HttpHandler - 

Request DefaultHttpRequest(decodeResult: success, version: HTTP/1.1)
POST /session/566657fccef467be2dbfb2d8d7b8db24/execute/sync HTTP/1.1
User-Agent: selenium/4.1.4 (java windows)
Content-Length: 48780
Content-Type: application/json; charset=utf-8
host: localhost:58509
accept: */*

Response DefaultHttpResponse(decodeResult: success, version: HTTP/1.1)
HTTP/1.1 200 OK
Content-Type: application/json; charset=utf-8
cache-control: no-cache
content-length: 14

15:39:12.179 [AsyncHttpClient-1-2] DEBUG org.asynchttpclient.netty.channel.ChannelManager - Adding key: http://localhost:58509 for channel [id: 0xee7d4684, L:/127.0.0.1:59971 - R:localhost/127.0.0.1:58509]
15:39:12.182 [Forwarding isElementDisplayed on session 566657fccef467be2dbfb2d8d7b8db24 to remote] DEBUG org.asynchttpclient.netty.request.NettyRequestSender - Using pooled Channel '[id: 0xee7d4684, L:/127.0.0.1:59971 - R:localhost/127.0.0.1:58509]' for 'POST' to 'http://localhost:58509/session/566657fccef467be2dbfb2d8d7b8db24/execute/sync'
15:39:12.183 [Forwarding isElementDisplayed on session 566657fccef467be2dbfb2d8d7b8db24 to remote] DEBUG org.asynchttpclient.netty.request.NettyRequestSender - Using open Channel [id: 0xee7d4684, L:/127.0.0.1:59971 - R:localhost/127.0.0.1:58509] for POST '/session/566657fccef467be2dbfb2d8d7b8db24/execute/sync'
15:39:12.208 [AsyncHttpClient-1-2] DEBUG org.asynchttpclient.netty.handler.HttpHandler - 

Request DefaultHttpRequest(decodeResult: success, version: HTTP/1.1)
POST /session/566657fccef467be2dbfb2d8d7b8db24/execute/sync HTTP/1.1
User-Agent: selenium/4.1.4 (java windows)
Content-Length: 48780
Content-Type: application/json; charset=utf-8
host: localhost:58509
accept: */*

Response DefaultHttpResponse(decodeResult: success, version: HTTP/1.1)
HTTP/1.1 200 OK
Content-Type: application/json; charset=utf-8
cache-control: no-cache
content-length: 14

15:39:12.208 [AsyncHttpClient-1-2] DEBUG org.asynchttpclient.netty.channel.ChannelManager - Adding key: http://localhost:58509 for channel [id: 0xee7d4684, L:/127.0.0.1:59971 - R:localhost/127.0.0.1:58509]
15:39:12.253 [Forwarding screenshot on session 566657fccef467be2dbfb2d8d7b8db24 to remote] DEBUG org.asynchttpclient.netty.request.NettyRequestSender - Using pooled Channel '[id: 0xee7d4684, L:/127.0.0.1:59971 - R:localhost/127.0.0.1:58509]' for 'GET' to 'http://localhost:58509/session/566657fccef467be2dbfb2d8d7b8db24/screenshot'
15:39:12.253 [Forwarding screenshot on session 566657fccef467be2dbfb2d8d7b8db24 to remote] DEBUG org.asynchttpclient.netty.request.NettyRequestSender - Using open Channel [id: 0xee7d4684, L:/127.0.0.1:59971 - R:localhost/127.0.0.1:58509] for GET '/session/566657fccef467be2dbfb2d8d7b8db24/screenshot'
15:39:12.334 [AsyncHttpClient-1-2] DEBUG org.asynchttpclient.netty.handler.HttpHandler - 

Request DefaultFullHttpRequest(decodeResult: success, version: HTTP/1.1, content: EmptyByteBufBE)
GET /session/566657fccef467be2dbfb2d8d7b8db24/screenshot HTTP/1.1
User-Agent: selenium/4.1.4 (java windows)
Cache-Control: no-cache
Content-Type: application/json; charset=utf-8
host: localhost:58509
accept: */*

Response DefaultHttpResponse(decodeResult: success, version: HTTP/1.1)
HTTP/1.1 200 OK
Content-Type: application/json; charset=utf-8
cache-control: no-cache
content-length: 142428

15:39:12.335 [AsyncHttpClient-1-2] DEBUG org.asynchttpclient.netty.channel.ChannelManager - Adding key: http://localhost:58509 for channel [id: 0xee7d4684, L:/127.0.0.1:59971 - R:localhost/127.0.0.1:58509]
15:39:12.337 [Test worker] DEBUG net.serenitybdd.core.photography.Darkroom - Send negative for processing for C:\Users\Administrador\Documents\Choucair\Choucair\ChoucairAutomation\target\site\serenity\47333b43dc36c6b397cf6c130d188756c7db8d0b69386035e8cbec6a1e1610b4.png
15:39:12.338 [Test worker] DEBUG net.thucydides.core.steps.StepInterceptor - STARTING STEP: CreateNewMeeting.performAs - {0} clicks on #target
15:39:12.339 [Test worker] DEBUG net.serenitybdd.screenplay.targets.IFrameSwitcher - default content already selected for organized by select list
15:39:12.403 [Forwarding findElement on session 566657fccef467be2dbfb2d8d7b8db24 to remote] DEBUG org.asynchttpclient.netty.request.NettyRequestSender - Using pooled Channel '[id: 0xee7d4684, L:/127.0.0.1:59971 - R:localhost/127.0.0.1:58509]' for 'POST' to 'http://localhost:58509/session/566657fccef467be2dbfb2d8d7b8db24/element'
15:39:12.403 [Forwarding findElement on session 566657fccef467be2dbfb2d8d7b8db24 to remote] DEBUG org.asynchttpclient.netty.request.NettyRequestSender - Using open Channel [id: 0xee7d4684, L:/127.0.0.1:59971 - R:localhost/127.0.0.1:58509] for POST '/session/566657fccef467be2dbfb2d8d7b8db24/element'
15:39:12.412 [AsyncHttpClient-1-2] DEBUG org.asynchttpclient.netty.handler.HttpHandler - 

Request DefaultHttpRequest(decodeResult: success, version: HTTP/1.1)
POST /session/566657fccef467be2dbfb2d8d7b8db24/element HTTP/1.1
User-Agent: selenium/4.1.4 (java windows)
Content-Length: 113
Content-Type: application/json; charset=utf-8
host: localhost:58509
accept: */*

Response DefaultHttpResponse(decodeResult: success, version: HTTP/1.1)
HTTP/1.1 200 OK
Content-Type: application/json; charset=utf-8
cache-control: no-cache
content-length: 88

15:39:12.412 [AsyncHttpClient-1-2] DEBUG org.asynchttpclient.netty.channel.ChannelManager - Adding key: http://localhost:58509 for channel [id: 0xee7d4684, L:/127.0.0.1:59971 - R:localhost/127.0.0.1:58509]
15:39:12.424 [Forwarding isElementDisplayed on session 566657fccef467be2dbfb2d8d7b8db24 to remote] DEBUG org.asynchttpclient.netty.request.NettyRequestSender - Using pooled Channel '[id: 0xee7d4684, L:/127.0.0.1:59971 - R:localhost/127.0.0.1:58509]' for 'POST' to 'http://localhost:58509/session/566657fccef467be2dbfb2d8d7b8db24/execute/sync'
15:39:12.424 [Forwarding isElementDisplayed on session 566657fccef467be2dbfb2d8d7b8db24 to remote] DEBUG org.asynchttpclient.netty.request.NettyRequestSender - Using open Channel [id: 0xee7d4684, L:/127.0.0.1:59971 - R:localhost/127.0.0.1:58509] for POST '/session/566657fccef467be2dbfb2d8d7b8db24/execute/sync'
15:39:12.431 [AsyncHttpClient-1-2] DEBUG org.asynchttpclient.netty.handler.HttpHandler - 

Request DefaultHttpRequest(decodeResult: success, version: HTTP/1.1)
POST /session/566657fccef467be2dbfb2d8d7b8db24/execute/sync HTTP/1.1
User-Agent: selenium/4.1.4 (java windows)
Content-Length: 48780
Content-Type: application/json; charset=utf-8
host: localhost:58509
accept: */*

Response DefaultHttpResponse(decodeResult: success, version: HTTP/1.1)
HTTP/1.1 200 OK
Content-Type: application/json; charset=utf-8
cache-control: no-cache
content-length: 14

15:39:12.431 [AsyncHttpClient-1-2] DEBUG org.asynchttpclient.netty.channel.ChannelManager - Adding key: http://localhost:58509 for channel [id: 0xee7d4684, L:/127.0.0.1:59971 - R:localhost/127.0.0.1:58509]
15:39:12.448 [Forwarding findElement on session 566657fccef467be2dbfb2d8d7b8db24 to remote] DEBUG org.asynchttpclient.netty.request.NettyRequestSender - Using pooled Channel '[id: 0xee7d4684, L:/127.0.0.1:59971 - R:localhost/127.0.0.1:58509]' for 'POST' to 'http://localhost:58509/session/566657fccef467be2dbfb2d8d7b8db24/element'
15:39:12.449 [Forwarding findElement on session 566657fccef467be2dbfb2d8d7b8db24 to remote] DEBUG org.asynchttpclient.netty.request.NettyRequestSender - Using open Channel [id: 0xee7d4684, L:/127.0.0.1:59971 - R:localhost/127.0.0.1:58509] for POST '/session/566657fccef467be2dbfb2d8d7b8db24/element'
15:39:12.455 [AsyncHttpClient-1-2] DEBUG org.asynchttpclient.netty.handler.HttpHandler - 

Request DefaultHttpRequest(decodeResult: success, version: HTTP/1.1)
POST /session/566657fccef467be2dbfb2d8d7b8db24/element HTTP/1.1
User-Agent: selenium/4.1.4 (java windows)
Content-Length: 113
Content-Type: application/json; charset=utf-8
host: localhost:58509
accept: */*

Response DefaultHttpResponse(decodeResult: success, version: HTTP/1.1)
HTTP/1.1 200 OK
Content-Type: application/json; charset=utf-8
cache-control: no-cache
content-length: 88

15:39:12.455 [AsyncHttpClient-1-2] DEBUG org.asynchttpclient.netty.channel.ChannelManager - Adding key: http://localhost:58509 for channel [id: 0xee7d4684, L:/127.0.0.1:59971 - R:localhost/127.0.0.1:58509]
15:39:12.456 [Forwarding clickElement on session 566657fccef467be2dbfb2d8d7b8db24 to remote] DEBUG org.asynchttpclient.netty.request.NettyRequestSender - Using pooled Channel '[id: 0xee7d4684, L:/127.0.0.1:59971 - R:localhost/127.0.0.1:58509]' for 'POST' to 'http://localhost:58509/session/566657fccef467be2dbfb2d8d7b8db24/element/40117255-f1a7-429a-becd-8a62366c6033/click'
15:39:12.456 [Forwarding clickElement on session 566657fccef467be2dbfb2d8d7b8db24 to remote] DEBUG org.asynchttpclient.netty.request.NettyRequestSender - Using open Channel [id: 0xee7d4684, L:/127.0.0.1:59971 - R:localhost/127.0.0.1:58509] for POST '/session/566657fccef467be2dbfb2d8d7b8db24/element/40117255-f1a7-429a-becd-8a62366c6033/click'
15:39:12.492 [AsyncHttpClient-1-2] DEBUG org.asynchttpclient.netty.handler.HttpHandler - 

Request DefaultHttpRequest(decodeResult: success, version: HTTP/1.1)
POST /session/566657fccef467be2dbfb2d8d7b8db24/element/40117255-f1a7-429a-becd-8a62366c6033/click HTTP/1.1
User-Agent: selenium/4.1.4 (java windows)
Content-Length: 50
Content-Type: application/json; charset=utf-8
host: localhost:58509
accept: */*

Response DefaultHttpResponse(decodeResult: success, version: HTTP/1.1)
HTTP/1.1 200 OK
Content-Type: application/json; charset=utf-8
cache-control: no-cache
content-length: 14

15:39:12.492 [AsyncHttpClient-1-2] DEBUG org.asynchttpclient.netty.channel.ChannelManager - Adding key: http://localhost:58509 for channel [id: 0xee7d4684, L:/127.0.0.1:59971 - R:localhost/127.0.0.1:58509]
15:39:12.510 [Forwarding screenshot on session 566657fccef467be2dbfb2d8d7b8db24 to remote] DEBUG org.asynchttpclient.netty.request.NettyRequestSender - Using pooled Channel '[id: 0xee7d4684, L:/127.0.0.1:59971 - R:localhost/127.0.0.1:58509]' for 'GET' to 'http://localhost:58509/session/566657fccef467be2dbfb2d8d7b8db24/screenshot'
15:39:12.510 [Forwarding screenshot on session 566657fccef467be2dbfb2d8d7b8db24 to remote] DEBUG org.asynchttpclient.netty.request.NettyRequestSender - Using open Channel [id: 0xee7d4684, L:/127.0.0.1:59971 - R:localhost/127.0.0.1:58509] for GET '/session/566657fccef467be2dbfb2d8d7b8db24/screenshot'
15:39:12.625 [AsyncHttpClient-1-2] DEBUG org.asynchttpclient.netty.handler.HttpHandler - 

Request DefaultFullHttpRequest(decodeResult: success, version: HTTP/1.1, content: EmptyByteBufBE)
GET /session/566657fccef467be2dbfb2d8d7b8db24/screenshot HTTP/1.1
User-Agent: selenium/4.1.4 (java windows)
Cache-Control: no-cache
Content-Type: application/json; charset=utf-8
host: localhost:58509
accept: */*

Response DefaultHttpResponse(decodeResult: success, version: HTTP/1.1)
HTTP/1.1 200 OK
Content-Type: application/json; charset=utf-8
cache-control: no-cache
content-length: 130828

15:39:12.625 [AsyncHttpClient-1-2] DEBUG org.asynchttpclient.netty.channel.ChannelManager - Adding key: http://localhost:58509 for channel [id: 0xee7d4684, L:/127.0.0.1:59971 - R:localhost/127.0.0.1:58509]
15:39:12.628 [Test worker] DEBUG net.serenitybdd.core.photography.Darkroom - Send negative for processing for C:\Users\Administrador\Documents\Choucair\Choucair\ChoucairAutomation\target\site\serenity\161639b9ad14004366c3a3873aedc26597a9f92cec4f2a7b3663ce952cc5ab51.png
15:39:12.629 [Darkroom Processing Line] DEBUG net.serenitybdd.core.photography.DarkroomProcessingLine - Processing screenshot image in /var/screenshots/screenshot-846322306997346647
15:39:12.629 [Darkroom Processing Line] DEBUG net.serenitybdd.core.photography.DarkroomProcessingLine - Saving screenshot to C:\Users\Administrador\Documents\Choucair\Choucair\ChoucairAutomation\target\site\serenity\161639b9ad14004366c3a3873aedc26597a9f92cec4f2a7b3663ce952cc5ab51.png
15:39:12.642 [Test worker] DEBUG net.thucydides.core.steps.StepInterceptor - STEP DONE: {0} clicks on #target
15:39:12.673 [Test worker] DEBUG net.thucydides.core.steps.StepInterceptor - STEP DONE: !#title
15:39:12.696 [Forwarding screenshot on session 566657fccef467be2dbfb2d8d7b8db24 to remote] DEBUG org.asynchttpclient.netty.request.NettyRequestSender - Using pooled Channel '[id: 0xee7d4684, L:/127.0.0.1:59971 - R:localhost/127.0.0.1:58509]' for 'GET' to 'http://localhost:58509/session/566657fccef467be2dbfb2d8d7b8db24/screenshot'
15:39:12.696 [Forwarding screenshot on session 566657fccef467be2dbfb2d8d7b8db24 to remote] DEBUG org.asynchttpclient.netty.request.NettyRequestSender - Using open Channel [id: 0xee7d4684, L:/127.0.0.1:59971 - R:localhost/127.0.0.1:58509] for GET '/session/566657fccef467be2dbfb2d8d7b8db24/screenshot'
15:39:12.819 [AsyncHttpClient-1-2] DEBUG org.asynchttpclient.netty.handler.HttpHandler - 

Request DefaultFullHttpRequest(decodeResult: success, version: HTTP/1.1, content: EmptyByteBufBE)
GET /session/566657fccef467be2dbfb2d8d7b8db24/screenshot HTTP/1.1
User-Agent: selenium/4.1.4 (java windows)
Cache-Control: no-cache
Content-Type: application/json; charset=utf-8
host: localhost:58509
accept: */*

Response DefaultHttpResponse(decodeResult: success, version: HTTP/1.1)
HTTP/1.1 200 OK
Content-Type: application/json; charset=utf-8
cache-control: no-cache
content-length: 130828

15:39:12.819 [AsyncHttpClient-1-2] DEBUG org.asynchttpclient.netty.channel.ChannelManager - Adding key: http://localhost:58509 for channel [id: 0xee7d4684, L:/127.0.0.1:59971 - R:localhost/127.0.0.1:58509]
15:39:12.822 [Test worker] DEBUG net.serenitybdd.core.photography.Darkroom - Send negative for processing for C:\Users\Administrador\Documents\Choucair\Choucair\ChoucairAutomation\target\site\serenity\161639b9ad14004366c3a3873aedc26597a9f92cec4f2a7b3663ce952cc5ab51.png
15:39:12.823 [Test worker] DEBUG net.thucydides.core.steps.StepInterceptor - STARTING STEP: CreateNewMeeting.performAs - !#title
15:39:12.837 [Test worker] DEBUG net.thucydides.core.steps.StepInterceptor - STARTING STEP: CreateNewMeeting.performAs - {0} enters #theTextAsAString into #target
15:39:12.848 [Test worker] DEBUG net.serenitybdd.screenplay.targets.IFrameSwitcher - default content already selected for input meeting number
15:39:12.882 [Forwarding findElement on session 566657fccef467be2dbfb2d8d7b8db24 to remote] DEBUG org.asynchttpclient.netty.request.NettyRequestSender - Using pooled Channel '[id: 0xee7d4684, L:/127.0.0.1:59971 - R:localhost/127.0.0.1:58509]' for 'POST' to 'http://localhost:58509/session/566657fccef467be2dbfb2d8d7b8db24/element'
15:39:12.883 [Forwarding findElement on session 566657fccef467be2dbfb2d8d7b8db24 to remote] DEBUG org.asynchttpclient.netty.request.NettyRequestSender - Using open Channel [id: 0xee7d4684, L:/127.0.0.1:59971 - R:localhost/127.0.0.1:58509] for POST '/session/566657fccef467be2dbfb2d8d7b8db24/element'
15:39:12.891 [AsyncHttpClient-1-2] DEBUG org.asynchttpclient.netty.handler.HttpHandler - 

Request DefaultHttpRequest(decodeResult: success, version: HTTP/1.1)
POST /session/566657fccef467be2dbfb2d8d7b8db24/element HTTP/1.1
User-Agent: selenium/4.1.4 (java windows)
Content-Length: 95
Content-Type: application/json; charset=utf-8
host: localhost:58509
accept: */*

Response DefaultHttpResponse(decodeResult: success, version: HTTP/1.1)
HTTP/1.1 200 OK
Content-Type: application/json; charset=utf-8
cache-control: no-cache
content-length: 88

15:39:12.891 [AsyncHttpClient-1-2] DEBUG org.asynchttpclient.netty.channel.ChannelManager - Adding key: http://localhost:58509 for channel [id: 0xee7d4684, L:/127.0.0.1:59971 - R:localhost/127.0.0.1:58509]
15:39:12.892 [Forwarding clearElement on session 566657fccef467be2dbfb2d8d7b8db24 to remote] DEBUG org.asynchttpclient.netty.request.NettyRequestSender - Using pooled Channel '[id: 0xee7d4684, L:/127.0.0.1:59971 - R:localhost/127.0.0.1:58509]' for 'POST' to 'http://localhost:58509/session/566657fccef467be2dbfb2d8d7b8db24/element/860c66c5-dd59-463f-a0e9-5d208055aeab/clear'
15:39:12.892 [Forwarding clearElement on session 566657fccef467be2dbfb2d8d7b8db24 to remote] DEBUG org.asynchttpclient.netty.request.NettyRequestSender - Using open Channel [id: 0xee7d4684, L:/127.0.0.1:59971 - R:localhost/127.0.0.1:58509] for POST '/session/566657fccef467be2dbfb2d8d7b8db24/element/860c66c5-dd59-463f-a0e9-5d208055aeab/clear'
15:39:12.919 [AsyncHttpClient-1-2] DEBUG org.asynchttpclient.netty.handler.HttpHandler - 

Request DefaultHttpRequest(decodeResult: success, version: HTTP/1.1)
POST /session/566657fccef467be2dbfb2d8d7b8db24/element/860c66c5-dd59-463f-a0e9-5d208055aeab/clear HTTP/1.1
User-Agent: selenium/4.1.4 (java windows)
Content-Length: 50
Content-Type: application/json; charset=utf-8
host: localhost:58509
accept: */*

Response DefaultHttpResponse(decodeResult: success, version: HTTP/1.1)
HTTP/1.1 200 OK
Content-Type: application/json; charset=utf-8
cache-control: no-cache
content-length: 14

15:39:12.919 [AsyncHttpClient-1-2] DEBUG org.asynchttpclient.netty.channel.ChannelManager - Adding key: http://localhost:58509 for channel [id: 0xee7d4684, L:/127.0.0.1:59971 - R:localhost/127.0.0.1:58509]
15:39:12.931 [Forwarding sendKeysToElement on session 566657fccef467be2dbfb2d8d7b8db24 to remote] DEBUG org.asynchttpclient.netty.request.NettyRequestSender - Using pooled Channel '[id: 0xee7d4684, L:/127.0.0.1:59971 - R:localhost/127.0.0.1:58509]' for 'POST' to 'http://localhost:58509/session/566657fccef467be2dbfb2d8d7b8db24/element/860c66c5-dd59-463f-a0e9-5d208055aeab/value'
15:39:12.931 [Forwarding sendKeysToElement on session 566657fccef467be2dbfb2d8d7b8db24 to remote] DEBUG org.asynchttpclient.netty.request.NettyRequestSender - Using open Channel [id: 0xee7d4684, L:/127.0.0.1:59971 - R:localhost/127.0.0.1:58509] for POST '/session/566657fccef467be2dbfb2d8d7b8db24/element/860c66c5-dd59-463f-a0e9-5d208055aeab/value'
15:39:12.982 [AsyncHttpClient-1-2] DEBUG org.asynchttpclient.netty.handler.HttpHandler - 

Request DefaultHttpRequest(decodeResult: success, version: HTTP/1.1)
POST /session/566657fccef467be2dbfb2d8d7b8db24/element/860c66c5-dd59-463f-a0e9-5d208055aeab/value HTTP/1.1
User-Agent: selenium/4.1.4 (java windows)
Content-Length: 131
Content-Type: application/json; charset=utf-8
host: localhost:58509
accept: */*

Response DefaultHttpResponse(decodeResult: success, version: HTTP/1.1)
HTTP/1.1 200 OK
Content-Type: application/json; charset=utf-8
cache-control: no-cache
content-length: 14

15:39:12.982 [AsyncHttpClient-1-2] DEBUG org.asynchttpclient.netty.channel.ChannelManager - Adding key: http://localhost:58509 for channel [id: 0xee7d4684, L:/127.0.0.1:59971 - R:localhost/127.0.0.1:58509]
15:39:12.998 [Forwarding screenshot on session 566657fccef467be2dbfb2d8d7b8db24 to remote] DEBUG org.asynchttpclient.netty.request.NettyRequestSender - Using pooled Channel '[id: 0xee7d4684, L:/127.0.0.1:59971 - R:localhost/127.0.0.1:58509]' for 'GET' to 'http://localhost:58509/session/566657fccef467be2dbfb2d8d7b8db24/screenshot'
15:39:12.998 [Forwarding screenshot on session 566657fccef467be2dbfb2d8d7b8db24 to remote] DEBUG org.asynchttpclient.netty.request.NettyRequestSender - Using open Channel [id: 0xee7d4684, L:/127.0.0.1:59971 - R:localhost/127.0.0.1:58509] for GET '/session/566657fccef467be2dbfb2d8d7b8db24/screenshot'
15:39:13.125 [AsyncHttpClient-1-2] DEBUG org.asynchttpclient.netty.handler.HttpHandler - 

Request DefaultFullHttpRequest(decodeResult: success, version: HTTP/1.1, content: EmptyByteBufBE)
GET /session/566657fccef467be2dbfb2d8d7b8db24/screenshot HTTP/1.1
User-Agent: selenium/4.1.4 (java windows)
Cache-Control: no-cache
Content-Type: application/json; charset=utf-8
host: localhost:58509
accept: */*

Response DefaultHttpResponse(decodeResult: success, version: HTTP/1.1)
HTTP/1.1 200 OK
Content-Type: application/json; charset=utf-8
cache-control: no-cache
content-length: 131352

15:39:13.126 [AsyncHttpClient-1-2] DEBUG org.asynchttpclient.netty.channel.ChannelManager - Adding key: http://localhost:58509 for channel [id: 0xee7d4684, L:/127.0.0.1:59971 - R:localhost/127.0.0.1:58509]
15:39:13.129 [Test worker] DEBUG net.serenitybdd.core.photography.Darkroom - Send negative for processing for C:\Users\Administrador\Documents\Choucair\Choucair\ChoucairAutomation\target\site\serenity\ab9afbb2fed86dc15205cdcabfdd90379e6c042e7e42826832514237667e59e4.png
15:39:13.129 [Darkroom Processing Line] DEBUG net.serenitybdd.core.photography.DarkroomProcessingLine - Processing screenshot image in /var/screenshots/screenshot-17602725885675168679
15:39:13.129 [Darkroom Processing Line] DEBUG net.serenitybdd.core.photography.DarkroomProcessingLine - Saving screenshot to C:\Users\Administrador\Documents\Choucair\Choucair\ChoucairAutomation\target\site\serenity\ab9afbb2fed86dc15205cdcabfdd90379e6c042e7e42826832514237667e59e4.png
15:39:13.153 [Test worker] DEBUG net.thucydides.core.steps.StepInterceptor - STEP DONE: {0} enters #theTextAsAString into #target
15:39:13.177 [Test worker] DEBUG net.thucydides.core.steps.StepInterceptor - STEP DONE: !#title
15:39:13.205 [Forwarding screenshot on session 566657fccef467be2dbfb2d8d7b8db24 to remote] DEBUG org.asynchttpclient.netty.request.NettyRequestSender - Using pooled Channel '[id: 0xee7d4684, L:/127.0.0.1:59971 - R:localhost/127.0.0.1:58509]' for 'GET' to 'http://localhost:58509/session/566657fccef467be2dbfb2d8d7b8db24/screenshot'
15:39:13.206 [Forwarding screenshot on session 566657fccef467be2dbfb2d8d7b8db24 to remote] DEBUG org.asynchttpclient.netty.request.NettyRequestSender - Using open Channel [id: 0xee7d4684, L:/127.0.0.1:59971 - R:localhost/127.0.0.1:58509] for GET '/session/566657fccef467be2dbfb2d8d7b8db24/screenshot'
15:39:13.335 [AsyncHttpClient-1-2] DEBUG org.asynchttpclient.netty.handler.HttpHandler - 

Request DefaultFullHttpRequest(decodeResult: success, version: HTTP/1.1, content: EmptyByteBufBE)
GET /session/566657fccef467be2dbfb2d8d7b8db24/screenshot HTTP/1.1
User-Agent: selenium/4.1.4 (java windows)
Cache-Control: no-cache
Content-Type: application/json; charset=utf-8
host: localhost:58509
accept: */*

Response DefaultHttpResponse(decodeResult: success, version: HTTP/1.1)
HTTP/1.1 200 OK
Content-Type: application/json; charset=utf-8
cache-control: no-cache
content-length: 131640

15:39:13.335 [AsyncHttpClient-1-2] DEBUG org.asynchttpclient.netty.channel.ChannelManager - Adding key: http://localhost:58509 for channel [id: 0xee7d4684, L:/127.0.0.1:59971 - R:localhost/127.0.0.1:58509]
15:39:13.338 [Test worker] DEBUG net.serenitybdd.core.photography.Darkroom - Send negative for processing for C:\Users\Administrador\Documents\Choucair\Choucair\ChoucairAutomation\target\site\serenity\3060ae45347542e0413b0ad5fae7618c11ef68f7de3df1960c8f201269c7ee4b.png
15:39:13.339 [Test worker] DEBUG net.thucydides.core.steps.StepInterceptor - STARTING STEP: CreateNewMeeting.performAs - !#title
15:39:13.339 [Darkroom Processing Line] DEBUG net.serenitybdd.core.photography.DarkroomProcessingLine - Processing screenshot image in /var/screenshots/screenshot-6279104153119101495
15:39:13.339 [Darkroom Processing Line] DEBUG net.serenitybdd.core.photography.DarkroomProcessingLine - Saving screenshot to C:\Users\Administrador\Documents\Choucair\Choucair\ChoucairAutomation\target\site\serenity\3060ae45347542e0413b0ad5fae7618c11ef68f7de3df1960c8f201269c7ee4b.png
15:39:13.362 [Test worker] DEBUG net.thucydides.core.steps.StepInterceptor - STARTING STEP: CreateNewMeeting.performAs - {0} enters #theTextAsAString into #target
15:39:13.371 [Test worker] DEBUG net.serenitybdd.screenplay.targets.IFrameSwitcher - default content already selected for input end date
15:39:13.412 [Forwarding findElement on session 566657fccef467be2dbfb2d8d7b8db24 to remote] DEBUG org.asynchttpclient.netty.request.NettyRequestSender - Using pooled Channel '[id: 0xee7d4684, L:/127.0.0.1:59971 - R:localhost/127.0.0.1:58509]' for 'POST' to 'http://localhost:58509/session/566657fccef467be2dbfb2d8d7b8db24/element'
15:39:13.412 [Forwarding findElement on session 566657fccef467be2dbfb2d8d7b8db24 to remote] DEBUG org.asynchttpclient.netty.request.NettyRequestSender - Using open Channel [id: 0xee7d4684, L:/127.0.0.1:59971 - R:localhost/127.0.0.1:58509] for POST '/session/566657fccef467be2dbfb2d8d7b8db24/element'
15:39:13.421 [AsyncHttpClient-1-2] DEBUG org.asynchttpclient.netty.handler.HttpHandler - 

Request DefaultHttpRequest(decodeResult: success, version: HTTP/1.1)
POST /session/566657fccef467be2dbfb2d8d7b8db24/element HTTP/1.1
User-Agent: selenium/4.1.4 (java windows)
Content-Length: 89
Content-Type: application/json; charset=utf-8
host: localhost:58509
accept: */*

Response DefaultHttpResponse(decodeResult: success, version: HTTP/1.1)
HTTP/1.1 200 OK
Content-Type: application/json; charset=utf-8
cache-control: no-cache
content-length: 88

15:39:13.421 [AsyncHttpClient-1-2] DEBUG org.asynchttpclient.netty.channel.ChannelManager - Adding key: http://localhost:58509 for channel [id: 0xee7d4684, L:/127.0.0.1:59971 - R:localhost/127.0.0.1:58509]
15:39:13.422 [Forwarding clearElement on session 566657fccef467be2dbfb2d8d7b8db24 to remote] DEBUG org.asynchttpclient.netty.request.NettyRequestSender - Using pooled Channel '[id: 0xee7d4684, L:/127.0.0.1:59971 - R:localhost/127.0.0.1:58509]' for 'POST' to 'http://localhost:58509/session/566657fccef467be2dbfb2d8d7b8db24/element/17eee10b-0e77-488e-8630-46c81602e614/clear'
15:39:13.422 [Forwarding clearElement on session 566657fccef467be2dbfb2d8d7b8db24 to remote] DEBUG org.asynchttpclient.netty.request.NettyRequestSender - Using open Channel [id: 0xee7d4684, L:/127.0.0.1:59971 - R:localhost/127.0.0.1:58509] for POST '/session/566657fccef467be2dbfb2d8d7b8db24/element/17eee10b-0e77-488e-8630-46c81602e614/clear'
15:39:13.454 [AsyncHttpClient-1-2] DEBUG org.asynchttpclient.netty.handler.HttpHandler - 

Request DefaultHttpRequest(decodeResult: success, version: HTTP/1.1)
POST /session/566657fccef467be2dbfb2d8d7b8db24/element/17eee10b-0e77-488e-8630-46c81602e614/clear HTTP/1.1
User-Agent: selenium/4.1.4 (java windows)
Content-Length: 50
Content-Type: application/json; charset=utf-8
host: localhost:58509
accept: */*

Response DefaultHttpResponse(decodeResult: success, version: HTTP/1.1)
HTTP/1.1 200 OK
Content-Type: application/json; charset=utf-8
cache-control: no-cache
content-length: 14

15:39:13.454 [AsyncHttpClient-1-2] DEBUG org.asynchttpclient.netty.channel.ChannelManager - Adding key: http://localhost:58509 for channel [id: 0xee7d4684, L:/127.0.0.1:59971 - R:localhost/127.0.0.1:58509]
15:39:13.466 [Forwarding sendKeysToElement on session 566657fccef467be2dbfb2d8d7b8db24 to remote] DEBUG org.asynchttpclient.netty.request.NettyRequestSender - Using pooled Channel '[id: 0xee7d4684, L:/127.0.0.1:59971 - R:localhost/127.0.0.1:58509]' for 'POST' to 'http://localhost:58509/session/566657fccef467be2dbfb2d8d7b8db24/element/17eee10b-0e77-488e-8630-46c81602e614/value'
15:39:13.466 [Forwarding sendKeysToElement on session 566657fccef467be2dbfb2d8d7b8db24 to remote] DEBUG org.asynchttpclient.netty.request.NettyRequestSender - Using open Channel [id: 0xee7d4684, L:/127.0.0.1:59971 - R:localhost/127.0.0.1:58509] for POST '/session/566657fccef467be2dbfb2d8d7b8db24/element/17eee10b-0e77-488e-8630-46c81602e614/value'
15:39:13.525 [AsyncHttpClient-1-2] DEBUG org.asynchttpclient.netty.handler.HttpHandler - 

Request DefaultHttpRequest(decodeResult: success, version: HTTP/1.1)
POST /session/566657fccef467be2dbfb2d8d7b8db24/element/17eee10b-0e77-488e-8630-46c81602e614/value HTTP/1.1
User-Agent: selenium/4.1.4 (java windows)
Content-Length: 201
Content-Type: application/json; charset=utf-8
host: localhost:58509
accept: */*

Response DefaultHttpResponse(decodeResult: success, version: HTTP/1.1)
HTTP/1.1 200 OK
Content-Type: application/json; charset=utf-8
cache-control: no-cache
content-length: 14

15:39:13.525 [AsyncHttpClient-1-2] DEBUG org.asynchttpclient.netty.channel.ChannelManager - Adding key: http://localhost:58509 for channel [id: 0xee7d4684, L:/127.0.0.1:59971 - R:localhost/127.0.0.1:58509]
15:39:13.541 [Forwarding screenshot on session 566657fccef467be2dbfb2d8d7b8db24 to remote] DEBUG org.asynchttpclient.netty.request.NettyRequestSender - Using pooled Channel '[id: 0xee7d4684, L:/127.0.0.1:59971 - R:localhost/127.0.0.1:58509]' for 'GET' to 'http://localhost:58509/session/566657fccef467be2dbfb2d8d7b8db24/screenshot'
15:39:13.542 [Forwarding screenshot on session 566657fccef467be2dbfb2d8d7b8db24 to remote] DEBUG org.asynchttpclient.netty.request.NettyRequestSender - Using open Channel [id: 0xee7d4684, L:/127.0.0.1:59971 - R:localhost/127.0.0.1:58509] for GET '/session/566657fccef467be2dbfb2d8d7b8db24/screenshot'
15:39:13.662 [AsyncHttpClient-1-2] DEBUG org.asynchttpclient.netty.handler.HttpHandler - 

Request DefaultFullHttpRequest(decodeResult: success, version: HTTP/1.1, content: EmptyByteBufBE)
GET /session/566657fccef467be2dbfb2d8d7b8db24/screenshot HTTP/1.1
User-Agent: selenium/4.1.4 (java windows)
Cache-Control: no-cache
Content-Type: application/json; charset=utf-8
host: localhost:58509
accept: */*

Response DefaultHttpResponse(decodeResult: success, version: HTTP/1.1)
HTTP/1.1 200 OK
Content-Type: application/json; charset=utf-8
cache-control: no-cache
content-length: 136284

15:39:13.662 [AsyncHttpClient-1-2] DEBUG org.asynchttpclient.netty.channel.ChannelManager - Adding key: http://localhost:58509 for channel [id: 0xee7d4684, L:/127.0.0.1:59971 - R:localhost/127.0.0.1:58509]
15:39:13.666 [Test worker] DEBUG net.serenitybdd.core.photography.Darkroom - Send negative for processing for C:\Users\Administrador\Documents\Choucair\Choucair\ChoucairAutomation\target\site\serenity\b530e7c43b8febf87d0615c39913ae2839ec3dc18094f1b9c8b92d512cad7717.png
15:39:13.667 [Darkroom Processing Line] DEBUG net.serenitybdd.core.photography.DarkroomProcessingLine - Processing screenshot image in /var/screenshots/screenshot-9940145196401643834
15:39:13.667 [Darkroom Processing Line] DEBUG net.serenitybdd.core.photography.DarkroomProcessingLine - Saving screenshot to C:\Users\Administrador\Documents\Choucair\Choucair\ChoucairAutomation\target\site\serenity\b530e7c43b8febf87d0615c39913ae2839ec3dc18094f1b9c8b92d512cad7717.png
15:39:13.695 [Test worker] DEBUG net.thucydides.core.steps.StepInterceptor - STEP DONE: {0} enters #theTextAsAString into #target
15:39:13.719 [Forwarding screenshot on session 566657fccef467be2dbfb2d8d7b8db24 to remote] DEBUG org.asynchttpclient.netty.request.NettyRequestSender - Using pooled Channel '[id: 0xee7d4684, L:/127.0.0.1:59971 - R:localhost/127.0.0.1:58509]' for 'GET' to 'http://localhost:58509/session/566657fccef467be2dbfb2d8d7b8db24/screenshot'
15:39:13.719 [Forwarding screenshot on session 566657fccef467be2dbfb2d8d7b8db24 to remote] DEBUG org.asynchttpclient.netty.request.NettyRequestSender - Using open Channel [id: 0xee7d4684, L:/127.0.0.1:59971 - R:localhost/127.0.0.1:58509] for GET '/session/566657fccef467be2dbfb2d8d7b8db24/screenshot'
15:39:13.823 [AsyncHttpClient-1-2] DEBUG org.asynchttpclient.netty.handler.HttpHandler - 

Request DefaultFullHttpRequest(decodeResult: success, version: HTTP/1.1, content: EmptyByteBufBE)
GET /session/566657fccef467be2dbfb2d8d7b8db24/screenshot HTTP/1.1
User-Agent: selenium/4.1.4 (java windows)
Cache-Control: no-cache
Content-Type: application/json; charset=utf-8
host: localhost:58509
accept: */*

Response DefaultHttpResponse(decodeResult: success, version: HTTP/1.1)
HTTP/1.1 200 OK
Content-Type: application/json; charset=utf-8
cache-control: no-cache
content-length: 136212

15:39:13.823 [AsyncHttpClient-1-2] DEBUG org.asynchttpclient.netty.channel.ChannelManager - Adding key: http://localhost:58509 for channel [id: 0xee7d4684, L:/127.0.0.1:59971 - R:localhost/127.0.0.1:58509]
15:39:13.827 [Test worker] DEBUG net.serenitybdd.core.photography.Darkroom - Send negative for processing for C:\Users\Administrador\Documents\Choucair\Choucair\ChoucairAutomation\target\site\serenity\14af0017b608d0707efc3821e028d694ae767c2789a8a395ee6252ecf74f7d55.png
15:39:13.827 [Test worker] DEBUG net.thucydides.core.steps.StepInterceptor - STEP DONE: !#title
15:39:13.827 [Darkroom Processing Line] DEBUG net.serenitybdd.core.photography.DarkroomProcessingLine - Processing screenshot image in /var/screenshots/screenshot-17056457302933600870
15:39:13.827 [Darkroom Processing Line] DEBUG net.serenitybdd.core.photography.DarkroomProcessingLine - Saving screenshot to C:\Users\Administrador\Documents\Choucair\Choucair\ChoucairAutomation\target\site\serenity\14af0017b608d0707efc3821e028d694ae767c2789a8a395ee6252ecf74f7d55.png
15:39:13.851 [Test worker] DEBUG net.thucydides.core.steps.StepInterceptor - STARTING STEP: CreateNewMeeting.performAs - !#title
15:39:13.868 [Test worker] DEBUG net.thucydides.core.steps.StepInterceptor - STARTING STEP: CreateNewMeeting.performAs - {0} clicks on #target
15:39:13.868 [Test worker] DEBUG net.serenitybdd.screenplay.targets.IFrameSwitcher - default content already selected for input unit
15:39:13.933 [Forwarding findElement on session 566657fccef467be2dbfb2d8d7b8db24 to remote] DEBUG org.asynchttpclient.netty.request.NettyRequestSender - Using pooled Channel '[id: 0xee7d4684, L:/127.0.0.1:59971 - R:localhost/127.0.0.1:58509]' for 'POST' to 'http://localhost:58509/session/566657fccef467be2dbfb2d8d7b8db24/element'
15:39:13.933 [Forwarding findElement on session 566657fccef467be2dbfb2d8d7b8db24 to remote] DEBUG org.asynchttpclient.netty.request.NettyRequestSender - Using open Channel [id: 0xee7d4684, L:/127.0.0.1:59971 - R:localhost/127.0.0.1:58509] for POST '/session/566657fccef467be2dbfb2d8d7b8db24/element'
15:39:13.942 [AsyncHttpClient-1-2] DEBUG org.asynchttpclient.netty.handler.HttpHandler - 

Request DefaultHttpRequest(decodeResult: success, version: HTTP/1.1)
POST /session/566657fccef467be2dbfb2d8d7b8db24/element HTTP/1.1
User-Agent: selenium/4.1.4 (java windows)
Content-Length: 65
Content-Type: application/json; charset=utf-8
host: localhost:58509
accept: */*

Response DefaultHttpResponse(decodeResult: success, version: HTTP/1.1)
HTTP/1.1 200 OK
Content-Type: application/json; charset=utf-8
cache-control: no-cache
content-length: 88

15:39:13.942 [AsyncHttpClient-1-2] DEBUG org.asynchttpclient.netty.channel.ChannelManager - Adding key: http://localhost:58509 for channel [id: 0xee7d4684, L:/127.0.0.1:59971 - R:localhost/127.0.0.1:58509]
15:39:13.954 [Forwarding isElementDisplayed on session 566657fccef467be2dbfb2d8d7b8db24 to remote] DEBUG org.asynchttpclient.netty.request.NettyRequestSender - Using pooled Channel '[id: 0xee7d4684, L:/127.0.0.1:59971 - R:localhost/127.0.0.1:58509]' for 'POST' to 'http://localhost:58509/session/566657fccef467be2dbfb2d8d7b8db24/execute/sync'
15:39:13.954 [Forwarding isElementDisplayed on session 566657fccef467be2dbfb2d8d7b8db24 to remote] DEBUG org.asynchttpclient.netty.request.NettyRequestSender - Using open Channel [id: 0xee7d4684, L:/127.0.0.1:59971 - R:localhost/127.0.0.1:58509] for POST '/session/566657fccef467be2dbfb2d8d7b8db24/execute/sync'
15:39:13.963 [AsyncHttpClient-1-2] DEBUG org.asynchttpclient.netty.handler.HttpHandler - 

Request DefaultHttpRequest(decodeResult: success, version: HTTP/1.1)
POST /session/566657fccef467be2dbfb2d8d7b8db24/execute/sync HTTP/1.1
User-Agent: selenium/4.1.4 (java windows)
Content-Length: 48780
Content-Type: application/json; charset=utf-8
host: localhost:58509
accept: */*

Response DefaultHttpResponse(decodeResult: success, version: HTTP/1.1)
HTTP/1.1 200 OK
Content-Type: application/json; charset=utf-8
cache-control: no-cache
content-length: 14

15:39:13.963 [AsyncHttpClient-1-2] DEBUG org.asynchttpclient.netty.channel.ChannelManager - Adding key: http://localhost:58509 for channel [id: 0xee7d4684, L:/127.0.0.1:59971 - R:localhost/127.0.0.1:58509]
15:39:13.986 [Forwarding findElement on session 566657fccef467be2dbfb2d8d7b8db24 to remote] DEBUG org.asynchttpclient.netty.request.NettyRequestSender - Using pooled Channel '[id: 0xee7d4684, L:/127.0.0.1:59971 - R:localhost/127.0.0.1:58509]' for 'POST' to 'http://localhost:58509/session/566657fccef467be2dbfb2d8d7b8db24/element'
15:39:13.986 [Forwarding findElement on session 566657fccef467be2dbfb2d8d7b8db24 to remote] DEBUG org.asynchttpclient.netty.request.NettyRequestSender - Using open Channel [id: 0xee7d4684, L:/127.0.0.1:59971 - R:localhost/127.0.0.1:58509] for POST '/session/566657fccef467be2dbfb2d8d7b8db24/element'
15:39:13.992 [AsyncHttpClient-1-2] DEBUG org.asynchttpclient.netty.handler.HttpHandler - 

Request DefaultHttpRequest(decodeResult: success, version: HTTP/1.1)
POST /session/566657fccef467be2dbfb2d8d7b8db24/element HTTP/1.1
User-Agent: selenium/4.1.4 (java windows)
Content-Length: 65
Content-Type: application/json; charset=utf-8
host: localhost:58509
accept: */*

Response DefaultHttpResponse(decodeResult: success, version: HTTP/1.1)
HTTP/1.1 200 OK
Content-Type: application/json; charset=utf-8
cache-control: no-cache
content-length: 88

15:39:13.992 [AsyncHttpClient-1-2] DEBUG org.asynchttpclient.netty.channel.ChannelManager - Adding key: http://localhost:58509 for channel [id: 0xee7d4684, L:/127.0.0.1:59971 - R:localhost/127.0.0.1:58509]
15:39:13.993 [Forwarding clickElement on session 566657fccef467be2dbfb2d8d7b8db24 to remote] DEBUG org.asynchttpclient.netty.request.NettyRequestSender - Using pooled Channel '[id: 0xee7d4684, L:/127.0.0.1:59971 - R:localhost/127.0.0.1:58509]' for 'POST' to 'http://localhost:58509/session/566657fccef467be2dbfb2d8d7b8db24/element/d9e765cd-26b4-49bc-b415-dd57d91a2fe2/click'
15:39:13.993 [Forwarding clickElement on session 566657fccef467be2dbfb2d8d7b8db24 to remote] DEBUG org.asynchttpclient.netty.request.NettyRequestSender - Using open Channel [id: 0xee7d4684, L:/127.0.0.1:59971 - R:localhost/127.0.0.1:58509] for POST '/session/566657fccef467be2dbfb2d8d7b8db24/element/d9e765cd-26b4-49bc-b415-dd57d91a2fe2/click'
15:39:14.047 [AsyncHttpClient-1-2] DEBUG org.asynchttpclient.netty.handler.HttpHandler - 

Request DefaultHttpRequest(decodeResult: success, version: HTTP/1.1)
POST /session/566657fccef467be2dbfb2d8d7b8db24/element/d9e765cd-26b4-49bc-b415-dd57d91a2fe2/click HTTP/1.1
User-Agent: selenium/4.1.4 (java windows)
Content-Length: 50
Content-Type: application/json; charset=utf-8
host: localhost:58509
accept: */*

Response DefaultHttpResponse(decodeResult: success, version: HTTP/1.1)
HTTP/1.1 200 OK
Content-Type: application/json; charset=utf-8
cache-control: no-cache
content-length: 14

15:39:14.047 [AsyncHttpClient-1-2] DEBUG org.asynchttpclient.netty.channel.ChannelManager - Adding key: http://localhost:58509 for channel [id: 0xee7d4684, L:/127.0.0.1:59971 - R:localhost/127.0.0.1:58509]
15:39:14.064 [Forwarding screenshot on session 566657fccef467be2dbfb2d8d7b8db24 to remote] DEBUG org.asynchttpclient.netty.request.NettyRequestSender - Using pooled Channel '[id: 0xee7d4684, L:/127.0.0.1:59971 - R:localhost/127.0.0.1:58509]' for 'GET' to 'http://localhost:58509/session/566657fccef467be2dbfb2d8d7b8db24/screenshot'
15:39:14.064 [Forwarding screenshot on session 566657fccef467be2dbfb2d8d7b8db24 to remote] DEBUG org.asynchttpclient.netty.request.NettyRequestSender - Using open Channel [id: 0xee7d4684, L:/127.0.0.1:59971 - R:localhost/127.0.0.1:58509] for GET '/session/566657fccef467be2dbfb2d8d7b8db24/screenshot'
15:39:14.173 [AsyncHttpClient-1-2] DEBUG org.asynchttpclient.netty.handler.HttpHandler - 

Request DefaultFullHttpRequest(decodeResult: success, version: HTTP/1.1, content: EmptyByteBufBE)
GET /session/566657fccef467be2dbfb2d8d7b8db24/screenshot HTTP/1.1
User-Agent: selenium/4.1.4 (java windows)
Cache-Control: no-cache
Content-Type: application/json; charset=utf-8
host: localhost:58509
accept: */*

Response DefaultHttpResponse(decodeResult: success, version: HTTP/1.1)
HTTP/1.1 200 OK
Content-Type: application/json; charset=utf-8
cache-control: no-cache
content-length: 154020

15:39:14.174 [AsyncHttpClient-1-2] DEBUG org.asynchttpclient.netty.channel.ChannelManager - Adding key: http://localhost:58509 for channel [id: 0xee7d4684, L:/127.0.0.1:59971 - R:localhost/127.0.0.1:58509]
15:39:14.178 [Test worker] DEBUG net.serenitybdd.core.photography.Darkroom - Send negative for processing for C:\Users\Administrador\Documents\Choucair\Choucair\ChoucairAutomation\target\site\serenity\7ad0d00a276e87e1562a9d95d73eadefe6fdba979753dbd43b94dee1658bf15a.png
15:39:14.178 [Darkroom Processing Line] DEBUG net.serenitybdd.core.photography.DarkroomProcessingLine - Processing screenshot image in /var/screenshots/screenshot-8289947685732302799
15:39:14.178 [Darkroom Processing Line] DEBUG net.serenitybdd.core.photography.DarkroomProcessingLine - Saving screenshot to C:\Users\Administrador\Documents\Choucair\Choucair\ChoucairAutomation\target\site\serenity\7ad0d00a276e87e1562a9d95d73eadefe6fdba979753dbd43b94dee1658bf15a.png
15:39:14.196 [Test worker] DEBUG net.thucydides.core.steps.StepInterceptor - STEP DONE: {0} clicks on #target
15:39:14.236 [Test worker] DEBUG net.serenitybdd.screenplay.targets.IFrameSwitcher - default content already selected for unit select list
15:39:14.251 [Forwarding findElements on session 566657fccef467be2dbfb2d8d7b8db24 to remote] DEBUG org.asynchttpclient.netty.request.NettyRequestSender - Using pooled Channel '[id: 0xee7d4684, L:/127.0.0.1:59971 - R:localhost/127.0.0.1:58509]' for 'POST' to 'http://localhost:58509/session/566657fccef467be2dbfb2d8d7b8db24/elements'
15:39:14.251 [Forwarding findElements on session 566657fccef467be2dbfb2d8d7b8db24 to remote] DEBUG org.asynchttpclient.netty.request.NettyRequestSender - Using open Channel [id: 0xee7d4684, L:/127.0.0.1:59971 - R:localhost/127.0.0.1:58509] for POST '/session/566657fccef467be2dbfb2d8d7b8db24/elements'
15:39:14.263 [AsyncHttpClient-1-2] DEBUG org.asynchttpclient.netty.handler.HttpHandler - 

Request DefaultHttpRequest(decodeResult: success, version: HTTP/1.1)
POST /session/566657fccef467be2dbfb2d8d7b8db24/elements HTTP/1.1
User-Agent: selenium/4.1.4 (java windows)
Content-Length: 108
Content-Type: application/json; charset=utf-8
host: localhost:58509
accept: */*

Response DefaultHttpResponse(decodeResult: success, version: HTTP/1.1)
HTTP/1.1 200 OK
Content-Type: application/json; charset=utf-8
cache-control: no-cache
content-length: 90

15:39:14.263 [AsyncHttpClient-1-2] DEBUG org.asynchttpclient.netty.channel.ChannelManager - Adding key: http://localhost:58509 for channel [id: 0xee7d4684, L:/127.0.0.1:59971 - R:localhost/127.0.0.1:58509]
15:39:14.298 [Forwarding isElementDisplayed on session 566657fccef467be2dbfb2d8d7b8db24 to remote] DEBUG org.asynchttpclient.netty.request.NettyRequestSender - Using pooled Channel '[id: 0xee7d4684, L:/127.0.0.1:59971 - R:localhost/127.0.0.1:58509]' for 'POST' to 'http://localhost:58509/session/566657fccef467be2dbfb2d8d7b8db24/execute/sync'
15:39:14.298 [Forwarding isElementDisplayed on session 566657fccef467be2dbfb2d8d7b8db24 to remote] DEBUG org.asynchttpclient.netty.request.NettyRequestSender - Using open Channel [id: 0xee7d4684, L:/127.0.0.1:59971 - R:localhost/127.0.0.1:58509] for POST '/session/566657fccef467be2dbfb2d8d7b8db24/execute/sync'
15:39:14.311 [AsyncHttpClient-1-2] DEBUG org.asynchttpclient.netty.handler.HttpHandler - 

Request DefaultHttpRequest(decodeResult: success, version: HTTP/1.1)
POST /session/566657fccef467be2dbfb2d8d7b8db24/execute/sync HTTP/1.1
User-Agent: selenium/4.1.4 (java windows)
Content-Length: 48780
Content-Type: application/json; charset=utf-8
host: localhost:58509
accept: */*

Response DefaultHttpResponse(decodeResult: success, version: HTTP/1.1)
HTTP/1.1 200 OK
Content-Type: application/json; charset=utf-8
cache-control: no-cache
content-length: 14

15:39:14.311 [AsyncHttpClient-1-2] DEBUG org.asynchttpclient.netty.channel.ChannelManager - Adding key: http://localhost:58509 for channel [id: 0xee7d4684, L:/127.0.0.1:59971 - R:localhost/127.0.0.1:58509]
15:39:14.316 [Forwarding isElementDisplayed on session 566657fccef467be2dbfb2d8d7b8db24 to remote] DEBUG org.asynchttpclient.netty.request.NettyRequestSender - Using pooled Channel '[id: 0xee7d4684, L:/127.0.0.1:59971 - R:localhost/127.0.0.1:58509]' for 'POST' to 'http://localhost:58509/session/566657fccef467be2dbfb2d8d7b8db24/execute/sync'
15:39:14.317 [Forwarding isElementDisplayed on session 566657fccef467be2dbfb2d8d7b8db24 to remote] DEBUG org.asynchttpclient.netty.request.NettyRequestSender - Using open Channel [id: 0xee7d4684, L:/127.0.0.1:59971 - R:localhost/127.0.0.1:58509] for POST '/session/566657fccef467be2dbfb2d8d7b8db24/execute/sync'
15:39:14.346 [AsyncHttpClient-1-2] DEBUG org.asynchttpclient.netty.handler.HttpHandler - 

Request DefaultHttpRequest(decodeResult: success, version: HTTP/1.1)
POST /session/566657fccef467be2dbfb2d8d7b8db24/execute/sync HTTP/1.1
User-Agent: selenium/4.1.4 (java windows)
Content-Length: 48780
Content-Type: application/json; charset=utf-8
host: localhost:58509
accept: */*

Response DefaultHttpResponse(decodeResult: success, version: HTTP/1.1)
HTTP/1.1 200 OK
Content-Type: application/json; charset=utf-8
cache-control: no-cache
content-length: 14

15:39:14.346 [AsyncHttpClient-1-2] DEBUG org.asynchttpclient.netty.channel.ChannelManager - Adding key: http://localhost:58509 for channel [id: 0xee7d4684, L:/127.0.0.1:59971 - R:localhost/127.0.0.1:58509]
15:39:14.381 [Forwarding screenshot on session 566657fccef467be2dbfb2d8d7b8db24 to remote] DEBUG org.asynchttpclient.netty.request.NettyRequestSender - Using pooled Channel '[id: 0xee7d4684, L:/127.0.0.1:59971 - R:localhost/127.0.0.1:58509]' for 'GET' to 'http://localhost:58509/session/566657fccef467be2dbfb2d8d7b8db24/screenshot'
15:39:14.381 [Forwarding screenshot on session 566657fccef467be2dbfb2d8d7b8db24 to remote] DEBUG org.asynchttpclient.netty.request.NettyRequestSender - Using open Channel [id: 0xee7d4684, L:/127.0.0.1:59971 - R:localhost/127.0.0.1:58509] for GET '/session/566657fccef467be2dbfb2d8d7b8db24/screenshot'
15:39:14.475 [AsyncHttpClient-1-2] DEBUG org.asynchttpclient.netty.handler.HttpHandler - 

Request DefaultFullHttpRequest(decodeResult: success, version: HTTP/1.1, content: EmptyByteBufBE)
GET /session/566657fccef467be2dbfb2d8d7b8db24/screenshot HTTP/1.1
User-Agent: selenium/4.1.4 (java windows)
Cache-Control: no-cache
Content-Type: application/json; charset=utf-8
host: localhost:58509
accept: */*

Response DefaultHttpResponse(decodeResult: success, version: HTTP/1.1)
HTTP/1.1 200 OK
Content-Type: application/json; charset=utf-8
cache-control: no-cache
content-length: 153944

15:39:14.476 [AsyncHttpClient-1-2] DEBUG org.asynchttpclient.netty.channel.ChannelManager - Adding key: http://localhost:58509 for channel [id: 0xee7d4684, L:/127.0.0.1:59971 - R:localhost/127.0.0.1:58509]
15:39:14.481 [Test worker] DEBUG net.serenitybdd.core.photography.Darkroom - Send negative for processing for C:\Users\Administrador\Documents\Choucair\Choucair\ChoucairAutomation\target\site\serenity\8dcfdb17bcaf1989f9b859e5e373cc1ccfce9d2eb069884c848ba77070fb6477.png
15:39:14.482 [Darkroom Processing Line] DEBUG net.serenitybdd.core.photography.DarkroomProcessingLine - Processing screenshot image in /var/screenshots/screenshot-5322537097240738726
15:39:14.482 [Darkroom Processing Line] DEBUG net.serenitybdd.core.photography.DarkroomProcessingLine - Saving screenshot to C:\Users\Administrador\Documents\Choucair\Choucair\ChoucairAutomation\target\site\serenity\8dcfdb17bcaf1989f9b859e5e373cc1ccfce9d2eb069884c848ba77070fb6477.png
15:39:14.482 [Test worker] DEBUG net.thucydides.core.steps.StepInterceptor - STARTING STEP: CreateNewMeeting.performAs - {0} clicks on #target
15:39:14.482 [Test worker] DEBUG net.serenitybdd.screenplay.targets.IFrameSwitcher - default content already selected for unit select list
15:39:14.545 [Forwarding findElement on session 566657fccef467be2dbfb2d8d7b8db24 to remote] DEBUG org.asynchttpclient.netty.request.NettyRequestSender - Using pooled Channel '[id: 0xee7d4684, L:/127.0.0.1:59971 - R:localhost/127.0.0.1:58509]' for 'POST' to 'http://localhost:58509/session/566657fccef467be2dbfb2d8d7b8db24/element'
15:39:14.545 [Forwarding findElement on session 566657fccef467be2dbfb2d8d7b8db24 to remote] DEBUG org.asynchttpclient.netty.request.NettyRequestSender - Using open Channel [id: 0xee7d4684, L:/127.0.0.1:59971 - R:localhost/127.0.0.1:58509] for POST '/session/566657fccef467be2dbfb2d8d7b8db24/element'
15:39:14.554 [AsyncHttpClient-1-2] DEBUG org.asynchttpclient.netty.handler.HttpHandler - 

Request DefaultHttpRequest(decodeResult: success, version: HTTP/1.1)
POST /session/566657fccef467be2dbfb2d8d7b8db24/element HTTP/1.1
User-Agent: selenium/4.1.4 (java windows)
Content-Length: 108
Content-Type: application/json; charset=utf-8
host: localhost:58509
accept: */*

Response DefaultHttpResponse(decodeResult: success, version: HTTP/1.1)
HTTP/1.1 200 OK
Content-Type: application/json; charset=utf-8
cache-control: no-cache
content-length: 88

15:39:14.554 [AsyncHttpClient-1-2] DEBUG org.asynchttpclient.netty.channel.ChannelManager - Adding key: http://localhost:58509 for channel [id: 0xee7d4684, L:/127.0.0.1:59971 - R:localhost/127.0.0.1:58509]
15:39:14.566 [Forwarding isElementDisplayed on session 566657fccef467be2dbfb2d8d7b8db24 to remote] DEBUG org.asynchttpclient.netty.request.NettyRequestSender - Using pooled Channel '[id: 0xee7d4684, L:/127.0.0.1:59971 - R:localhost/127.0.0.1:58509]' for 'POST' to 'http://localhost:58509/session/566657fccef467be2dbfb2d8d7b8db24/execute/sync'
15:39:14.566 [Forwarding isElementDisplayed on session 566657fccef467be2dbfb2d8d7b8db24 to remote] DEBUG org.asynchttpclient.netty.request.NettyRequestSender - Using open Channel [id: 0xee7d4684, L:/127.0.0.1:59971 - R:localhost/127.0.0.1:58509] for POST '/session/566657fccef467be2dbfb2d8d7b8db24/execute/sync'
15:39:14.573 [AsyncHttpClient-1-2] DEBUG org.asynchttpclient.netty.handler.HttpHandler - 

Request DefaultHttpRequest(decodeResult: success, version: HTTP/1.1)
POST /session/566657fccef467be2dbfb2d8d7b8db24/execute/sync HTTP/1.1
User-Agent: selenium/4.1.4 (java windows)
Content-Length: 48780
Content-Type: application/json; charset=utf-8
host: localhost:58509
accept: */*

Response DefaultHttpResponse(decodeResult: success, version: HTTP/1.1)
HTTP/1.1 200 OK
Content-Type: application/json; charset=utf-8
cache-control: no-cache
content-length: 14

15:39:14.573 [AsyncHttpClient-1-2] DEBUG org.asynchttpclient.netty.channel.ChannelManager - Adding key: http://localhost:58509 for channel [id: 0xee7d4684, L:/127.0.0.1:59971 - R:localhost/127.0.0.1:58509]
15:39:14.597 [Forwarding findElement on session 566657fccef467be2dbfb2d8d7b8db24 to remote] DEBUG org.asynchttpclient.netty.request.NettyRequestSender - Using pooled Channel '[id: 0xee7d4684, L:/127.0.0.1:59971 - R:localhost/127.0.0.1:58509]' for 'POST' to 'http://localhost:58509/session/566657fccef467be2dbfb2d8d7b8db24/element'
15:39:14.598 [Forwarding findElement on session 566657fccef467be2dbfb2d8d7b8db24 to remote] DEBUG org.asynchttpclient.netty.request.NettyRequestSender - Using open Channel [id: 0xee7d4684, L:/127.0.0.1:59971 - R:localhost/127.0.0.1:58509] for POST '/session/566657fccef467be2dbfb2d8d7b8db24/element'
15:39:14.603 [AsyncHttpClient-1-2] DEBUG org.asynchttpclient.netty.handler.HttpHandler - 

Request DefaultHttpRequest(decodeResult: success, version: HTTP/1.1)
POST /session/566657fccef467be2dbfb2d8d7b8db24/element HTTP/1.1
User-Agent: selenium/4.1.4 (java windows)
Content-Length: 108
Content-Type: application/json; charset=utf-8
host: localhost:58509
accept: */*

Response DefaultHttpResponse(decodeResult: success, version: HTTP/1.1)
HTTP/1.1 200 OK
Content-Type: application/json; charset=utf-8
cache-control: no-cache
content-length: 88

15:39:14.604 [AsyncHttpClient-1-2] DEBUG org.asynchttpclient.netty.channel.ChannelManager - Adding key: http://localhost:58509 for channel [id: 0xee7d4684, L:/127.0.0.1:59971 - R:localhost/127.0.0.1:58509]
15:39:14.605 [Forwarding clickElement on session 566657fccef467be2dbfb2d8d7b8db24 to remote] DEBUG org.asynchttpclient.netty.request.NettyRequestSender - Using pooled Channel '[id: 0xee7d4684, L:/127.0.0.1:59971 - R:localhost/127.0.0.1:58509]' for 'POST' to 'http://localhost:58509/session/566657fccef467be2dbfb2d8d7b8db24/element/a5cc6398-2549-4ca4-965e-a30865911bab/click'
15:39:14.605 [Forwarding clickElement on session 566657fccef467be2dbfb2d8d7b8db24 to remote] DEBUG org.asynchttpclient.netty.request.NettyRequestSender - Using open Channel [id: 0xee7d4684, L:/127.0.0.1:59971 - R:localhost/127.0.0.1:58509] for POST '/session/566657fccef467be2dbfb2d8d7b8db24/element/a5cc6398-2549-4ca4-965e-a30865911bab/click'
15:39:14.637 [AsyncHttpClient-1-2] DEBUG org.asynchttpclient.netty.handler.HttpHandler - 

Request DefaultHttpRequest(decodeResult: success, version: HTTP/1.1)
POST /session/566657fccef467be2dbfb2d8d7b8db24/element/a5cc6398-2549-4ca4-965e-a30865911bab/click HTTP/1.1
User-Agent: selenium/4.1.4 (java windows)
Content-Length: 50
Content-Type: application/json; charset=utf-8
host: localhost:58509
accept: */*

Response DefaultHttpResponse(decodeResult: success, version: HTTP/1.1)
HTTP/1.1 200 OK
Content-Type: application/json; charset=utf-8
cache-control: no-cache
content-length: 14

15:39:14.637 [AsyncHttpClient-1-2] DEBUG org.asynchttpclient.netty.channel.ChannelManager - Adding key: http://localhost:58509 for channel [id: 0xee7d4684, L:/127.0.0.1:59971 - R:localhost/127.0.0.1:58509]
15:39:14.653 [Forwarding screenshot on session 566657fccef467be2dbfb2d8d7b8db24 to remote] DEBUG org.asynchttpclient.netty.request.NettyRequestSender - Using pooled Channel '[id: 0xee7d4684, L:/127.0.0.1:59971 - R:localhost/127.0.0.1:58509]' for 'GET' to 'http://localhost:58509/session/566657fccef467be2dbfb2d8d7b8db24/screenshot'
15:39:14.653 [Forwarding screenshot on session 566657fccef467be2dbfb2d8d7b8db24 to remote] DEBUG org.asynchttpclient.netty.request.NettyRequestSender - Using open Channel [id: 0xee7d4684, L:/127.0.0.1:59971 - R:localhost/127.0.0.1:58509] for GET '/session/566657fccef467be2dbfb2d8d7b8db24/screenshot'
15:39:14.751 [AsyncHttpClient-1-2] DEBUG org.asynchttpclient.netty.handler.HttpHandler - 

Request DefaultFullHttpRequest(decodeResult: success, version: HTTP/1.1, content: EmptyByteBufBE)
GET /session/566657fccef467be2dbfb2d8d7b8db24/screenshot HTTP/1.1
User-Agent: selenium/4.1.4 (java windows)
Cache-Control: no-cache
Content-Type: application/json; charset=utf-8
host: localhost:58509
accept: */*

Response DefaultHttpResponse(decodeResult: success, version: HTTP/1.1)
HTTP/1.1 200 OK
Content-Type: application/json; charset=utf-8
cache-control: no-cache
content-length: 131016

15:39:14.751 [AsyncHttpClient-1-2] DEBUG org.asynchttpclient.netty.channel.ChannelManager - Adding key: http://localhost:58509 for channel [id: 0xee7d4684, L:/127.0.0.1:59971 - R:localhost/127.0.0.1:58509]
15:39:14.754 [Test worker] DEBUG net.serenitybdd.core.photography.Darkroom - Send negative for processing for C:\Users\Administrador\Documents\Choucair\Choucair\ChoucairAutomation\target\site\serenity\8f2fd565cb38608b405588582eda7d93ca2ed0e07cf259d05dcbe4842dfe89fe.png
15:39:14.754 [Darkroom Processing Line] DEBUG net.serenitybdd.core.photography.DarkroomProcessingLine - Processing screenshot image in /var/screenshots/screenshot-16784503741246131110
15:39:14.754 [Darkroom Processing Line] DEBUG net.serenitybdd.core.photography.DarkroomProcessingLine - Saving screenshot to C:\Users\Administrador\Documents\Choucair\Choucair\ChoucairAutomation\target\site\serenity\8f2fd565cb38608b405588582eda7d93ca2ed0e07cf259d05dcbe4842dfe89fe.png
15:39:14.772 [Test worker] DEBUG net.thucydides.core.steps.StepInterceptor - STEP DONE: {0} clicks on #target
15:39:14.807 [Forwarding screenshot on session 566657fccef467be2dbfb2d8d7b8db24 to remote] DEBUG org.asynchttpclient.netty.request.NettyRequestSender - Using pooled Channel '[id: 0xee7d4684, L:/127.0.0.1:59971 - R:localhost/127.0.0.1:58509]' for 'GET' to 'http://localhost:58509/session/566657fccef467be2dbfb2d8d7b8db24/screenshot'
15:39:14.807 [Forwarding screenshot on session 566657fccef467be2dbfb2d8d7b8db24 to remote] DEBUG org.asynchttpclient.netty.request.NettyRequestSender - Using open Channel [id: 0xee7d4684, L:/127.0.0.1:59971 - R:localhost/127.0.0.1:58509] for GET '/session/566657fccef467be2dbfb2d8d7b8db24/screenshot'
15:39:14.939 [AsyncHttpClient-1-2] DEBUG org.asynchttpclient.netty.handler.HttpHandler - 

Request DefaultFullHttpRequest(decodeResult: success, version: HTTP/1.1, content: EmptyByteBufBE)
GET /session/566657fccef467be2dbfb2d8d7b8db24/screenshot HTTP/1.1
User-Agent: selenium/4.1.4 (java windows)
Cache-Control: no-cache
Content-Type: application/json; charset=utf-8
host: localhost:58509
accept: */*

Response DefaultHttpResponse(decodeResult: success, version: HTTP/1.1)
HTTP/1.1 200 OK
Content-Type: application/json; charset=utf-8
cache-control: no-cache
content-length: 131016

15:39:14.939 [AsyncHttpClient-1-2] DEBUG org.asynchttpclient.netty.channel.ChannelManager - Adding key: http://localhost:58509 for channel [id: 0xee7d4684, L:/127.0.0.1:59971 - R:localhost/127.0.0.1:58509]
15:39:14.943 [Test worker] DEBUG net.serenitybdd.core.photography.Darkroom - Send negative for processing for C:\Users\Administrador\Documents\Choucair\Choucair\ChoucairAutomation\target\site\serenity\8f2fd565cb38608b405588582eda7d93ca2ed0e07cf259d05dcbe4842dfe89fe.png
15:39:14.943 [Test worker] DEBUG net.thucydides.core.steps.StepInterceptor - STEP DONE: !#title
15:39:14.965 [Test worker] DEBUG net.thucydides.core.steps.StepInterceptor - STARTING STEP: CreateNewMeeting.performAs - !#title
15:39:14.980 [Test worker] DEBUG net.thucydides.core.steps.StepInterceptor - STARTING STEP: CreateNewMeeting.performAs - {0} clicks on #target
15:39:14.981 [Test worker] DEBUG net.serenitybdd.screenplay.targets.IFrameSwitcher - default content already selected for input reporter
15:39:15.041 [Forwarding findElement on session 566657fccef467be2dbfb2d8d7b8db24 to remote] DEBUG org.asynchttpclient.netty.request.NettyRequestSender - Using pooled Channel '[id: 0xee7d4684, L:/127.0.0.1:59971 - R:localhost/127.0.0.1:58509]' for 'POST' to 'http://localhost:58509/session/566657fccef467be2dbfb2d8d7b8db24/element'
15:39:15.042 [Forwarding findElement on session 566657fccef467be2dbfb2d8d7b8db24 to remote] DEBUG org.asynchttpclient.netty.request.NettyRequestSender - Using open Channel [id: 0xee7d4684, L:/127.0.0.1:59971 - R:localhost/127.0.0.1:58509] for POST '/session/566657fccef467be2dbfb2d8d7b8db24/element'
15:39:15.051 [AsyncHttpClient-1-2] DEBUG org.asynchttpclient.netty.handler.HttpHandler - 

Request DefaultHttpRequest(decodeResult: success, version: HTTP/1.1)
POST /session/566657fccef467be2dbfb2d8d7b8db24/element HTTP/1.1
User-Agent: selenium/4.1.4 (java windows)
Content-Length: 66
Content-Type: application/json; charset=utf-8
host: localhost:58509
accept: */*

Response DefaultHttpResponse(decodeResult: success, version: HTTP/1.1)
HTTP/1.1 200 OK
Content-Type: application/json; charset=utf-8
cache-control: no-cache
content-length: 88

15:39:15.051 [AsyncHttpClient-1-2] DEBUG org.asynchttpclient.netty.channel.ChannelManager - Adding key: http://localhost:58509 for channel [id: 0xee7d4684, L:/127.0.0.1:59971 - R:localhost/127.0.0.1:58509]
15:39:15.067 [Forwarding isElementDisplayed on session 566657fccef467be2dbfb2d8d7b8db24 to remote] DEBUG org.asynchttpclient.netty.request.NettyRequestSender - Using pooled Channel '[id: 0xee7d4684, L:/127.0.0.1:59971 - R:localhost/127.0.0.1:58509]' for 'POST' to 'http://localhost:58509/session/566657fccef467be2dbfb2d8d7b8db24/execute/sync'
15:39:15.067 [Forwarding isElementDisplayed on session 566657fccef467be2dbfb2d8d7b8db24 to remote] DEBUG org.asynchttpclient.netty.request.NettyRequestSender - Using open Channel [id: 0xee7d4684, L:/127.0.0.1:59971 - R:localhost/127.0.0.1:58509] for POST '/session/566657fccef467be2dbfb2d8d7b8db24/execute/sync'
15:39:15.076 [AsyncHttpClient-1-2] DEBUG org.asynchttpclient.netty.handler.HttpHandler - 

Request DefaultHttpRequest(decodeResult: success, version: HTTP/1.1)
POST /session/566657fccef467be2dbfb2d8d7b8db24/execute/sync HTTP/1.1
User-Agent: selenium/4.1.4 (java windows)
Content-Length: 48780
Content-Type: application/json; charset=utf-8
host: localhost:58509
accept: */*

Response DefaultHttpResponse(decodeResult: success, version: HTTP/1.1)
HTTP/1.1 200 OK
Content-Type: application/json; charset=utf-8
cache-control: no-cache
content-length: 14

15:39:15.076 [AsyncHttpClient-1-2] DEBUG org.asynchttpclient.netty.channel.ChannelManager - Adding key: http://localhost:58509 for channel [id: 0xee7d4684, L:/127.0.0.1:59971 - R:localhost/127.0.0.1:58509]
15:39:15.099 [Forwarding findElement on session 566657fccef467be2dbfb2d8d7b8db24 to remote] DEBUG org.asynchttpclient.netty.request.NettyRequestSender - Using pooled Channel '[id: 0xee7d4684, L:/127.0.0.1:59971 - R:localhost/127.0.0.1:58509]' for 'POST' to 'http://localhost:58509/session/566657fccef467be2dbfb2d8d7b8db24/element'
15:39:15.099 [Forwarding findElement on session 566657fccef467be2dbfb2d8d7b8db24 to remote] DEBUG org.asynchttpclient.netty.request.NettyRequestSender - Using open Channel [id: 0xee7d4684, L:/127.0.0.1:59971 - R:localhost/127.0.0.1:58509] for POST '/session/566657fccef467be2dbfb2d8d7b8db24/element'
15:39:15.105 [AsyncHttpClient-1-2] DEBUG org.asynchttpclient.netty.handler.HttpHandler - 

Request DefaultHttpRequest(decodeResult: success, version: HTTP/1.1)
POST /session/566657fccef467be2dbfb2d8d7b8db24/element HTTP/1.1
User-Agent: selenium/4.1.4 (java windows)
Content-Length: 66
Content-Type: application/json; charset=utf-8
host: localhost:58509
accept: */*

Response DefaultHttpResponse(decodeResult: success, version: HTTP/1.1)
HTTP/1.1 200 OK
Content-Type: application/json; charset=utf-8
cache-control: no-cache
content-length: 88

15:39:15.105 [AsyncHttpClient-1-2] DEBUG org.asynchttpclient.netty.channel.ChannelManager - Adding key: http://localhost:58509 for channel [id: 0xee7d4684, L:/127.0.0.1:59971 - R:localhost/127.0.0.1:58509]
15:39:15.106 [Forwarding clickElement on session 566657fccef467be2dbfb2d8d7b8db24 to remote] DEBUG org.asynchttpclient.netty.request.NettyRequestSender - Using pooled Channel '[id: 0xee7d4684, L:/127.0.0.1:59971 - R:localhost/127.0.0.1:58509]' for 'POST' to 'http://localhost:58509/session/566657fccef467be2dbfb2d8d7b8db24/element/06c89e43-3968-41ba-bc3c-89e6445ebcb2/click'
15:39:15.107 [Forwarding clickElement on session 566657fccef467be2dbfb2d8d7b8db24 to remote] DEBUG org.asynchttpclient.netty.request.NettyRequestSender - Using open Channel [id: 0xee7d4684, L:/127.0.0.1:59971 - R:localhost/127.0.0.1:58509] for POST '/session/566657fccef467be2dbfb2d8d7b8db24/element/06c89e43-3968-41ba-bc3c-89e6445ebcb2/click'
15:39:15.170 [AsyncHttpClient-1-2] DEBUG org.asynchttpclient.netty.handler.HttpHandler - 

Request DefaultHttpRequest(decodeResult: success, version: HTTP/1.1)
POST /session/566657fccef467be2dbfb2d8d7b8db24/element/06c89e43-3968-41ba-bc3c-89e6445ebcb2/click HTTP/1.1
User-Agent: selenium/4.1.4 (java windows)
Content-Length: 50
Content-Type: application/json; charset=utf-8
host: localhost:58509
accept: */*

Response DefaultHttpResponse(decodeResult: success, version: HTTP/1.1)
HTTP/1.1 200 OK
Content-Type: application/json; charset=utf-8
cache-control: no-cache
content-length: 14

15:39:15.170 [AsyncHttpClient-1-2] DEBUG org.asynchttpclient.netty.channel.ChannelManager - Adding key: http://localhost:58509 for channel [id: 0xee7d4684, L:/127.0.0.1:59971 - R:localhost/127.0.0.1:58509]
15:39:15.189 [Forwarding screenshot on session 566657fccef467be2dbfb2d8d7b8db24 to remote] DEBUG org.asynchttpclient.netty.request.NettyRequestSender - Using pooled Channel '[id: 0xee7d4684, L:/127.0.0.1:59971 - R:localhost/127.0.0.1:58509]' for 'GET' to 'http://localhost:58509/session/566657fccef467be2dbfb2d8d7b8db24/screenshot'
15:39:15.189 [Forwarding screenshot on session 566657fccef467be2dbfb2d8d7b8db24 to remote] DEBUG org.asynchttpclient.netty.request.NettyRequestSender - Using open Channel [id: 0xee7d4684, L:/127.0.0.1:59971 - R:localhost/127.0.0.1:58509] for GET '/session/566657fccef467be2dbfb2d8d7b8db24/screenshot'
15:39:15.286 [AsyncHttpClient-1-2] DEBUG org.asynchttpclient.netty.handler.HttpHandler - 

Request DefaultFullHttpRequest(decodeResult: success, version: HTTP/1.1, content: EmptyByteBufBE)
GET /session/566657fccef467be2dbfb2d8d7b8db24/screenshot HTTP/1.1
User-Agent: selenium/4.1.4 (java windows)
Cache-Control: no-cache
Content-Type: application/json; charset=utf-8
host: localhost:58509
accept: */*

Response DefaultHttpResponse(decodeResult: success, version: HTTP/1.1)
HTTP/1.1 200 OK
Content-Type: application/json; charset=utf-8
cache-control: no-cache
content-length: 147772

15:39:15.287 [AsyncHttpClient-1-2] DEBUG org.asynchttpclient.netty.channel.ChannelManager - Adding key: http://localhost:58509 for channel [id: 0xee7d4684, L:/127.0.0.1:59971 - R:localhost/127.0.0.1:58509]
15:39:15.290 [Test worker] DEBUG net.serenitybdd.core.photography.Darkroom - Send negative for processing for C:\Users\Administrador\Documents\Choucair\Choucair\ChoucairAutomation\target\site\serenity\1539f5cd2adb02eaff2b8094886f8437864dd10027cac167b5efa2f8857ebb68.png
15:39:15.290 [Darkroom Processing Line] DEBUG net.serenitybdd.core.photography.DarkroomProcessingLine - Processing screenshot image in /var/screenshots/screenshot-16986790955670377866
15:39:15.290 [Darkroom Processing Line] DEBUG net.serenitybdd.core.photography.DarkroomProcessingLine - Saving screenshot to C:\Users\Administrador\Documents\Choucair\Choucair\ChoucairAutomation\target\site\serenity\1539f5cd2adb02eaff2b8094886f8437864dd10027cac167b5efa2f8857ebb68.png
15:39:15.306 [Test worker] DEBUG net.thucydides.core.steps.StepInterceptor - STEP DONE: {0} clicks on #target
15:39:15.337 [Test worker] DEBUG net.serenitybdd.screenplay.targets.IFrameSwitcher - default content already selected for reporter select list
15:39:15.351 [Forwarding findElements on session 566657fccef467be2dbfb2d8d7b8db24 to remote] DEBUG org.asynchttpclient.netty.request.NettyRequestSender - Using pooled Channel '[id: 0xee7d4684, L:/127.0.0.1:59971 - R:localhost/127.0.0.1:58509]' for 'POST' to 'http://localhost:58509/session/566657fccef467be2dbfb2d8d7b8db24/elements'
15:39:15.351 [Forwarding findElements on session 566657fccef467be2dbfb2d8d7b8db24 to remote] DEBUG org.asynchttpclient.netty.request.NettyRequestSender - Using open Channel [id: 0xee7d4684, L:/127.0.0.1:59971 - R:localhost/127.0.0.1:58509] for POST '/session/566657fccef467be2dbfb2d8d7b8db24/elements'
15:39:15.362 [AsyncHttpClient-1-2] DEBUG org.asynchttpclient.netty.handler.HttpHandler - 

Request DefaultHttpRequest(decodeResult: success, version: HTTP/1.1)
POST /session/566657fccef467be2dbfb2d8d7b8db24/elements HTTP/1.1
User-Agent: selenium/4.1.4 (java windows)
Content-Length: 110
Content-Type: application/json; charset=utf-8
host: localhost:58509
accept: */*

Response DefaultHttpResponse(decodeResult: success, version: HTTP/1.1)
HTTP/1.1 200 OK
Content-Type: application/json; charset=utf-8
cache-control: no-cache
content-length: 90

15:39:15.362 [AsyncHttpClient-1-2] DEBUG org.asynchttpclient.netty.channel.ChannelManager - Adding key: http://localhost:58509 for channel [id: 0xee7d4684, L:/127.0.0.1:59971 - R:localhost/127.0.0.1:58509]
15:39:15.387 [Forwarding isElementDisplayed on session 566657fccef467be2dbfb2d8d7b8db24 to remote] DEBUG org.asynchttpclient.netty.request.NettyRequestSender - Using pooled Channel '[id: 0xee7d4684, L:/127.0.0.1:59971 - R:localhost/127.0.0.1:58509]' for 'POST' to 'http://localhost:58509/session/566657fccef467be2dbfb2d8d7b8db24/execute/sync'
15:39:15.387 [Forwarding isElementDisplayed on session 566657fccef467be2dbfb2d8d7b8db24 to remote] DEBUG org.asynchttpclient.netty.request.NettyRequestSender - Using open Channel [id: 0xee7d4684, L:/127.0.0.1:59971 - R:localhost/127.0.0.1:58509] for POST '/session/566657fccef467be2dbfb2d8d7b8db24/execute/sync'
15:39:15.397 [AsyncHttpClient-1-2] DEBUG org.asynchttpclient.netty.handler.HttpHandler - 

Request DefaultHttpRequest(decodeResult: success, version: HTTP/1.1)
POST /session/566657fccef467be2dbfb2d8d7b8db24/execute/sync HTTP/1.1
User-Agent: selenium/4.1.4 (java windows)
Content-Length: 48780
Content-Type: application/json; charset=utf-8
host: localhost:58509
accept: */*

Response DefaultHttpResponse(decodeResult: success, version: HTTP/1.1)
HTTP/1.1 200 OK
Content-Type: application/json; charset=utf-8
cache-control: no-cache
content-length: 14

15:39:15.397 [AsyncHttpClient-1-2] DEBUG org.asynchttpclient.netty.channel.ChannelManager - Adding key: http://localhost:58509 for channel [id: 0xee7d4684, L:/127.0.0.1:59971 - R:localhost/127.0.0.1:58509]
15:39:15.399 [Forwarding isElementDisplayed on session 566657fccef467be2dbfb2d8d7b8db24 to remote] DEBUG org.asynchttpclient.netty.request.NettyRequestSender - Using pooled Channel '[id: 0xee7d4684, L:/127.0.0.1:59971 - R:localhost/127.0.0.1:58509]' for 'POST' to 'http://localhost:58509/session/566657fccef467be2dbfb2d8d7b8db24/execute/sync'
15:39:15.399 [Forwarding isElementDisplayed on session 566657fccef467be2dbfb2d8d7b8db24 to remote] DEBUG org.asynchttpclient.netty.request.NettyRequestSender - Using open Channel [id: 0xee7d4684, L:/127.0.0.1:59971 - R:localhost/127.0.0.1:58509] for POST '/session/566657fccef467be2dbfb2d8d7b8db24/execute/sync'
15:39:15.407 [AsyncHttpClient-1-2] DEBUG org.asynchttpclient.netty.handler.HttpHandler - 

Request DefaultHttpRequest(decodeResult: success, version: HTTP/1.1)
POST /session/566657fccef467be2dbfb2d8d7b8db24/execute/sync HTTP/1.1
User-Agent: selenium/4.1.4 (java windows)
Content-Length: 48780
Content-Type: application/json; charset=utf-8
host: localhost:58509
accept: */*

Response DefaultHttpResponse(decodeResult: success, version: HTTP/1.1)
HTTP/1.1 200 OK
Content-Type: application/json; charset=utf-8
cache-control: no-cache
content-length: 14

15:39:15.407 [AsyncHttpClient-1-2] DEBUG org.asynchttpclient.netty.channel.ChannelManager - Adding key: http://localhost:58509 for channel [id: 0xee7d4684, L:/127.0.0.1:59971 - R:localhost/127.0.0.1:58509]
15:39:15.441 [Forwarding screenshot on session 566657fccef467be2dbfb2d8d7b8db24 to remote] DEBUG org.asynchttpclient.netty.request.NettyRequestSender - Using pooled Channel '[id: 0xee7d4684, L:/127.0.0.1:59971 - R:localhost/127.0.0.1:58509]' for 'GET' to 'http://localhost:58509/session/566657fccef467be2dbfb2d8d7b8db24/screenshot'
15:39:15.441 [Forwarding screenshot on session 566657fccef467be2dbfb2d8d7b8db24 to remote] DEBUG org.asynchttpclient.netty.request.NettyRequestSender - Using open Channel [id: 0xee7d4684, L:/127.0.0.1:59971 - R:localhost/127.0.0.1:58509] for GET '/session/566657fccef467be2dbfb2d8d7b8db24/screenshot'
15:39:15.532 [AsyncHttpClient-1-2] DEBUG org.asynchttpclient.netty.handler.HttpHandler - 

Request DefaultFullHttpRequest(decodeResult: success, version: HTTP/1.1, content: EmptyByteBufBE)
GET /session/566657fccef467be2dbfb2d8d7b8db24/screenshot HTTP/1.1
User-Agent: selenium/4.1.4 (java windows)
Cache-Control: no-cache
Content-Type: application/json; charset=utf-8
host: localhost:58509
accept: */*

Response DefaultHttpResponse(decodeResult: success, version: HTTP/1.1)
HTTP/1.1 200 OK
Content-Type: application/json; charset=utf-8
cache-control: no-cache
content-length: 147772

15:39:15.532 [AsyncHttpClient-1-2] DEBUG org.asynchttpclient.netty.channel.ChannelManager - Adding key: http://localhost:58509 for channel [id: 0xee7d4684, L:/127.0.0.1:59971 - R:localhost/127.0.0.1:58509]
15:39:15.535 [Test worker] DEBUG net.serenitybdd.core.photography.Darkroom - Send negative for processing for C:\Users\Administrador\Documents\Choucair\Choucair\ChoucairAutomation\target\site\serenity\1539f5cd2adb02eaff2b8094886f8437864dd10027cac167b5efa2f8857ebb68.png
15:39:15.536 [Test worker] DEBUG net.thucydides.core.steps.StepInterceptor - STARTING STEP: CreateNewMeeting.performAs - {0} clicks on #target
15:39:15.536 [Test worker] DEBUG net.serenitybdd.screenplay.targets.IFrameSwitcher - default content already selected for reporter select list
15:39:15.600 [Forwarding findElement on session 566657fccef467be2dbfb2d8d7b8db24 to remote] DEBUG org.asynchttpclient.netty.request.NettyRequestSender - Using pooled Channel '[id: 0xee7d4684, L:/127.0.0.1:59971 - R:localhost/127.0.0.1:58509]' for 'POST' to 'http://localhost:58509/session/566657fccef467be2dbfb2d8d7b8db24/element'
15:39:15.600 [Forwarding findElement on session 566657fccef467be2dbfb2d8d7b8db24 to remote] DEBUG org.asynchttpclient.netty.request.NettyRequestSender - Using open Channel [id: 0xee7d4684, L:/127.0.0.1:59971 - R:localhost/127.0.0.1:58509] for POST '/session/566657fccef467be2dbfb2d8d7b8db24/element'
15:39:15.609 [AsyncHttpClient-1-2] DEBUG org.asynchttpclient.netty.handler.HttpHandler - 

Request DefaultHttpRequest(decodeResult: success, version: HTTP/1.1)
POST /session/566657fccef467be2dbfb2d8d7b8db24/element HTTP/1.1
User-Agent: selenium/4.1.4 (java windows)
Content-Length: 110
Content-Type: application/json; charset=utf-8
host: localhost:58509
accept: */*

Response DefaultHttpResponse(decodeResult: success, version: HTTP/1.1)
HTTP/1.1 200 OK
Content-Type: application/json; charset=utf-8
cache-control: no-cache
content-length: 88

15:39:15.609 [AsyncHttpClient-1-2] DEBUG org.asynchttpclient.netty.channel.ChannelManager - Adding key: http://localhost:58509 for channel [id: 0xee7d4684, L:/127.0.0.1:59971 - R:localhost/127.0.0.1:58509]
15:39:15.621 [Forwarding isElementDisplayed on session 566657fccef467be2dbfb2d8d7b8db24 to remote] DEBUG org.asynchttpclient.netty.request.NettyRequestSender - Using pooled Channel '[id: 0xee7d4684, L:/127.0.0.1:59971 - R:localhost/127.0.0.1:58509]' for 'POST' to 'http://localhost:58509/session/566657fccef467be2dbfb2d8d7b8db24/execute/sync'
15:39:15.621 [Forwarding isElementDisplayed on session 566657fccef467be2dbfb2d8d7b8db24 to remote] DEBUG org.asynchttpclient.netty.request.NettyRequestSender - Using open Channel [id: 0xee7d4684, L:/127.0.0.1:59971 - R:localhost/127.0.0.1:58509] for POST '/session/566657fccef467be2dbfb2d8d7b8db24/execute/sync'
15:39:15.629 [AsyncHttpClient-1-2] DEBUG org.asynchttpclient.netty.handler.HttpHandler - 

Request DefaultHttpRequest(decodeResult: success, version: HTTP/1.1)
POST /session/566657fccef467be2dbfb2d8d7b8db24/execute/sync HTTP/1.1
User-Agent: selenium/4.1.4 (java windows)
Content-Length: 48780
Content-Type: application/json; charset=utf-8
host: localhost:58509
accept: */*

Response DefaultHttpResponse(decodeResult: success, version: HTTP/1.1)
HTTP/1.1 200 OK
Content-Type: application/json; charset=utf-8
cache-control: no-cache
content-length: 14

15:39:15.629 [AsyncHttpClient-1-2] DEBUG org.asynchttpclient.netty.channel.ChannelManager - Adding key: http://localhost:58509 for channel [id: 0xee7d4684, L:/127.0.0.1:59971 - R:localhost/127.0.0.1:58509]
15:39:15.652 [Forwarding findElement on session 566657fccef467be2dbfb2d8d7b8db24 to remote] DEBUG org.asynchttpclient.netty.request.NettyRequestSender - Using pooled Channel '[id: 0xee7d4684, L:/127.0.0.1:59971 - R:localhost/127.0.0.1:58509]' for 'POST' to 'http://localhost:58509/session/566657fccef467be2dbfb2d8d7b8db24/element'
15:39:15.652 [Forwarding findElement on session 566657fccef467be2dbfb2d8d7b8db24 to remote] DEBUG org.asynchttpclient.netty.request.NettyRequestSender - Using open Channel [id: 0xee7d4684, L:/127.0.0.1:59971 - R:localhost/127.0.0.1:58509] for POST '/session/566657fccef467be2dbfb2d8d7b8db24/element'
15:39:15.659 [AsyncHttpClient-1-2] DEBUG org.asynchttpclient.netty.handler.HttpHandler - 

Request DefaultHttpRequest(decodeResult: success, version: HTTP/1.1)
POST /session/566657fccef467be2dbfb2d8d7b8db24/element HTTP/1.1
User-Agent: selenium/4.1.4 (java windows)
Content-Length: 110
Content-Type: application/json; charset=utf-8
host: localhost:58509
accept: */*

Response DefaultHttpResponse(decodeResult: success, version: HTTP/1.1)
HTTP/1.1 200 OK
Content-Type: application/json; charset=utf-8
cache-control: no-cache
content-length: 88

15:39:15.659 [AsyncHttpClient-1-2] DEBUG org.asynchttpclient.netty.channel.ChannelManager - Adding key: http://localhost:58509 for channel [id: 0xee7d4684, L:/127.0.0.1:59971 - R:localhost/127.0.0.1:58509]
15:39:15.660 [Forwarding clickElement on session 566657fccef467be2dbfb2d8d7b8db24 to remote] DEBUG org.asynchttpclient.netty.request.NettyRequestSender - Using pooled Channel '[id: 0xee7d4684, L:/127.0.0.1:59971 - R:localhost/127.0.0.1:58509]' for 'POST' to 'http://localhost:58509/session/566657fccef467be2dbfb2d8d7b8db24/element/56c95749-920b-4e0d-9755-570159ccad4d/click'
15:39:15.661 [Forwarding clickElement on session 566657fccef467be2dbfb2d8d7b8db24 to remote] DEBUG org.asynchttpclient.netty.request.NettyRequestSender - Using open Channel [id: 0xee7d4684, L:/127.0.0.1:59971 - R:localhost/127.0.0.1:58509] for POST '/session/566657fccef467be2dbfb2d8d7b8db24/element/56c95749-920b-4e0d-9755-570159ccad4d/click'
15:39:15.700 [AsyncHttpClient-1-2] DEBUG org.asynchttpclient.netty.handler.HttpHandler - 

Request DefaultHttpRequest(decodeResult: success, version: HTTP/1.1)
POST /session/566657fccef467be2dbfb2d8d7b8db24/element/56c95749-920b-4e0d-9755-570159ccad4d/click HTTP/1.1
User-Agent: selenium/4.1.4 (java windows)
Content-Length: 50
Content-Type: application/json; charset=utf-8
host: localhost:58509
accept: */*

Response DefaultHttpResponse(decodeResult: success, version: HTTP/1.1)
HTTP/1.1 200 OK
Content-Type: application/json; charset=utf-8
cache-control: no-cache
content-length: 14

15:39:15.700 [AsyncHttpClient-1-2] DEBUG org.asynchttpclient.netty.channel.ChannelManager - Adding key: http://localhost:58509 for channel [id: 0xee7d4684, L:/127.0.0.1:59971 - R:localhost/127.0.0.1:58509]
15:39:15.717 [Forwarding screenshot on session 566657fccef467be2dbfb2d8d7b8db24 to remote] DEBUG org.asynchttpclient.netty.request.NettyRequestSender - Using pooled Channel '[id: 0xee7d4684, L:/127.0.0.1:59971 - R:localhost/127.0.0.1:58509]' for 'GET' to 'http://localhost:58509/session/566657fccef467be2dbfb2d8d7b8db24/screenshot'
15:39:15.717 [Forwarding screenshot on session 566657fccef467be2dbfb2d8d7b8db24 to remote] DEBUG org.asynchttpclient.netty.request.NettyRequestSender - Using open Channel [id: 0xee7d4684, L:/127.0.0.1:59971 - R:localhost/127.0.0.1:58509] for GET '/session/566657fccef467be2dbfb2d8d7b8db24/screenshot'
15:39:15.822 [AsyncHttpClient-1-2] DEBUG org.asynchttpclient.netty.handler.HttpHandler - 

Request DefaultFullHttpRequest(decodeResult: success, version: HTTP/1.1, content: EmptyByteBufBE)
GET /session/566657fccef467be2dbfb2d8d7b8db24/screenshot HTTP/1.1
User-Agent: selenium/4.1.4 (java windows)
Cache-Control: no-cache
Content-Type: application/json; charset=utf-8
host: localhost:58509
accept: */*

Response DefaultHttpResponse(decodeResult: success, version: HTTP/1.1)
HTTP/1.1 200 OK
Content-Type: application/json; charset=utf-8
cache-control: no-cache
content-length: 130004

15:39:15.823 [AsyncHttpClient-1-2] DEBUG org.asynchttpclient.netty.channel.ChannelManager - Adding key: http://localhost:58509 for channel [id: 0xee7d4684, L:/127.0.0.1:59971 - R:localhost/127.0.0.1:58509]
15:39:15.826 [Test worker] DEBUG net.serenitybdd.core.photography.Darkroom - Send negative for processing for C:\Users\Administrador\Documents\Choucair\Choucair\ChoucairAutomation\target\site\serenity\8f760ce3d6fca5a98994af5c5f7d31349b16ee7e13205e65f4b8642f2818f33e.png
15:39:15.826 [Darkroom Processing Line] DEBUG net.serenitybdd.core.photography.DarkroomProcessingLine - Processing screenshot image in /var/screenshots/screenshot-6773359337622496835
15:39:15.826 [Darkroom Processing Line] DEBUG net.serenitybdd.core.photography.DarkroomProcessingLine - Saving screenshot to C:\Users\Administrador\Documents\Choucair\Choucair\ChoucairAutomation\target\site\serenity\8f760ce3d6fca5a98994af5c5f7d31349b16ee7e13205e65f4b8642f2818f33e.png
15:39:15.842 [Test worker] DEBUG net.thucydides.core.steps.StepInterceptor - STEP DONE: {0} clicks on #target
15:39:15.878 [Forwarding screenshot on session 566657fccef467be2dbfb2d8d7b8db24 to remote] DEBUG org.asynchttpclient.netty.request.NettyRequestSender - Using pooled Channel '[id: 0xee7d4684, L:/127.0.0.1:59971 - R:localhost/127.0.0.1:58509]' for 'GET' to 'http://localhost:58509/session/566657fccef467be2dbfb2d8d7b8db24/screenshot'
15:39:15.878 [Forwarding screenshot on session 566657fccef467be2dbfb2d8d7b8db24 to remote] DEBUG org.asynchttpclient.netty.request.NettyRequestSender - Using open Channel [id: 0xee7d4684, L:/127.0.0.1:59971 - R:localhost/127.0.0.1:58509] for GET '/session/566657fccef467be2dbfb2d8d7b8db24/screenshot'
15:39:15.984 [AsyncHttpClient-1-2] DEBUG org.asynchttpclient.netty.handler.HttpHandler - 

Request DefaultFullHttpRequest(decodeResult: success, version: HTTP/1.1, content: EmptyByteBufBE)
GET /session/566657fccef467be2dbfb2d8d7b8db24/screenshot HTTP/1.1
User-Agent: selenium/4.1.4 (java windows)
Cache-Control: no-cache
Content-Type: application/json; charset=utf-8
host: localhost:58509
accept: */*

Response DefaultHttpResponse(decodeResult: success, version: HTTP/1.1)
HTTP/1.1 200 OK
Content-Type: application/json; charset=utf-8
cache-control: no-cache
content-length: 130004

15:39:15.984 [AsyncHttpClient-1-2] DEBUG org.asynchttpclient.netty.channel.ChannelManager - Adding key: http://localhost:58509 for channel [id: 0xee7d4684, L:/127.0.0.1:59971 - R:localhost/127.0.0.1:58509]
15:39:15.987 [Test worker] DEBUG net.serenitybdd.core.photography.Darkroom - Send negative for processing for C:\Users\Administrador\Documents\Choucair\Choucair\ChoucairAutomation\target\site\serenity\8f760ce3d6fca5a98994af5c5f7d31349b16ee7e13205e65f4b8642f2818f33e.png
15:39:15.987 [Test worker] DEBUG net.thucydides.core.steps.StepInterceptor - STEP DONE: !#title
15:39:16.010 [Test worker] DEBUG net.thucydides.core.steps.StepInterceptor - STARTING STEP: CreateNewMeeting.performAs - !#title
15:39:16.025 [Test worker] DEBUG net.thucydides.core.steps.StepInterceptor - STARTING STEP: CreateNewMeeting.performAs - {0} clicks on #target
15:39:16.026 [Test worker] DEBUG net.serenitybdd.screenplay.targets.IFrameSwitcher - default content already selected for attendee list
15:39:16.087 [Forwarding findElement on session 566657fccef467be2dbfb2d8d7b8db24 to remote] DEBUG org.asynchttpclient.netty.request.NettyRequestSender - Using pooled Channel '[id: 0xee7d4684, L:/127.0.0.1:59971 - R:localhost/127.0.0.1:58509]' for 'POST' to 'http://localhost:58509/session/566657fccef467be2dbfb2d8d7b8db24/element'
15:39:16.087 [Forwarding findElement on session 566657fccef467be2dbfb2d8d7b8db24 to remote] DEBUG org.asynchttpclient.netty.request.NettyRequestSender - Using open Channel [id: 0xee7d4684, L:/127.0.0.1:59971 - R:localhost/127.0.0.1:58509] for POST '/session/566657fccef467be2dbfb2d8d7b8db24/element'
15:39:16.096 [AsyncHttpClient-1-2] DEBUG org.asynchttpclient.netty.handler.HttpHandler - 

Request DefaultHttpRequest(decodeResult: success, version: HTTP/1.1)
POST /session/566657fccef467be2dbfb2d8d7b8db24/element HTTP/1.1
User-Agent: selenium/4.1.4 (java windows)
Content-Length: 66
Content-Type: application/json; charset=utf-8
host: localhost:58509
accept: */*

Response DefaultHttpResponse(decodeResult: success, version: HTTP/1.1)
HTTP/1.1 200 OK
Content-Type: application/json; charset=utf-8
cache-control: no-cache
content-length: 88

15:39:16.096 [AsyncHttpClient-1-2] DEBUG org.asynchttpclient.netty.channel.ChannelManager - Adding key: http://localhost:58509 for channel [id: 0xee7d4684, L:/127.0.0.1:59971 - R:localhost/127.0.0.1:58509]
15:39:16.110 [Forwarding isElementDisplayed on session 566657fccef467be2dbfb2d8d7b8db24 to remote] DEBUG org.asynchttpclient.netty.request.NettyRequestSender - Using pooled Channel '[id: 0xee7d4684, L:/127.0.0.1:59971 - R:localhost/127.0.0.1:58509]' for 'POST' to 'http://localhost:58509/session/566657fccef467be2dbfb2d8d7b8db24/execute/sync'
15:39:16.110 [Forwarding isElementDisplayed on session 566657fccef467be2dbfb2d8d7b8db24 to remote] DEBUG org.asynchttpclient.netty.request.NettyRequestSender - Using open Channel [id: 0xee7d4684, L:/127.0.0.1:59971 - R:localhost/127.0.0.1:58509] for POST '/session/566657fccef467be2dbfb2d8d7b8db24/execute/sync'
15:39:16.120 [AsyncHttpClient-1-2] DEBUG org.asynchttpclient.netty.handler.HttpHandler - 

Request DefaultHttpRequest(decodeResult: success, version: HTTP/1.1)
POST /session/566657fccef467be2dbfb2d8d7b8db24/execute/sync HTTP/1.1
User-Agent: selenium/4.1.4 (java windows)
Content-Length: 48780
Content-Type: application/json; charset=utf-8
host: localhost:58509
accept: */*

Response DefaultHttpResponse(decodeResult: success, version: HTTP/1.1)
HTTP/1.1 200 OK
Content-Type: application/json; charset=utf-8
cache-control: no-cache
content-length: 14

15:39:16.120 [AsyncHttpClient-1-2] DEBUG org.asynchttpclient.netty.channel.ChannelManager - Adding key: http://localhost:58509 for channel [id: 0xee7d4684, L:/127.0.0.1:59971 - R:localhost/127.0.0.1:58509]
15:39:16.141 [Forwarding findElement on session 566657fccef467be2dbfb2d8d7b8db24 to remote] DEBUG org.asynchttpclient.netty.request.NettyRequestSender - Using pooled Channel '[id: 0xee7d4684, L:/127.0.0.1:59971 - R:localhost/127.0.0.1:58509]' for 'POST' to 'http://localhost:58509/session/566657fccef467be2dbfb2d8d7b8db24/element'
15:39:16.141 [Forwarding findElement on session 566657fccef467be2dbfb2d8d7b8db24 to remote] DEBUG org.asynchttpclient.netty.request.NettyRequestSender - Using open Channel [id: 0xee7d4684, L:/127.0.0.1:59971 - R:localhost/127.0.0.1:58509] for POST '/session/566657fccef467be2dbfb2d8d7b8db24/element'
15:39:16.147 [AsyncHttpClient-1-2] DEBUG org.asynchttpclient.netty.handler.HttpHandler - 

Request DefaultHttpRequest(decodeResult: success, version: HTTP/1.1)
POST /session/566657fccef467be2dbfb2d8d7b8db24/element HTTP/1.1
User-Agent: selenium/4.1.4 (java windows)
Content-Length: 66
Content-Type: application/json; charset=utf-8
host: localhost:58509
accept: */*

Response DefaultHttpResponse(decodeResult: success, version: HTTP/1.1)
HTTP/1.1 200 OK
Content-Type: application/json; charset=utf-8
cache-control: no-cache
content-length: 88

15:39:16.147 [AsyncHttpClient-1-2] DEBUG org.asynchttpclient.netty.channel.ChannelManager - Adding key: http://localhost:58509 for channel [id: 0xee7d4684, L:/127.0.0.1:59971 - R:localhost/127.0.0.1:58509]
15:39:16.149 [Forwarding clickElement on session 566657fccef467be2dbfb2d8d7b8db24 to remote] DEBUG org.asynchttpclient.netty.request.NettyRequestSender - Using pooled Channel '[id: 0xee7d4684, L:/127.0.0.1:59971 - R:localhost/127.0.0.1:58509]' for 'POST' to 'http://localhost:58509/session/566657fccef467be2dbfb2d8d7b8db24/element/955acb08-c6dc-4130-9411-b309c7c75a95/click'
15:39:16.149 [Forwarding clickElement on session 566657fccef467be2dbfb2d8d7b8db24 to remote] DEBUG org.asynchttpclient.netty.request.NettyRequestSender - Using open Channel [id: 0xee7d4684, L:/127.0.0.1:59971 - R:localhost/127.0.0.1:58509] for POST '/session/566657fccef467be2dbfb2d8d7b8db24/element/955acb08-c6dc-4130-9411-b309c7c75a95/click'
15:39:16.223 [AsyncHttpClient-1-2] DEBUG org.asynchttpclient.netty.handler.HttpHandler - 

Request DefaultHttpRequest(decodeResult: success, version: HTTP/1.1)
POST /session/566657fccef467be2dbfb2d8d7b8db24/element/955acb08-c6dc-4130-9411-b309c7c75a95/click HTTP/1.1
User-Agent: selenium/4.1.4 (java windows)
Content-Length: 50
Content-Type: application/json; charset=utf-8
host: localhost:58509
accept: */*

Response DefaultHttpResponse(decodeResult: success, version: HTTP/1.1)
HTTP/1.1 200 OK
Content-Type: application/json; charset=utf-8
cache-control: no-cache
content-length: 14

15:39:16.223 [AsyncHttpClient-1-2] DEBUG org.asynchttpclient.netty.channel.ChannelManager - Adding key: http://localhost:58509 for channel [id: 0xee7d4684, L:/127.0.0.1:59971 - R:localhost/127.0.0.1:58509]
15:39:16.244 [Forwarding screenshot on session 566657fccef467be2dbfb2d8d7b8db24 to remote] DEBUG org.asynchttpclient.netty.request.NettyRequestSender - Using pooled Channel '[id: 0xee7d4684, L:/127.0.0.1:59971 - R:localhost/127.0.0.1:58509]' for 'GET' to 'http://localhost:58509/session/566657fccef467be2dbfb2d8d7b8db24/screenshot'
15:39:16.244 [Forwarding screenshot on session 566657fccef467be2dbfb2d8d7b8db24 to remote] DEBUG org.asynchttpclient.netty.request.NettyRequestSender - Using open Channel [id: 0xee7d4684, L:/127.0.0.1:59971 - R:localhost/127.0.0.1:58509] for GET '/session/566657fccef467be2dbfb2d8d7b8db24/screenshot'
15:39:16.354 [AsyncHttpClient-1-2] DEBUG org.asynchttpclient.netty.handler.HttpHandler - 

Request DefaultFullHttpRequest(decodeResult: success, version: HTTP/1.1, content: EmptyByteBufBE)
GET /session/566657fccef467be2dbfb2d8d7b8db24/screenshot HTTP/1.1
User-Agent: selenium/4.1.4 (java windows)
Cache-Control: no-cache
Content-Type: application/json; charset=utf-8
host: localhost:58509
accept: */*

Response DefaultHttpResponse(decodeResult: success, version: HTTP/1.1)
HTTP/1.1 200 OK
Content-Type: application/json; charset=utf-8
cache-control: no-cache
content-length: 147368

15:39:16.354 [AsyncHttpClient-1-2] DEBUG org.asynchttpclient.netty.channel.ChannelManager - Adding key: http://localhost:58509 for channel [id: 0xee7d4684, L:/127.0.0.1:59971 - R:localhost/127.0.0.1:58509]
15:39:16.357 [Test worker] DEBUG net.serenitybdd.core.photography.Darkroom - Send negative for processing for C:\Users\Administrador\Documents\Choucair\Choucair\ChoucairAutomation\target\site\serenity\8f864d6140ee633c126f44707ac323e717f5747e398564bf299ea00e41021607.png
15:39:16.358 [Darkroom Processing Line] DEBUG net.serenitybdd.core.photography.DarkroomProcessingLine - Processing screenshot image in /var/screenshots/screenshot-1297545044743602441
15:39:16.358 [Darkroom Processing Line] DEBUG net.serenitybdd.core.photography.DarkroomProcessingLine - Saving screenshot to C:\Users\Administrador\Documents\Choucair\Choucair\ChoucairAutomation\target\site\serenity\8f864d6140ee633c126f44707ac323e717f5747e398564bf299ea00e41021607.png
15:39:16.374 [Test worker] DEBUG net.thucydides.core.steps.StepInterceptor - STEP DONE: {0} clicks on #target
15:39:16.406 [Test worker] DEBUG net.serenitybdd.screenplay.targets.IFrameSwitcher - default content already selected for attendee list
15:39:16.419 [Forwarding findElements on session 566657fccef467be2dbfb2d8d7b8db24 to remote] DEBUG org.asynchttpclient.netty.request.NettyRequestSender - Using pooled Channel '[id: 0xee7d4684, L:/127.0.0.1:59971 - R:localhost/127.0.0.1:58509]' for 'POST' to 'http://localhost:58509/session/566657fccef467be2dbfb2d8d7b8db24/elements'
15:39:16.419 [Forwarding findElements on session 566657fccef467be2dbfb2d8d7b8db24 to remote] DEBUG org.asynchttpclient.netty.request.NettyRequestSender - Using open Channel [id: 0xee7d4684, L:/127.0.0.1:59971 - R:localhost/127.0.0.1:58509] for POST '/session/566657fccef467be2dbfb2d8d7b8db24/elements'
15:39:16.429 [AsyncHttpClient-1-2] DEBUG org.asynchttpclient.netty.handler.HttpHandler - 

Request DefaultHttpRequest(decodeResult: success, version: HTTP/1.1)
POST /session/566657fccef467be2dbfb2d8d7b8db24/elements HTTP/1.1
User-Agent: selenium/4.1.4 (java windows)
Content-Length: 110
Content-Type: application/json; charset=utf-8
host: localhost:58509
accept: */*

Response DefaultHttpResponse(decodeResult: success, version: HTTP/1.1)
HTTP/1.1 200 OK
Content-Type: application/json; charset=utf-8
cache-control: no-cache
content-length: 90

15:39:16.431 [AsyncHttpClient-1-2] DEBUG org.asynchttpclient.netty.channel.ChannelManager - Adding key: http://localhost:58509 for channel [id: 0xee7d4684, L:/127.0.0.1:59971 - R:localhost/127.0.0.1:58509]
15:39:16.452 [Forwarding isElementDisplayed on session 566657fccef467be2dbfb2d8d7b8db24 to remote] DEBUG org.asynchttpclient.netty.request.NettyRequestSender - Using pooled Channel '[id: 0xee7d4684, L:/127.0.0.1:59971 - R:localhost/127.0.0.1:58509]' for 'POST' to 'http://localhost:58509/session/566657fccef467be2dbfb2d8d7b8db24/execute/sync'
15:39:16.452 [Forwarding isElementDisplayed on session 566657fccef467be2dbfb2d8d7b8db24 to remote] DEBUG org.asynchttpclient.netty.request.NettyRequestSender - Using open Channel [id: 0xee7d4684, L:/127.0.0.1:59971 - R:localhost/127.0.0.1:58509] for POST '/session/566657fccef467be2dbfb2d8d7b8db24/execute/sync'
15:39:16.461 [AsyncHttpClient-1-2] DEBUG org.asynchttpclient.netty.handler.HttpHandler - 

Request DefaultHttpRequest(decodeResult: success, version: HTTP/1.1)
POST /session/566657fccef467be2dbfb2d8d7b8db24/execute/sync HTTP/1.1
User-Agent: selenium/4.1.4 (java windows)
Content-Length: 48780
Content-Type: application/json; charset=utf-8
host: localhost:58509
accept: */*

Response DefaultHttpResponse(decodeResult: success, version: HTTP/1.1)
HTTP/1.1 200 OK
Content-Type: application/json; charset=utf-8
cache-control: no-cache
content-length: 14

15:39:16.462 [AsyncHttpClient-1-2] DEBUG org.asynchttpclient.netty.channel.ChannelManager - Adding key: http://localhost:58509 for channel [id: 0xee7d4684, L:/127.0.0.1:59971 - R:localhost/127.0.0.1:58509]
15:39:16.464 [Forwarding isElementDisplayed on session 566657fccef467be2dbfb2d8d7b8db24 to remote] DEBUG org.asynchttpclient.netty.request.NettyRequestSender - Using pooled Channel '[id: 0xee7d4684, L:/127.0.0.1:59971 - R:localhost/127.0.0.1:58509]' for 'POST' to 'http://localhost:58509/session/566657fccef467be2dbfb2d8d7b8db24/execute/sync'
15:39:16.464 [Forwarding isElementDisplayed on session 566657fccef467be2dbfb2d8d7b8db24 to remote] DEBUG org.asynchttpclient.netty.request.NettyRequestSender - Using open Channel [id: 0xee7d4684, L:/127.0.0.1:59971 - R:localhost/127.0.0.1:58509] for POST '/session/566657fccef467be2dbfb2d8d7b8db24/execute/sync'
15:39:16.472 [AsyncHttpClient-1-2] DEBUG org.asynchttpclient.netty.handler.HttpHandler - 

Request DefaultHttpRequest(decodeResult: success, version: HTTP/1.1)
POST /session/566657fccef467be2dbfb2d8d7b8db24/execute/sync HTTP/1.1
User-Agent: selenium/4.1.4 (java windows)
Content-Length: 48780
Content-Type: application/json; charset=utf-8
host: localhost:58509
accept: */*

Response DefaultHttpResponse(decodeResult: success, version: HTTP/1.1)
HTTP/1.1 200 OK
Content-Type: application/json; charset=utf-8
cache-control: no-cache
content-length: 14

15:39:16.472 [AsyncHttpClient-1-2] DEBUG org.asynchttpclient.netty.channel.ChannelManager - Adding key: http://localhost:58509 for channel [id: 0xee7d4684, L:/127.0.0.1:59971 - R:localhost/127.0.0.1:58509]
15:39:16.504 [Forwarding screenshot on session 566657fccef467be2dbfb2d8d7b8db24 to remote] DEBUG org.asynchttpclient.netty.request.NettyRequestSender - Using pooled Channel '[id: 0xee7d4684, L:/127.0.0.1:59971 - R:localhost/127.0.0.1:58509]' for 'GET' to 'http://localhost:58509/session/566657fccef467be2dbfb2d8d7b8db24/screenshot'
15:39:16.504 [Forwarding screenshot on session 566657fccef467be2dbfb2d8d7b8db24 to remote] DEBUG org.asynchttpclient.netty.request.NettyRequestSender - Using open Channel [id: 0xee7d4684, L:/127.0.0.1:59971 - R:localhost/127.0.0.1:58509] for GET '/session/566657fccef467be2dbfb2d8d7b8db24/screenshot'
15:39:16.601 [AsyncHttpClient-1-2] DEBUG org.asynchttpclient.netty.handler.HttpHandler - 

Request DefaultFullHttpRequest(decodeResult: success, version: HTTP/1.1, content: EmptyByteBufBE)
GET /session/566657fccef467be2dbfb2d8d7b8db24/screenshot HTTP/1.1
User-Agent: selenium/4.1.4 (java windows)
Cache-Control: no-cache
Content-Type: application/json; charset=utf-8
host: localhost:58509
accept: */*

Response DefaultHttpResponse(decodeResult: success, version: HTTP/1.1)
HTTP/1.1 200 OK
Content-Type: application/json; charset=utf-8
cache-control: no-cache
content-length: 147368

15:39:16.601 [AsyncHttpClient-1-2] DEBUG org.asynchttpclient.netty.channel.ChannelManager - Adding key: http://localhost:58509 for channel [id: 0xee7d4684, L:/127.0.0.1:59971 - R:localhost/127.0.0.1:58509]
15:39:16.604 [Test worker] DEBUG net.serenitybdd.core.photography.Darkroom - Send negative for processing for C:\Users\Administrador\Documents\Choucair\Choucair\ChoucairAutomation\target\site\serenity\8f864d6140ee633c126f44707ac323e717f5747e398564bf299ea00e41021607.png
15:39:16.605 [Test worker] DEBUG net.thucydides.core.steps.StepInterceptor - STARTING STEP: CreateNewMeeting.performAs - {0} clicks on #target
15:39:16.605 [Test worker] DEBUG net.serenitybdd.screenplay.targets.IFrameSwitcher - default content already selected for attendee list
15:39:16.680 [Forwarding findElement on session 566657fccef467be2dbfb2d8d7b8db24 to remote] DEBUG org.asynchttpclient.netty.request.NettyRequestSender - Using pooled Channel '[id: 0xee7d4684, L:/127.0.0.1:59971 - R:localhost/127.0.0.1:58509]' for 'POST' to 'http://localhost:58509/session/566657fccef467be2dbfb2d8d7b8db24/element'
15:39:16.680 [Forwarding findElement on session 566657fccef467be2dbfb2d8d7b8db24 to remote] DEBUG org.asynchttpclient.netty.request.NettyRequestSender - Using open Channel [id: 0xee7d4684, L:/127.0.0.1:59971 - R:localhost/127.0.0.1:58509] for POST '/session/566657fccef467be2dbfb2d8d7b8db24/element'
15:39:16.690 [AsyncHttpClient-1-2] DEBUG org.asynchttpclient.netty.handler.HttpHandler - 

Request DefaultHttpRequest(decodeResult: success, version: HTTP/1.1)
POST /session/566657fccef467be2dbfb2d8d7b8db24/element HTTP/1.1
User-Agent: selenium/4.1.4 (java windows)
Content-Length: 110
Content-Type: application/json; charset=utf-8
host: localhost:58509
accept: */*

Response DefaultHttpResponse(decodeResult: success, version: HTTP/1.1)
HTTP/1.1 200 OK
Content-Type: application/json; charset=utf-8
cache-control: no-cache
content-length: 88

15:39:16.690 [AsyncHttpClient-1-2] DEBUG org.asynchttpclient.netty.channel.ChannelManager - Adding key: http://localhost:58509 for channel [id: 0xee7d4684, L:/127.0.0.1:59971 - R:localhost/127.0.0.1:58509]
15:39:16.703 [Forwarding isElementDisplayed on session 566657fccef467be2dbfb2d8d7b8db24 to remote] DEBUG org.asynchttpclient.netty.request.NettyRequestSender - Using pooled Channel '[id: 0xee7d4684, L:/127.0.0.1:59971 - R:localhost/127.0.0.1:58509]' for 'POST' to 'http://localhost:58509/session/566657fccef467be2dbfb2d8d7b8db24/execute/sync'
15:39:16.703 [Forwarding isElementDisplayed on session 566657fccef467be2dbfb2d8d7b8db24 to remote] DEBUG org.asynchttpclient.netty.request.NettyRequestSender - Using open Channel [id: 0xee7d4684, L:/127.0.0.1:59971 - R:localhost/127.0.0.1:58509] for POST '/session/566657fccef467be2dbfb2d8d7b8db24/execute/sync'
15:39:16.711 [AsyncHttpClient-1-2] DEBUG org.asynchttpclient.netty.handler.HttpHandler - 

Request DefaultHttpRequest(decodeResult: success, version: HTTP/1.1)
POST /session/566657fccef467be2dbfb2d8d7b8db24/execute/sync HTTP/1.1
User-Agent: selenium/4.1.4 (java windows)
Content-Length: 48780
Content-Type: application/json; charset=utf-8
host: localhost:58509
accept: */*

Response DefaultHttpResponse(decodeResult: success, version: HTTP/1.1)
HTTP/1.1 200 OK
Content-Type: application/json; charset=utf-8
cache-control: no-cache
content-length: 14

15:39:16.711 [AsyncHttpClient-1-2] DEBUG org.asynchttpclient.netty.channel.ChannelManager - Adding key: http://localhost:58509 for channel [id: 0xee7d4684, L:/127.0.0.1:59971 - R:localhost/127.0.0.1:58509]
15:39:16.732 [Forwarding findElement on session 566657fccef467be2dbfb2d8d7b8db24 to remote] DEBUG org.asynchttpclient.netty.request.NettyRequestSender - Using pooled Channel '[id: 0xee7d4684, L:/127.0.0.1:59971 - R:localhost/127.0.0.1:58509]' for 'POST' to 'http://localhost:58509/session/566657fccef467be2dbfb2d8d7b8db24/element'
15:39:16.732 [Forwarding findElement on session 566657fccef467be2dbfb2d8d7b8db24 to remote] DEBUG org.asynchttpclient.netty.request.NettyRequestSender - Using open Channel [id: 0xee7d4684, L:/127.0.0.1:59971 - R:localhost/127.0.0.1:58509] for POST '/session/566657fccef467be2dbfb2d8d7b8db24/element'
15:39:16.739 [AsyncHttpClient-1-2] DEBUG org.asynchttpclient.netty.handler.HttpHandler - 

Request DefaultHttpRequest(decodeResult: success, version: HTTP/1.1)
POST /session/566657fccef467be2dbfb2d8d7b8db24/element HTTP/1.1
User-Agent: selenium/4.1.4 (java windows)
Content-Length: 110
Content-Type: application/json; charset=utf-8
host: localhost:58509
accept: */*

Response DefaultHttpResponse(decodeResult: success, version: HTTP/1.1)
HTTP/1.1 200 OK
Content-Type: application/json; charset=utf-8
cache-control: no-cache
content-length: 88

15:39:16.740 [AsyncHttpClient-1-2] DEBUG org.asynchttpclient.netty.channel.ChannelManager - Adding key: http://localhost:58509 for channel [id: 0xee7d4684, L:/127.0.0.1:59971 - R:localhost/127.0.0.1:58509]
15:39:16.741 [Forwarding clickElement on session 566657fccef467be2dbfb2d8d7b8db24 to remote] DEBUG org.asynchttpclient.netty.request.NettyRequestSender - Using pooled Channel '[id: 0xee7d4684, L:/127.0.0.1:59971 - R:localhost/127.0.0.1:58509]' for 'POST' to 'http://localhost:58509/session/566657fccef467be2dbfb2d8d7b8db24/element/c8c10950-585b-41e8-a049-960f3cafed25/click'
15:39:16.741 [Forwarding clickElement on session 566657fccef467be2dbfb2d8d7b8db24 to remote] DEBUG org.asynchttpclient.netty.request.NettyRequestSender - Using open Channel [id: 0xee7d4684, L:/127.0.0.1:59971 - R:localhost/127.0.0.1:58509] for POST '/session/566657fccef467be2dbfb2d8d7b8db24/element/c8c10950-585b-41e8-a049-960f3cafed25/click'
15:39:16.790 [AsyncHttpClient-1-2] DEBUG org.asynchttpclient.netty.handler.HttpHandler - 

Request DefaultHttpRequest(decodeResult: success, version: HTTP/1.1)
POST /session/566657fccef467be2dbfb2d8d7b8db24/element/c8c10950-585b-41e8-a049-960f3cafed25/click HTTP/1.1
User-Agent: selenium/4.1.4 (java windows)
Content-Length: 50
Content-Type: application/json; charset=utf-8
host: localhost:58509
accept: */*

Response DefaultHttpResponse(decodeResult: success, version: HTTP/1.1)
HTTP/1.1 200 OK
Content-Type: application/json; charset=utf-8
cache-control: no-cache
content-length: 14

15:39:16.790 [AsyncHttpClient-1-2] DEBUG org.asynchttpclient.netty.channel.ChannelManager - Adding key: http://localhost:58509 for channel [id: 0xee7d4684, L:/127.0.0.1:59971 - R:localhost/127.0.0.1:58509]
15:39:16.806 [Forwarding screenshot on session 566657fccef467be2dbfb2d8d7b8db24 to remote] DEBUG org.asynchttpclient.netty.request.NettyRequestSender - Using pooled Channel '[id: 0xee7d4684, L:/127.0.0.1:59971 - R:localhost/127.0.0.1:58509]' for 'GET' to 'http://localhost:58509/session/566657fccef467be2dbfb2d8d7b8db24/screenshot'
15:39:16.807 [Forwarding screenshot on session 566657fccef467be2dbfb2d8d7b8db24 to remote] DEBUG org.asynchttpclient.netty.request.NettyRequestSender - Using open Channel [id: 0xee7d4684, L:/127.0.0.1:59971 - R:localhost/127.0.0.1:58509] for GET '/session/566657fccef467be2dbfb2d8d7b8db24/screenshot'
15:39:16.934 [AsyncHttpClient-1-2] DEBUG org.asynchttpclient.netty.handler.HttpHandler - 

Request DefaultFullHttpRequest(decodeResult: success, version: HTTP/1.1, content: EmptyByteBufBE)
GET /session/566657fccef467be2dbfb2d8d7b8db24/screenshot HTTP/1.1
User-Agent: selenium/4.1.4 (java windows)
Cache-Control: no-cache
Content-Type: application/json; charset=utf-8
host: localhost:58509
accept: */*

Response DefaultHttpResponse(decodeResult: success, version: HTTP/1.1)
HTTP/1.1 200 OK
Content-Type: application/json; charset=utf-8
cache-control: no-cache
content-length: 134224

15:39:16.934 [AsyncHttpClient-1-2] DEBUG org.asynchttpclient.netty.channel.ChannelManager - Adding key: http://localhost:58509 for channel [id: 0xee7d4684, L:/127.0.0.1:59971 - R:localhost/127.0.0.1:58509]
15:39:16.937 [Test worker] DEBUG net.serenitybdd.core.photography.Darkroom - Send negative for processing for C:\Users\Administrador\Documents\Choucair\Choucair\ChoucairAutomation\target\site\serenity\9b3cbecd6485c28409c956a8cbdaee85d0e1f09b549189c1c7c0dddd1b646d74.png
15:39:16.938 [Darkroom Processing Line] DEBUG net.serenitybdd.core.photography.DarkroomProcessingLine - Processing screenshot image in /var/screenshots/screenshot-5595335385989696316
15:39:16.938 [Darkroom Processing Line] DEBUG net.serenitybdd.core.photography.DarkroomProcessingLine - Saving screenshot to C:\Users\Administrador\Documents\Choucair\Choucair\ChoucairAutomation\target\site\serenity\9b3cbecd6485c28409c956a8cbdaee85d0e1f09b549189c1c7c0dddd1b646d74.png
15:39:16.954 [Test worker] DEBUG net.thucydides.core.steps.StepInterceptor - STEP DONE: {0} clicks on #target
15:39:16.990 [Forwarding screenshot on session 566657fccef467be2dbfb2d8d7b8db24 to remote] DEBUG org.asynchttpclient.netty.request.NettyRequestSender - Using pooled Channel '[id: 0xee7d4684, L:/127.0.0.1:59971 - R:localhost/127.0.0.1:58509]' for 'GET' to 'http://localhost:58509/session/566657fccef467be2dbfb2d8d7b8db24/screenshot'
15:39:16.990 [Forwarding screenshot on session 566657fccef467be2dbfb2d8d7b8db24 to remote] DEBUG org.asynchttpclient.netty.request.NettyRequestSender - Using open Channel [id: 0xee7d4684, L:/127.0.0.1:59971 - R:localhost/127.0.0.1:58509] for GET '/session/566657fccef467be2dbfb2d8d7b8db24/screenshot'
15:39:17.118 [AsyncHttpClient-1-2] DEBUG org.asynchttpclient.netty.handler.HttpHandler - 

Request DefaultFullHttpRequest(decodeResult: success, version: HTTP/1.1, content: EmptyByteBufBE)
GET /session/566657fccef467be2dbfb2d8d7b8db24/screenshot HTTP/1.1
User-Agent: selenium/4.1.4 (java windows)
Cache-Control: no-cache
Content-Type: application/json; charset=utf-8
host: localhost:58509
accept: */*

Response DefaultHttpResponse(decodeResult: success, version: HTTP/1.1)
HTTP/1.1 200 OK
Content-Type: application/json; charset=utf-8
cache-control: no-cache
content-length: 134224

15:39:17.119 [AsyncHttpClient-1-2] DEBUG org.asynchttpclient.netty.channel.ChannelManager - Adding key: http://localhost:58509 for channel [id: 0xee7d4684, L:/127.0.0.1:59971 - R:localhost/127.0.0.1:58509]
15:39:17.122 [Test worker] DEBUG net.serenitybdd.core.photography.Darkroom - Send negative for processing for C:\Users\Administrador\Documents\Choucair\Choucair\ChoucairAutomation\target\site\serenity\9b3cbecd6485c28409c956a8cbdaee85d0e1f09b549189c1c7c0dddd1b646d74.png
15:39:17.122 [Test worker] DEBUG net.thucydides.core.steps.StepInterceptor - STEP DONE: !#title
15:39:17.147 [Test worker] DEBUG net.thucydides.core.steps.StepInterceptor - STARTING STEP: CreateNewMeeting.performAs - !#title
15:39:17.162 [Test worker] DEBUG net.thucydides.core.steps.StepInterceptor - STARTING STEP: CreateNewMeeting.performAs - {0} clicks on #target
15:39:17.163 [Test worker] DEBUG net.serenitybdd.screenplay.targets.IFrameSwitcher - default content already selected for button save new business unit
15:39:17.232 [Forwarding findElement on session 566657fccef467be2dbfb2d8d7b8db24 to remote] DEBUG org.asynchttpclient.netty.request.NettyRequestSender - Using pooled Channel '[id: 0xee7d4684, L:/127.0.0.1:59971 - R:localhost/127.0.0.1:58509]' for 'POST' to 'http://localhost:58509/session/566657fccef467be2dbfb2d8d7b8db24/element'
15:39:17.232 [Forwarding findElement on session 566657fccef467be2dbfb2d8d7b8db24 to remote] DEBUG org.asynchttpclient.netty.request.NettyRequestSender - Using open Channel [id: 0xee7d4684, L:/127.0.0.1:59971 - R:localhost/127.0.0.1:58509] for POST '/session/566657fccef467be2dbfb2d8d7b8db24/element'
15:39:17.244 [AsyncHttpClient-1-2] DEBUG org.asynchttpclient.netty.handler.HttpHandler - 

Request DefaultHttpRequest(decodeResult: success, version: HTTP/1.1)
POST /session/566657fccef467be2dbfb2d8d7b8db24/element HTTP/1.1
User-Agent: selenium/4.1.4 (java windows)
Content-Length: 96
Content-Type: application/json; charset=utf-8
host: localhost:58509
accept: */*

Response DefaultHttpResponse(decodeResult: success, version: HTTP/1.1)
HTTP/1.1 200 OK
Content-Type: application/json; charset=utf-8
cache-control: no-cache
content-length: 88

15:39:17.244 [AsyncHttpClient-1-2] DEBUG org.asynchttpclient.netty.channel.ChannelManager - Adding key: http://localhost:58509 for channel [id: 0xee7d4684, L:/127.0.0.1:59971 - R:localhost/127.0.0.1:58509]
15:39:17.259 [Forwarding isElementDisplayed on session 566657fccef467be2dbfb2d8d7b8db24 to remote] DEBUG org.asynchttpclient.netty.request.NettyRequestSender - Using pooled Channel '[id: 0xee7d4684, L:/127.0.0.1:59971 - R:localhost/127.0.0.1:58509]' for 'POST' to 'http://localhost:58509/session/566657fccef467be2dbfb2d8d7b8db24/execute/sync'
15:39:17.259 [Forwarding isElementDisplayed on session 566657fccef467be2dbfb2d8d7b8db24 to remote] DEBUG org.asynchttpclient.netty.request.NettyRequestSender - Using open Channel [id: 0xee7d4684, L:/127.0.0.1:59971 - R:localhost/127.0.0.1:58509] for POST '/session/566657fccef467be2dbfb2d8d7b8db24/execute/sync'
15:39:17.268 [AsyncHttpClient-1-2] DEBUG org.asynchttpclient.netty.handler.HttpHandler - 

Request DefaultHttpRequest(decodeResult: success, version: HTTP/1.1)
POST /session/566657fccef467be2dbfb2d8d7b8db24/execute/sync HTTP/1.1
User-Agent: selenium/4.1.4 (java windows)
Content-Length: 48780
Content-Type: application/json; charset=utf-8
host: localhost:58509
accept: */*

Response DefaultHttpResponse(decodeResult: success, version: HTTP/1.1)
HTTP/1.1 200 OK
Content-Type: application/json; charset=utf-8
cache-control: no-cache
content-length: 14

15:39:17.268 [AsyncHttpClient-1-2] DEBUG org.asynchttpclient.netty.channel.ChannelManager - Adding key: http://localhost:58509 for channel [id: 0xee7d4684, L:/127.0.0.1:59971 - R:localhost/127.0.0.1:58509]
15:39:17.291 [Forwarding findElement on session 566657fccef467be2dbfb2d8d7b8db24 to remote] DEBUG org.asynchttpclient.netty.request.NettyRequestSender - Using pooled Channel '[id: 0xee7d4684, L:/127.0.0.1:59971 - R:localhost/127.0.0.1:58509]' for 'POST' to 'http://localhost:58509/session/566657fccef467be2dbfb2d8d7b8db24/element'
15:39:17.291 [Forwarding findElement on session 566657fccef467be2dbfb2d8d7b8db24 to remote] DEBUG org.asynchttpclient.netty.request.NettyRequestSender - Using open Channel [id: 0xee7d4684, L:/127.0.0.1:59971 - R:localhost/127.0.0.1:58509] for POST '/session/566657fccef467be2dbfb2d8d7b8db24/element'
15:39:17.299 [AsyncHttpClient-1-2] DEBUG org.asynchttpclient.netty.handler.HttpHandler - 

Request DefaultHttpRequest(decodeResult: success, version: HTTP/1.1)
POST /session/566657fccef467be2dbfb2d8d7b8db24/element HTTP/1.1
User-Agent: selenium/4.1.4 (java windows)
Content-Length: 96
Content-Type: application/json; charset=utf-8
host: localhost:58509
accept: */*

Response DefaultHttpResponse(decodeResult: success, version: HTTP/1.1)
HTTP/1.1 200 OK
Content-Type: application/json; charset=utf-8
cache-control: no-cache
content-length: 88

15:39:17.299 [AsyncHttpClient-1-2] DEBUG org.asynchttpclient.netty.channel.ChannelManager - Adding key: http://localhost:58509 for channel [id: 0xee7d4684, L:/127.0.0.1:59971 - R:localhost/127.0.0.1:58509]
15:39:17.300 [Forwarding clickElement on session 566657fccef467be2dbfb2d8d7b8db24 to remote] DEBUG org.asynchttpclient.netty.request.NettyRequestSender - Using pooled Channel '[id: 0xee7d4684, L:/127.0.0.1:59971 - R:localhost/127.0.0.1:58509]' for 'POST' to 'http://localhost:58509/session/566657fccef467be2dbfb2d8d7b8db24/element/ee6531a9-c6bb-46d7-8ac8-327c56ded08a/click'
15:39:17.300 [Forwarding clickElement on session 566657fccef467be2dbfb2d8d7b8db24 to remote] DEBUG org.asynchttpclient.netty.request.NettyRequestSender - Using open Channel [id: 0xee7d4684, L:/127.0.0.1:59971 - R:localhost/127.0.0.1:58509] for POST '/session/566657fccef467be2dbfb2d8d7b8db24/element/ee6531a9-c6bb-46d7-8ac8-327c56ded08a/click'
15:39:17.344 [AsyncHttpClient-1-2] DEBUG org.asynchttpclient.netty.handler.HttpHandler - 

Request DefaultHttpRequest(decodeResult: success, version: HTTP/1.1)
POST /session/566657fccef467be2dbfb2d8d7b8db24/element/ee6531a9-c6bb-46d7-8ac8-327c56ded08a/click HTTP/1.1
User-Agent: selenium/4.1.4 (java windows)
Content-Length: 50
Content-Type: application/json; charset=utf-8
host: localhost:58509
accept: */*

Response DefaultHttpResponse(decodeResult: success, version: HTTP/1.1)
HTTP/1.1 200 OK
Content-Type: application/json; charset=utf-8
cache-control: no-cache
content-length: 14

15:39:17.344 [AsyncHttpClient-1-2] DEBUG org.asynchttpclient.netty.channel.ChannelManager - Adding key: http://localhost:58509 for channel [id: 0xee7d4684, L:/127.0.0.1:59971 - R:localhost/127.0.0.1:58509]
15:39:17.360 [Forwarding screenshot on session 566657fccef467be2dbfb2d8d7b8db24 to remote] DEBUG org.asynchttpclient.netty.request.NettyRequestSender - Using pooled Channel '[id: 0xee7d4684, L:/127.0.0.1:59971 - R:localhost/127.0.0.1:58509]' for 'GET' to 'http://localhost:58509/session/566657fccef467be2dbfb2d8d7b8db24/screenshot'
15:39:17.360 [Forwarding screenshot on session 566657fccef467be2dbfb2d8d7b8db24 to remote] DEBUG org.asynchttpclient.netty.request.NettyRequestSender - Using open Channel [id: 0xee7d4684, L:/127.0.0.1:59971 - R:localhost/127.0.0.1:58509] for GET '/session/566657fccef467be2dbfb2d8d7b8db24/screenshot'
15:39:17.471 [AsyncHttpClient-1-2] DEBUG org.asynchttpclient.netty.handler.HttpHandler - 

Request DefaultFullHttpRequest(decodeResult: success, version: HTTP/1.1, content: EmptyByteBufBE)
GET /session/566657fccef467be2dbfb2d8d7b8db24/screenshot HTTP/1.1
User-Agent: selenium/4.1.4 (java windows)
Cache-Control: no-cache
Content-Type: application/json; charset=utf-8
host: localhost:58509
accept: */*

Response DefaultHttpResponse(decodeResult: success, version: HTTP/1.1)
HTTP/1.1 200 OK
Content-Type: application/json; charset=utf-8
cache-control: no-cache
content-length: 133584

15:39:17.472 [AsyncHttpClient-1-2] DEBUG org.asynchttpclient.netty.channel.ChannelManager - Adding key: http://localhost:58509 for channel [id: 0xee7d4684, L:/127.0.0.1:59971 - R:localhost/127.0.0.1:58509]
15:39:17.476 [Test worker] DEBUG net.serenitybdd.core.photography.Darkroom - Send negative for processing for C:\Users\Administrador\Documents\Choucair\Choucair\ChoucairAutomation\target\site\serenity\7047504dce041846a0e6ca17fbea1a018b14215ef22f619fff2cf5de0147c856.png
15:39:17.476 [Darkroom Processing Line] DEBUG net.serenitybdd.core.photography.DarkroomProcessingLine - Processing screenshot image in /var/screenshots/screenshot-7485417708773699541
15:39:17.476 [Darkroom Processing Line] DEBUG net.serenitybdd.core.photography.DarkroomProcessingLine - Saving screenshot to C:\Users\Administrador\Documents\Choucair\Choucair\ChoucairAutomation\target\site\serenity\7047504dce041846a0e6ca17fbea1a018b14215ef22f619fff2cf5de0147c856.png
15:39:17.500 [Test worker] DEBUG net.thucydides.core.steps.StepInterceptor - STEP DONE: {0} clicks on #target
15:39:17.529 [Forwarding screenshot on session 566657fccef467be2dbfb2d8d7b8db24 to remote] DEBUG org.asynchttpclient.netty.request.NettyRequestSender - Using pooled Channel '[id: 0xee7d4684, L:/127.0.0.1:59971 - R:localhost/127.0.0.1:58509]' for 'GET' to 'http://localhost:58509/session/566657fccef467be2dbfb2d8d7b8db24/screenshot'
15:39:17.529 [Forwarding screenshot on session 566657fccef467be2dbfb2d8d7b8db24 to remote] DEBUG org.asynchttpclient.netty.request.NettyRequestSender - Using open Channel [id: 0xee7d4684, L:/127.0.0.1:59971 - R:localhost/127.0.0.1:58509] for GET '/session/566657fccef467be2dbfb2d8d7b8db24/screenshot'
15:39:17.638 [AsyncHttpClient-1-2] DEBUG org.asynchttpclient.netty.handler.HttpHandler - 

Request DefaultFullHttpRequest(decodeResult: success, version: HTTP/1.1, content: EmptyByteBufBE)
GET /session/566657fccef467be2dbfb2d8d7b8db24/screenshot HTTP/1.1
User-Agent: selenium/4.1.4 (java windows)
Cache-Control: no-cache
Content-Type: application/json; charset=utf-8
host: localhost:58509
accept: */*

Response DefaultHttpResponse(decodeResult: success, version: HTTP/1.1)
HTTP/1.1 200 OK
Content-Type: application/json; charset=utf-8
cache-control: no-cache
content-length: 134808

15:39:17.638 [AsyncHttpClient-1-2] DEBUG org.asynchttpclient.netty.channel.ChannelManager - Adding key: http://localhost:58509 for channel [id: 0xee7d4684, L:/127.0.0.1:59971 - R:localhost/127.0.0.1:58509]
15:39:17.641 [Test worker] DEBUG net.serenitybdd.core.photography.Darkroom - Send negative for processing for C:\Users\Administrador\Documents\Choucair\Choucair\ChoucairAutomation\target\site\serenity\1a80051a704bdc1b2543cd6c123bfc6ad7cc6009cd10b65008d543eff25ccee7.png
15:39:17.642 [Test worker] DEBUG net.thucydides.core.steps.StepInterceptor - STEP DONE: !#title
15:39:17.642 [Darkroom Processing Line] DEBUG net.serenitybdd.core.photography.DarkroomProcessingLine - Processing screenshot image in /var/screenshots/screenshot-620365925953681196
15:39:17.642 [Darkroom Processing Line] DEBUG net.serenitybdd.core.photography.DarkroomProcessingLine - Saving screenshot to C:\Users\Administrador\Documents\Choucair\Choucair\ChoucairAutomation\target\site\serenity\1a80051a704bdc1b2543cd6c123bfc6ad7cc6009cd10b65008d543eff25ccee7.png
15:39:17.664 [Test worker] DEBUG net.thucydides.core.steps.StepInterceptor - STEP DONE: performAs
15:39:17.818 [Forwarding screenshot on session 566657fccef467be2dbfb2d8d7b8db24 to remote] DEBUG org.asynchttpclient.netty.request.NettyRequestSender - Using pooled Channel '[id: 0xee7d4684, L:/127.0.0.1:59971 - R:localhost/127.0.0.1:58509]' for 'GET' to 'http://localhost:58509/session/566657fccef467be2dbfb2d8d7b8db24/screenshot'
15:39:17.818 [Forwarding screenshot on session 566657fccef467be2dbfb2d8d7b8db24 to remote] DEBUG org.asynchttpclient.netty.request.NettyRequestSender - Using open Channel [id: 0xee7d4684, L:/127.0.0.1:59971 - R:localhost/127.0.0.1:58509] for GET '/session/566657fccef467be2dbfb2d8d7b8db24/screenshot'
15:39:17.932 [AsyncHttpClient-1-2] DEBUG org.asynchttpclient.netty.handler.HttpHandler - 

Request DefaultFullHttpRequest(decodeResult: success, version: HTTP/1.1, content: EmptyByteBufBE)
GET /session/566657fccef467be2dbfb2d8d7b8db24/screenshot HTTP/1.1
User-Agent: selenium/4.1.4 (java windows)
Cache-Control: no-cache
Content-Type: application/json; charset=utf-8
host: localhost:58509
accept: */*

Response DefaultHttpResponse(decodeResult: success, version: HTTP/1.1)
HTTP/1.1 200 OK
Content-Type: application/json; charset=utf-8
cache-control: no-cache
content-length: 135716

15:39:17.932 [AsyncHttpClient-1-2] DEBUG org.asynchttpclient.netty.channel.ChannelManager - Adding key: http://localhost:58509 for channel [id: 0xee7d4684, L:/127.0.0.1:59971 - R:localhost/127.0.0.1:58509]
15:39:17.935 [Test worker] DEBUG net.serenitybdd.core.photography.Darkroom - Send negative for processing for C:\Users\Administrador\Documents\Choucair\Choucair\ChoucairAutomation\target\site\serenity\1af54769750dfccbbb11605ee0ce67f3c2ac187be56b02133fd07f89cffcdb46.png
15:39:17.936 [Darkroom Processing Line] DEBUG net.serenitybdd.core.photography.DarkroomProcessingLine - Processing screenshot image in /var/screenshots/screenshot-4261546747975913430
15:39:17.936 [Darkroom Processing Line] DEBUG net.serenitybdd.core.photography.DarkroomProcessingLine - Saving screenshot to C:\Users\Administrador\Documents\Choucair\Choucair\ChoucairAutomation\target\site\serenity\1af54769750dfccbbb11605ee0ce67f3c2ac187be56b02133fd07f89cffcdb46.png
15:39:17.947 [Test worker] DEBUG net.serenitybdd.screenplay.targets.IFrameSwitcher - default content already selected for Detail ReuTestAutomation
15:39:17.949 [Forwarding setTimeout on session 566657fccef467be2dbfb2d8d7b8db24 to remote] DEBUG org.asynchttpclient.netty.request.NettyRequestSender - Using pooled Channel '[id: 0xee7d4684, L:/127.0.0.1:59971 - R:localhost/127.0.0.1:58509]' for 'POST' to 'http://localhost:58509/session/566657fccef467be2dbfb2d8d7b8db24/timeouts'
15:39:17.949 [Forwarding setTimeout on session 566657fccef467be2dbfb2d8d7b8db24 to remote] DEBUG org.asynchttpclient.netty.request.NettyRequestSender - Using open Channel [id: 0xee7d4684, L:/127.0.0.1:59971 - R:localhost/127.0.0.1:58509] for POST '/session/566657fccef467be2dbfb2d8d7b8db24/timeouts'
15:39:17.950 [AsyncHttpClient-1-2] DEBUG org.asynchttpclient.netty.handler.HttpHandler - 

Request DefaultHttpRequest(decodeResult: success, version: HTTP/1.1)
POST /session/566657fccef467be2dbfb2d8d7b8db24/timeouts HTTP/1.1
User-Agent: selenium/4.1.4 (java windows)
Content-Length: 19
Content-Type: application/json; charset=utf-8
host: localhost:58509
accept: */*

Response DefaultHttpResponse(decodeResult: success, version: HTTP/1.1)
HTTP/1.1 200 OK
Content-Type: application/json; charset=utf-8
cache-control: no-cache
content-length: 14

15:39:17.950 [AsyncHttpClient-1-2] DEBUG org.asynchttpclient.netty.channel.ChannelManager - Adding key: http://localhost:58509 for channel [id: 0xee7d4684, L:/127.0.0.1:59971 - R:localhost/127.0.0.1:58509]
15:39:17.984 [Forwarding findElements on session 566657fccef467be2dbfb2d8d7b8db24 to remote] DEBUG org.asynchttpclient.netty.request.NettyRequestSender - Using pooled Channel '[id: 0xee7d4684, L:/127.0.0.1:59971 - R:localhost/127.0.0.1:58509]' for 'POST' to 'http://localhost:58509/session/566657fccef467be2dbfb2d8d7b8db24/elements'
15:39:17.984 [Forwarding findElements on session 566657fccef467be2dbfb2d8d7b8db24 to remote] DEBUG org.asynchttpclient.netty.request.NettyRequestSender - Using open Channel [id: 0xee7d4684, L:/127.0.0.1:59971 - R:localhost/127.0.0.1:58509] for POST '/session/566657fccef467be2dbfb2d8d7b8db24/elements'
15:39:17.995 [AsyncHttpClient-1-2] DEBUG org.asynchttpclient.netty.handler.HttpHandler - 

Request DefaultHttpRequest(decodeResult: success, version: HTTP/1.1)
POST /session/566657fccef467be2dbfb2d8d7b8db24/elements HTTP/1.1
User-Agent: selenium/4.1.4 (java windows)
Content-Length: 203
Content-Type: application/json; charset=utf-8
host: localhost:58509
accept: */*

Response DefaultHttpResponse(decodeResult: success, version: HTTP/1.1)
HTTP/1.1 200 OK
Content-Type: application/json; charset=utf-8
cache-control: no-cache
content-length: 248

15:39:17.995 [AsyncHttpClient-1-2] DEBUG org.asynchttpclient.netty.channel.ChannelManager - Adding key: http://localhost:58509 for channel [id: 0xee7d4684, L:/127.0.0.1:59971 - R:localhost/127.0.0.1:58509]
15:39:17.999 [Forwarding isElementDisplayed on session 566657fccef467be2dbfb2d8d7b8db24 to remote] DEBUG org.asynchttpclient.netty.request.NettyRequestSender - Using pooled Channel '[id: 0xee7d4684, L:/127.0.0.1:59971 - R:localhost/127.0.0.1:58509]' for 'POST' to 'http://localhost:58509/session/566657fccef467be2dbfb2d8d7b8db24/execute/sync'
15:39:17.999 [Forwarding isElementDisplayed on session 566657fccef467be2dbfb2d8d7b8db24 to remote] DEBUG org.asynchttpclient.netty.request.NettyRequestSender - Using open Channel [id: 0xee7d4684, L:/127.0.0.1:59971 - R:localhost/127.0.0.1:58509] for POST '/session/566657fccef467be2dbfb2d8d7b8db24/execute/sync'
15:39:18.007 [AsyncHttpClient-1-2] DEBUG org.asynchttpclient.netty.handler.HttpHandler - 

Request DefaultHttpRequest(decodeResult: success, version: HTTP/1.1)
POST /session/566657fccef467be2dbfb2d8d7b8db24/execute/sync HTTP/1.1
User-Agent: selenium/4.1.4 (java windows)
Content-Length: 48780
Content-Type: application/json; charset=utf-8
host: localhost:58509
accept: */*

Response DefaultHttpResponse(decodeResult: success, version: HTTP/1.1)
HTTP/1.1 200 OK
Content-Type: application/json; charset=utf-8
cache-control: no-cache
content-length: 15

15:39:18.007 [AsyncHttpClient-1-2] DEBUG org.asynchttpclient.netty.channel.ChannelManager - Adding key: http://localhost:58509 for channel [id: 0xee7d4684, L:/127.0.0.1:59971 - R:localhost/127.0.0.1:58509]
15:39:18.096 [Forwarding findElements on session 566657fccef467be2dbfb2d8d7b8db24 to remote] DEBUG org.asynchttpclient.netty.request.NettyRequestSender - Using pooled Channel '[id: 0xee7d4684, L:/127.0.0.1:59971 - R:localhost/127.0.0.1:58509]' for 'POST' to 'http://localhost:58509/session/566657fccef467be2dbfb2d8d7b8db24/elements'
15:39:18.096 [Forwarding findElements on session 566657fccef467be2dbfb2d8d7b8db24 to remote] DEBUG org.asynchttpclient.netty.request.NettyRequestSender - Using open Channel [id: 0xee7d4684, L:/127.0.0.1:59971 - R:localhost/127.0.0.1:58509] for POST '/session/566657fccef467be2dbfb2d8d7b8db24/elements'
15:39:18.103 [AsyncHttpClient-1-2] DEBUG org.asynchttpclient.netty.handler.HttpHandler - 

Request DefaultHttpRequest(decodeResult: success, version: HTTP/1.1)
POST /session/566657fccef467be2dbfb2d8d7b8db24/elements HTTP/1.1
User-Agent: selenium/4.1.4 (java windows)
Content-Length: 203
Content-Type: application/json; charset=utf-8
host: localhost:58509
accept: */*

Response DefaultHttpResponse(decodeResult: success, version: HTTP/1.1)
HTTP/1.1 200 OK
Content-Type: application/json; charset=utf-8
cache-control: no-cache
content-length: 248

15:39:18.104 [AsyncHttpClient-1-2] DEBUG org.asynchttpclient.netty.channel.ChannelManager - Adding key: http://localhost:58509 for channel [id: 0xee7d4684, L:/127.0.0.1:59971 - R:localhost/127.0.0.1:58509]
15:39:18.108 [Forwarding isElementDisplayed on session 566657fccef467be2dbfb2d8d7b8db24 to remote] DEBUG org.asynchttpclient.netty.request.NettyRequestSender - Using pooled Channel '[id: 0xee7d4684, L:/127.0.0.1:59971 - R:localhost/127.0.0.1:58509]' for 'POST' to 'http://localhost:58509/session/566657fccef467be2dbfb2d8d7b8db24/execute/sync'
15:39:18.108 [Forwarding isElementDisplayed on session 566657fccef467be2dbfb2d8d7b8db24 to remote] DEBUG org.asynchttpclient.netty.request.NettyRequestSender - Using open Channel [id: 0xee7d4684, L:/127.0.0.1:59971 - R:localhost/127.0.0.1:58509] for POST '/session/566657fccef467be2dbfb2d8d7b8db24/execute/sync'
15:39:18.117 [AsyncHttpClient-1-2] DEBUG org.asynchttpclient.netty.handler.HttpHandler - 

Request DefaultHttpRequest(decodeResult: success, version: HTTP/1.1)
POST /session/566657fccef467be2dbfb2d8d7b8db24/execute/sync HTTP/1.1
User-Agent: selenium/4.1.4 (java windows)
Content-Length: 48780
Content-Type: application/json; charset=utf-8
host: localhost:58509
accept: */*

Response DefaultHttpResponse(decodeResult: success, version: HTTP/1.1)
HTTP/1.1 200 OK
Content-Type: application/json; charset=utf-8
cache-control: no-cache
content-length: 15

15:39:18.117 [AsyncHttpClient-1-2] DEBUG org.asynchttpclient.netty.channel.ChannelManager - Adding key: http://localhost:58509 for channel [id: 0xee7d4684, L:/127.0.0.1:59971 - R:localhost/127.0.0.1:58509]
15:39:18.132 [AsyncHttpClient-1-1] DEBUG org.asynchttpclient.netty.channel.DefaultChannelPool - Entry count for : http://localhost:58509 : 1
15:39:18.203 [Forwarding findElements on session 566657fccef467be2dbfb2d8d7b8db24 to remote] DEBUG org.asynchttpclient.netty.request.NettyRequestSender - Using pooled Channel '[id: 0xee7d4684, L:/127.0.0.1:59971 - R:localhost/127.0.0.1:58509]' for 'POST' to 'http://localhost:58509/session/566657fccef467be2dbfb2d8d7b8db24/elements'
15:39:18.203 [Forwarding findElements on session 566657fccef467be2dbfb2d8d7b8db24 to remote] DEBUG org.asynchttpclient.netty.request.NettyRequestSender - Using open Channel [id: 0xee7d4684, L:/127.0.0.1:59971 - R:localhost/127.0.0.1:58509] for POST '/session/566657fccef467be2dbfb2d8d7b8db24/elements'
15:39:18.209 [AsyncHttpClient-1-2] DEBUG org.asynchttpclient.netty.handler.HttpHandler - 

Request DefaultHttpRequest(decodeResult: success, version: HTTP/1.1)
POST /session/566657fccef467be2dbfb2d8d7b8db24/elements HTTP/1.1
User-Agent: selenium/4.1.4 (java windows)
Content-Length: 203
Content-Type: application/json; charset=utf-8
host: localhost:58509
accept: */*

Response DefaultHttpResponse(decodeResult: success, version: HTTP/1.1)
HTTP/1.1 200 OK
Content-Type: application/json; charset=utf-8
cache-control: no-cache
content-length: 248

15:39:18.210 [AsyncHttpClient-1-2] DEBUG org.asynchttpclient.netty.channel.ChannelManager - Adding key: http://localhost:58509 for channel [id: 0xee7d4684, L:/127.0.0.1:59971 - R:localhost/127.0.0.1:58509]
15:39:18.213 [Forwarding isElementDisplayed on session 566657fccef467be2dbfb2d8d7b8db24 to remote] DEBUG org.asynchttpclient.netty.request.NettyRequestSender - Using pooled Channel '[id: 0xee7d4684, L:/127.0.0.1:59971 - R:localhost/127.0.0.1:58509]' for 'POST' to 'http://localhost:58509/session/566657fccef467be2dbfb2d8d7b8db24/execute/sync'
15:39:18.213 [Forwarding isElementDisplayed on session 566657fccef467be2dbfb2d8d7b8db24 to remote] DEBUG org.asynchttpclient.netty.request.NettyRequestSender - Using open Channel [id: 0xee7d4684, L:/127.0.0.1:59971 - R:localhost/127.0.0.1:58509] for POST '/session/566657fccef467be2dbfb2d8d7b8db24/execute/sync'
15:39:18.220 [AsyncHttpClient-1-2] DEBUG org.asynchttpclient.netty.handler.HttpHandler - 

Request DefaultHttpRequest(decodeResult: success, version: HTTP/1.1)
POST /session/566657fccef467be2dbfb2d8d7b8db24/execute/sync HTTP/1.1
User-Agent: selenium/4.1.4 (java windows)
Content-Length: 48780
Content-Type: application/json; charset=utf-8
host: localhost:58509
accept: */*

Response DefaultHttpResponse(decodeResult: success, version: HTTP/1.1)
HTTP/1.1 200 OK
Content-Type: application/json; charset=utf-8
cache-control: no-cache
content-length: 15

15:39:18.221 [AsyncHttpClient-1-2] DEBUG org.asynchttpclient.netty.channel.ChannelManager - Adding key: http://localhost:58509 for channel [id: 0xee7d4684, L:/127.0.0.1:59971 - R:localhost/127.0.0.1:58509]
15:39:18.295 [Forwarding findElements on session 566657fccef467be2dbfb2d8d7b8db24 to remote] DEBUG org.asynchttpclient.netty.request.NettyRequestSender - Using pooled Channel '[id: 0xee7d4684, L:/127.0.0.1:59971 - R:localhost/127.0.0.1:58509]' for 'POST' to 'http://localhost:58509/session/566657fccef467be2dbfb2d8d7b8db24/elements'
15:39:18.295 [Forwarding findElements on session 566657fccef467be2dbfb2d8d7b8db24 to remote] DEBUG org.asynchttpclient.netty.request.NettyRequestSender - Using open Channel [id: 0xee7d4684, L:/127.0.0.1:59971 - R:localhost/127.0.0.1:58509] for POST '/session/566657fccef467be2dbfb2d8d7b8db24/elements'
15:39:18.303 [AsyncHttpClient-1-2] DEBUG org.asynchttpclient.netty.handler.HttpHandler - 

Request DefaultHttpRequest(decodeResult: success, version: HTTP/1.1)
POST /session/566657fccef467be2dbfb2d8d7b8db24/elements HTTP/1.1
User-Agent: selenium/4.1.4 (java windows)
Content-Length: 203
Content-Type: application/json; charset=utf-8
host: localhost:58509
accept: */*

Response DefaultHttpResponse(decodeResult: success, version: HTTP/1.1)
HTTP/1.1 200 OK
Content-Type: application/json; charset=utf-8
cache-control: no-cache
content-length: 248

15:39:18.303 [AsyncHttpClient-1-2] DEBUG org.asynchttpclient.netty.channel.ChannelManager - Adding key: http://localhost:58509 for channel [id: 0xee7d4684, L:/127.0.0.1:59971 - R:localhost/127.0.0.1:58509]
15:39:18.306 [Forwarding isElementDisplayed on session 566657fccef467be2dbfb2d8d7b8db24 to remote] DEBUG org.asynchttpclient.netty.request.NettyRequestSender - Using pooled Channel '[id: 0xee7d4684, L:/127.0.0.1:59971 - R:localhost/127.0.0.1:58509]' for 'POST' to 'http://localhost:58509/session/566657fccef467be2dbfb2d8d7b8db24/execute/sync'
15:39:18.306 [Forwarding isElementDisplayed on session 566657fccef467be2dbfb2d8d7b8db24 to remote] DEBUG org.asynchttpclient.netty.request.NettyRequestSender - Using open Channel [id: 0xee7d4684, L:/127.0.0.1:59971 - R:localhost/127.0.0.1:58509] for POST '/session/566657fccef467be2dbfb2d8d7b8db24/execute/sync'
15:39:18.314 [AsyncHttpClient-1-2] DEBUG org.asynchttpclient.netty.handler.HttpHandler - 

Request DefaultHttpRequest(decodeResult: success, version: HTTP/1.1)
POST /session/566657fccef467be2dbfb2d8d7b8db24/execute/sync HTTP/1.1
User-Agent: selenium/4.1.4 (java windows)
Content-Length: 48780
Content-Type: application/json; charset=utf-8
host: localhost:58509
accept: */*

Response DefaultHttpResponse(decodeResult: success, version: HTTP/1.1)
HTTP/1.1 200 OK
Content-Type: application/json; charset=utf-8
cache-control: no-cache
content-length: 15

15:39:18.314 [AsyncHttpClient-1-2] DEBUG org.asynchttpclient.netty.channel.ChannelManager - Adding key: http://localhost:58509 for channel [id: 0xee7d4684, L:/127.0.0.1:59971 - R:localhost/127.0.0.1:58509]
15:39:18.392 [Forwarding findElements on session 566657fccef467be2dbfb2d8d7b8db24 to remote] DEBUG org.asynchttpclient.netty.request.NettyRequestSender - Using pooled Channel '[id: 0xee7d4684, L:/127.0.0.1:59971 - R:localhost/127.0.0.1:58509]' for 'POST' to 'http://localhost:58509/session/566657fccef467be2dbfb2d8d7b8db24/elements'
15:39:18.392 [Forwarding findElements on session 566657fccef467be2dbfb2d8d7b8db24 to remote] DEBUG org.asynchttpclient.netty.request.NettyRequestSender - Using open Channel [id: 0xee7d4684, L:/127.0.0.1:59971 - R:localhost/127.0.0.1:58509] for POST '/session/566657fccef467be2dbfb2d8d7b8db24/elements'
15:39:18.399 [AsyncHttpClient-1-2] DEBUG org.asynchttpclient.netty.handler.HttpHandler - 

Request DefaultHttpRequest(decodeResult: success, version: HTTP/1.1)
POST /session/566657fccef467be2dbfb2d8d7b8db24/elements HTTP/1.1
User-Agent: selenium/4.1.4 (java windows)
Content-Length: 203
Content-Type: application/json; charset=utf-8
host: localhost:58509
accept: */*

Response DefaultHttpResponse(decodeResult: success, version: HTTP/1.1)
HTTP/1.1 200 OK
Content-Type: application/json; charset=utf-8
cache-control: no-cache
content-length: 248

15:39:18.399 [AsyncHttpClient-1-2] DEBUG org.asynchttpclient.netty.channel.ChannelManager - Adding key: http://localhost:58509 for channel [id: 0xee7d4684, L:/127.0.0.1:59971 - R:localhost/127.0.0.1:58509]
15:39:18.402 [Forwarding isElementDisplayed on session 566657fccef467be2dbfb2d8d7b8db24 to remote] DEBUG org.asynchttpclient.netty.request.NettyRequestSender - Using pooled Channel '[id: 0xee7d4684, L:/127.0.0.1:59971 - R:localhost/127.0.0.1:58509]' for 'POST' to 'http://localhost:58509/session/566657fccef467be2dbfb2d8d7b8db24/execute/sync'
15:39:18.402 [Forwarding isElementDisplayed on session 566657fccef467be2dbfb2d8d7b8db24 to remote] DEBUG org.asynchttpclient.netty.request.NettyRequestSender - Using open Channel [id: 0xee7d4684, L:/127.0.0.1:59971 - R:localhost/127.0.0.1:58509] for POST '/session/566657fccef467be2dbfb2d8d7b8db24/execute/sync'
15:39:18.410 [AsyncHttpClient-1-2] DEBUG org.asynchttpclient.netty.handler.HttpHandler - 

Request DefaultHttpRequest(decodeResult: success, version: HTTP/1.1)
POST /session/566657fccef467be2dbfb2d8d7b8db24/execute/sync HTTP/1.1
User-Agent: selenium/4.1.4 (java windows)
Content-Length: 48780
Content-Type: application/json; charset=utf-8
host: localhost:58509
accept: */*

Response DefaultHttpResponse(decodeResult: success, version: HTTP/1.1)
HTTP/1.1 200 OK
Content-Type: application/json; charset=utf-8
cache-control: no-cache
content-length: 15

15:39:18.410 [AsyncHttpClient-1-2] DEBUG org.asynchttpclient.netty.channel.ChannelManager - Adding key: http://localhost:58509 for channel [id: 0xee7d4684, L:/127.0.0.1:59971 - R:localhost/127.0.0.1:58509]
15:39:18.487 [Forwarding findElements on session 566657fccef467be2dbfb2d8d7b8db24 to remote] DEBUG org.asynchttpclient.netty.request.NettyRequestSender - Using pooled Channel '[id: 0xee7d4684, L:/127.0.0.1:59971 - R:localhost/127.0.0.1:58509]' for 'POST' to 'http://localhost:58509/session/566657fccef467be2dbfb2d8d7b8db24/elements'
15:39:18.487 [Forwarding findElements on session 566657fccef467be2dbfb2d8d7b8db24 to remote] DEBUG org.asynchttpclient.netty.request.NettyRequestSender - Using open Channel [id: 0xee7d4684, L:/127.0.0.1:59971 - R:localhost/127.0.0.1:58509] for POST '/session/566657fccef467be2dbfb2d8d7b8db24/elements'
15:39:18.494 [AsyncHttpClient-1-2] DEBUG org.asynchttpclient.netty.handler.HttpHandler - 

Request DefaultHttpRequest(decodeResult: success, version: HTTP/1.1)
POST /session/566657fccef467be2dbfb2d8d7b8db24/elements HTTP/1.1
User-Agent: selenium/4.1.4 (java windows)
Content-Length: 203
Content-Type: application/json; charset=utf-8
host: localhost:58509
accept: */*

Response DefaultHttpResponse(decodeResult: success, version: HTTP/1.1)
HTTP/1.1 200 OK
Content-Type: application/json; charset=utf-8
cache-control: no-cache
content-length: 248

15:39:18.494 [AsyncHttpClient-1-2] DEBUG org.asynchttpclient.netty.channel.ChannelManager - Adding key: http://localhost:58509 for channel [id: 0xee7d4684, L:/127.0.0.1:59971 - R:localhost/127.0.0.1:58509]
15:39:18.498 [Forwarding isElementDisplayed on session 566657fccef467be2dbfb2d8d7b8db24 to remote] DEBUG org.asynchttpclient.netty.request.NettyRequestSender - Using pooled Channel '[id: 0xee7d4684, L:/127.0.0.1:59971 - R:localhost/127.0.0.1:58509]' for 'POST' to 'http://localhost:58509/session/566657fccef467be2dbfb2d8d7b8db24/execute/sync'
15:39:18.498 [Forwarding isElementDisplayed on session 566657fccef467be2dbfb2d8d7b8db24 to remote] DEBUG org.asynchttpclient.netty.request.NettyRequestSender - Using open Channel [id: 0xee7d4684, L:/127.0.0.1:59971 - R:localhost/127.0.0.1:58509] for POST '/session/566657fccef467be2dbfb2d8d7b8db24/execute/sync'
15:39:18.506 [AsyncHttpClient-1-2] DEBUG org.asynchttpclient.netty.handler.HttpHandler - 

Request DefaultHttpRequest(decodeResult: success, version: HTTP/1.1)
POST /session/566657fccef467be2dbfb2d8d7b8db24/execute/sync HTTP/1.1
User-Agent: selenium/4.1.4 (java windows)
Content-Length: 48780
Content-Type: application/json; charset=utf-8
host: localhost:58509
accept: */*

Response DefaultHttpResponse(decodeResult: success, version: HTTP/1.1)
HTTP/1.1 200 OK
Content-Type: application/json; charset=utf-8
cache-control: no-cache
content-length: 15

15:39:18.506 [AsyncHttpClient-1-2] DEBUG org.asynchttpclient.netty.channel.ChannelManager - Adding key: http://localhost:58509 for channel [id: 0xee7d4684, L:/127.0.0.1:59971 - R:localhost/127.0.0.1:58509]
15:39:18.584 [Forwarding findElements on session 566657fccef467be2dbfb2d8d7b8db24 to remote] DEBUG org.asynchttpclient.netty.request.NettyRequestSender - Using pooled Channel '[id: 0xee7d4684, L:/127.0.0.1:59971 - R:localhost/127.0.0.1:58509]' for 'POST' to 'http://localhost:58509/session/566657fccef467be2dbfb2d8d7b8db24/elements'
15:39:18.585 [Forwarding findElements on session 566657fccef467be2dbfb2d8d7b8db24 to remote] DEBUG org.asynchttpclient.netty.request.NettyRequestSender - Using open Channel [id: 0xee7d4684, L:/127.0.0.1:59971 - R:localhost/127.0.0.1:58509] for POST '/session/566657fccef467be2dbfb2d8d7b8db24/elements'
15:39:18.593 [AsyncHttpClient-1-2] DEBUG org.asynchttpclient.netty.handler.HttpHandler - 

Request DefaultHttpRequest(decodeResult: success, version: HTTP/1.1)
POST /session/566657fccef467be2dbfb2d8d7b8db24/elements HTTP/1.1
User-Agent: selenium/4.1.4 (java windows)
Content-Length: 203
Content-Type: application/json; charset=utf-8
host: localhost:58509
accept: */*

Response DefaultHttpResponse(decodeResult: success, version: HTTP/1.1)
HTTP/1.1 200 OK
Content-Type: application/json; charset=utf-8
cache-control: no-cache
content-length: 248

15:39:18.593 [AsyncHttpClient-1-2] DEBUG org.asynchttpclient.netty.channel.ChannelManager - Adding key: http://localhost:58509 for channel [id: 0xee7d4684, L:/127.0.0.1:59971 - R:localhost/127.0.0.1:58509]
15:39:18.596 [Forwarding isElementDisplayed on session 566657fccef467be2dbfb2d8d7b8db24 to remote] DEBUG org.asynchttpclient.netty.request.NettyRequestSender - Using pooled Channel '[id: 0xee7d4684, L:/127.0.0.1:59971 - R:localhost/127.0.0.1:58509]' for 'POST' to 'http://localhost:58509/session/566657fccef467be2dbfb2d8d7b8db24/execute/sync'
15:39:18.596 [Forwarding isElementDisplayed on session 566657fccef467be2dbfb2d8d7b8db24 to remote] DEBUG org.asynchttpclient.netty.request.NettyRequestSender - Using open Channel [id: 0xee7d4684, L:/127.0.0.1:59971 - R:localhost/127.0.0.1:58509] for POST '/session/566657fccef467be2dbfb2d8d7b8db24/execute/sync'
15:39:18.604 [AsyncHttpClient-1-2] DEBUG org.asynchttpclient.netty.handler.HttpHandler - 

Request DefaultHttpRequest(decodeResult: success, version: HTTP/1.1)
POST /session/566657fccef467be2dbfb2d8d7b8db24/execute/sync HTTP/1.1
User-Agent: selenium/4.1.4 (java windows)
Content-Length: 48780
Content-Type: application/json; charset=utf-8
host: localhost:58509
accept: */*

Response DefaultHttpResponse(decodeResult: success, version: HTTP/1.1)
HTTP/1.1 200 OK
Content-Type: application/json; charset=utf-8
cache-control: no-cache
content-length: 15

15:39:18.604 [AsyncHttpClient-1-2] DEBUG org.asynchttpclient.netty.channel.ChannelManager - Adding key: http://localhost:58509 for channel [id: 0xee7d4684, L:/127.0.0.1:59971 - R:localhost/127.0.0.1:58509]
15:39:18.691 [Forwarding findElements on session 566657fccef467be2dbfb2d8d7b8db24 to remote] DEBUG org.asynchttpclient.netty.request.NettyRequestSender - Using pooled Channel '[id: 0xee7d4684, L:/127.0.0.1:59971 - R:localhost/127.0.0.1:58509]' for 'POST' to 'http://localhost:58509/session/566657fccef467be2dbfb2d8d7b8db24/elements'
15:39:18.691 [Forwarding findElements on session 566657fccef467be2dbfb2d8d7b8db24 to remote] DEBUG org.asynchttpclient.netty.request.NettyRequestSender - Using open Channel [id: 0xee7d4684, L:/127.0.0.1:59971 - R:localhost/127.0.0.1:58509] for POST '/session/566657fccef467be2dbfb2d8d7b8db24/elements'
15:39:18.698 [AsyncHttpClient-1-2] DEBUG org.asynchttpclient.netty.handler.HttpHandler - 

Request DefaultHttpRequest(decodeResult: success, version: HTTP/1.1)
POST /session/566657fccef467be2dbfb2d8d7b8db24/elements HTTP/1.1
User-Agent: selenium/4.1.4 (java windows)
Content-Length: 203
Content-Type: application/json; charset=utf-8
host: localhost:58509
accept: */*

Response DefaultHttpResponse(decodeResult: success, version: HTTP/1.1)
HTTP/1.1 200 OK
Content-Type: application/json; charset=utf-8
cache-control: no-cache
content-length: 248

15:39:18.698 [AsyncHttpClient-1-2] DEBUG org.asynchttpclient.netty.channel.ChannelManager - Adding key: http://localhost:58509 for channel [id: 0xee7d4684, L:/127.0.0.1:59971 - R:localhost/127.0.0.1:58509]
15:39:18.702 [Forwarding isElementDisplayed on session 566657fccef467be2dbfb2d8d7b8db24 to remote] DEBUG org.asynchttpclient.netty.request.NettyRequestSender - Using pooled Channel '[id: 0xee7d4684, L:/127.0.0.1:59971 - R:localhost/127.0.0.1:58509]' for 'POST' to 'http://localhost:58509/session/566657fccef467be2dbfb2d8d7b8db24/execute/sync'
15:39:18.702 [Forwarding isElementDisplayed on session 566657fccef467be2dbfb2d8d7b8db24 to remote] DEBUG org.asynchttpclient.netty.request.NettyRequestSender - Using open Channel [id: 0xee7d4684, L:/127.0.0.1:59971 - R:localhost/127.0.0.1:58509] for POST '/session/566657fccef467be2dbfb2d8d7b8db24/execute/sync'
15:39:18.711 [AsyncHttpClient-1-2] DEBUG org.asynchttpclient.netty.handler.HttpHandler - 

Request DefaultHttpRequest(decodeResult: success, version: HTTP/1.1)
POST /session/566657fccef467be2dbfb2d8d7b8db24/execute/sync HTTP/1.1
User-Agent: selenium/4.1.4 (java windows)
Content-Length: 48780
Content-Type: application/json; charset=utf-8
host: localhost:58509
accept: */*

Response DefaultHttpResponse(decodeResult: success, version: HTTP/1.1)
HTTP/1.1 200 OK
Content-Type: application/json; charset=utf-8
cache-control: no-cache
content-length: 15

15:39:18.711 [AsyncHttpClient-1-2] DEBUG org.asynchttpclient.netty.channel.ChannelManager - Adding key: http://localhost:58509 for channel [id: 0xee7d4684, L:/127.0.0.1:59971 - R:localhost/127.0.0.1:58509]
15:39:18.783 [Forwarding findElements on session 566657fccef467be2dbfb2d8d7b8db24 to remote] DEBUG org.asynchttpclient.netty.request.NettyRequestSender - Using pooled Channel '[id: 0xee7d4684, L:/127.0.0.1:59971 - R:localhost/127.0.0.1:58509]' for 'POST' to 'http://localhost:58509/session/566657fccef467be2dbfb2d8d7b8db24/elements'
15:39:18.783 [Forwarding findElements on session 566657fccef467be2dbfb2d8d7b8db24 to remote] DEBUG org.asynchttpclient.netty.request.NettyRequestSender - Using open Channel [id: 0xee7d4684, L:/127.0.0.1:59971 - R:localhost/127.0.0.1:58509] for POST '/session/566657fccef467be2dbfb2d8d7b8db24/elements'
15:39:18.790 [AsyncHttpClient-1-2] DEBUG org.asynchttpclient.netty.handler.HttpHandler - 

Request DefaultHttpRequest(decodeResult: success, version: HTTP/1.1)
POST /session/566657fccef467be2dbfb2d8d7b8db24/elements HTTP/1.1
User-Agent: selenium/4.1.4 (java windows)
Content-Length: 203
Content-Type: application/json; charset=utf-8
host: localhost:58509
accept: */*

Response DefaultHttpResponse(decodeResult: success, version: HTTP/1.1)
HTTP/1.1 200 OK
Content-Type: application/json; charset=utf-8
cache-control: no-cache
content-length: 248

15:39:18.790 [AsyncHttpClient-1-2] DEBUG org.asynchttpclient.netty.channel.ChannelManager - Adding key: http://localhost:58509 for channel [id: 0xee7d4684, L:/127.0.0.1:59971 - R:localhost/127.0.0.1:58509]
15:39:18.793 [Forwarding isElementDisplayed on session 566657fccef467be2dbfb2d8d7b8db24 to remote] DEBUG org.asynchttpclient.netty.request.NettyRequestSender - Using pooled Channel '[id: 0xee7d4684, L:/127.0.0.1:59971 - R:localhost/127.0.0.1:58509]' for 'POST' to 'http://localhost:58509/session/566657fccef467be2dbfb2d8d7b8db24/execute/sync'
15:39:18.793 [Forwarding isElementDisplayed on session 566657fccef467be2dbfb2d8d7b8db24 to remote] DEBUG org.asynchttpclient.netty.request.NettyRequestSender - Using open Channel [id: 0xee7d4684, L:/127.0.0.1:59971 - R:localhost/127.0.0.1:58509] for POST '/session/566657fccef467be2dbfb2d8d7b8db24/execute/sync'
15:39:18.802 [AsyncHttpClient-1-2] DEBUG org.asynchttpclient.netty.handler.HttpHandler - 

Request DefaultHttpRequest(decodeResult: success, version: HTTP/1.1)
POST /session/566657fccef467be2dbfb2d8d7b8db24/execute/sync HTTP/1.1
User-Agent: selenium/4.1.4 (java windows)
Content-Length: 48780
Content-Type: application/json; charset=utf-8
host: localhost:58509
accept: */*

Response DefaultHttpResponse(decodeResult: success, version: HTTP/1.1)
HTTP/1.1 200 OK
Content-Type: application/json; charset=utf-8
cache-control: no-cache
content-length: 15

15:39:18.802 [AsyncHttpClient-1-2] DEBUG org.asynchttpclient.netty.channel.ChannelManager - Adding key: http://localhost:58509 for channel [id: 0xee7d4684, L:/127.0.0.1:59971 - R:localhost/127.0.0.1:58509]
15:39:18.881 [Forwarding findElements on session 566657fccef467be2dbfb2d8d7b8db24 to remote] DEBUG org.asynchttpclient.netty.request.NettyRequestSender - Using pooled Channel '[id: 0xee7d4684, L:/127.0.0.1:59971 - R:localhost/127.0.0.1:58509]' for 'POST' to 'http://localhost:58509/session/566657fccef467be2dbfb2d8d7b8db24/elements'
15:39:18.881 [Forwarding findElements on session 566657fccef467be2dbfb2d8d7b8db24 to remote] DEBUG org.asynchttpclient.netty.request.NettyRequestSender - Using open Channel [id: 0xee7d4684, L:/127.0.0.1:59971 - R:localhost/127.0.0.1:58509] for POST '/session/566657fccef467be2dbfb2d8d7b8db24/elements'
15:39:18.888 [AsyncHttpClient-1-2] DEBUG org.asynchttpclient.netty.handler.HttpHandler - 

Request DefaultHttpRequest(decodeResult: success, version: HTTP/1.1)
POST /session/566657fccef467be2dbfb2d8d7b8db24/elements HTTP/1.1
User-Agent: selenium/4.1.4 (java windows)
Content-Length: 203
Content-Type: application/json; charset=utf-8
host: localhost:58509
accept: */*

Response DefaultHttpResponse(decodeResult: success, version: HTTP/1.1)
HTTP/1.1 200 OK
Content-Type: application/json; charset=utf-8
cache-control: no-cache
content-length: 248

15:39:18.888 [AsyncHttpClient-1-2] DEBUG org.asynchttpclient.netty.channel.ChannelManager - Adding key: http://localhost:58509 for channel [id: 0xee7d4684, L:/127.0.0.1:59971 - R:localhost/127.0.0.1:58509]
15:39:18.892 [Forwarding isElementDisplayed on session 566657fccef467be2dbfb2d8d7b8db24 to remote] DEBUG org.asynchttpclient.netty.request.NettyRequestSender - Using pooled Channel '[id: 0xee7d4684, L:/127.0.0.1:59971 - R:localhost/127.0.0.1:58509]' for 'POST' to 'http://localhost:58509/session/566657fccef467be2dbfb2d8d7b8db24/execute/sync'
15:39:18.892 [Forwarding isElementDisplayed on session 566657fccef467be2dbfb2d8d7b8db24 to remote] DEBUG org.asynchttpclient.netty.request.NettyRequestSender - Using open Channel [id: 0xee7d4684, L:/127.0.0.1:59971 - R:localhost/127.0.0.1:58509] for POST '/session/566657fccef467be2dbfb2d8d7b8db24/execute/sync'
15:39:18.900 [AsyncHttpClient-1-2] DEBUG org.asynchttpclient.netty.handler.HttpHandler - 

Request DefaultHttpRequest(decodeResult: success, version: HTTP/1.1)
POST /session/566657fccef467be2dbfb2d8d7b8db24/execute/sync HTTP/1.1
User-Agent: selenium/4.1.4 (java windows)
Content-Length: 48780
Content-Type: application/json; charset=utf-8
host: localhost:58509
accept: */*

Response DefaultHttpResponse(decodeResult: success, version: HTTP/1.1)
HTTP/1.1 200 OK
Content-Type: application/json; charset=utf-8
cache-control: no-cache
content-length: 15

15:39:18.900 [AsyncHttpClient-1-2] DEBUG org.asynchttpclient.netty.channel.ChannelManager - Adding key: http://localhost:58509 for channel [id: 0xee7d4684, L:/127.0.0.1:59971 - R:localhost/127.0.0.1:58509]
15:39:18.974 [Forwarding findElements on session 566657fccef467be2dbfb2d8d7b8db24 to remote] DEBUG org.asynchttpclient.netty.request.NettyRequestSender - Using pooled Channel '[id: 0xee7d4684, L:/127.0.0.1:59971 - R:localhost/127.0.0.1:58509]' for 'POST' to 'http://localhost:58509/session/566657fccef467be2dbfb2d8d7b8db24/elements'
15:39:18.974 [Forwarding findElements on session 566657fccef467be2dbfb2d8d7b8db24 to remote] DEBUG org.asynchttpclient.netty.request.NettyRequestSender - Using open Channel [id: 0xee7d4684, L:/127.0.0.1:59971 - R:localhost/127.0.0.1:58509] for POST '/session/566657fccef467be2dbfb2d8d7b8db24/elements'
15:39:18.982 [AsyncHttpClient-1-2] DEBUG org.asynchttpclient.netty.handler.HttpHandler - 

Request DefaultHttpRequest(decodeResult: success, version: HTTP/1.1)
POST /session/566657fccef467be2dbfb2d8d7b8db24/elements HTTP/1.1
User-Agent: selenium/4.1.4 (java windows)
Content-Length: 203
Content-Type: application/json; charset=utf-8
host: localhost:58509
accept: */*

Response DefaultHttpResponse(decodeResult: success, version: HTTP/1.1)
HTTP/1.1 200 OK
Content-Type: application/json; charset=utf-8
cache-control: no-cache
content-length: 248

15:39:18.982 [AsyncHttpClient-1-2] DEBUG org.asynchttpclient.netty.channel.ChannelManager - Adding key: http://localhost:58509 for channel [id: 0xee7d4684, L:/127.0.0.1:59971 - R:localhost/127.0.0.1:58509]
15:39:18.985 [Forwarding isElementDisplayed on session 566657fccef467be2dbfb2d8d7b8db24 to remote] DEBUG org.asynchttpclient.netty.request.NettyRequestSender - Using pooled Channel '[id: 0xee7d4684, L:/127.0.0.1:59971 - R:localhost/127.0.0.1:58509]' for 'POST' to 'http://localhost:58509/session/566657fccef467be2dbfb2d8d7b8db24/execute/sync'
15:39:18.985 [Forwarding isElementDisplayed on session 566657fccef467be2dbfb2d8d7b8db24 to remote] DEBUG org.asynchttpclient.netty.request.NettyRequestSender - Using open Channel [id: 0xee7d4684, L:/127.0.0.1:59971 - R:localhost/127.0.0.1:58509] for POST '/session/566657fccef467be2dbfb2d8d7b8db24/execute/sync'
15:39:18.994 [AsyncHttpClient-1-2] DEBUG org.asynchttpclient.netty.handler.HttpHandler - 

Request DefaultHttpRequest(decodeResult: success, version: HTTP/1.1)
POST /session/566657fccef467be2dbfb2d8d7b8db24/execute/sync HTTP/1.1
User-Agent: selenium/4.1.4 (java windows)
Content-Length: 48780
Content-Type: application/json; charset=utf-8
host: localhost:58509
accept: */*

Response DefaultHttpResponse(decodeResult: success, version: HTTP/1.1)
HTTP/1.1 200 OK
Content-Type: application/json; charset=utf-8
cache-control: no-cache
content-length: 15

15:39:18.995 [AsyncHttpClient-1-2] DEBUG org.asynchttpclient.netty.channel.ChannelManager - Adding key: http://localhost:58509 for channel [id: 0xee7d4684, L:/127.0.0.1:59971 - R:localhost/127.0.0.1:58509]
15:39:19.066 [Forwarding findElements on session 566657fccef467be2dbfb2d8d7b8db24 to remote] DEBUG org.asynchttpclient.netty.request.NettyRequestSender - Using pooled Channel '[id: 0xee7d4684, L:/127.0.0.1:59971 - R:localhost/127.0.0.1:58509]' for 'POST' to 'http://localhost:58509/session/566657fccef467be2dbfb2d8d7b8db24/elements'
15:39:19.066 [Forwarding findElements on session 566657fccef467be2dbfb2d8d7b8db24 to remote] DEBUG org.asynchttpclient.netty.request.NettyRequestSender - Using open Channel [id: 0xee7d4684, L:/127.0.0.1:59971 - R:localhost/127.0.0.1:58509] for POST '/session/566657fccef467be2dbfb2d8d7b8db24/elements'
15:39:19.072 [AsyncHttpClient-1-2] DEBUG org.asynchttpclient.netty.handler.HttpHandler - 

Request DefaultHttpRequest(decodeResult: success, version: HTTP/1.1)
POST /session/566657fccef467be2dbfb2d8d7b8db24/elements HTTP/1.1
User-Agent: selenium/4.1.4 (java windows)
Content-Length: 203
Content-Type: application/json; charset=utf-8
host: localhost:58509
accept: */*

Response DefaultHttpResponse(decodeResult: success, version: HTTP/1.1)
HTTP/1.1 200 OK
Content-Type: application/json; charset=utf-8
cache-control: no-cache
content-length: 248

15:39:19.072 [AsyncHttpClient-1-2] DEBUG org.asynchttpclient.netty.channel.ChannelManager - Adding key: http://localhost:58509 for channel [id: 0xee7d4684, L:/127.0.0.1:59971 - R:localhost/127.0.0.1:58509]
15:39:19.076 [Forwarding isElementDisplayed on session 566657fccef467be2dbfb2d8d7b8db24 to remote] DEBUG org.asynchttpclient.netty.request.NettyRequestSender - Using pooled Channel '[id: 0xee7d4684, L:/127.0.0.1:59971 - R:localhost/127.0.0.1:58509]' for 'POST' to 'http://localhost:58509/session/566657fccef467be2dbfb2d8d7b8db24/execute/sync'
15:39:19.076 [Forwarding isElementDisplayed on session 566657fccef467be2dbfb2d8d7b8db24 to remote] DEBUG org.asynchttpclient.netty.request.NettyRequestSender - Using open Channel [id: 0xee7d4684, L:/127.0.0.1:59971 - R:localhost/127.0.0.1:58509] for POST '/session/566657fccef467be2dbfb2d8d7b8db24/execute/sync'
15:39:19.083 [AsyncHttpClient-1-2] DEBUG org.asynchttpclient.netty.handler.HttpHandler - 

Request DefaultHttpRequest(decodeResult: success, version: HTTP/1.1)
POST /session/566657fccef467be2dbfb2d8d7b8db24/execute/sync HTTP/1.1
User-Agent: selenium/4.1.4 (java windows)
Content-Length: 48780
Content-Type: application/json; charset=utf-8
host: localhost:58509
accept: */*

Response DefaultHttpResponse(decodeResult: success, version: HTTP/1.1)
HTTP/1.1 200 OK
Content-Type: application/json; charset=utf-8
cache-control: no-cache
content-length: 15

15:39:19.084 [AsyncHttpClient-1-2] DEBUG org.asynchttpclient.netty.channel.ChannelManager - Adding key: http://localhost:58509 for channel [id: 0xee7d4684, L:/127.0.0.1:59971 - R:localhost/127.0.0.1:58509]
15:39:19.163 [Forwarding findElements on session 566657fccef467be2dbfb2d8d7b8db24 to remote] DEBUG org.asynchttpclient.netty.request.NettyRequestSender - Using pooled Channel '[id: 0xee7d4684, L:/127.0.0.1:59971 - R:localhost/127.0.0.1:58509]' for 'POST' to 'http://localhost:58509/session/566657fccef467be2dbfb2d8d7b8db24/elements'
15:39:19.163 [Forwarding findElements on session 566657fccef467be2dbfb2d8d7b8db24 to remote] DEBUG org.asynchttpclient.netty.request.NettyRequestSender - Using open Channel [id: 0xee7d4684, L:/127.0.0.1:59971 - R:localhost/127.0.0.1:58509] for POST '/session/566657fccef467be2dbfb2d8d7b8db24/elements'
15:39:19.170 [AsyncHttpClient-1-2] DEBUG org.asynchttpclient.netty.handler.HttpHandler - 

Request DefaultHttpRequest(decodeResult: success, version: HTTP/1.1)
POST /session/566657fccef467be2dbfb2d8d7b8db24/elements HTTP/1.1
User-Agent: selenium/4.1.4 (java windows)
Content-Length: 203
Content-Type: application/json; charset=utf-8
host: localhost:58509
accept: */*

Response DefaultHttpResponse(decodeResult: success, version: HTTP/1.1)
HTTP/1.1 200 OK
Content-Type: application/json; charset=utf-8
cache-control: no-cache
content-length: 248

15:39:19.171 [AsyncHttpClient-1-2] DEBUG org.asynchttpclient.netty.channel.ChannelManager - Adding key: http://localhost:58509 for channel [id: 0xee7d4684, L:/127.0.0.1:59971 - R:localhost/127.0.0.1:58509]
15:39:19.174 [Forwarding isElementDisplayed on session 566657fccef467be2dbfb2d8d7b8db24 to remote] DEBUG org.asynchttpclient.netty.request.NettyRequestSender - Using pooled Channel '[id: 0xee7d4684, L:/127.0.0.1:59971 - R:localhost/127.0.0.1:58509]' for 'POST' to 'http://localhost:58509/session/566657fccef467be2dbfb2d8d7b8db24/execute/sync'
15:39:19.174 [Forwarding isElementDisplayed on session 566657fccef467be2dbfb2d8d7b8db24 to remote] DEBUG org.asynchttpclient.netty.request.NettyRequestSender - Using open Channel [id: 0xee7d4684, L:/127.0.0.1:59971 - R:localhost/127.0.0.1:58509] for POST '/session/566657fccef467be2dbfb2d8d7b8db24/execute/sync'
15:39:19.181 [AsyncHttpClient-1-2] DEBUG org.asynchttpclient.netty.handler.HttpHandler - 

Request DefaultHttpRequest(decodeResult: success, version: HTTP/1.1)
POST /session/566657fccef467be2dbfb2d8d7b8db24/execute/sync HTTP/1.1
User-Agent: selenium/4.1.4 (java windows)
Content-Length: 48780
Content-Type: application/json; charset=utf-8
host: localhost:58509
accept: */*

Response DefaultHttpResponse(decodeResult: success, version: HTTP/1.1)
HTTP/1.1 200 OK
Content-Type: application/json; charset=utf-8
cache-control: no-cache
content-length: 15

15:39:19.181 [AsyncHttpClient-1-2] DEBUG org.asynchttpclient.netty.channel.ChannelManager - Adding key: http://localhost:58509 for channel [id: 0xee7d4684, L:/127.0.0.1:59971 - R:localhost/127.0.0.1:58509]
15:39:19.225 [AsyncHttpClient-1-1] DEBUG org.asynchttpclient.netty.channel.DefaultChannelPool - Entry count for : http://localhost:58509 : 1
15:39:19.256 [Forwarding findElements on session 566657fccef467be2dbfb2d8d7b8db24 to remote] DEBUG org.asynchttpclient.netty.request.NettyRequestSender - Using pooled Channel '[id: 0xee7d4684, L:/127.0.0.1:59971 - R:localhost/127.0.0.1:58509]' for 'POST' to 'http://localhost:58509/session/566657fccef467be2dbfb2d8d7b8db24/elements'
15:39:19.256 [Forwarding findElements on session 566657fccef467be2dbfb2d8d7b8db24 to remote] DEBUG org.asynchttpclient.netty.request.NettyRequestSender - Using open Channel [id: 0xee7d4684, L:/127.0.0.1:59971 - R:localhost/127.0.0.1:58509] for POST '/session/566657fccef467be2dbfb2d8d7b8db24/elements'
15:39:19.261 [AsyncHttpClient-1-2] DEBUG org.asynchttpclient.netty.handler.HttpHandler - 

Request DefaultHttpRequest(decodeResult: success, version: HTTP/1.1)
POST /session/566657fccef467be2dbfb2d8d7b8db24/elements HTTP/1.1
User-Agent: selenium/4.1.4 (java windows)
Content-Length: 203
Content-Type: application/json; charset=utf-8
host: localhost:58509
accept: */*

Response DefaultHttpResponse(decodeResult: success, version: HTTP/1.1)
HTTP/1.1 200 OK
Content-Type: application/json; charset=utf-8
cache-control: no-cache
content-length: 248

15:39:19.262 [AsyncHttpClient-1-2] DEBUG org.asynchttpclient.netty.channel.ChannelManager - Adding key: http://localhost:58509 for channel [id: 0xee7d4684, L:/127.0.0.1:59971 - R:localhost/127.0.0.1:58509]
15:39:19.266 [Forwarding isElementDisplayed on session 566657fccef467be2dbfb2d8d7b8db24 to remote] DEBUG org.asynchttpclient.netty.request.NettyRequestSender - Using pooled Channel '[id: 0xee7d4684, L:/127.0.0.1:59971 - R:localhost/127.0.0.1:58509]' for 'POST' to 'http://localhost:58509/session/566657fccef467be2dbfb2d8d7b8db24/execute/sync'
15:39:19.266 [Forwarding isElementDisplayed on session 566657fccef467be2dbfb2d8d7b8db24 to remote] DEBUG org.asynchttpclient.netty.request.NettyRequestSender - Using open Channel [id: 0xee7d4684, L:/127.0.0.1:59971 - R:localhost/127.0.0.1:58509] for POST '/session/566657fccef467be2dbfb2d8d7b8db24/execute/sync'
15:39:19.273 [AsyncHttpClient-1-2] DEBUG org.asynchttpclient.netty.handler.HttpHandler - 

Request DefaultHttpRequest(decodeResult: success, version: HTTP/1.1)
POST /session/566657fccef467be2dbfb2d8d7b8db24/execute/sync HTTP/1.1
User-Agent: selenium/4.1.4 (java windows)
Content-Length: 48780
Content-Type: application/json; charset=utf-8
host: localhost:58509
accept: */*

Response DefaultHttpResponse(decodeResult: success, version: HTTP/1.1)
HTTP/1.1 200 OK
Content-Type: application/json; charset=utf-8
cache-control: no-cache
content-length: 15

15:39:19.273 [AsyncHttpClient-1-2] DEBUG org.asynchttpclient.netty.channel.ChannelManager - Adding key: http://localhost:58509 for channel [id: 0xee7d4684, L:/127.0.0.1:59971 - R:localhost/127.0.0.1:58509]
15:39:19.354 [Forwarding findElements on session 566657fccef467be2dbfb2d8d7b8db24 to remote] DEBUG org.asynchttpclient.netty.request.NettyRequestSender - Using pooled Channel '[id: 0xee7d4684, L:/127.0.0.1:59971 - R:localhost/127.0.0.1:58509]' for 'POST' to 'http://localhost:58509/session/566657fccef467be2dbfb2d8d7b8db24/elements'
15:39:19.354 [Forwarding findElements on session 566657fccef467be2dbfb2d8d7b8db24 to remote] DEBUG org.asynchttpclient.netty.request.NettyRequestSender - Using open Channel [id: 0xee7d4684, L:/127.0.0.1:59971 - R:localhost/127.0.0.1:58509] for POST '/session/566657fccef467be2dbfb2d8d7b8db24/elements'
15:39:19.360 [AsyncHttpClient-1-2] DEBUG org.asynchttpclient.netty.handler.HttpHandler - 

Request DefaultHttpRequest(decodeResult: success, version: HTTP/1.1)
POST /session/566657fccef467be2dbfb2d8d7b8db24/elements HTTP/1.1
User-Agent: selenium/4.1.4 (java windows)
Content-Length: 203
Content-Type: application/json; charset=utf-8
host: localhost:58509
accept: */*

Response DefaultHttpResponse(decodeResult: success, version: HTTP/1.1)
HTTP/1.1 200 OK
Content-Type: application/json; charset=utf-8
cache-control: no-cache
content-length: 248

15:39:19.360 [AsyncHttpClient-1-2] DEBUG org.asynchttpclient.netty.channel.ChannelManager - Adding key: http://localhost:58509 for channel [id: 0xee7d4684, L:/127.0.0.1:59971 - R:localhost/127.0.0.1:58509]
15:39:19.363 [Forwarding isElementDisplayed on session 566657fccef467be2dbfb2d8d7b8db24 to remote] DEBUG org.asynchttpclient.netty.request.NettyRequestSender - Using pooled Channel '[id: 0xee7d4684, L:/127.0.0.1:59971 - R:localhost/127.0.0.1:58509]' for 'POST' to 'http://localhost:58509/session/566657fccef467be2dbfb2d8d7b8db24/execute/sync'
15:39:19.363 [Forwarding isElementDisplayed on session 566657fccef467be2dbfb2d8d7b8db24 to remote] DEBUG org.asynchttpclient.netty.request.NettyRequestSender - Using open Channel [id: 0xee7d4684, L:/127.0.0.1:59971 - R:localhost/127.0.0.1:58509] for POST '/session/566657fccef467be2dbfb2d8d7b8db24/execute/sync'
15:39:19.369 [AsyncHttpClient-1-2] DEBUG org.asynchttpclient.netty.handler.HttpHandler - 

Request DefaultHttpRequest(decodeResult: success, version: HTTP/1.1)
POST /session/566657fccef467be2dbfb2d8d7b8db24/execute/sync HTTP/1.1
User-Agent: selenium/4.1.4 (java windows)
Content-Length: 48780
Content-Type: application/json; charset=utf-8
host: localhost:58509
accept: */*

Response DefaultHttpResponse(decodeResult: success, version: HTTP/1.1)
HTTP/1.1 200 OK
Content-Type: application/json; charset=utf-8
cache-control: no-cache
content-length: 15

15:39:19.369 [AsyncHttpClient-1-2] DEBUG org.asynchttpclient.netty.channel.ChannelManager - Adding key: http://localhost:58509 for channel [id: 0xee7d4684, L:/127.0.0.1:59971 - R:localhost/127.0.0.1:58509]
15:39:19.448 [Forwarding findElements on session 566657fccef467be2dbfb2d8d7b8db24 to remote] DEBUG org.asynchttpclient.netty.request.NettyRequestSender - Using pooled Channel '[id: 0xee7d4684, L:/127.0.0.1:59971 - R:localhost/127.0.0.1:58509]' for 'POST' to 'http://localhost:58509/session/566657fccef467be2dbfb2d8d7b8db24/elements'
15:39:19.448 [Forwarding findElements on session 566657fccef467be2dbfb2d8d7b8db24 to remote] DEBUG org.asynchttpclient.netty.request.NettyRequestSender - Using open Channel [id: 0xee7d4684, L:/127.0.0.1:59971 - R:localhost/127.0.0.1:58509] for POST '/session/566657fccef467be2dbfb2d8d7b8db24/elements'
15:39:19.453 [AsyncHttpClient-1-2] DEBUG org.asynchttpclient.netty.handler.HttpHandler - 

Request DefaultHttpRequest(decodeResult: success, version: HTTP/1.1)
POST /session/566657fccef467be2dbfb2d8d7b8db24/elements HTTP/1.1
User-Agent: selenium/4.1.4 (java windows)
Content-Length: 203
Content-Type: application/json; charset=utf-8
host: localhost:58509
accept: */*

Response DefaultHttpResponse(decodeResult: success, version: HTTP/1.1)
HTTP/1.1 200 OK
Content-Type: application/json; charset=utf-8
cache-control: no-cache
content-length: 248

15:39:19.453 [AsyncHttpClient-1-2] DEBUG org.asynchttpclient.netty.channel.ChannelManager - Adding key: http://localhost:58509 for channel [id: 0xee7d4684, L:/127.0.0.1:59971 - R:localhost/127.0.0.1:58509]
15:39:19.457 [Forwarding isElementDisplayed on session 566657fccef467be2dbfb2d8d7b8db24 to remote] DEBUG org.asynchttpclient.netty.request.NettyRequestSender - Using pooled Channel '[id: 0xee7d4684, L:/127.0.0.1:59971 - R:localhost/127.0.0.1:58509]' for 'POST' to 'http://localhost:58509/session/566657fccef467be2dbfb2d8d7b8db24/execute/sync'
15:39:19.457 [Forwarding isElementDisplayed on session 566657fccef467be2dbfb2d8d7b8db24 to remote] DEBUG org.asynchttpclient.netty.request.NettyRequestSender - Using open Channel [id: 0xee7d4684, L:/127.0.0.1:59971 - R:localhost/127.0.0.1:58509] for POST '/session/566657fccef467be2dbfb2d8d7b8db24/execute/sync'
15:39:19.465 [AsyncHttpClient-1-2] DEBUG org.asynchttpclient.netty.handler.HttpHandler - 

Request DefaultHttpRequest(decodeResult: success, version: HTTP/1.1)
POST /session/566657fccef467be2dbfb2d8d7b8db24/execute/sync HTTP/1.1
User-Agent: selenium/4.1.4 (java windows)
Content-Length: 48780
Content-Type: application/json; charset=utf-8
host: localhost:58509
accept: */*

Response DefaultHttpResponse(decodeResult: success, version: HTTP/1.1)
HTTP/1.1 200 OK
Content-Type: application/json; charset=utf-8
cache-control: no-cache
content-length: 15

15:39:19.465 [AsyncHttpClient-1-2] DEBUG org.asynchttpclient.netty.channel.ChannelManager - Adding key: http://localhost:58509 for channel [id: 0xee7d4684, L:/127.0.0.1:59971 - R:localhost/127.0.0.1:58509]
15:39:19.539 [Forwarding findElements on session 566657fccef467be2dbfb2d8d7b8db24 to remote] DEBUG org.asynchttpclient.netty.request.NettyRequestSender - Using pooled Channel '[id: 0xee7d4684, L:/127.0.0.1:59971 - R:localhost/127.0.0.1:58509]' for 'POST' to 'http://localhost:58509/session/566657fccef467be2dbfb2d8d7b8db24/elements'
15:39:19.539 [Forwarding findElements on session 566657fccef467be2dbfb2d8d7b8db24 to remote] DEBUG org.asynchttpclient.netty.request.NettyRequestSender - Using open Channel [id: 0xee7d4684, L:/127.0.0.1:59971 - R:localhost/127.0.0.1:58509] for POST '/session/566657fccef467be2dbfb2d8d7b8db24/elements'
15:39:19.545 [AsyncHttpClient-1-2] DEBUG org.asynchttpclient.netty.handler.HttpHandler - 

Request DefaultHttpRequest(decodeResult: success, version: HTTP/1.1)
POST /session/566657fccef467be2dbfb2d8d7b8db24/elements HTTP/1.1
User-Agent: selenium/4.1.4 (java windows)
Content-Length: 203
Content-Type: application/json; charset=utf-8
host: localhost:58509
accept: */*

Response DefaultHttpResponse(decodeResult: success, version: HTTP/1.1)
HTTP/1.1 200 OK
Content-Type: application/json; charset=utf-8
cache-control: no-cache
content-length: 248

15:39:19.545 [AsyncHttpClient-1-2] DEBUG org.asynchttpclient.netty.channel.ChannelManager - Adding key: http://localhost:58509 for channel [id: 0xee7d4684, L:/127.0.0.1:59971 - R:localhost/127.0.0.1:58509]
15:39:19.548 [Forwarding isElementDisplayed on session 566657fccef467be2dbfb2d8d7b8db24 to remote] DEBUG org.asynchttpclient.netty.request.NettyRequestSender - Using pooled Channel '[id: 0xee7d4684, L:/127.0.0.1:59971 - R:localhost/127.0.0.1:58509]' for 'POST' to 'http://localhost:58509/session/566657fccef467be2dbfb2d8d7b8db24/execute/sync'
15:39:19.548 [Forwarding isElementDisplayed on session 566657fccef467be2dbfb2d8d7b8db24 to remote] DEBUG org.asynchttpclient.netty.request.NettyRequestSender - Using open Channel [id: 0xee7d4684, L:/127.0.0.1:59971 - R:localhost/127.0.0.1:58509] for POST '/session/566657fccef467be2dbfb2d8d7b8db24/execute/sync'
15:39:19.555 [AsyncHttpClient-1-2] DEBUG org.asynchttpclient.netty.handler.HttpHandler - 

Request DefaultHttpRequest(decodeResult: success, version: HTTP/1.1)
POST /session/566657fccef467be2dbfb2d8d7b8db24/execute/sync HTTP/1.1
User-Agent: selenium/4.1.4 (java windows)
Content-Length: 48780
Content-Type: application/json; charset=utf-8
host: localhost:58509
accept: */*

Response DefaultHttpResponse(decodeResult: success, version: HTTP/1.1)
HTTP/1.1 200 OK
Content-Type: application/json; charset=utf-8
cache-control: no-cache
content-length: 15

15:39:19.555 [AsyncHttpClient-1-2] DEBUG org.asynchttpclient.netty.channel.ChannelManager - Adding key: http://localhost:58509 for channel [id: 0xee7d4684, L:/127.0.0.1:59971 - R:localhost/127.0.0.1:58509]
15:39:19.634 [Forwarding findElements on session 566657fccef467be2dbfb2d8d7b8db24 to remote] DEBUG org.asynchttpclient.netty.request.NettyRequestSender - Using pooled Channel '[id: 0xee7d4684, L:/127.0.0.1:59971 - R:localhost/127.0.0.1:58509]' for 'POST' to 'http://localhost:58509/session/566657fccef467be2dbfb2d8d7b8db24/elements'
15:39:19.634 [Forwarding findElements on session 566657fccef467be2dbfb2d8d7b8db24 to remote] DEBUG org.asynchttpclient.netty.request.NettyRequestSender - Using open Channel [id: 0xee7d4684, L:/127.0.0.1:59971 - R:localhost/127.0.0.1:58509] for POST '/session/566657fccef467be2dbfb2d8d7b8db24/elements'
15:39:19.642 [AsyncHttpClient-1-2] DEBUG org.asynchttpclient.netty.handler.HttpHandler - 

Request DefaultHttpRequest(decodeResult: success, version: HTTP/1.1)
POST /session/566657fccef467be2dbfb2d8d7b8db24/elements HTTP/1.1
User-Agent: selenium/4.1.4 (java windows)
Content-Length: 203
Content-Type: application/json; charset=utf-8
host: localhost:58509
accept: */*

Response DefaultHttpResponse(decodeResult: success, version: HTTP/1.1)
HTTP/1.1 200 OK
Content-Type: application/json; charset=utf-8
cache-control: no-cache
content-length: 248

15:39:19.642 [AsyncHttpClient-1-2] DEBUG org.asynchttpclient.netty.channel.ChannelManager - Adding key: http://localhost:58509 for channel [id: 0xee7d4684, L:/127.0.0.1:59971 - R:localhost/127.0.0.1:58509]
15:39:19.645 [Forwarding isElementDisplayed on session 566657fccef467be2dbfb2d8d7b8db24 to remote] DEBUG org.asynchttpclient.netty.request.NettyRequestSender - Using pooled Channel '[id: 0xee7d4684, L:/127.0.0.1:59971 - R:localhost/127.0.0.1:58509]' for 'POST' to 'http://localhost:58509/session/566657fccef467be2dbfb2d8d7b8db24/execute/sync'
15:39:19.646 [Forwarding isElementDisplayed on session 566657fccef467be2dbfb2d8d7b8db24 to remote] DEBUG org.asynchttpclient.netty.request.NettyRequestSender - Using open Channel [id: 0xee7d4684, L:/127.0.0.1:59971 - R:localhost/127.0.0.1:58509] for POST '/session/566657fccef467be2dbfb2d8d7b8db24/execute/sync'
15:39:19.652 [AsyncHttpClient-1-2] DEBUG org.asynchttpclient.netty.handler.HttpHandler - 

Request DefaultHttpRequest(decodeResult: success, version: HTTP/1.1)
POST /session/566657fccef467be2dbfb2d8d7b8db24/execute/sync HTTP/1.1
User-Agent: selenium/4.1.4 (java windows)
Content-Length: 48780
Content-Type: application/json; charset=utf-8
host: localhost:58509
accept: */*

Response DefaultHttpResponse(decodeResult: success, version: HTTP/1.1)
HTTP/1.1 200 OK
Content-Type: application/json; charset=utf-8
cache-control: no-cache
content-length: 15

15:39:19.652 [AsyncHttpClient-1-2] DEBUG org.asynchttpclient.netty.channel.ChannelManager - Adding key: http://localhost:58509 for channel [id: 0xee7d4684, L:/127.0.0.1:59971 - R:localhost/127.0.0.1:58509]
15:39:19.733 [Forwarding findElements on session 566657fccef467be2dbfb2d8d7b8db24 to remote] DEBUG org.asynchttpclient.netty.request.NettyRequestSender - Using pooled Channel '[id: 0xee7d4684, L:/127.0.0.1:59971 - R:localhost/127.0.0.1:58509]' for 'POST' to 'http://localhost:58509/session/566657fccef467be2dbfb2d8d7b8db24/elements'
15:39:19.733 [Forwarding findElements on session 566657fccef467be2dbfb2d8d7b8db24 to remote] DEBUG org.asynchttpclient.netty.request.NettyRequestSender - Using open Channel [id: 0xee7d4684, L:/127.0.0.1:59971 - R:localhost/127.0.0.1:58509] for POST '/session/566657fccef467be2dbfb2d8d7b8db24/elements'
15:39:19.740 [AsyncHttpClient-1-2] DEBUG org.asynchttpclient.netty.handler.HttpHandler - 

Request DefaultHttpRequest(decodeResult: success, version: HTTP/1.1)
POST /session/566657fccef467be2dbfb2d8d7b8db24/elements HTTP/1.1
User-Agent: selenium/4.1.4 (java windows)
Content-Length: 203
Content-Type: application/json; charset=utf-8
host: localhost:58509
accept: */*

Response DefaultHttpResponse(decodeResult: success, version: HTTP/1.1)
HTTP/1.1 200 OK
Content-Type: application/json; charset=utf-8
cache-control: no-cache
content-length: 248

15:39:19.740 [AsyncHttpClient-1-2] DEBUG org.asynchttpclient.netty.channel.ChannelManager - Adding key: http://localhost:58509 for channel [id: 0xee7d4684, L:/127.0.0.1:59971 - R:localhost/127.0.0.1:58509]
15:39:19.744 [Forwarding isElementDisplayed on session 566657fccef467be2dbfb2d8d7b8db24 to remote] DEBUG org.asynchttpclient.netty.request.NettyRequestSender - Using pooled Channel '[id: 0xee7d4684, L:/127.0.0.1:59971 - R:localhost/127.0.0.1:58509]' for 'POST' to 'http://localhost:58509/session/566657fccef467be2dbfb2d8d7b8db24/execute/sync'
15:39:19.744 [Forwarding isElementDisplayed on session 566657fccef467be2dbfb2d8d7b8db24 to remote] DEBUG org.asynchttpclient.netty.request.NettyRequestSender - Using open Channel [id: 0xee7d4684, L:/127.0.0.1:59971 - R:localhost/127.0.0.1:58509] for POST '/session/566657fccef467be2dbfb2d8d7b8db24/execute/sync'
15:39:19.750 [AsyncHttpClient-1-2] DEBUG org.asynchttpclient.netty.handler.HttpHandler - 

Request DefaultHttpRequest(decodeResult: success, version: HTTP/1.1)
POST /session/566657fccef467be2dbfb2d8d7b8db24/execute/sync HTTP/1.1
User-Agent: selenium/4.1.4 (java windows)
Content-Length: 48780
Content-Type: application/json; charset=utf-8
host: localhost:58509
accept: */*

Response DefaultHttpResponse(decodeResult: success, version: HTTP/1.1)
HTTP/1.1 200 OK
Content-Type: application/json; charset=utf-8
cache-control: no-cache
content-length: 15

15:39:19.750 [AsyncHttpClient-1-2] DEBUG org.asynchttpclient.netty.channel.ChannelManager - Adding key: http://localhost:58509 for channel [id: 0xee7d4684, L:/127.0.0.1:59971 - R:localhost/127.0.0.1:58509]
15:39:19.824 [Forwarding findElements on session 566657fccef467be2dbfb2d8d7b8db24 to remote] DEBUG org.asynchttpclient.netty.request.NettyRequestSender - Using pooled Channel '[id: 0xee7d4684, L:/127.0.0.1:59971 - R:localhost/127.0.0.1:58509]' for 'POST' to 'http://localhost:58509/session/566657fccef467be2dbfb2d8d7b8db24/elements'
15:39:19.824 [Forwarding findElements on session 566657fccef467be2dbfb2d8d7b8db24 to remote] DEBUG org.asynchttpclient.netty.request.NettyRequestSender - Using open Channel [id: 0xee7d4684, L:/127.0.0.1:59971 - R:localhost/127.0.0.1:58509] for POST '/session/566657fccef467be2dbfb2d8d7b8db24/elements'
15:39:19.830 [AsyncHttpClient-1-2] DEBUG org.asynchttpclient.netty.handler.HttpHandler - 

Request DefaultHttpRequest(decodeResult: success, version: HTTP/1.1)
POST /session/566657fccef467be2dbfb2d8d7b8db24/elements HTTP/1.1
User-Agent: selenium/4.1.4 (java windows)
Content-Length: 203
Content-Type: application/json; charset=utf-8
host: localhost:58509
accept: */*

Response DefaultHttpResponse(decodeResult: success, version: HTTP/1.1)
HTTP/1.1 200 OK
Content-Type: application/json; charset=utf-8
cache-control: no-cache
content-length: 248

15:39:19.830 [AsyncHttpClient-1-2] DEBUG org.asynchttpclient.netty.channel.ChannelManager - Adding key: http://localhost:58509 for channel [id: 0xee7d4684, L:/127.0.0.1:59971 - R:localhost/127.0.0.1:58509]
15:39:19.834 [Forwarding isElementDisplayed on session 566657fccef467be2dbfb2d8d7b8db24 to remote] DEBUG org.asynchttpclient.netty.request.NettyRequestSender - Using pooled Channel '[id: 0xee7d4684, L:/127.0.0.1:59971 - R:localhost/127.0.0.1:58509]' for 'POST' to 'http://localhost:58509/session/566657fccef467be2dbfb2d8d7b8db24/execute/sync'
15:39:19.834 [Forwarding isElementDisplayed on session 566657fccef467be2dbfb2d8d7b8db24 to remote] DEBUG org.asynchttpclient.netty.request.NettyRequestSender - Using open Channel [id: 0xee7d4684, L:/127.0.0.1:59971 - R:localhost/127.0.0.1:58509] for POST '/session/566657fccef467be2dbfb2d8d7b8db24/execute/sync'
15:39:19.840 [AsyncHttpClient-1-2] DEBUG org.asynchttpclient.netty.handler.HttpHandler - 

Request DefaultHttpRequest(decodeResult: success, version: HTTP/1.1)
POST /session/566657fccef467be2dbfb2d8d7b8db24/execute/sync HTTP/1.1
User-Agent: selenium/4.1.4 (java windows)
Content-Length: 48780
Content-Type: application/json; charset=utf-8
host: localhost:58509
accept: */*

Response DefaultHttpResponse(decodeResult: success, version: HTTP/1.1)
HTTP/1.1 200 OK
Content-Type: application/json; charset=utf-8
cache-control: no-cache
content-length: 15

15:39:19.840 [AsyncHttpClient-1-2] DEBUG org.asynchttpclient.netty.channel.ChannelManager - Adding key: http://localhost:58509 for channel [id: 0xee7d4684, L:/127.0.0.1:59971 - R:localhost/127.0.0.1:58509]
15:39:19.923 [Forwarding findElements on session 566657fccef467be2dbfb2d8d7b8db24 to remote] DEBUG org.asynchttpclient.netty.request.NettyRequestSender - Using pooled Channel '[id: 0xee7d4684, L:/127.0.0.1:59971 - R:localhost/127.0.0.1:58509]' for 'POST' to 'http://localhost:58509/session/566657fccef467be2dbfb2d8d7b8db24/elements'
15:39:19.923 [Forwarding findElements on session 566657fccef467be2dbfb2d8d7b8db24 to remote] DEBUG org.asynchttpclient.netty.request.NettyRequestSender - Using open Channel [id: 0xee7d4684, L:/127.0.0.1:59971 - R:localhost/127.0.0.1:58509] for POST '/session/566657fccef467be2dbfb2d8d7b8db24/elements'
15:39:19.930 [AsyncHttpClient-1-2] DEBUG org.asynchttpclient.netty.handler.HttpHandler - 

Request DefaultHttpRequest(decodeResult: success, version: HTTP/1.1)
POST /session/566657fccef467be2dbfb2d8d7b8db24/elements HTTP/1.1
User-Agent: selenium/4.1.4 (java windows)
Content-Length: 203
Content-Type: application/json; charset=utf-8
host: localhost:58509
accept: */*

Response DefaultHttpResponse(decodeResult: success, version: HTTP/1.1)
HTTP/1.1 200 OK
Content-Type: application/json; charset=utf-8
cache-control: no-cache
content-length: 248

15:39:19.930 [AsyncHttpClient-1-2] DEBUG org.asynchttpclient.netty.channel.ChannelManager - Adding key: http://localhost:58509 for channel [id: 0xee7d4684, L:/127.0.0.1:59971 - R:localhost/127.0.0.1:58509]
15:39:19.932 [Forwarding isElementDisplayed on session 566657fccef467be2dbfb2d8d7b8db24 to remote] DEBUG org.asynchttpclient.netty.request.NettyRequestSender - Using pooled Channel '[id: 0xee7d4684, L:/127.0.0.1:59971 - R:localhost/127.0.0.1:58509]' for 'POST' to 'http://localhost:58509/session/566657fccef467be2dbfb2d8d7b8db24/execute/sync'
15:39:19.932 [Forwarding isElementDisplayed on session 566657fccef467be2dbfb2d8d7b8db24 to remote] DEBUG org.asynchttpclient.netty.request.NettyRequestSender - Using open Channel [id: 0xee7d4684, L:/127.0.0.1:59971 - R:localhost/127.0.0.1:58509] for POST '/session/566657fccef467be2dbfb2d8d7b8db24/execute/sync'
15:39:19.939 [AsyncHttpClient-1-2] DEBUG org.asynchttpclient.netty.handler.HttpHandler - 

Request DefaultHttpRequest(decodeResult: success, version: HTTP/1.1)
POST /session/566657fccef467be2dbfb2d8d7b8db24/execute/sync HTTP/1.1
User-Agent: selenium/4.1.4 (java windows)
Content-Length: 48780
Content-Type: application/json; charset=utf-8
host: localhost:58509
accept: */*

Response DefaultHttpResponse(decodeResult: success, version: HTTP/1.1)
HTTP/1.1 200 OK
Content-Type: application/json; charset=utf-8
cache-control: no-cache
content-length: 15

15:39:19.939 [AsyncHttpClient-1-2] DEBUG org.asynchttpclient.netty.channel.ChannelManager - Adding key: http://localhost:58509 for channel [id: 0xee7d4684, L:/127.0.0.1:59971 - R:localhost/127.0.0.1:58509]
15:39:20.031 [Forwarding findElements on session 566657fccef467be2dbfb2d8d7b8db24 to remote] DEBUG org.asynchttpclient.netty.request.NettyRequestSender - Using pooled Channel '[id: 0xee7d4684, L:/127.0.0.1:59971 - R:localhost/127.0.0.1:58509]' for 'POST' to 'http://localhost:58509/session/566657fccef467be2dbfb2d8d7b8db24/elements'
15:39:20.031 [Forwarding findElements on session 566657fccef467be2dbfb2d8d7b8db24 to remote] DEBUG org.asynchttpclient.netty.request.NettyRequestSender - Using open Channel [id: 0xee7d4684, L:/127.0.0.1:59971 - R:localhost/127.0.0.1:58509] for POST '/session/566657fccef467be2dbfb2d8d7b8db24/elements'
15:39:20.037 [AsyncHttpClient-1-2] DEBUG org.asynchttpclient.netty.handler.HttpHandler - 

Request DefaultHttpRequest(decodeResult: success, version: HTTP/1.1)
POST /session/566657fccef467be2dbfb2d8d7b8db24/elements HTTP/1.1
User-Agent: selenium/4.1.4 (java windows)
Content-Length: 203
Content-Type: application/json; charset=utf-8
host: localhost:58509
accept: */*

Response DefaultHttpResponse(decodeResult: success, version: HTTP/1.1)
HTTP/1.1 200 OK
Content-Type: application/json; charset=utf-8
cache-control: no-cache
content-length: 248

15:39:20.037 [AsyncHttpClient-1-2] DEBUG org.asynchttpclient.netty.channel.ChannelManager - Adding key: http://localhost:58509 for channel [id: 0xee7d4684, L:/127.0.0.1:59971 - R:localhost/127.0.0.1:58509]
15:39:20.039 [Forwarding isElementDisplayed on session 566657fccef467be2dbfb2d8d7b8db24 to remote] DEBUG org.asynchttpclient.netty.request.NettyRequestSender - Using pooled Channel '[id: 0xee7d4684, L:/127.0.0.1:59971 - R:localhost/127.0.0.1:58509]' for 'POST' to 'http://localhost:58509/session/566657fccef467be2dbfb2d8d7b8db24/execute/sync'
15:39:20.039 [Forwarding isElementDisplayed on session 566657fccef467be2dbfb2d8d7b8db24 to remote] DEBUG org.asynchttpclient.netty.request.NettyRequestSender - Using open Channel [id: 0xee7d4684, L:/127.0.0.1:59971 - R:localhost/127.0.0.1:58509] for POST '/session/566657fccef467be2dbfb2d8d7b8db24/execute/sync'
15:39:20.047 [AsyncHttpClient-1-2] DEBUG org.asynchttpclient.netty.handler.HttpHandler - 

Request DefaultHttpRequest(decodeResult: success, version: HTTP/1.1)
POST /session/566657fccef467be2dbfb2d8d7b8db24/execute/sync HTTP/1.1
User-Agent: selenium/4.1.4 (java windows)
Content-Length: 48780
Content-Type: application/json; charset=utf-8
host: localhost:58509
accept: */*

Response DefaultHttpResponse(decodeResult: success, version: HTTP/1.1)
HTTP/1.1 200 OK
Content-Type: application/json; charset=utf-8
cache-control: no-cache
content-length: 15

15:39:20.047 [AsyncHttpClient-1-2] DEBUG org.asynchttpclient.netty.channel.ChannelManager - Adding key: http://localhost:58509 for channel [id: 0xee7d4684, L:/127.0.0.1:59971 - R:localhost/127.0.0.1:58509]
15:39:20.121 [Forwarding findElements on session 566657fccef467be2dbfb2d8d7b8db24 to remote] DEBUG org.asynchttpclient.netty.request.NettyRequestSender - Using pooled Channel '[id: 0xee7d4684, L:/127.0.0.1:59971 - R:localhost/127.0.0.1:58509]' for 'POST' to 'http://localhost:58509/session/566657fccef467be2dbfb2d8d7b8db24/elements'
15:39:20.121 [Forwarding findElements on session 566657fccef467be2dbfb2d8d7b8db24 to remote] DEBUG org.asynchttpclient.netty.request.NettyRequestSender - Using open Channel [id: 0xee7d4684, L:/127.0.0.1:59971 - R:localhost/127.0.0.1:58509] for POST '/session/566657fccef467be2dbfb2d8d7b8db24/elements'
15:39:20.128 [AsyncHttpClient-1-2] DEBUG org.asynchttpclient.netty.handler.HttpHandler - 

Request DefaultHttpRequest(decodeResult: success, version: HTTP/1.1)
POST /session/566657fccef467be2dbfb2d8d7b8db24/elements HTTP/1.1
User-Agent: selenium/4.1.4 (java windows)
Content-Length: 203
Content-Type: application/json; charset=utf-8
host: localhost:58509
accept: */*

Response DefaultHttpResponse(decodeResult: success, version: HTTP/1.1)
HTTP/1.1 200 OK
Content-Type: application/json; charset=utf-8
cache-control: no-cache
content-length: 248

15:39:20.128 [AsyncHttpClient-1-2] DEBUG org.asynchttpclient.netty.channel.ChannelManager - Adding key: http://localhost:58509 for channel [id: 0xee7d4684, L:/127.0.0.1:59971 - R:localhost/127.0.0.1:58509]
15:39:20.131 [Forwarding isElementDisplayed on session 566657fccef467be2dbfb2d8d7b8db24 to remote] DEBUG org.asynchttpclient.netty.request.NettyRequestSender - Using pooled Channel '[id: 0xee7d4684, L:/127.0.0.1:59971 - R:localhost/127.0.0.1:58509]' for 'POST' to 'http://localhost:58509/session/566657fccef467be2dbfb2d8d7b8db24/execute/sync'
15:39:20.132 [Forwarding isElementDisplayed on session 566657fccef467be2dbfb2d8d7b8db24 to remote] DEBUG org.asynchttpclient.netty.request.NettyRequestSender - Using open Channel [id: 0xee7d4684, L:/127.0.0.1:59971 - R:localhost/127.0.0.1:58509] for POST '/session/566657fccef467be2dbfb2d8d7b8db24/execute/sync'
15:39:20.139 [AsyncHttpClient-1-2] DEBUG org.asynchttpclient.netty.handler.HttpHandler - 

Request DefaultHttpRequest(decodeResult: success, version: HTTP/1.1)
POST /session/566657fccef467be2dbfb2d8d7b8db24/execute/sync HTTP/1.1
User-Agent: selenium/4.1.4 (java windows)
Content-Length: 48780
Content-Type: application/json; charset=utf-8
host: localhost:58509
accept: */*

Response DefaultHttpResponse(decodeResult: success, version: HTTP/1.1)
HTTP/1.1 200 OK
Content-Type: application/json; charset=utf-8
cache-control: no-cache
content-length: 15

15:39:20.139 [AsyncHttpClient-1-2] DEBUG org.asynchttpclient.netty.channel.ChannelManager - Adding key: http://localhost:58509 for channel [id: 0xee7d4684, L:/127.0.0.1:59971 - R:localhost/127.0.0.1:58509]
15:39:20.218 [Forwarding findElements on session 566657fccef467be2dbfb2d8d7b8db24 to remote] DEBUG org.asynchttpclient.netty.request.NettyRequestSender - Using pooled Channel '[id: 0xee7d4684, L:/127.0.0.1:59971 - R:localhost/127.0.0.1:58509]' for 'POST' to 'http://localhost:58509/session/566657fccef467be2dbfb2d8d7b8db24/elements'
15:39:20.218 [Forwarding findElements on session 566657fccef467be2dbfb2d8d7b8db24 to remote] DEBUG org.asynchttpclient.netty.request.NettyRequestSender - Using open Channel [id: 0xee7d4684, L:/127.0.0.1:59971 - R:localhost/127.0.0.1:58509] for POST '/session/566657fccef467be2dbfb2d8d7b8db24/elements'
15:39:20.225 [AsyncHttpClient-1-2] DEBUG org.asynchttpclient.netty.handler.HttpHandler - 

Request DefaultHttpRequest(decodeResult: success, version: HTTP/1.1)
POST /session/566657fccef467be2dbfb2d8d7b8db24/elements HTTP/1.1
User-Agent: selenium/4.1.4 (java windows)
Content-Length: 203
Content-Type: application/json; charset=utf-8
host: localhost:58509
accept: */*

Response DefaultHttpResponse(decodeResult: success, version: HTTP/1.1)
HTTP/1.1 200 OK
Content-Type: application/json; charset=utf-8
cache-control: no-cache
content-length: 248

15:39:20.225 [AsyncHttpClient-1-2] DEBUG org.asynchttpclient.netty.channel.ChannelManager - Adding key: http://localhost:58509 for channel [id: 0xee7d4684, L:/127.0.0.1:59971 - R:localhost/127.0.0.1:58509]
15:39:20.228 [Forwarding isElementDisplayed on session 566657fccef467be2dbfb2d8d7b8db24 to remote] DEBUG org.asynchttpclient.netty.request.NettyRequestSender - Using pooled Channel '[id: 0xee7d4684, L:/127.0.0.1:59971 - R:localhost/127.0.0.1:58509]' for 'POST' to 'http://localhost:58509/session/566657fccef467be2dbfb2d8d7b8db24/execute/sync'
15:39:20.228 [Forwarding isElementDisplayed on session 566657fccef467be2dbfb2d8d7b8db24 to remote] DEBUG org.asynchttpclient.netty.request.NettyRequestSender - Using open Channel [id: 0xee7d4684, L:/127.0.0.1:59971 - R:localhost/127.0.0.1:58509] for POST '/session/566657fccef467be2dbfb2d8d7b8db24/execute/sync'
15:39:20.235 [AsyncHttpClient-1-2] DEBUG org.asynchttpclient.netty.handler.HttpHandler - 

Request DefaultHttpRequest(decodeResult: success, version: HTTP/1.1)
POST /session/566657fccef467be2dbfb2d8d7b8db24/execute/sync HTTP/1.1
User-Agent: selenium/4.1.4 (java windows)
Content-Length: 48780
Content-Type: application/json; charset=utf-8
host: localhost:58509
accept: */*

Response DefaultHttpResponse(decodeResult: success, version: HTTP/1.1)
HTTP/1.1 200 OK
Content-Type: application/json; charset=utf-8
cache-control: no-cache
content-length: 15

15:39:20.235 [AsyncHttpClient-1-2] DEBUG org.asynchttpclient.netty.channel.ChannelManager - Adding key: http://localhost:58509 for channel [id: 0xee7d4684, L:/127.0.0.1:59971 - R:localhost/127.0.0.1:58509]
15:39:20.312 [Forwarding findElements on session 566657fccef467be2dbfb2d8d7b8db24 to remote] DEBUG org.asynchttpclient.netty.request.NettyRequestSender - Using pooled Channel '[id: 0xee7d4684, L:/127.0.0.1:59971 - R:localhost/127.0.0.1:58509]' for 'POST' to 'http://localhost:58509/session/566657fccef467be2dbfb2d8d7b8db24/elements'
15:39:20.312 [Forwarding findElements on session 566657fccef467be2dbfb2d8d7b8db24 to remote] DEBUG org.asynchttpclient.netty.request.NettyRequestSender - Using open Channel [id: 0xee7d4684, L:/127.0.0.1:59971 - R:localhost/127.0.0.1:58509] for POST '/session/566657fccef467be2dbfb2d8d7b8db24/elements'
15:39:20.318 [AsyncHttpClient-1-2] DEBUG org.asynchttpclient.netty.handler.HttpHandler - 

Request DefaultHttpRequest(decodeResult: success, version: HTTP/1.1)
POST /session/566657fccef467be2dbfb2d8d7b8db24/elements HTTP/1.1
User-Agent: selenium/4.1.4 (java windows)
Content-Length: 203
Content-Type: application/json; charset=utf-8
host: localhost:58509
accept: */*

Response DefaultHttpResponse(decodeResult: success, version: HTTP/1.1)
HTTP/1.1 200 OK
Content-Type: application/json; charset=utf-8
cache-control: no-cache
content-length: 248

15:39:20.318 [AsyncHttpClient-1-2] DEBUG org.asynchttpclient.netty.channel.ChannelManager - Adding key: http://localhost:58509 for channel [id: 0xee7d4684, L:/127.0.0.1:59971 - R:localhost/127.0.0.1:58509]
15:39:20.321 [Forwarding isElementDisplayed on session 566657fccef467be2dbfb2d8d7b8db24 to remote] DEBUG org.asynchttpclient.netty.request.NettyRequestSender - Using pooled Channel '[id: 0xee7d4684, L:/127.0.0.1:59971 - R:localhost/127.0.0.1:58509]' for 'POST' to 'http://localhost:58509/session/566657fccef467be2dbfb2d8d7b8db24/execute/sync'
15:39:20.321 [Forwarding isElementDisplayed on session 566657fccef467be2dbfb2d8d7b8db24 to remote] DEBUG org.asynchttpclient.netty.request.NettyRequestSender - Using open Channel [id: 0xee7d4684, L:/127.0.0.1:59971 - R:localhost/127.0.0.1:58509] for POST '/session/566657fccef467be2dbfb2d8d7b8db24/execute/sync'
15:39:20.328 [AsyncHttpClient-1-2] DEBUG org.asynchttpclient.netty.handler.HttpHandler - 

Request DefaultHttpRequest(decodeResult: success, version: HTTP/1.1)
POST /session/566657fccef467be2dbfb2d8d7b8db24/execute/sync HTTP/1.1
User-Agent: selenium/4.1.4 (java windows)
Content-Length: 48780
Content-Type: application/json; charset=utf-8
host: localhost:58509
accept: */*

Response DefaultHttpResponse(decodeResult: success, version: HTTP/1.1)
HTTP/1.1 200 OK
Content-Type: application/json; charset=utf-8
cache-control: no-cache
content-length: 15

15:39:20.328 [AsyncHttpClient-1-2] DEBUG org.asynchttpclient.netty.channel.ChannelManager - Adding key: http://localhost:58509 for channel [id: 0xee7d4684, L:/127.0.0.1:59971 - R:localhost/127.0.0.1:58509]
15:39:20.405 [Forwarding findElements on session 566657fccef467be2dbfb2d8d7b8db24 to remote] DEBUG org.asynchttpclient.netty.request.NettyRequestSender - Using pooled Channel '[id: 0xee7d4684, L:/127.0.0.1:59971 - R:localhost/127.0.0.1:58509]' for 'POST' to 'http://localhost:58509/session/566657fccef467be2dbfb2d8d7b8db24/elements'
15:39:20.405 [Forwarding findElements on session 566657fccef467be2dbfb2d8d7b8db24 to remote] DEBUG org.asynchttpclient.netty.request.NettyRequestSender - Using open Channel [id: 0xee7d4684, L:/127.0.0.1:59971 - R:localhost/127.0.0.1:58509] for POST '/session/566657fccef467be2dbfb2d8d7b8db24/elements'
15:39:20.412 [AsyncHttpClient-1-2] DEBUG org.asynchttpclient.netty.handler.HttpHandler - 

Request DefaultHttpRequest(decodeResult: success, version: HTTP/1.1)
POST /session/566657fccef467be2dbfb2d8d7b8db24/elements HTTP/1.1
User-Agent: selenium/4.1.4 (java windows)
Content-Length: 203
Content-Type: application/json; charset=utf-8
host: localhost:58509
accept: */*

Response DefaultHttpResponse(decodeResult: success, version: HTTP/1.1)
HTTP/1.1 200 OK
Content-Type: application/json; charset=utf-8
cache-control: no-cache
content-length: 248

15:39:20.412 [AsyncHttpClient-1-2] DEBUG org.asynchttpclient.netty.channel.ChannelManager - Adding key: http://localhost:58509 for channel [id: 0xee7d4684, L:/127.0.0.1:59971 - R:localhost/127.0.0.1:58509]
15:39:20.415 [Forwarding isElementDisplayed on session 566657fccef467be2dbfb2d8d7b8db24 to remote] DEBUG org.asynchttpclient.netty.request.NettyRequestSender - Using pooled Channel '[id: 0xee7d4684, L:/127.0.0.1:59971 - R:localhost/127.0.0.1:58509]' for 'POST' to 'http://localhost:58509/session/566657fccef467be2dbfb2d8d7b8db24/execute/sync'
15:39:20.415 [Forwarding isElementDisplayed on session 566657fccef467be2dbfb2d8d7b8db24 to remote] DEBUG org.asynchttpclient.netty.request.NettyRequestSender - Using open Channel [id: 0xee7d4684, L:/127.0.0.1:59971 - R:localhost/127.0.0.1:58509] for POST '/session/566657fccef467be2dbfb2d8d7b8db24/execute/sync'
15:39:20.422 [AsyncHttpClient-1-2] DEBUG org.asynchttpclient.netty.handler.HttpHandler - 

Request DefaultHttpRequest(decodeResult: success, version: HTTP/1.1)
POST /session/566657fccef467be2dbfb2d8d7b8db24/execute/sync HTTP/1.1
User-Agent: selenium/4.1.4 (java windows)
Content-Length: 48780
Content-Type: application/json; charset=utf-8
host: localhost:58509
accept: */*

Response DefaultHttpResponse(decodeResult: success, version: HTTP/1.1)
HTTP/1.1 200 OK
Content-Type: application/json; charset=utf-8
cache-control: no-cache
content-length: 15

15:39:20.422 [AsyncHttpClient-1-2] DEBUG org.asynchttpclient.netty.channel.ChannelManager - Adding key: http://localhost:58509 for channel [id: 0xee7d4684, L:/127.0.0.1:59971 - R:localhost/127.0.0.1:58509]
15:39:20.506 [Forwarding findElements on session 566657fccef467be2dbfb2d8d7b8db24 to remote] DEBUG org.asynchttpclient.netty.request.NettyRequestSender - Using pooled Channel '[id: 0xee7d4684, L:/127.0.0.1:59971 - R:localhost/127.0.0.1:58509]' for 'POST' to 'http://localhost:58509/session/566657fccef467be2dbfb2d8d7b8db24/elements'
15:39:20.506 [Forwarding findElements on session 566657fccef467be2dbfb2d8d7b8db24 to remote] DEBUG org.asynchttpclient.netty.request.NettyRequestSender - Using open Channel [id: 0xee7d4684, L:/127.0.0.1:59971 - R:localhost/127.0.0.1:58509] for POST '/session/566657fccef467be2dbfb2d8d7b8db24/elements'
15:39:20.513 [AsyncHttpClient-1-2] DEBUG org.asynchttpclient.netty.handler.HttpHandler - 

Request DefaultHttpRequest(decodeResult: success, version: HTTP/1.1)
POST /session/566657fccef467be2dbfb2d8d7b8db24/elements HTTP/1.1
User-Agent: selenium/4.1.4 (java windows)
Content-Length: 203
Content-Type: application/json; charset=utf-8
host: localhost:58509
accept: */*

Response DefaultHttpResponse(decodeResult: success, version: HTTP/1.1)
HTTP/1.1 200 OK
Content-Type: application/json; charset=utf-8
cache-control: no-cache
content-length: 248

15:39:20.513 [AsyncHttpClient-1-2] DEBUG org.asynchttpclient.netty.channel.ChannelManager - Adding key: http://localhost:58509 for channel [id: 0xee7d4684, L:/127.0.0.1:59971 - R:localhost/127.0.0.1:58509]
15:39:20.516 [Forwarding isElementDisplayed on session 566657fccef467be2dbfb2d8d7b8db24 to remote] DEBUG org.asynchttpclient.netty.request.NettyRequestSender - Using pooled Channel '[id: 0xee7d4684, L:/127.0.0.1:59971 - R:localhost/127.0.0.1:58509]' for 'POST' to 'http://localhost:58509/session/566657fccef467be2dbfb2d8d7b8db24/execute/sync'
15:39:20.516 [Forwarding isElementDisplayed on session 566657fccef467be2dbfb2d8d7b8db24 to remote] DEBUG org.asynchttpclient.netty.request.NettyRequestSender - Using open Channel [id: 0xee7d4684, L:/127.0.0.1:59971 - R:localhost/127.0.0.1:58509] for POST '/session/566657fccef467be2dbfb2d8d7b8db24/execute/sync'
15:39:20.524 [AsyncHttpClient-1-2] DEBUG org.asynchttpclient.netty.handler.HttpHandler - 

Request DefaultHttpRequest(decodeResult: success, version: HTTP/1.1)
POST /session/566657fccef467be2dbfb2d8d7b8db24/execute/sync HTTP/1.1
User-Agent: selenium/4.1.4 (java windows)
Content-Length: 48780
Content-Type: application/json; charset=utf-8
host: localhost:58509
accept: */*

Response DefaultHttpResponse(decodeResult: success, version: HTTP/1.1)
HTTP/1.1 200 OK
Content-Type: application/json; charset=utf-8
cache-control: no-cache
content-length: 15

15:39:20.524 [AsyncHttpClient-1-2] DEBUG org.asynchttpclient.netty.channel.ChannelManager - Adding key: http://localhost:58509 for channel [id: 0xee7d4684, L:/127.0.0.1:59971 - R:localhost/127.0.0.1:58509]
15:39:20.611 [Forwarding findElements on session 566657fccef467be2dbfb2d8d7b8db24 to remote] DEBUG org.asynchttpclient.netty.request.NettyRequestSender - Using pooled Channel '[id: 0xee7d4684, L:/127.0.0.1:59971 - R:localhost/127.0.0.1:58509]' for 'POST' to 'http://localhost:58509/session/566657fccef467be2dbfb2d8d7b8db24/elements'
15:39:20.611 [Forwarding findElements on session 566657fccef467be2dbfb2d8d7b8db24 to remote] DEBUG org.asynchttpclient.netty.request.NettyRequestSender - Using open Channel [id: 0xee7d4684, L:/127.0.0.1:59971 - R:localhost/127.0.0.1:58509] for POST '/session/566657fccef467be2dbfb2d8d7b8db24/elements'
15:39:20.618 [AsyncHttpClient-1-2] DEBUG org.asynchttpclient.netty.handler.HttpHandler - 

Request DefaultHttpRequest(decodeResult: success, version: HTTP/1.1)
POST /session/566657fccef467be2dbfb2d8d7b8db24/elements HTTP/1.1
User-Agent: selenium/4.1.4 (java windows)
Content-Length: 203
Content-Type: application/json; charset=utf-8
host: localhost:58509
accept: */*

Response DefaultHttpResponse(decodeResult: success, version: HTTP/1.1)
HTTP/1.1 200 OK
Content-Type: application/json; charset=utf-8
cache-control: no-cache
content-length: 248

15:39:20.618 [AsyncHttpClient-1-2] DEBUG org.asynchttpclient.netty.channel.ChannelManager - Adding key: http://localhost:58509 for channel [id: 0xee7d4684, L:/127.0.0.1:59971 - R:localhost/127.0.0.1:58509]
15:39:20.621 [Forwarding isElementDisplayed on session 566657fccef467be2dbfb2d8d7b8db24 to remote] DEBUG org.asynchttpclient.netty.request.NettyRequestSender - Using pooled Channel '[id: 0xee7d4684, L:/127.0.0.1:59971 - R:localhost/127.0.0.1:58509]' for 'POST' to 'http://localhost:58509/session/566657fccef467be2dbfb2d8d7b8db24/execute/sync'
15:39:20.621 [Forwarding isElementDisplayed on session 566657fccef467be2dbfb2d8d7b8db24 to remote] DEBUG org.asynchttpclient.netty.request.NettyRequestSender - Using open Channel [id: 0xee7d4684, L:/127.0.0.1:59971 - R:localhost/127.0.0.1:58509] for POST '/session/566657fccef467be2dbfb2d8d7b8db24/execute/sync'
15:39:20.628 [AsyncHttpClient-1-2] DEBUG org.asynchttpclient.netty.handler.HttpHandler - 

Request DefaultHttpRequest(decodeResult: success, version: HTTP/1.1)
POST /session/566657fccef467be2dbfb2d8d7b8db24/execute/sync HTTP/1.1
User-Agent: selenium/4.1.4 (java windows)
Content-Length: 48780
Content-Type: application/json; charset=utf-8
host: localhost:58509
accept: */*

Response DefaultHttpResponse(decodeResult: success, version: HTTP/1.1)
HTTP/1.1 200 OK
Content-Type: application/json; charset=utf-8
cache-control: no-cache
content-length: 15

15:39:20.628 [AsyncHttpClient-1-2] DEBUG org.asynchttpclient.netty.channel.ChannelManager - Adding key: http://localhost:58509 for channel [id: 0xee7d4684, L:/127.0.0.1:59971 - R:localhost/127.0.0.1:58509]
15:39:20.712 [Forwarding findElements on session 566657fccef467be2dbfb2d8d7b8db24 to remote] DEBUG org.asynchttpclient.netty.request.NettyRequestSender - Using pooled Channel '[id: 0xee7d4684, L:/127.0.0.1:59971 - R:localhost/127.0.0.1:58509]' for 'POST' to 'http://localhost:58509/session/566657fccef467be2dbfb2d8d7b8db24/elements'
15:39:20.712 [Forwarding findElements on session 566657fccef467be2dbfb2d8d7b8db24 to remote] DEBUG org.asynchttpclient.netty.request.NettyRequestSender - Using open Channel [id: 0xee7d4684, L:/127.0.0.1:59971 - R:localhost/127.0.0.1:58509] for POST '/session/566657fccef467be2dbfb2d8d7b8db24/elements'
15:39:20.719 [AsyncHttpClient-1-2] DEBUG org.asynchttpclient.netty.handler.HttpHandler - 

Request DefaultHttpRequest(decodeResult: success, version: HTTP/1.1)
POST /session/566657fccef467be2dbfb2d8d7b8db24/elements HTTP/1.1
User-Agent: selenium/4.1.4 (java windows)
Content-Length: 203
Content-Type: application/json; charset=utf-8
host: localhost:58509
accept: */*

Response DefaultHttpResponse(decodeResult: success, version: HTTP/1.1)
HTTP/1.1 200 OK
Content-Type: application/json; charset=utf-8
cache-control: no-cache
content-length: 248

15:39:20.719 [AsyncHttpClient-1-2] DEBUG org.asynchttpclient.netty.channel.ChannelManager - Adding key: http://localhost:58509 for channel [id: 0xee7d4684, L:/127.0.0.1:59971 - R:localhost/127.0.0.1:58509]
15:39:20.722 [Forwarding isElementDisplayed on session 566657fccef467be2dbfb2d8d7b8db24 to remote] DEBUG org.asynchttpclient.netty.request.NettyRequestSender - Using pooled Channel '[id: 0xee7d4684, L:/127.0.0.1:59971 - R:localhost/127.0.0.1:58509]' for 'POST' to 'http://localhost:58509/session/566657fccef467be2dbfb2d8d7b8db24/execute/sync'
15:39:20.722 [Forwarding isElementDisplayed on session 566657fccef467be2dbfb2d8d7b8db24 to remote] DEBUG org.asynchttpclient.netty.request.NettyRequestSender - Using open Channel [id: 0xee7d4684, L:/127.0.0.1:59971 - R:localhost/127.0.0.1:58509] for POST '/session/566657fccef467be2dbfb2d8d7b8db24/execute/sync'
15:39:20.729 [AsyncHttpClient-1-2] DEBUG org.asynchttpclient.netty.handler.HttpHandler - 

Request DefaultHttpRequest(decodeResult: success, version: HTTP/1.1)
POST /session/566657fccef467be2dbfb2d8d7b8db24/execute/sync HTTP/1.1
User-Agent: selenium/4.1.4 (java windows)
Content-Length: 48780
Content-Type: application/json; charset=utf-8
host: localhost:58509
accept: */*

Response DefaultHttpResponse(decodeResult: success, version: HTTP/1.1)
HTTP/1.1 200 OK
Content-Type: application/json; charset=utf-8
cache-control: no-cache
content-length: 15

15:39:20.729 [AsyncHttpClient-1-2] DEBUG org.asynchttpclient.netty.channel.ChannelManager - Adding key: http://localhost:58509 for channel [id: 0xee7d4684, L:/127.0.0.1:59971 - R:localhost/127.0.0.1:58509]
15:39:20.813 [Forwarding findElements on session 566657fccef467be2dbfb2d8d7b8db24 to remote] DEBUG org.asynchttpclient.netty.request.NettyRequestSender - Using pooled Channel '[id: 0xee7d4684, L:/127.0.0.1:59971 - R:localhost/127.0.0.1:58509]' for 'POST' to 'http://localhost:58509/session/566657fccef467be2dbfb2d8d7b8db24/elements'
15:39:20.813 [Forwarding findElements on session 566657fccef467be2dbfb2d8d7b8db24 to remote] DEBUG org.asynchttpclient.netty.request.NettyRequestSender - Using open Channel [id: 0xee7d4684, L:/127.0.0.1:59971 - R:localhost/127.0.0.1:58509] for POST '/session/566657fccef467be2dbfb2d8d7b8db24/elements'
15:39:20.818 [AsyncHttpClient-1-2] DEBUG org.asynchttpclient.netty.handler.HttpHandler - 

Request DefaultHttpRequest(decodeResult: success, version: HTTP/1.1)
POST /session/566657fccef467be2dbfb2d8d7b8db24/elements HTTP/1.1
User-Agent: selenium/4.1.4 (java windows)
Content-Length: 203
Content-Type: application/json; charset=utf-8
host: localhost:58509
accept: */*

Response DefaultHttpResponse(decodeResult: success, version: HTTP/1.1)
HTTP/1.1 200 OK
Content-Type: application/json; charset=utf-8
cache-control: no-cache
content-length: 248

15:39:20.819 [AsyncHttpClient-1-2] DEBUG org.asynchttpclient.netty.channel.ChannelManager - Adding key: http://localhost:58509 for channel [id: 0xee7d4684, L:/127.0.0.1:59971 - R:localhost/127.0.0.1:58509]
15:39:20.821 [Forwarding isElementDisplayed on session 566657fccef467be2dbfb2d8d7b8db24 to remote] DEBUG org.asynchttpclient.netty.request.NettyRequestSender - Using pooled Channel '[id: 0xee7d4684, L:/127.0.0.1:59971 - R:localhost/127.0.0.1:58509]' for 'POST' to 'http://localhost:58509/session/566657fccef467be2dbfb2d8d7b8db24/execute/sync'
15:39:20.821 [Forwarding isElementDisplayed on session 566657fccef467be2dbfb2d8d7b8db24 to remote] DEBUG org.asynchttpclient.netty.request.NettyRequestSender - Using open Channel [id: 0xee7d4684, L:/127.0.0.1:59971 - R:localhost/127.0.0.1:58509] for POST '/session/566657fccef467be2dbfb2d8d7b8db24/execute/sync'
15:39:20.829 [AsyncHttpClient-1-2] DEBUG org.asynchttpclient.netty.handler.HttpHandler - 

Request DefaultHttpRequest(decodeResult: success, version: HTTP/1.1)
POST /session/566657fccef467be2dbfb2d8d7b8db24/execute/sync HTTP/1.1
User-Agent: selenium/4.1.4 (java windows)
Content-Length: 48780
Content-Type: application/json; charset=utf-8
host: localhost:58509
accept: */*

Response DefaultHttpResponse(decodeResult: success, version: HTTP/1.1)
HTTP/1.1 200 OK
Content-Type: application/json; charset=utf-8
cache-control: no-cache
content-length: 15

15:39:20.829 [AsyncHttpClient-1-2] DEBUG org.asynchttpclient.netty.channel.ChannelManager - Adding key: http://localhost:58509 for channel [id: 0xee7d4684, L:/127.0.0.1:59971 - R:localhost/127.0.0.1:58509]
15:39:20.917 [Forwarding findElements on session 566657fccef467be2dbfb2d8d7b8db24 to remote] DEBUG org.asynchttpclient.netty.request.NettyRequestSender - Using pooled Channel '[id: 0xee7d4684, L:/127.0.0.1:59971 - R:localhost/127.0.0.1:58509]' for 'POST' to 'http://localhost:58509/session/566657fccef467be2dbfb2d8d7b8db24/elements'
15:39:20.917 [Forwarding findElements on session 566657fccef467be2dbfb2d8d7b8db24 to remote] DEBUG org.asynchttpclient.netty.request.NettyRequestSender - Using open Channel [id: 0xee7d4684, L:/127.0.0.1:59971 - R:localhost/127.0.0.1:58509] for POST '/session/566657fccef467be2dbfb2d8d7b8db24/elements'
15:39:20.924 [AsyncHttpClient-1-2] DEBUG org.asynchttpclient.netty.handler.HttpHandler - 

Request DefaultHttpRequest(decodeResult: success, version: HTTP/1.1)
POST /session/566657fccef467be2dbfb2d8d7b8db24/elements HTTP/1.1
User-Agent: selenium/4.1.4 (java windows)
Content-Length: 203
Content-Type: application/json; charset=utf-8
host: localhost:58509
accept: */*

Response DefaultHttpResponse(decodeResult: success, version: HTTP/1.1)
HTTP/1.1 200 OK
Content-Type: application/json; charset=utf-8
cache-control: no-cache
content-length: 248

15:39:20.924 [AsyncHttpClient-1-2] DEBUG org.asynchttpclient.netty.channel.ChannelManager - Adding key: http://localhost:58509 for channel [id: 0xee7d4684, L:/127.0.0.1:59971 - R:localhost/127.0.0.1:58509]
15:39:20.927 [Forwarding isElementDisplayed on session 566657fccef467be2dbfb2d8d7b8db24 to remote] DEBUG org.asynchttpclient.netty.request.NettyRequestSender - Using pooled Channel '[id: 0xee7d4684, L:/127.0.0.1:59971 - R:localhost/127.0.0.1:58509]' for 'POST' to 'http://localhost:58509/session/566657fccef467be2dbfb2d8d7b8db24/execute/sync'
15:39:20.927 [Forwarding isElementDisplayed on session 566657fccef467be2dbfb2d8d7b8db24 to remote] DEBUG org.asynchttpclient.netty.request.NettyRequestSender - Using open Channel [id: 0xee7d4684, L:/127.0.0.1:59971 - R:localhost/127.0.0.1:58509] for POST '/session/566657fccef467be2dbfb2d8d7b8db24/execute/sync'
15:39:20.934 [AsyncHttpClient-1-2] DEBUG org.asynchttpclient.netty.handler.HttpHandler - 

Request DefaultHttpRequest(decodeResult: success, version: HTTP/1.1)
POST /session/566657fccef467be2dbfb2d8d7b8db24/execute/sync HTTP/1.1
User-Agent: selenium/4.1.4 (java windows)
Content-Length: 48780
Content-Type: application/json; charset=utf-8
host: localhost:58509
accept: */*

Response DefaultHttpResponse(decodeResult: success, version: HTTP/1.1)
HTTP/1.1 200 OK
Content-Type: application/json; charset=utf-8
cache-control: no-cache
content-length: 15

15:39:20.934 [AsyncHttpClient-1-2] DEBUG org.asynchttpclient.netty.channel.ChannelManager - Adding key: http://localhost:58509 for channel [id: 0xee7d4684, L:/127.0.0.1:59971 - R:localhost/127.0.0.1:58509]
15:39:21.022 [Forwarding findElements on session 566657fccef467be2dbfb2d8d7b8db24 to remote] DEBUG org.asynchttpclient.netty.request.NettyRequestSender - Using pooled Channel '[id: 0xee7d4684, L:/127.0.0.1:59971 - R:localhost/127.0.0.1:58509]' for 'POST' to 'http://localhost:58509/session/566657fccef467be2dbfb2d8d7b8db24/elements'
15:39:21.022 [Forwarding findElements on session 566657fccef467be2dbfb2d8d7b8db24 to remote] DEBUG org.asynchttpclient.netty.request.NettyRequestSender - Using open Channel [id: 0xee7d4684, L:/127.0.0.1:59971 - R:localhost/127.0.0.1:58509] for POST '/session/566657fccef467be2dbfb2d8d7b8db24/elements'
15:39:21.029 [AsyncHttpClient-1-2] DEBUG org.asynchttpclient.netty.handler.HttpHandler - 

Request DefaultHttpRequest(decodeResult: success, version: HTTP/1.1)
POST /session/566657fccef467be2dbfb2d8d7b8db24/elements HTTP/1.1
User-Agent: selenium/4.1.4 (java windows)
Content-Length: 203
Content-Type: application/json; charset=utf-8
host: localhost:58509
accept: */*

Response DefaultHttpResponse(decodeResult: success, version: HTTP/1.1)
HTTP/1.1 200 OK
Content-Type: application/json; charset=utf-8
cache-control: no-cache
content-length: 248

15:39:21.029 [AsyncHttpClient-1-2] DEBUG org.asynchttpclient.netty.channel.ChannelManager - Adding key: http://localhost:58509 for channel [id: 0xee7d4684, L:/127.0.0.1:59971 - R:localhost/127.0.0.1:58509]
15:39:21.032 [Forwarding isElementDisplayed on session 566657fccef467be2dbfb2d8d7b8db24 to remote] DEBUG org.asynchttpclient.netty.request.NettyRequestSender - Using pooled Channel '[id: 0xee7d4684, L:/127.0.0.1:59971 - R:localhost/127.0.0.1:58509]' for 'POST' to 'http://localhost:58509/session/566657fccef467be2dbfb2d8d7b8db24/execute/sync'
15:39:21.032 [Forwarding isElementDisplayed on session 566657fccef467be2dbfb2d8d7b8db24 to remote] DEBUG org.asynchttpclient.netty.request.NettyRequestSender - Using open Channel [id: 0xee7d4684, L:/127.0.0.1:59971 - R:localhost/127.0.0.1:58509] for POST '/session/566657fccef467be2dbfb2d8d7b8db24/execute/sync'
15:39:21.039 [AsyncHttpClient-1-2] DEBUG org.asynchttpclient.netty.handler.HttpHandler - 

Request DefaultHttpRequest(decodeResult: success, version: HTTP/1.1)
POST /session/566657fccef467be2dbfb2d8d7b8db24/execute/sync HTTP/1.1
User-Agent: selenium/4.1.4 (java windows)
Content-Length: 48780
Content-Type: application/json; charset=utf-8
host: localhost:58509
accept: */*

Response DefaultHttpResponse(decodeResult: success, version: HTTP/1.1)
HTTP/1.1 200 OK
Content-Type: application/json; charset=utf-8
cache-control: no-cache
content-length: 15

15:39:21.039 [AsyncHttpClient-1-2] DEBUG org.asynchttpclient.netty.channel.ChannelManager - Adding key: http://localhost:58509 for channel [id: 0xee7d4684, L:/127.0.0.1:59971 - R:localhost/127.0.0.1:58509]
15:39:21.130 [Forwarding findElements on session 566657fccef467be2dbfb2d8d7b8db24 to remote] DEBUG org.asynchttpclient.netty.request.NettyRequestSender - Using pooled Channel '[id: 0xee7d4684, L:/127.0.0.1:59971 - R:localhost/127.0.0.1:58509]' for 'POST' to 'http://localhost:58509/session/566657fccef467be2dbfb2d8d7b8db24/elements'
15:39:21.131 [Forwarding findElements on session 566657fccef467be2dbfb2d8d7b8db24 to remote] DEBUG org.asynchttpclient.netty.request.NettyRequestSender - Using open Channel [id: 0xee7d4684, L:/127.0.0.1:59971 - R:localhost/127.0.0.1:58509] for POST '/session/566657fccef467be2dbfb2d8d7b8db24/elements'
15:39:21.137 [AsyncHttpClient-1-2] DEBUG org.asynchttpclient.netty.handler.HttpHandler - 

Request DefaultHttpRequest(decodeResult: success, version: HTTP/1.1)
POST /session/566657fccef467be2dbfb2d8d7b8db24/elements HTTP/1.1
User-Agent: selenium/4.1.4 (java windows)
Content-Length: 203
Content-Type: application/json; charset=utf-8
host: localhost:58509
accept: */*

Response DefaultHttpResponse(decodeResult: success, version: HTTP/1.1)
HTTP/1.1 200 OK
Content-Type: application/json; charset=utf-8
cache-control: no-cache
content-length: 248

15:39:21.137 [AsyncHttpClient-1-2] DEBUG org.asynchttpclient.netty.channel.ChannelManager - Adding key: http://localhost:58509 for channel [id: 0xee7d4684, L:/127.0.0.1:59971 - R:localhost/127.0.0.1:58509]
15:39:21.139 [Forwarding isElementDisplayed on session 566657fccef467be2dbfb2d8d7b8db24 to remote] DEBUG org.asynchttpclient.netty.request.NettyRequestSender - Using pooled Channel '[id: 0xee7d4684, L:/127.0.0.1:59971 - R:localhost/127.0.0.1:58509]' for 'POST' to 'http://localhost:58509/session/566657fccef467be2dbfb2d8d7b8db24/execute/sync'
15:39:21.139 [Forwarding isElementDisplayed on session 566657fccef467be2dbfb2d8d7b8db24 to remote] DEBUG org.asynchttpclient.netty.request.NettyRequestSender - Using open Channel [id: 0xee7d4684, L:/127.0.0.1:59971 - R:localhost/127.0.0.1:58509] for POST '/session/566657fccef467be2dbfb2d8d7b8db24/execute/sync'
15:39:21.148 [AsyncHttpClient-1-2] DEBUG org.asynchttpclient.netty.handler.HttpHandler - 

Request DefaultHttpRequest(decodeResult: success, version: HTTP/1.1)
POST /session/566657fccef467be2dbfb2d8d7b8db24/execute/sync HTTP/1.1
User-Agent: selenium/4.1.4 (java windows)
Content-Length: 48780
Content-Type: application/json; charset=utf-8
host: localhost:58509
accept: */*

Response DefaultHttpResponse(decodeResult: success, version: HTTP/1.1)
HTTP/1.1 200 OK
Content-Type: application/json; charset=utf-8
cache-control: no-cache
content-length: 15

15:39:21.148 [AsyncHttpClient-1-2] DEBUG org.asynchttpclient.netty.channel.ChannelManager - Adding key: http://localhost:58509 for channel [id: 0xee7d4684, L:/127.0.0.1:59971 - R:localhost/127.0.0.1:58509]
15:39:21.230 [Forwarding findElements on session 566657fccef467be2dbfb2d8d7b8db24 to remote] DEBUG org.asynchttpclient.netty.request.NettyRequestSender - Using pooled Channel '[id: 0xee7d4684, L:/127.0.0.1:59971 - R:localhost/127.0.0.1:58509]' for 'POST' to 'http://localhost:58509/session/566657fccef467be2dbfb2d8d7b8db24/elements'
15:39:21.230 [Forwarding findElements on session 566657fccef467be2dbfb2d8d7b8db24 to remote] DEBUG org.asynchttpclient.netty.request.NettyRequestSender - Using open Channel [id: 0xee7d4684, L:/127.0.0.1:59971 - R:localhost/127.0.0.1:58509] for POST '/session/566657fccef467be2dbfb2d8d7b8db24/elements'
15:39:21.237 [AsyncHttpClient-1-2] DEBUG org.asynchttpclient.netty.handler.HttpHandler - 

Request DefaultHttpRequest(decodeResult: success, version: HTTP/1.1)
POST /session/566657fccef467be2dbfb2d8d7b8db24/elements HTTP/1.1
User-Agent: selenium/4.1.4 (java windows)
Content-Length: 203
Content-Type: application/json; charset=utf-8
host: localhost:58509
accept: */*

Response DefaultHttpResponse(decodeResult: success, version: HTTP/1.1)
HTTP/1.1 200 OK
Content-Type: application/json; charset=utf-8
cache-control: no-cache
content-length: 248

15:39:21.237 [AsyncHttpClient-1-2] DEBUG org.asynchttpclient.netty.channel.ChannelManager - Adding key: http://localhost:58509 for channel [id: 0xee7d4684, L:/127.0.0.1:59971 - R:localhost/127.0.0.1:58509]
15:39:21.240 [Forwarding isElementDisplayed on session 566657fccef467be2dbfb2d8d7b8db24 to remote] DEBUG org.asynchttpclient.netty.request.NettyRequestSender - Using pooled Channel '[id: 0xee7d4684, L:/127.0.0.1:59971 - R:localhost/127.0.0.1:58509]' for 'POST' to 'http://localhost:58509/session/566657fccef467be2dbfb2d8d7b8db24/execute/sync'
15:39:21.240 [Forwarding isElementDisplayed on session 566657fccef467be2dbfb2d8d7b8db24 to remote] DEBUG org.asynchttpclient.netty.request.NettyRequestSender - Using open Channel [id: 0xee7d4684, L:/127.0.0.1:59971 - R:localhost/127.0.0.1:58509] for POST '/session/566657fccef467be2dbfb2d8d7b8db24/execute/sync'
15:39:21.246 [AsyncHttpClient-1-2] DEBUG org.asynchttpclient.netty.handler.HttpHandler - 

Request DefaultHttpRequest(decodeResult: success, version: HTTP/1.1)
POST /session/566657fccef467be2dbfb2d8d7b8db24/execute/sync HTTP/1.1
User-Agent: selenium/4.1.4 (java windows)
Content-Length: 48780
Content-Type: application/json; charset=utf-8
host: localhost:58509
accept: */*

Response DefaultHttpResponse(decodeResult: success, version: HTTP/1.1)
HTTP/1.1 200 OK
Content-Type: application/json; charset=utf-8
cache-control: no-cache
content-length: 15

15:39:21.246 [AsyncHttpClient-1-2] DEBUG org.asynchttpclient.netty.channel.ChannelManager - Adding key: http://localhost:58509 for channel [id: 0xee7d4684, L:/127.0.0.1:59971 - R:localhost/127.0.0.1:58509]
15:39:21.339 [Forwarding findElements on session 566657fccef467be2dbfb2d8d7b8db24 to remote] DEBUG org.asynchttpclient.netty.request.NettyRequestSender - Using pooled Channel '[id: 0xee7d4684, L:/127.0.0.1:59971 - R:localhost/127.0.0.1:58509]' for 'POST' to 'http://localhost:58509/session/566657fccef467be2dbfb2d8d7b8db24/elements'
15:39:21.339 [Forwarding findElements on session 566657fccef467be2dbfb2d8d7b8db24 to remote] DEBUG org.asynchttpclient.netty.request.NettyRequestSender - Using open Channel [id: 0xee7d4684, L:/127.0.0.1:59971 - R:localhost/127.0.0.1:58509] for POST '/session/566657fccef467be2dbfb2d8d7b8db24/elements'
15:39:21.345 [AsyncHttpClient-1-2] DEBUG org.asynchttpclient.netty.handler.HttpHandler - 

Request DefaultHttpRequest(decodeResult: success, version: HTTP/1.1)
POST /session/566657fccef467be2dbfb2d8d7b8db24/elements HTTP/1.1
User-Agent: selenium/4.1.4 (java windows)
Content-Length: 203
Content-Type: application/json; charset=utf-8
host: localhost:58509
accept: */*

Response DefaultHttpResponse(decodeResult: success, version: HTTP/1.1)
HTTP/1.1 200 OK
Content-Type: application/json; charset=utf-8
cache-control: no-cache
content-length: 248

15:39:21.345 [AsyncHttpClient-1-2] DEBUG org.asynchttpclient.netty.channel.ChannelManager - Adding key: http://localhost:58509 for channel [id: 0xee7d4684, L:/127.0.0.1:59971 - R:localhost/127.0.0.1:58509]
15:39:21.348 [Forwarding isElementDisplayed on session 566657fccef467be2dbfb2d8d7b8db24 to remote] DEBUG org.asynchttpclient.netty.request.NettyRequestSender - Using pooled Channel '[id: 0xee7d4684, L:/127.0.0.1:59971 - R:localhost/127.0.0.1:58509]' for 'POST' to 'http://localhost:58509/session/566657fccef467be2dbfb2d8d7b8db24/execute/sync'
15:39:21.349 [Forwarding isElementDisplayed on session 566657fccef467be2dbfb2d8d7b8db24 to remote] DEBUG org.asynchttpclient.netty.request.NettyRequestSender - Using open Channel [id: 0xee7d4684, L:/127.0.0.1:59971 - R:localhost/127.0.0.1:58509] for POST '/session/566657fccef467be2dbfb2d8d7b8db24/execute/sync'
15:39:21.356 [AsyncHttpClient-1-2] DEBUG org.asynchttpclient.netty.handler.HttpHandler - 

Request DefaultHttpRequest(decodeResult: success, version: HTTP/1.1)
POST /session/566657fccef467be2dbfb2d8d7b8db24/execute/sync HTTP/1.1
User-Agent: selenium/4.1.4 (java windows)
Content-Length: 48780
Content-Type: application/json; charset=utf-8
host: localhost:58509
accept: */*

Response DefaultHttpResponse(decodeResult: success, version: HTTP/1.1)
HTTP/1.1 200 OK
Content-Type: application/json; charset=utf-8
cache-control: no-cache
content-length: 15

15:39:21.357 [AsyncHttpClient-1-2] DEBUG org.asynchttpclient.netty.channel.ChannelManager - Adding key: http://localhost:58509 for channel [id: 0xee7d4684, L:/127.0.0.1:59971 - R:localhost/127.0.0.1:58509]
15:39:21.424 [AsyncHttpClient-1-1] DEBUG org.asynchttpclient.netty.channel.DefaultChannelPool - Entry count for : http://localhost:58509 : 1
15:39:21.447 [Forwarding findElements on session 566657fccef467be2dbfb2d8d7b8db24 to remote] DEBUG org.asynchttpclient.netty.request.NettyRequestSender - Using pooled Channel '[id: 0xee7d4684, L:/127.0.0.1:59971 - R:localhost/127.0.0.1:58509]' for 'POST' to 'http://localhost:58509/session/566657fccef467be2dbfb2d8d7b8db24/elements'
15:39:21.447 [Forwarding findElements on session 566657fccef467be2dbfb2d8d7b8db24 to remote] DEBUG org.asynchttpclient.netty.request.NettyRequestSender - Using open Channel [id: 0xee7d4684, L:/127.0.0.1:59971 - R:localhost/127.0.0.1:58509] for POST '/session/566657fccef467be2dbfb2d8d7b8db24/elements'
15:39:21.455 [AsyncHttpClient-1-2] DEBUG org.asynchttpclient.netty.handler.HttpHandler - 

Request DefaultHttpRequest(decodeResult: success, version: HTTP/1.1)
POST /session/566657fccef467be2dbfb2d8d7b8db24/elements HTTP/1.1
User-Agent: selenium/4.1.4 (java windows)
Content-Length: 203
Content-Type: application/json; charset=utf-8
host: localhost:58509
accept: */*

Response DefaultHttpResponse(decodeResult: success, version: HTTP/1.1)
HTTP/1.1 200 OK
Content-Type: application/json; charset=utf-8
cache-control: no-cache
content-length: 248

15:39:21.455 [AsyncHttpClient-1-2] DEBUG org.asynchttpclient.netty.channel.ChannelManager - Adding key: http://localhost:58509 for channel [id: 0xee7d4684, L:/127.0.0.1:59971 - R:localhost/127.0.0.1:58509]
15:39:21.459 [Forwarding isElementDisplayed on session 566657fccef467be2dbfb2d8d7b8db24 to remote] DEBUG org.asynchttpclient.netty.request.NettyRequestSender - Using pooled Channel '[id: 0xee7d4684, L:/127.0.0.1:59971 - R:localhost/127.0.0.1:58509]' for 'POST' to 'http://localhost:58509/session/566657fccef467be2dbfb2d8d7b8db24/execute/sync'
15:39:21.459 [Forwarding isElementDisplayed on session 566657fccef467be2dbfb2d8d7b8db24 to remote] DEBUG org.asynchttpclient.netty.request.NettyRequestSender - Using open Channel [id: 0xee7d4684, L:/127.0.0.1:59971 - R:localhost/127.0.0.1:58509] for POST '/session/566657fccef467be2dbfb2d8d7b8db24/execute/sync'
15:39:21.467 [AsyncHttpClient-1-2] DEBUG org.asynchttpclient.netty.handler.HttpHandler - 

Request DefaultHttpRequest(decodeResult: success, version: HTTP/1.1)
POST /session/566657fccef467be2dbfb2d8d7b8db24/execute/sync HTTP/1.1
User-Agent: selenium/4.1.4 (java windows)
Content-Length: 48780
Content-Type: application/json; charset=utf-8
host: localhost:58509
accept: */*

Response DefaultHttpResponse(decodeResult: success, version: HTTP/1.1)
HTTP/1.1 200 OK
Content-Type: application/json; charset=utf-8
cache-control: no-cache
content-length: 15

15:39:21.467 [AsyncHttpClient-1-2] DEBUG org.asynchttpclient.netty.channel.ChannelManager - Adding key: http://localhost:58509 for channel [id: 0xee7d4684, L:/127.0.0.1:59971 - R:localhost/127.0.0.1:58509]
15:39:21.560 [Forwarding findElements on session 566657fccef467be2dbfb2d8d7b8db24 to remote] DEBUG org.asynchttpclient.netty.request.NettyRequestSender - Using pooled Channel '[id: 0xee7d4684, L:/127.0.0.1:59971 - R:localhost/127.0.0.1:58509]' for 'POST' to 'http://localhost:58509/session/566657fccef467be2dbfb2d8d7b8db24/elements'
15:39:21.560 [Forwarding findElements on session 566657fccef467be2dbfb2d8d7b8db24 to remote] DEBUG org.asynchttpclient.netty.request.NettyRequestSender - Using open Channel [id: 0xee7d4684, L:/127.0.0.1:59971 - R:localhost/127.0.0.1:58509] for POST '/session/566657fccef467be2dbfb2d8d7b8db24/elements'
15:39:21.569 [AsyncHttpClient-1-2] DEBUG org.asynchttpclient.netty.handler.HttpHandler - 

Request DefaultHttpRequest(decodeResult: success, version: HTTP/1.1)
POST /session/566657fccef467be2dbfb2d8d7b8db24/elements HTTP/1.1
User-Agent: selenium/4.1.4 (java windows)
Content-Length: 203
Content-Type: application/json; charset=utf-8
host: localhost:58509
accept: */*

Response DefaultHttpResponse(decodeResult: success, version: HTTP/1.1)
HTTP/1.1 200 OK
Content-Type: application/json; charset=utf-8
cache-control: no-cache
content-length: 248

15:39:21.569 [AsyncHttpClient-1-2] DEBUG org.asynchttpclient.netty.channel.ChannelManager - Adding key: http://localhost:58509 for channel [id: 0xee7d4684, L:/127.0.0.1:59971 - R:localhost/127.0.0.1:58509]
15:39:21.573 [Forwarding isElementDisplayed on session 566657fccef467be2dbfb2d8d7b8db24 to remote] DEBUG org.asynchttpclient.netty.request.NettyRequestSender - Using pooled Channel '[id: 0xee7d4684, L:/127.0.0.1:59971 - R:localhost/127.0.0.1:58509]' for 'POST' to 'http://localhost:58509/session/566657fccef467be2dbfb2d8d7b8db24/execute/sync'
15:39:21.573 [Forwarding isElementDisplayed on session 566657fccef467be2dbfb2d8d7b8db24 to remote] DEBUG org.asynchttpclient.netty.request.NettyRequestSender - Using open Channel [id: 0xee7d4684, L:/127.0.0.1:59971 - R:localhost/127.0.0.1:58509] for POST '/session/566657fccef467be2dbfb2d8d7b8db24/execute/sync'
15:39:21.580 [AsyncHttpClient-1-2] DEBUG org.asynchttpclient.netty.handler.HttpHandler - 

Request DefaultHttpRequest(decodeResult: success, version: HTTP/1.1)
POST /session/566657fccef467be2dbfb2d8d7b8db24/execute/sync HTTP/1.1
User-Agent: selenium/4.1.4 (java windows)
Content-Length: 48780
Content-Type: application/json; charset=utf-8
host: localhost:58509
accept: */*

Response DefaultHttpResponse(decodeResult: success, version: HTTP/1.1)
HTTP/1.1 200 OK
Content-Type: application/json; charset=utf-8
cache-control: no-cache
content-length: 15

15:39:21.580 [AsyncHttpClient-1-2] DEBUG org.asynchttpclient.netty.channel.ChannelManager - Adding key: http://localhost:58509 for channel [id: 0xee7d4684, L:/127.0.0.1:59971 - R:localhost/127.0.0.1:58509]
15:39:21.668 [Forwarding findElements on session 566657fccef467be2dbfb2d8d7b8db24 to remote] DEBUG org.asynchttpclient.netty.request.NettyRequestSender - Using pooled Channel '[id: 0xee7d4684, L:/127.0.0.1:59971 - R:localhost/127.0.0.1:58509]' for 'POST' to 'http://localhost:58509/session/566657fccef467be2dbfb2d8d7b8db24/elements'
15:39:21.668 [Forwarding findElements on session 566657fccef467be2dbfb2d8d7b8db24 to remote] DEBUG org.asynchttpclient.netty.request.NettyRequestSender - Using open Channel [id: 0xee7d4684, L:/127.0.0.1:59971 - R:localhost/127.0.0.1:58509] for POST '/session/566657fccef467be2dbfb2d8d7b8db24/elements'
15:39:21.675 [AsyncHttpClient-1-2] DEBUG org.asynchttpclient.netty.handler.HttpHandler - 

Request DefaultHttpRequest(decodeResult: success, version: HTTP/1.1)
POST /session/566657fccef467be2dbfb2d8d7b8db24/elements HTTP/1.1
User-Agent: selenium/4.1.4 (java windows)
Content-Length: 203
Content-Type: application/json; charset=utf-8
host: localhost:58509
accept: */*

Response DefaultHttpResponse(decodeResult: success, version: HTTP/1.1)
HTTP/1.1 200 OK
Content-Type: application/json; charset=utf-8
cache-control: no-cache
content-length: 248

15:39:21.675 [AsyncHttpClient-1-2] DEBUG org.asynchttpclient.netty.channel.ChannelManager - Adding key: http://localhost:58509 for channel [id: 0xee7d4684, L:/127.0.0.1:59971 - R:localhost/127.0.0.1:58509]
15:39:21.679 [Forwarding isElementDisplayed on session 566657fccef467be2dbfb2d8d7b8db24 to remote] DEBUG org.asynchttpclient.netty.request.NettyRequestSender - Using pooled Channel '[id: 0xee7d4684, L:/127.0.0.1:59971 - R:localhost/127.0.0.1:58509]' for 'POST' to 'http://localhost:58509/session/566657fccef467be2dbfb2d8d7b8db24/execute/sync'
15:39:21.679 [Forwarding isElementDisplayed on session 566657fccef467be2dbfb2d8d7b8db24 to remote] DEBUG org.asynchttpclient.netty.request.NettyRequestSender - Using open Channel [id: 0xee7d4684, L:/127.0.0.1:59971 - R:localhost/127.0.0.1:58509] for POST '/session/566657fccef467be2dbfb2d8d7b8db24/execute/sync'
15:39:21.686 [AsyncHttpClient-1-2] DEBUG org.asynchttpclient.netty.handler.HttpHandler - 

Request DefaultHttpRequest(decodeResult: success, version: HTTP/1.1)
POST /session/566657fccef467be2dbfb2d8d7b8db24/execute/sync HTTP/1.1
User-Agent: selenium/4.1.4 (java windows)
Content-Length: 48780
Content-Type: application/json; charset=utf-8
host: localhost:58509
accept: */*

Response DefaultHttpResponse(decodeResult: success, version: HTTP/1.1)
HTTP/1.1 200 OK
Content-Type: application/json; charset=utf-8
cache-control: no-cache
content-length: 15

15:39:21.686 [AsyncHttpClient-1-2] DEBUG org.asynchttpclient.netty.channel.ChannelManager - Adding key: http://localhost:58509 for channel [id: 0xee7d4684, L:/127.0.0.1:59971 - R:localhost/127.0.0.1:58509]
15:39:21.762 [Forwarding findElements on session 566657fccef467be2dbfb2d8d7b8db24 to remote] DEBUG org.asynchttpclient.netty.request.NettyRequestSender - Using pooled Channel '[id: 0xee7d4684, L:/127.0.0.1:59971 - R:localhost/127.0.0.1:58509]' for 'POST' to 'http://localhost:58509/session/566657fccef467be2dbfb2d8d7b8db24/elements'
15:39:21.762 [Forwarding findElements on session 566657fccef467be2dbfb2d8d7b8db24 to remote] DEBUG org.asynchttpclient.netty.request.NettyRequestSender - Using open Channel [id: 0xee7d4684, L:/127.0.0.1:59971 - R:localhost/127.0.0.1:58509] for POST '/session/566657fccef467be2dbfb2d8d7b8db24/elements'
15:39:21.767 [AsyncHttpClient-1-2] DEBUG org.asynchttpclient.netty.handler.HttpHandler - 

Request DefaultHttpRequest(decodeResult: success, version: HTTP/1.1)
POST /session/566657fccef467be2dbfb2d8d7b8db24/elements HTTP/1.1
User-Agent: selenium/4.1.4 (java windows)
Content-Length: 203
Content-Type: application/json; charset=utf-8
host: localhost:58509
accept: */*

Response DefaultHttpResponse(decodeResult: success, version: HTTP/1.1)
HTTP/1.1 200 OK
Content-Type: application/json; charset=utf-8
cache-control: no-cache
content-length: 248

15:39:21.768 [AsyncHttpClient-1-2] DEBUG org.asynchttpclient.netty.channel.ChannelManager - Adding key: http://localhost:58509 for channel [id: 0xee7d4684, L:/127.0.0.1:59971 - R:localhost/127.0.0.1:58509]
15:39:21.771 [Forwarding isElementDisplayed on session 566657fccef467be2dbfb2d8d7b8db24 to remote] DEBUG org.asynchttpclient.netty.request.NettyRequestSender - Using pooled Channel '[id: 0xee7d4684, L:/127.0.0.1:59971 - R:localhost/127.0.0.1:58509]' for 'POST' to 'http://localhost:58509/session/566657fccef467be2dbfb2d8d7b8db24/execute/sync'
15:39:21.771 [Forwarding isElementDisplayed on session 566657fccef467be2dbfb2d8d7b8db24 to remote] DEBUG org.asynchttpclient.netty.request.NettyRequestSender - Using open Channel [id: 0xee7d4684, L:/127.0.0.1:59971 - R:localhost/127.0.0.1:58509] for POST '/session/566657fccef467be2dbfb2d8d7b8db24/execute/sync'
15:39:21.777 [AsyncHttpClient-1-2] DEBUG org.asynchttpclient.netty.handler.HttpHandler - 

Request DefaultHttpRequest(decodeResult: success, version: HTTP/1.1)
POST /session/566657fccef467be2dbfb2d8d7b8db24/execute/sync HTTP/1.1
User-Agent: selenium/4.1.4 (java windows)
Content-Length: 48780
Content-Type: application/json; charset=utf-8
host: localhost:58509
accept: */*

Response DefaultHttpResponse(decodeResult: success, version: HTTP/1.1)
HTTP/1.1 200 OK
Content-Type: application/json; charset=utf-8
cache-control: no-cache
content-length: 15

15:39:21.777 [AsyncHttpClient-1-2] DEBUG org.asynchttpclient.netty.channel.ChannelManager - Adding key: http://localhost:58509 for channel [id: 0xee7d4684, L:/127.0.0.1:59971 - R:localhost/127.0.0.1:58509]
15:39:21.857 [Forwarding findElements on session 566657fccef467be2dbfb2d8d7b8db24 to remote] DEBUG org.asynchttpclient.netty.request.NettyRequestSender - Using pooled Channel '[id: 0xee7d4684, L:/127.0.0.1:59971 - R:localhost/127.0.0.1:58509]' for 'POST' to 'http://localhost:58509/session/566657fccef467be2dbfb2d8d7b8db24/elements'
15:39:21.857 [Forwarding findElements on session 566657fccef467be2dbfb2d8d7b8db24 to remote] DEBUG org.asynchttpclient.netty.request.NettyRequestSender - Using open Channel [id: 0xee7d4684, L:/127.0.0.1:59971 - R:localhost/127.0.0.1:58509] for POST '/session/566657fccef467be2dbfb2d8d7b8db24/elements'
15:39:21.864 [AsyncHttpClient-1-2] DEBUG org.asynchttpclient.netty.handler.HttpHandler - 

Request DefaultHttpRequest(decodeResult: success, version: HTTP/1.1)
POST /session/566657fccef467be2dbfb2d8d7b8db24/elements HTTP/1.1
User-Agent: selenium/4.1.4 (java windows)
Content-Length: 203
Content-Type: application/json; charset=utf-8
host: localhost:58509
accept: */*

Response DefaultHttpResponse(decodeResult: success, version: HTTP/1.1)
HTTP/1.1 200 OK
Content-Type: application/json; charset=utf-8
cache-control: no-cache
content-length: 248

15:39:21.864 [AsyncHttpClient-1-2] DEBUG org.asynchttpclient.netty.channel.ChannelManager - Adding key: http://localhost:58509 for channel [id: 0xee7d4684, L:/127.0.0.1:59971 - R:localhost/127.0.0.1:58509]
15:39:21.867 [Forwarding isElementDisplayed on session 566657fccef467be2dbfb2d8d7b8db24 to remote] DEBUG org.asynchttpclient.netty.request.NettyRequestSender - Using pooled Channel '[id: 0xee7d4684, L:/127.0.0.1:59971 - R:localhost/127.0.0.1:58509]' for 'POST' to 'http://localhost:58509/session/566657fccef467be2dbfb2d8d7b8db24/execute/sync'
15:39:21.867 [Forwarding isElementDisplayed on session 566657fccef467be2dbfb2d8d7b8db24 to remote] DEBUG org.asynchttpclient.netty.request.NettyRequestSender - Using open Channel [id: 0xee7d4684, L:/127.0.0.1:59971 - R:localhost/127.0.0.1:58509] for POST '/session/566657fccef467be2dbfb2d8d7b8db24/execute/sync'
15:39:21.873 [AsyncHttpClient-1-2] DEBUG org.asynchttpclient.netty.handler.HttpHandler - 

Request DefaultHttpRequest(decodeResult: success, version: HTTP/1.1)
POST /session/566657fccef467be2dbfb2d8d7b8db24/execute/sync HTTP/1.1
User-Agent: selenium/4.1.4 (java windows)
Content-Length: 48780
Content-Type: application/json; charset=utf-8
host: localhost:58509
accept: */*

Response DefaultHttpResponse(decodeResult: success, version: HTTP/1.1)
HTTP/1.1 200 OK
Content-Type: application/json; charset=utf-8
cache-control: no-cache
content-length: 15

15:39:21.873 [AsyncHttpClient-1-2] DEBUG org.asynchttpclient.netty.channel.ChannelManager - Adding key: http://localhost:58509 for channel [id: 0xee7d4684, L:/127.0.0.1:59971 - R:localhost/127.0.0.1:58509]
15:39:21.951 [Forwarding findElements on session 566657fccef467be2dbfb2d8d7b8db24 to remote] DEBUG org.asynchttpclient.netty.request.NettyRequestSender - Using pooled Channel '[id: 0xee7d4684, L:/127.0.0.1:59971 - R:localhost/127.0.0.1:58509]' for 'POST' to 'http://localhost:58509/session/566657fccef467be2dbfb2d8d7b8db24/elements'
15:39:21.951 [Forwarding findElements on session 566657fccef467be2dbfb2d8d7b8db24 to remote] DEBUG org.asynchttpclient.netty.request.NettyRequestSender - Using open Channel [id: 0xee7d4684, L:/127.0.0.1:59971 - R:localhost/127.0.0.1:58509] for POST '/session/566657fccef467be2dbfb2d8d7b8db24/elements'
15:39:21.959 [AsyncHttpClient-1-2] DEBUG org.asynchttpclient.netty.handler.HttpHandler - 

Request DefaultHttpRequest(decodeResult: success, version: HTTP/1.1)
POST /session/566657fccef467be2dbfb2d8d7b8db24/elements HTTP/1.1
User-Agent: selenium/4.1.4 (java windows)
Content-Length: 203
Content-Type: application/json; charset=utf-8
host: localhost:58509
accept: */*

Response DefaultHttpResponse(decodeResult: success, version: HTTP/1.1)
HTTP/1.1 200 OK
Content-Type: application/json; charset=utf-8
cache-control: no-cache
content-length: 248

15:39:21.959 [AsyncHttpClient-1-2] DEBUG org.asynchttpclient.netty.channel.ChannelManager - Adding key: http://localhost:58509 for channel [id: 0xee7d4684, L:/127.0.0.1:59971 - R:localhost/127.0.0.1:58509]
15:39:21.962 [Forwarding isElementDisplayed on session 566657fccef467be2dbfb2d8d7b8db24 to remote] DEBUG org.asynchttpclient.netty.request.NettyRequestSender - Using pooled Channel '[id: 0xee7d4684, L:/127.0.0.1:59971 - R:localhost/127.0.0.1:58509]' for 'POST' to 'http://localhost:58509/session/566657fccef467be2dbfb2d8d7b8db24/execute/sync'
15:39:21.962 [Forwarding isElementDisplayed on session 566657fccef467be2dbfb2d8d7b8db24 to remote] DEBUG org.asynchttpclient.netty.request.NettyRequestSender - Using open Channel [id: 0xee7d4684, L:/127.0.0.1:59971 - R:localhost/127.0.0.1:58509] for POST '/session/566657fccef467be2dbfb2d8d7b8db24/execute/sync'
15:39:21.968 [AsyncHttpClient-1-2] DEBUG org.asynchttpclient.netty.handler.HttpHandler - 

Request DefaultHttpRequest(decodeResult: success, version: HTTP/1.1)
POST /session/566657fccef467be2dbfb2d8d7b8db24/execute/sync HTTP/1.1
User-Agent: selenium/4.1.4 (java windows)
Content-Length: 48780
Content-Type: application/json; charset=utf-8
host: localhost:58509
accept: */*

Response DefaultHttpResponse(decodeResult: success, version: HTTP/1.1)
HTTP/1.1 200 OK
Content-Type: application/json; charset=utf-8
cache-control: no-cache
content-length: 15

15:39:21.968 [AsyncHttpClient-1-2] DEBUG org.asynchttpclient.netty.channel.ChannelManager - Adding key: http://localhost:58509 for channel [id: 0xee7d4684, L:/127.0.0.1:59971 - R:localhost/127.0.0.1:58509]
15:39:22.063 [Forwarding findElements on session 566657fccef467be2dbfb2d8d7b8db24 to remote] DEBUG org.asynchttpclient.netty.request.NettyRequestSender - Using pooled Channel '[id: 0xee7d4684, L:/127.0.0.1:59971 - R:localhost/127.0.0.1:58509]' for 'POST' to 'http://localhost:58509/session/566657fccef467be2dbfb2d8d7b8db24/elements'
15:39:22.063 [Forwarding findElements on session 566657fccef467be2dbfb2d8d7b8db24 to remote] DEBUG org.asynchttpclient.netty.request.NettyRequestSender - Using open Channel [id: 0xee7d4684, L:/127.0.0.1:59971 - R:localhost/127.0.0.1:58509] for POST '/session/566657fccef467be2dbfb2d8d7b8db24/elements'
15:39:22.070 [AsyncHttpClient-1-2] DEBUG org.asynchttpclient.netty.handler.HttpHandler - 

Request DefaultHttpRequest(decodeResult: success, version: HTTP/1.1)
POST /session/566657fccef467be2dbfb2d8d7b8db24/elements HTTP/1.1
User-Agent: selenium/4.1.4 (java windows)
Content-Length: 203
Content-Type: application/json; charset=utf-8
host: localhost:58509
accept: */*

Response DefaultHttpResponse(decodeResult: success, version: HTTP/1.1)
HTTP/1.1 200 OK
Content-Type: application/json; charset=utf-8
cache-control: no-cache
content-length: 248

15:39:22.070 [AsyncHttpClient-1-2] DEBUG org.asynchttpclient.netty.channel.ChannelManager - Adding key: http://localhost:58509 for channel [id: 0xee7d4684, L:/127.0.0.1:59971 - R:localhost/127.0.0.1:58509]
15:39:22.073 [Forwarding isElementDisplayed on session 566657fccef467be2dbfb2d8d7b8db24 to remote] DEBUG org.asynchttpclient.netty.request.NettyRequestSender - Using pooled Channel '[id: 0xee7d4684, L:/127.0.0.1:59971 - R:localhost/127.0.0.1:58509]' for 'POST' to 'http://localhost:58509/session/566657fccef467be2dbfb2d8d7b8db24/execute/sync'
15:39:22.073 [Forwarding isElementDisplayed on session 566657fccef467be2dbfb2d8d7b8db24 to remote] DEBUG org.asynchttpclient.netty.request.NettyRequestSender - Using open Channel [id: 0xee7d4684, L:/127.0.0.1:59971 - R:localhost/127.0.0.1:58509] for POST '/session/566657fccef467be2dbfb2d8d7b8db24/execute/sync'
15:39:22.080 [AsyncHttpClient-1-2] DEBUG org.asynchttpclient.netty.handler.HttpHandler - 

Request DefaultHttpRequest(decodeResult: success, version: HTTP/1.1)
POST /session/566657fccef467be2dbfb2d8d7b8db24/execute/sync HTTP/1.1
User-Agent: selenium/4.1.4 (java windows)
Content-Length: 48780
Content-Type: application/json; charset=utf-8
host: localhost:58509
accept: */*

Response DefaultHttpResponse(decodeResult: success, version: HTTP/1.1)
HTTP/1.1 200 OK
Content-Type: application/json; charset=utf-8
cache-control: no-cache
content-length: 15

15:39:22.080 [AsyncHttpClient-1-2] DEBUG org.asynchttpclient.netty.channel.ChannelManager - Adding key: http://localhost:58509 for channel [id: 0xee7d4684, L:/127.0.0.1:59971 - R:localhost/127.0.0.1:58509]
15:39:22.168 [Forwarding findElements on session 566657fccef467be2dbfb2d8d7b8db24 to remote] DEBUG org.asynchttpclient.netty.request.NettyRequestSender - Using pooled Channel '[id: 0xee7d4684, L:/127.0.0.1:59971 - R:localhost/127.0.0.1:58509]' for 'POST' to 'http://localhost:58509/session/566657fccef467be2dbfb2d8d7b8db24/elements'
15:39:22.168 [Forwarding findElements on session 566657fccef467be2dbfb2d8d7b8db24 to remote] DEBUG org.asynchttpclient.netty.request.NettyRequestSender - Using open Channel [id: 0xee7d4684, L:/127.0.0.1:59971 - R:localhost/127.0.0.1:58509] for POST '/session/566657fccef467be2dbfb2d8d7b8db24/elements'
15:39:22.175 [AsyncHttpClient-1-2] DEBUG org.asynchttpclient.netty.handler.HttpHandler - 

Request DefaultHttpRequest(decodeResult: success, version: HTTP/1.1)
POST /session/566657fccef467be2dbfb2d8d7b8db24/elements HTTP/1.1
User-Agent: selenium/4.1.4 (java windows)
Content-Length: 203
Content-Type: application/json; charset=utf-8
host: localhost:58509
accept: */*

Response DefaultHttpResponse(decodeResult: success, version: HTTP/1.1)
HTTP/1.1 200 OK
Content-Type: application/json; charset=utf-8
cache-control: no-cache
content-length: 248

15:39:22.175 [AsyncHttpClient-1-2] DEBUG org.asynchttpclient.netty.channel.ChannelManager - Adding key: http://localhost:58509 for channel [id: 0xee7d4684, L:/127.0.0.1:59971 - R:localhost/127.0.0.1:58509]
15:39:22.178 [Forwarding isElementDisplayed on session 566657fccef467be2dbfb2d8d7b8db24 to remote] DEBUG org.asynchttpclient.netty.request.NettyRequestSender - Using pooled Channel '[id: 0xee7d4684, L:/127.0.0.1:59971 - R:localhost/127.0.0.1:58509]' for 'POST' to 'http://localhost:58509/session/566657fccef467be2dbfb2d8d7b8db24/execute/sync'
15:39:22.178 [Forwarding isElementDisplayed on session 566657fccef467be2dbfb2d8d7b8db24 to remote] DEBUG org.asynchttpclient.netty.request.NettyRequestSender - Using open Channel [id: 0xee7d4684, L:/127.0.0.1:59971 - R:localhost/127.0.0.1:58509] for POST '/session/566657fccef467be2dbfb2d8d7b8db24/execute/sync'
15:39:22.185 [AsyncHttpClient-1-2] DEBUG org.asynchttpclient.netty.handler.HttpHandler - 

Request DefaultHttpRequest(decodeResult: success, version: HTTP/1.1)
POST /session/566657fccef467be2dbfb2d8d7b8db24/execute/sync HTTP/1.1
User-Agent: selenium/4.1.4 (java windows)
Content-Length: 48780
Content-Type: application/json; charset=utf-8
host: localhost:58509
accept: */*

Response DefaultHttpResponse(decodeResult: success, version: HTTP/1.1)
HTTP/1.1 200 OK
Content-Type: application/json; charset=utf-8
cache-control: no-cache
content-length: 15

15:39:22.185 [AsyncHttpClient-1-2] DEBUG org.asynchttpclient.netty.channel.ChannelManager - Adding key: http://localhost:58509 for channel [id: 0xee7d4684, L:/127.0.0.1:59971 - R:localhost/127.0.0.1:58509]
15:39:22.265 [Forwarding findElements on session 566657fccef467be2dbfb2d8d7b8db24 to remote] DEBUG org.asynchttpclient.netty.request.NettyRequestSender - Using pooled Channel '[id: 0xee7d4684, L:/127.0.0.1:59971 - R:localhost/127.0.0.1:58509]' for 'POST' to 'http://localhost:58509/session/566657fccef467be2dbfb2d8d7b8db24/elements'
15:39:22.266 [Forwarding findElements on session 566657fccef467be2dbfb2d8d7b8db24 to remote] DEBUG org.asynchttpclient.netty.request.NettyRequestSender - Using open Channel [id: 0xee7d4684, L:/127.0.0.1:59971 - R:localhost/127.0.0.1:58509] for POST '/session/566657fccef467be2dbfb2d8d7b8db24/elements'
15:39:22.272 [AsyncHttpClient-1-2] DEBUG org.asynchttpclient.netty.handler.HttpHandler - 

Request DefaultHttpRequest(decodeResult: success, version: HTTP/1.1)
POST /session/566657fccef467be2dbfb2d8d7b8db24/elements HTTP/1.1
User-Agent: selenium/4.1.4 (java windows)
Content-Length: 203
Content-Type: application/json; charset=utf-8
host: localhost:58509
accept: */*

Response DefaultHttpResponse(decodeResult: success, version: HTTP/1.1)
HTTP/1.1 200 OK
Content-Type: application/json; charset=utf-8
cache-control: no-cache
content-length: 248

15:39:22.272 [AsyncHttpClient-1-2] DEBUG org.asynchttpclient.netty.channel.ChannelManager - Adding key: http://localhost:58509 for channel [id: 0xee7d4684, L:/127.0.0.1:59971 - R:localhost/127.0.0.1:58509]
15:39:22.276 [Forwarding isElementDisplayed on session 566657fccef467be2dbfb2d8d7b8db24 to remote] DEBUG org.asynchttpclient.netty.request.NettyRequestSender - Using pooled Channel '[id: 0xee7d4684, L:/127.0.0.1:59971 - R:localhost/127.0.0.1:58509]' for 'POST' to 'http://localhost:58509/session/566657fccef467be2dbfb2d8d7b8db24/execute/sync'
15:39:22.276 [Forwarding isElementDisplayed on session 566657fccef467be2dbfb2d8d7b8db24 to remote] DEBUG org.asynchttpclient.netty.request.NettyRequestSender - Using open Channel [id: 0xee7d4684, L:/127.0.0.1:59971 - R:localhost/127.0.0.1:58509] for POST '/session/566657fccef467be2dbfb2d8d7b8db24/execute/sync'
15:39:22.282 [AsyncHttpClient-1-2] DEBUG org.asynchttpclient.netty.handler.HttpHandler - 

Request DefaultHttpRequest(decodeResult: success, version: HTTP/1.1)
POST /session/566657fccef467be2dbfb2d8d7b8db24/execute/sync HTTP/1.1
User-Agent: selenium/4.1.4 (java windows)
Content-Length: 48780
Content-Type: application/json; charset=utf-8
host: localhost:58509
accept: */*

Response DefaultHttpResponse(decodeResult: success, version: HTTP/1.1)
HTTP/1.1 200 OK
Content-Type: application/json; charset=utf-8
cache-control: no-cache
content-length: 15

15:39:22.282 [AsyncHttpClient-1-2] DEBUG org.asynchttpclient.netty.channel.ChannelManager - Adding key: http://localhost:58509 for channel [id: 0xee7d4684, L:/127.0.0.1:59971 - R:localhost/127.0.0.1:58509]
15:39:22.373 [Forwarding findElements on session 566657fccef467be2dbfb2d8d7b8db24 to remote] DEBUG org.asynchttpclient.netty.request.NettyRequestSender - Using pooled Channel '[id: 0xee7d4684, L:/127.0.0.1:59971 - R:localhost/127.0.0.1:58509]' for 'POST' to 'http://localhost:58509/session/566657fccef467be2dbfb2d8d7b8db24/elements'
15:39:22.373 [Forwarding findElements on session 566657fccef467be2dbfb2d8d7b8db24 to remote] DEBUG org.asynchttpclient.netty.request.NettyRequestSender - Using open Channel [id: 0xee7d4684, L:/127.0.0.1:59971 - R:localhost/127.0.0.1:58509] for POST '/session/566657fccef467be2dbfb2d8d7b8db24/elements'
15:39:22.381 [AsyncHttpClient-1-2] DEBUG org.asynchttpclient.netty.handler.HttpHandler - 

Request DefaultHttpRequest(decodeResult: success, version: HTTP/1.1)
POST /session/566657fccef467be2dbfb2d8d7b8db24/elements HTTP/1.1
User-Agent: selenium/4.1.4 (java windows)
Content-Length: 203
Content-Type: application/json; charset=utf-8
host: localhost:58509
accept: */*

Response DefaultHttpResponse(decodeResult: success, version: HTTP/1.1)
HTTP/1.1 200 OK
Content-Type: application/json; charset=utf-8
cache-control: no-cache
content-length: 248

15:39:22.381 [AsyncHttpClient-1-2] DEBUG org.asynchttpclient.netty.channel.ChannelManager - Adding key: http://localhost:58509 for channel [id: 0xee7d4684, L:/127.0.0.1:59971 - R:localhost/127.0.0.1:58509]
15:39:22.384 [Forwarding isElementDisplayed on session 566657fccef467be2dbfb2d8d7b8db24 to remote] DEBUG org.asynchttpclient.netty.request.NettyRequestSender - Using pooled Channel '[id: 0xee7d4684, L:/127.0.0.1:59971 - R:localhost/127.0.0.1:58509]' for 'POST' to 'http://localhost:58509/session/566657fccef467be2dbfb2d8d7b8db24/execute/sync'
15:39:22.384 [Forwarding isElementDisplayed on session 566657fccef467be2dbfb2d8d7b8db24 to remote] DEBUG org.asynchttpclient.netty.request.NettyRequestSender - Using open Channel [id: 0xee7d4684, L:/127.0.0.1:59971 - R:localhost/127.0.0.1:58509] for POST '/session/566657fccef467be2dbfb2d8d7b8db24/execute/sync'
15:39:22.392 [AsyncHttpClient-1-2] DEBUG org.asynchttpclient.netty.handler.HttpHandler - 

Request DefaultHttpRequest(decodeResult: success, version: HTTP/1.1)
POST /session/566657fccef467be2dbfb2d8d7b8db24/execute/sync HTTP/1.1
User-Agent: selenium/4.1.4 (java windows)
Content-Length: 48780
Content-Type: application/json; charset=utf-8
host: localhost:58509
accept: */*

Response DefaultHttpResponse(decodeResult: success, version: HTTP/1.1)
HTTP/1.1 200 OK
Content-Type: application/json; charset=utf-8
cache-control: no-cache
content-length: 15

15:39:22.392 [AsyncHttpClient-1-2] DEBUG org.asynchttpclient.netty.channel.ChannelManager - Adding key: http://localhost:58509 for channel [id: 0xee7d4684, L:/127.0.0.1:59971 - R:localhost/127.0.0.1:58509]
15:39:22.485 [Forwarding findElements on session 566657fccef467be2dbfb2d8d7b8db24 to remote] DEBUG org.asynchttpclient.netty.request.NettyRequestSender - Using pooled Channel '[id: 0xee7d4684, L:/127.0.0.1:59971 - R:localhost/127.0.0.1:58509]' for 'POST' to 'http://localhost:58509/session/566657fccef467be2dbfb2d8d7b8db24/elements'
15:39:22.485 [Forwarding findElements on session 566657fccef467be2dbfb2d8d7b8db24 to remote] DEBUG org.asynchttpclient.netty.request.NettyRequestSender - Using open Channel [id: 0xee7d4684, L:/127.0.0.1:59971 - R:localhost/127.0.0.1:58509] for POST '/session/566657fccef467be2dbfb2d8d7b8db24/elements'
15:39:22.493 [AsyncHttpClient-1-2] DEBUG org.asynchttpclient.netty.handler.HttpHandler - 

Request DefaultHttpRequest(decodeResult: success, version: HTTP/1.1)
POST /session/566657fccef467be2dbfb2d8d7b8db24/elements HTTP/1.1
User-Agent: selenium/4.1.4 (java windows)
Content-Length: 203
Content-Type: application/json; charset=utf-8
host: localhost:58509
accept: */*

Response DefaultHttpResponse(decodeResult: success, version: HTTP/1.1)
HTTP/1.1 200 OK
Content-Type: application/json; charset=utf-8
cache-control: no-cache
content-length: 248

15:39:22.493 [AsyncHttpClient-1-2] DEBUG org.asynchttpclient.netty.channel.ChannelManager - Adding key: http://localhost:58509 for channel [id: 0xee7d4684, L:/127.0.0.1:59971 - R:localhost/127.0.0.1:58509]
15:39:22.496 [Forwarding isElementDisplayed on session 566657fccef467be2dbfb2d8d7b8db24 to remote] DEBUG org.asynchttpclient.netty.request.NettyRequestSender - Using pooled Channel '[id: 0xee7d4684, L:/127.0.0.1:59971 - R:localhost/127.0.0.1:58509]' for 'POST' to 'http://localhost:58509/session/566657fccef467be2dbfb2d8d7b8db24/execute/sync'
15:39:22.496 [Forwarding isElementDisplayed on session 566657fccef467be2dbfb2d8d7b8db24 to remote] DEBUG org.asynchttpclient.netty.request.NettyRequestSender - Using open Channel [id: 0xee7d4684, L:/127.0.0.1:59971 - R:localhost/127.0.0.1:58509] for POST '/session/566657fccef467be2dbfb2d8d7b8db24/execute/sync'
15:39:22.504 [AsyncHttpClient-1-2] DEBUG org.asynchttpclient.netty.handler.HttpHandler - 

Request DefaultHttpRequest(decodeResult: success, version: HTTP/1.1)
POST /session/566657fccef467be2dbfb2d8d7b8db24/execute/sync HTTP/1.1
User-Agent: selenium/4.1.4 (java windows)
Content-Length: 48780
Content-Type: application/json; charset=utf-8
host: localhost:58509
accept: */*

Response DefaultHttpResponse(decodeResult: success, version: HTTP/1.1)
HTTP/1.1 200 OK
Content-Type: application/json; charset=utf-8
cache-control: no-cache
content-length: 15

15:39:22.504 [AsyncHttpClient-1-2] DEBUG org.asynchttpclient.netty.channel.ChannelManager - Adding key: http://localhost:58509 for channel [id: 0xee7d4684, L:/127.0.0.1:59971 - R:localhost/127.0.0.1:58509]
15:39:22.525 [AsyncHttpClient-1-1] DEBUG org.asynchttpclient.netty.channel.DefaultChannelPool - Entry count for : http://localhost:58509 : 1
15:39:22.588 [Forwarding findElements on session 566657fccef467be2dbfb2d8d7b8db24 to remote] DEBUG org.asynchttpclient.netty.request.NettyRequestSender - Using pooled Channel '[id: 0xee7d4684, L:/127.0.0.1:59971 - R:localhost/127.0.0.1:58509]' for 'POST' to 'http://localhost:58509/session/566657fccef467be2dbfb2d8d7b8db24/elements'
15:39:22.588 [Forwarding findElements on session 566657fccef467be2dbfb2d8d7b8db24 to remote] DEBUG org.asynchttpclient.netty.request.NettyRequestSender - Using open Channel [id: 0xee7d4684, L:/127.0.0.1:59971 - R:localhost/127.0.0.1:58509] for POST '/session/566657fccef467be2dbfb2d8d7b8db24/elements'
15:39:22.595 [AsyncHttpClient-1-2] DEBUG org.asynchttpclient.netty.handler.HttpHandler - 

Request DefaultHttpRequest(decodeResult: success, version: HTTP/1.1)
POST /session/566657fccef467be2dbfb2d8d7b8db24/elements HTTP/1.1
User-Agent: selenium/4.1.4 (java windows)
Content-Length: 203
Content-Type: application/json; charset=utf-8
host: localhost:58509
accept: */*

Response DefaultHttpResponse(decodeResult: success, version: HTTP/1.1)
HTTP/1.1 200 OK
Content-Type: application/json; charset=utf-8
cache-control: no-cache
content-length: 248

15:39:22.595 [AsyncHttpClient-1-2] DEBUG org.asynchttpclient.netty.channel.ChannelManager - Adding key: http://localhost:58509 for channel [id: 0xee7d4684, L:/127.0.0.1:59971 - R:localhost/127.0.0.1:58509]
15:39:22.599 [Forwarding isElementDisplayed on session 566657fccef467be2dbfb2d8d7b8db24 to remote] DEBUG org.asynchttpclient.netty.request.NettyRequestSender - Using pooled Channel '[id: 0xee7d4684, L:/127.0.0.1:59971 - R:localhost/127.0.0.1:58509]' for 'POST' to 'http://localhost:58509/session/566657fccef467be2dbfb2d8d7b8db24/execute/sync'
15:39:22.599 [Forwarding isElementDisplayed on session 566657fccef467be2dbfb2d8d7b8db24 to remote] DEBUG org.asynchttpclient.netty.request.NettyRequestSender - Using open Channel [id: 0xee7d4684, L:/127.0.0.1:59971 - R:localhost/127.0.0.1:58509] for POST '/session/566657fccef467be2dbfb2d8d7b8db24/execute/sync'
15:39:22.606 [AsyncHttpClient-1-2] DEBUG org.asynchttpclient.netty.handler.HttpHandler - 

Request DefaultHttpRequest(decodeResult: success, version: HTTP/1.1)
POST /session/566657fccef467be2dbfb2d8d7b8db24/execute/sync HTTP/1.1
User-Agent: selenium/4.1.4 (java windows)
Content-Length: 48780
Content-Type: application/json; charset=utf-8
host: localhost:58509
accept: */*

Response DefaultHttpResponse(decodeResult: success, version: HTTP/1.1)
HTTP/1.1 200 OK
Content-Type: application/json; charset=utf-8
cache-control: no-cache
content-length: 15

15:39:22.606 [AsyncHttpClient-1-2] DEBUG org.asynchttpclient.netty.channel.ChannelManager - Adding key: http://localhost:58509 for channel [id: 0xee7d4684, L:/127.0.0.1:59971 - R:localhost/127.0.0.1:58509]
15:39:22.681 [Forwarding findElements on session 566657fccef467be2dbfb2d8d7b8db24 to remote] DEBUG org.asynchttpclient.netty.request.NettyRequestSender - Using pooled Channel '[id: 0xee7d4684, L:/127.0.0.1:59971 - R:localhost/127.0.0.1:58509]' for 'POST' to 'http://localhost:58509/session/566657fccef467be2dbfb2d8d7b8db24/elements'
15:39:22.681 [Forwarding findElements on session 566657fccef467be2dbfb2d8d7b8db24 to remote] DEBUG org.asynchttpclient.netty.request.NettyRequestSender - Using open Channel [id: 0xee7d4684, L:/127.0.0.1:59971 - R:localhost/127.0.0.1:58509] for POST '/session/566657fccef467be2dbfb2d8d7b8db24/elements'
15:39:22.687 [AsyncHttpClient-1-2] DEBUG org.asynchttpclient.netty.handler.HttpHandler - 

Request DefaultHttpRequest(decodeResult: success, version: HTTP/1.1)
POST /session/566657fccef467be2dbfb2d8d7b8db24/elements HTTP/1.1
User-Agent: selenium/4.1.4 (java windows)
Content-Length: 203
Content-Type: application/json; charset=utf-8
host: localhost:58509
accept: */*

Response DefaultHttpResponse(decodeResult: success, version: HTTP/1.1)
HTTP/1.1 200 OK
Content-Type: application/json; charset=utf-8
cache-control: no-cache
content-length: 248

15:39:22.687 [AsyncHttpClient-1-2] DEBUG org.asynchttpclient.netty.channel.ChannelManager - Adding key: http://localhost:58509 for channel [id: 0xee7d4684, L:/127.0.0.1:59971 - R:localhost/127.0.0.1:58509]
15:39:22.690 [Forwarding isElementDisplayed on session 566657fccef467be2dbfb2d8d7b8db24 to remote] DEBUG org.asynchttpclient.netty.request.NettyRequestSender - Using pooled Channel '[id: 0xee7d4684, L:/127.0.0.1:59971 - R:localhost/127.0.0.1:58509]' for 'POST' to 'http://localhost:58509/session/566657fccef467be2dbfb2d8d7b8db24/execute/sync'
15:39:22.691 [Forwarding isElementDisplayed on session 566657fccef467be2dbfb2d8d7b8db24 to remote] DEBUG org.asynchttpclient.netty.request.NettyRequestSender - Using open Channel [id: 0xee7d4684, L:/127.0.0.1:59971 - R:localhost/127.0.0.1:58509] for POST '/session/566657fccef467be2dbfb2d8d7b8db24/execute/sync'
15:39:22.698 [AsyncHttpClient-1-2] DEBUG org.asynchttpclient.netty.handler.HttpHandler - 

Request DefaultHttpRequest(decodeResult: success, version: HTTP/1.1)
POST /session/566657fccef467be2dbfb2d8d7b8db24/execute/sync HTTP/1.1
User-Agent: selenium/4.1.4 (java windows)
Content-Length: 48780
Content-Type: application/json; charset=utf-8
host: localhost:58509
accept: */*

Response DefaultHttpResponse(decodeResult: success, version: HTTP/1.1)
HTTP/1.1 200 OK
Content-Type: application/json; charset=utf-8
cache-control: no-cache
content-length: 15

15:39:22.698 [AsyncHttpClient-1-2] DEBUG org.asynchttpclient.netty.channel.ChannelManager - Adding key: http://localhost:58509 for channel [id: 0xee7d4684, L:/127.0.0.1:59971 - R:localhost/127.0.0.1:58509]
15:39:22.777 [Forwarding findElements on session 566657fccef467be2dbfb2d8d7b8db24 to remote] DEBUG org.asynchttpclient.netty.request.NettyRequestSender - Using pooled Channel '[id: 0xee7d4684, L:/127.0.0.1:59971 - R:localhost/127.0.0.1:58509]' for 'POST' to 'http://localhost:58509/session/566657fccef467be2dbfb2d8d7b8db24/elements'
15:39:22.777 [Forwarding findElements on session 566657fccef467be2dbfb2d8d7b8db24 to remote] DEBUG org.asynchttpclient.netty.request.NettyRequestSender - Using open Channel [id: 0xee7d4684, L:/127.0.0.1:59971 - R:localhost/127.0.0.1:58509] for POST '/session/566657fccef467be2dbfb2d8d7b8db24/elements'
15:39:22.783 [AsyncHttpClient-1-2] DEBUG org.asynchttpclient.netty.handler.HttpHandler - 

Request DefaultHttpRequest(decodeResult: success, version: HTTP/1.1)
POST /session/566657fccef467be2dbfb2d8d7b8db24/elements HTTP/1.1
User-Agent: selenium/4.1.4 (java windows)
Content-Length: 203
Content-Type: application/json; charset=utf-8
host: localhost:58509
accept: */*

Response DefaultHttpResponse(decodeResult: success, version: HTTP/1.1)
HTTP/1.1 200 OK
Content-Type: application/json; charset=utf-8
cache-control: no-cache
content-length: 248

15:39:22.783 [AsyncHttpClient-1-2] DEBUG org.asynchttpclient.netty.channel.ChannelManager - Adding key: http://localhost:58509 for channel [id: 0xee7d4684, L:/127.0.0.1:59971 - R:localhost/127.0.0.1:58509]
15:39:22.788 [Forwarding isElementDisplayed on session 566657fccef467be2dbfb2d8d7b8db24 to remote] DEBUG org.asynchttpclient.netty.request.NettyRequestSender - Using pooled Channel '[id: 0xee7d4684, L:/127.0.0.1:59971 - R:localhost/127.0.0.1:58509]' for 'POST' to 'http://localhost:58509/session/566657fccef467be2dbfb2d8d7b8db24/execute/sync'
15:39:22.788 [Forwarding isElementDisplayed on session 566657fccef467be2dbfb2d8d7b8db24 to remote] DEBUG org.asynchttpclient.netty.request.NettyRequestSender - Using open Channel [id: 0xee7d4684, L:/127.0.0.1:59971 - R:localhost/127.0.0.1:58509] for POST '/session/566657fccef467be2dbfb2d8d7b8db24/execute/sync'
15:39:22.794 [AsyncHttpClient-1-2] DEBUG org.asynchttpclient.netty.handler.HttpHandler - 

Request DefaultHttpRequest(decodeResult: success, version: HTTP/1.1)
POST /session/566657fccef467be2dbfb2d8d7b8db24/execute/sync HTTP/1.1
User-Agent: selenium/4.1.4 (java windows)
Content-Length: 48780
Content-Type: application/json; charset=utf-8
host: localhost:58509
accept: */*

Response DefaultHttpResponse(decodeResult: success, version: HTTP/1.1)
HTTP/1.1 200 OK
Content-Type: application/json; charset=utf-8
cache-control: no-cache
content-length: 15

15:39:22.795 [AsyncHttpClient-1-2] DEBUG org.asynchttpclient.netty.channel.ChannelManager - Adding key: http://localhost:58509 for channel [id: 0xee7d4684, L:/127.0.0.1:59971 - R:localhost/127.0.0.1:58509]
15:39:22.872 [Forwarding findElements on session 566657fccef467be2dbfb2d8d7b8db24 to remote] DEBUG org.asynchttpclient.netty.request.NettyRequestSender - Using pooled Channel '[id: 0xee7d4684, L:/127.0.0.1:59971 - R:localhost/127.0.0.1:58509]' for 'POST' to 'http://localhost:58509/session/566657fccef467be2dbfb2d8d7b8db24/elements'
15:39:22.873 [Forwarding findElements on session 566657fccef467be2dbfb2d8d7b8db24 to remote] DEBUG org.asynchttpclient.netty.request.NettyRequestSender - Using open Channel [id: 0xee7d4684, L:/127.0.0.1:59971 - R:localhost/127.0.0.1:58509] for POST '/session/566657fccef467be2dbfb2d8d7b8db24/elements'
15:39:22.879 [AsyncHttpClient-1-2] DEBUG org.asynchttpclient.netty.handler.HttpHandler - 

Request DefaultHttpRequest(decodeResult: success, version: HTTP/1.1)
POST /session/566657fccef467be2dbfb2d8d7b8db24/elements HTTP/1.1
User-Agent: selenium/4.1.4 (java windows)
Content-Length: 203
Content-Type: application/json; charset=utf-8
host: localhost:58509
accept: */*

Response DefaultHttpResponse(decodeResult: success, version: HTTP/1.1)
HTTP/1.1 200 OK
Content-Type: application/json; charset=utf-8
cache-control: no-cache
content-length: 248

15:39:22.879 [AsyncHttpClient-1-2] DEBUG org.asynchttpclient.netty.channel.ChannelManager - Adding key: http://localhost:58509 for channel [id: 0xee7d4684, L:/127.0.0.1:59971 - R:localhost/127.0.0.1:58509]
15:39:22.887 [Forwarding isElementDisplayed on session 566657fccef467be2dbfb2d8d7b8db24 to remote] DEBUG org.asynchttpclient.netty.request.NettyRequestSender - Using pooled Channel '[id: 0xee7d4684, L:/127.0.0.1:59971 - R:localhost/127.0.0.1:58509]' for 'POST' to 'http://localhost:58509/session/566657fccef467be2dbfb2d8d7b8db24/execute/sync'
15:39:22.887 [Forwarding isElementDisplayed on session 566657fccef467be2dbfb2d8d7b8db24 to remote] DEBUG org.asynchttpclient.netty.request.NettyRequestSender - Using open Channel [id: 0xee7d4684, L:/127.0.0.1:59971 - R:localhost/127.0.0.1:58509] for POST '/session/566657fccef467be2dbfb2d8d7b8db24/execute/sync'
15:39:22.895 [AsyncHttpClient-1-2] DEBUG org.asynchttpclient.netty.handler.HttpHandler - 

Request DefaultHttpRequest(decodeResult: success, version: HTTP/1.1)
POST /session/566657fccef467be2dbfb2d8d7b8db24/execute/sync HTTP/1.1
User-Agent: selenium/4.1.4 (java windows)
Content-Length: 48780
Content-Type: application/json; charset=utf-8
host: localhost:58509
accept: */*

Response DefaultHttpResponse(decodeResult: success, version: HTTP/1.1)
HTTP/1.1 200 OK
Content-Type: application/json; charset=utf-8
cache-control: no-cache
content-length: 15

15:39:22.895 [AsyncHttpClient-1-2] DEBUG org.asynchttpclient.netty.channel.ChannelManager - Adding key: http://localhost:58509 for channel [id: 0xee7d4684, L:/127.0.0.1:59971 - R:localhost/127.0.0.1:58509]
15:39:22.984 [Forwarding findElements on session 566657fccef467be2dbfb2d8d7b8db24 to remote] DEBUG org.asynchttpclient.netty.request.NettyRequestSender - Using pooled Channel '[id: 0xee7d4684, L:/127.0.0.1:59971 - R:localhost/127.0.0.1:58509]' for 'POST' to 'http://localhost:58509/session/566657fccef467be2dbfb2d8d7b8db24/elements'
15:39:22.984 [Forwarding findElements on session 566657fccef467be2dbfb2d8d7b8db24 to remote] DEBUG org.asynchttpclient.netty.request.NettyRequestSender - Using open Channel [id: 0xee7d4684, L:/127.0.0.1:59971 - R:localhost/127.0.0.1:58509] for POST '/session/566657fccef467be2dbfb2d8d7b8db24/elements'
15:39:22.991 [AsyncHttpClient-1-2] DEBUG org.asynchttpclient.netty.handler.HttpHandler - 

Request DefaultHttpRequest(decodeResult: success, version: HTTP/1.1)
POST /session/566657fccef467be2dbfb2d8d7b8db24/elements HTTP/1.1
User-Agent: selenium/4.1.4 (java windows)
Content-Length: 203
Content-Type: application/json; charset=utf-8
host: localhost:58509
accept: */*

Response DefaultHttpResponse(decodeResult: success, version: HTTP/1.1)
HTTP/1.1 200 OK
Content-Type: application/json; charset=utf-8
cache-control: no-cache
content-length: 248

15:39:22.991 [AsyncHttpClient-1-2] DEBUG org.asynchttpclient.netty.channel.ChannelManager - Adding key: http://localhost:58509 for channel [id: 0xee7d4684, L:/127.0.0.1:59971 - R:localhost/127.0.0.1:58509]
15:39:22.994 [Forwarding isElementDisplayed on session 566657fccef467be2dbfb2d8d7b8db24 to remote] DEBUG org.asynchttpclient.netty.request.NettyRequestSender - Using pooled Channel '[id: 0xee7d4684, L:/127.0.0.1:59971 - R:localhost/127.0.0.1:58509]' for 'POST' to 'http://localhost:58509/session/566657fccef467be2dbfb2d8d7b8db24/execute/sync'
15:39:22.994 [Forwarding isElementDisplayed on session 566657fccef467be2dbfb2d8d7b8db24 to remote] DEBUG org.asynchttpclient.netty.request.NettyRequestSender - Using open Channel [id: 0xee7d4684, L:/127.0.0.1:59971 - R:localhost/127.0.0.1:58509] for POST '/session/566657fccef467be2dbfb2d8d7b8db24/execute/sync'
15:39:23.001 [AsyncHttpClient-1-2] DEBUG org.asynchttpclient.netty.handler.HttpHandler - 

Request DefaultHttpRequest(decodeResult: success, version: HTTP/1.1)
POST /session/566657fccef467be2dbfb2d8d7b8db24/execute/sync HTTP/1.1
User-Agent: selenium/4.1.4 (java windows)
Content-Length: 48780
Content-Type: application/json; charset=utf-8
host: localhost:58509
accept: */*

Response DefaultHttpResponse(decodeResult: success, version: HTTP/1.1)
HTTP/1.1 200 OK
Content-Type: application/json; charset=utf-8
cache-control: no-cache
content-length: 15

15:39:23.001 [AsyncHttpClient-1-2] DEBUG org.asynchttpclient.netty.channel.ChannelManager - Adding key: http://localhost:58509 for channel [id: 0xee7d4684, L:/127.0.0.1:59971 - R:localhost/127.0.0.1:58509]
15:39:23.094 [Forwarding findElements on session 566657fccef467be2dbfb2d8d7b8db24 to remote] DEBUG org.asynchttpclient.netty.request.NettyRequestSender - Using pooled Channel '[id: 0xee7d4684, L:/127.0.0.1:59971 - R:localhost/127.0.0.1:58509]' for 'POST' to 'http://localhost:58509/session/566657fccef467be2dbfb2d8d7b8db24/elements'
15:39:23.094 [Forwarding findElements on session 566657fccef467be2dbfb2d8d7b8db24 to remote] DEBUG org.asynchttpclient.netty.request.NettyRequestSender - Using open Channel [id: 0xee7d4684, L:/127.0.0.1:59971 - R:localhost/127.0.0.1:58509] for POST '/session/566657fccef467be2dbfb2d8d7b8db24/elements'
15:39:23.100 [AsyncHttpClient-1-2] DEBUG org.asynchttpclient.netty.handler.HttpHandler - 

Request DefaultHttpRequest(decodeResult: success, version: HTTP/1.1)
POST /session/566657fccef467be2dbfb2d8d7b8db24/elements HTTP/1.1
User-Agent: selenium/4.1.4 (java windows)
Content-Length: 203
Content-Type: application/json; charset=utf-8
host: localhost:58509
accept: */*

Response DefaultHttpResponse(decodeResult: success, version: HTTP/1.1)
HTTP/1.1 200 OK
Content-Type: application/json; charset=utf-8
cache-control: no-cache
content-length: 248

15:39:23.100 [AsyncHttpClient-1-2] DEBUG org.asynchttpclient.netty.channel.ChannelManager - Adding key: http://localhost:58509 for channel [id: 0xee7d4684, L:/127.0.0.1:59971 - R:localhost/127.0.0.1:58509]
15:39:23.103 [Forwarding isElementDisplayed on session 566657fccef467be2dbfb2d8d7b8db24 to remote] DEBUG org.asynchttpclient.netty.request.NettyRequestSender - Using pooled Channel '[id: 0xee7d4684, L:/127.0.0.1:59971 - R:localhost/127.0.0.1:58509]' for 'POST' to 'http://localhost:58509/session/566657fccef467be2dbfb2d8d7b8db24/execute/sync'
15:39:23.103 [Forwarding isElementDisplayed on session 566657fccef467be2dbfb2d8d7b8db24 to remote] DEBUG org.asynchttpclient.netty.request.NettyRequestSender - Using open Channel [id: 0xee7d4684, L:/127.0.0.1:59971 - R:localhost/127.0.0.1:58509] for POST '/session/566657fccef467be2dbfb2d8d7b8db24/execute/sync'
15:39:23.109 [AsyncHttpClient-1-2] DEBUG org.asynchttpclient.netty.handler.HttpHandler - 

Request DefaultHttpRequest(decodeResult: success, version: HTTP/1.1)
POST /session/566657fccef467be2dbfb2d8d7b8db24/execute/sync HTTP/1.1
User-Agent: selenium/4.1.4 (java windows)
Content-Length: 48780
Content-Type: application/json; charset=utf-8
host: localhost:58509
accept: */*

Response DefaultHttpResponse(decodeResult: success, version: HTTP/1.1)
HTTP/1.1 200 OK
Content-Type: application/json; charset=utf-8
cache-control: no-cache
content-length: 15

15:39:23.110 [AsyncHttpClient-1-2] DEBUG org.asynchttpclient.netty.channel.ChannelManager - Adding key: http://localhost:58509 for channel [id: 0xee7d4684, L:/127.0.0.1:59971 - R:localhost/127.0.0.1:58509]
15:39:23.188 [Forwarding findElements on session 566657fccef467be2dbfb2d8d7b8db24 to remote] DEBUG org.asynchttpclient.netty.request.NettyRequestSender - Using pooled Channel '[id: 0xee7d4684, L:/127.0.0.1:59971 - R:localhost/127.0.0.1:58509]' for 'POST' to 'http://localhost:58509/session/566657fccef467be2dbfb2d8d7b8db24/elements'
15:39:23.188 [Forwarding findElements on session 566657fccef467be2dbfb2d8d7b8db24 to remote] DEBUG org.asynchttpclient.netty.request.NettyRequestSender - Using open Channel [id: 0xee7d4684, L:/127.0.0.1:59971 - R:localhost/127.0.0.1:58509] for POST '/session/566657fccef467be2dbfb2d8d7b8db24/elements'
15:39:23.197 [AsyncHttpClient-1-2] DEBUG org.asynchttpclient.netty.handler.HttpHandler - 

Request DefaultHttpRequest(decodeResult: success, version: HTTP/1.1)
POST /session/566657fccef467be2dbfb2d8d7b8db24/elements HTTP/1.1
User-Agent: selenium/4.1.4 (java windows)
Content-Length: 203
Content-Type: application/json; charset=utf-8
host: localhost:58509
accept: */*

Response DefaultHttpResponse(decodeResult: success, version: HTTP/1.1)
HTTP/1.1 200 OK
Content-Type: application/json; charset=utf-8
cache-control: no-cache
content-length: 248

15:39:23.197 [AsyncHttpClient-1-2] DEBUG org.asynchttpclient.netty.channel.ChannelManager - Adding key: http://localhost:58509 for channel [id: 0xee7d4684, L:/127.0.0.1:59971 - R:localhost/127.0.0.1:58509]
15:39:23.201 [Forwarding isElementDisplayed on session 566657fccef467be2dbfb2d8d7b8db24 to remote] DEBUG org.asynchttpclient.netty.request.NettyRequestSender - Using pooled Channel '[id: 0xee7d4684, L:/127.0.0.1:59971 - R:localhost/127.0.0.1:58509]' for 'POST' to 'http://localhost:58509/session/566657fccef467be2dbfb2d8d7b8db24/execute/sync'
15:39:23.201 [Forwarding isElementDisplayed on session 566657fccef467be2dbfb2d8d7b8db24 to remote] DEBUG org.asynchttpclient.netty.request.NettyRequestSender - Using open Channel [id: 0xee7d4684, L:/127.0.0.1:59971 - R:localhost/127.0.0.1:58509] for POST '/session/566657fccef467be2dbfb2d8d7b8db24/execute/sync'
15:39:23.212 [AsyncHttpClient-1-2] DEBUG org.asynchttpclient.netty.handler.HttpHandler - 

Request DefaultHttpRequest(decodeResult: success, version: HTTP/1.1)
POST /session/566657fccef467be2dbfb2d8d7b8db24/execute/sync HTTP/1.1
User-Agent: selenium/4.1.4 (java windows)
Content-Length: 48780
Content-Type: application/json; charset=utf-8
host: localhost:58509
accept: */*

Response DefaultHttpResponse(decodeResult: success, version: HTTP/1.1)
HTTP/1.1 200 OK
Content-Type: application/json; charset=utf-8
cache-control: no-cache
content-length: 15

15:39:23.212 [AsyncHttpClient-1-2] DEBUG org.asynchttpclient.netty.channel.ChannelManager - Adding key: http://localhost:58509 for channel [id: 0xee7d4684, L:/127.0.0.1:59971 - R:localhost/127.0.0.1:58509]
15:39:23.300 [Forwarding findElements on session 566657fccef467be2dbfb2d8d7b8db24 to remote] DEBUG org.asynchttpclient.netty.request.NettyRequestSender - Using pooled Channel '[id: 0xee7d4684, L:/127.0.0.1:59971 - R:localhost/127.0.0.1:58509]' for 'POST' to 'http://localhost:58509/session/566657fccef467be2dbfb2d8d7b8db24/elements'
15:39:23.300 [Forwarding findElements on session 566657fccef467be2dbfb2d8d7b8db24 to remote] DEBUG org.asynchttpclient.netty.request.NettyRequestSender - Using open Channel [id: 0xee7d4684, L:/127.0.0.1:59971 - R:localhost/127.0.0.1:58509] for POST '/session/566657fccef467be2dbfb2d8d7b8db24/elements'
15:39:23.307 [AsyncHttpClient-1-2] DEBUG org.asynchttpclient.netty.handler.HttpHandler - 

Request DefaultHttpRequest(decodeResult: success, version: HTTP/1.1)
POST /session/566657fccef467be2dbfb2d8d7b8db24/elements HTTP/1.1
User-Agent: selenium/4.1.4 (java windows)
Content-Length: 203
Content-Type: application/json; charset=utf-8
host: localhost:58509
accept: */*

Response DefaultHttpResponse(decodeResult: success, version: HTTP/1.1)
HTTP/1.1 200 OK
Content-Type: application/json; charset=utf-8
cache-control: no-cache
content-length: 248

15:39:23.307 [AsyncHttpClient-1-2] DEBUG org.asynchttpclient.netty.channel.ChannelManager - Adding key: http://localhost:58509 for channel [id: 0xee7d4684, L:/127.0.0.1:59971 - R:localhost/127.0.0.1:58509]
15:39:23.310 [Forwarding isElementDisplayed on session 566657fccef467be2dbfb2d8d7b8db24 to remote] DEBUG org.asynchttpclient.netty.request.NettyRequestSender - Using pooled Channel '[id: 0xee7d4684, L:/127.0.0.1:59971 - R:localhost/127.0.0.1:58509]' for 'POST' to 'http://localhost:58509/session/566657fccef467be2dbfb2d8d7b8db24/execute/sync'
15:39:23.310 [Forwarding isElementDisplayed on session 566657fccef467be2dbfb2d8d7b8db24 to remote] DEBUG org.asynchttpclient.netty.request.NettyRequestSender - Using open Channel [id: 0xee7d4684, L:/127.0.0.1:59971 - R:localhost/127.0.0.1:58509] for POST '/session/566657fccef467be2dbfb2d8d7b8db24/execute/sync'
15:39:23.318 [AsyncHttpClient-1-2] DEBUG org.asynchttpclient.netty.handler.HttpHandler - 

Request DefaultHttpRequest(decodeResult: success, version: HTTP/1.1)
POST /session/566657fccef467be2dbfb2d8d7b8db24/execute/sync HTTP/1.1
User-Agent: selenium/4.1.4 (java windows)
Content-Length: 48780
Content-Type: application/json; charset=utf-8
host: localhost:58509
accept: */*

Response DefaultHttpResponse(decodeResult: success, version: HTTP/1.1)
HTTP/1.1 200 OK
Content-Type: application/json; charset=utf-8
cache-control: no-cache
content-length: 15

15:39:23.319 [AsyncHttpClient-1-2] DEBUG org.asynchttpclient.netty.channel.ChannelManager - Adding key: http://localhost:58509 for channel [id: 0xee7d4684, L:/127.0.0.1:59971 - R:localhost/127.0.0.1:58509]
15:39:23.404 [Forwarding findElements on session 566657fccef467be2dbfb2d8d7b8db24 to remote] DEBUG org.asynchttpclient.netty.request.NettyRequestSender - Using pooled Channel '[id: 0xee7d4684, L:/127.0.0.1:59971 - R:localhost/127.0.0.1:58509]' for 'POST' to 'http://localhost:58509/session/566657fccef467be2dbfb2d8d7b8db24/elements'
15:39:23.405 [Forwarding findElements on session 566657fccef467be2dbfb2d8d7b8db24 to remote] DEBUG org.asynchttpclient.netty.request.NettyRequestSender - Using open Channel [id: 0xee7d4684, L:/127.0.0.1:59971 - R:localhost/127.0.0.1:58509] for POST '/session/566657fccef467be2dbfb2d8d7b8db24/elements'
15:39:23.411 [AsyncHttpClient-1-2] DEBUG org.asynchttpclient.netty.handler.HttpHandler - 

Request DefaultHttpRequest(decodeResult: success, version: HTTP/1.1)
POST /session/566657fccef467be2dbfb2d8d7b8db24/elements HTTP/1.1
User-Agent: selenium/4.1.4 (java windows)
Content-Length: 203
Content-Type: application/json; charset=utf-8
host: localhost:58509
accept: */*

Response DefaultHttpResponse(decodeResult: success, version: HTTP/1.1)
HTTP/1.1 200 OK
Content-Type: application/json; charset=utf-8
cache-control: no-cache
content-length: 248

15:39:23.411 [AsyncHttpClient-1-2] DEBUG org.asynchttpclient.netty.channel.ChannelManager - Adding key: http://localhost:58509 for channel [id: 0xee7d4684, L:/127.0.0.1:59971 - R:localhost/127.0.0.1:58509]
15:39:23.414 [Forwarding isElementDisplayed on session 566657fccef467be2dbfb2d8d7b8db24 to remote] DEBUG org.asynchttpclient.netty.request.NettyRequestSender - Using pooled Channel '[id: 0xee7d4684, L:/127.0.0.1:59971 - R:localhost/127.0.0.1:58509]' for 'POST' to 'http://localhost:58509/session/566657fccef467be2dbfb2d8d7b8db24/execute/sync'
15:39:23.414 [Forwarding isElementDisplayed on session 566657fccef467be2dbfb2d8d7b8db24 to remote] DEBUG org.asynchttpclient.netty.request.NettyRequestSender - Using open Channel [id: 0xee7d4684, L:/127.0.0.1:59971 - R:localhost/127.0.0.1:58509] for POST '/session/566657fccef467be2dbfb2d8d7b8db24/execute/sync'
15:39:23.421 [AsyncHttpClient-1-2] DEBUG org.asynchttpclient.netty.handler.HttpHandler - 

Request DefaultHttpRequest(decodeResult: success, version: HTTP/1.1)
POST /session/566657fccef467be2dbfb2d8d7b8db24/execute/sync HTTP/1.1
User-Agent: selenium/4.1.4 (java windows)
Content-Length: 48780
Content-Type: application/json; charset=utf-8
host: localhost:58509
accept: */*

Response DefaultHttpResponse(decodeResult: success, version: HTTP/1.1)
HTTP/1.1 200 OK
Content-Type: application/json; charset=utf-8
cache-control: no-cache
content-length: 15

15:39:23.421 [AsyncHttpClient-1-2] DEBUG org.asynchttpclient.netty.channel.ChannelManager - Adding key: http://localhost:58509 for channel [id: 0xee7d4684, L:/127.0.0.1:59971 - R:localhost/127.0.0.1:58509]
15:39:23.501 [Forwarding findElements on session 566657fccef467be2dbfb2d8d7b8db24 to remote] DEBUG org.asynchttpclient.netty.request.NettyRequestSender - Using pooled Channel '[id: 0xee7d4684, L:/127.0.0.1:59971 - R:localhost/127.0.0.1:58509]' for 'POST' to 'http://localhost:58509/session/566657fccef467be2dbfb2d8d7b8db24/elements'
15:39:23.501 [Forwarding findElements on session 566657fccef467be2dbfb2d8d7b8db24 to remote] DEBUG org.asynchttpclient.netty.request.NettyRequestSender - Using open Channel [id: 0xee7d4684, L:/127.0.0.1:59971 - R:localhost/127.0.0.1:58509] for POST '/session/566657fccef467be2dbfb2d8d7b8db24/elements'
15:39:23.510 [AsyncHttpClient-1-2] DEBUG org.asynchttpclient.netty.handler.HttpHandler - 

Request DefaultHttpRequest(decodeResult: success, version: HTTP/1.1)
POST /session/566657fccef467be2dbfb2d8d7b8db24/elements HTTP/1.1
User-Agent: selenium/4.1.4 (java windows)
Content-Length: 203
Content-Type: application/json; charset=utf-8
host: localhost:58509
accept: */*

Response DefaultHttpResponse(decodeResult: success, version: HTTP/1.1)
HTTP/1.1 200 OK
Content-Type: application/json; charset=utf-8
cache-control: no-cache
content-length: 248

15:39:23.510 [AsyncHttpClient-1-2] DEBUG org.asynchttpclient.netty.channel.ChannelManager - Adding key: http://localhost:58509 for channel [id: 0xee7d4684, L:/127.0.0.1:59971 - R:localhost/127.0.0.1:58509]
15:39:23.513 [Forwarding isElementDisplayed on session 566657fccef467be2dbfb2d8d7b8db24 to remote] DEBUG org.asynchttpclient.netty.request.NettyRequestSender - Using pooled Channel '[id: 0xee7d4684, L:/127.0.0.1:59971 - R:localhost/127.0.0.1:58509]' for 'POST' to 'http://localhost:58509/session/566657fccef467be2dbfb2d8d7b8db24/execute/sync'
15:39:23.513 [Forwarding isElementDisplayed on session 566657fccef467be2dbfb2d8d7b8db24 to remote] DEBUG org.asynchttpclient.netty.request.NettyRequestSender - Using open Channel [id: 0xee7d4684, L:/127.0.0.1:59971 - R:localhost/127.0.0.1:58509] for POST '/session/566657fccef467be2dbfb2d8d7b8db24/execute/sync'
15:39:23.519 [AsyncHttpClient-1-2] DEBUG org.asynchttpclient.netty.handler.HttpHandler - 

Request DefaultHttpRequest(decodeResult: success, version: HTTP/1.1)
POST /session/566657fccef467be2dbfb2d8d7b8db24/execute/sync HTTP/1.1
User-Agent: selenium/4.1.4 (java windows)
Content-Length: 48780
Content-Type: application/json; charset=utf-8
host: localhost:58509
accept: */*

Response DefaultHttpResponse(decodeResult: success, version: HTTP/1.1)
HTTP/1.1 200 OK
Content-Type: application/json; charset=utf-8
cache-control: no-cache
content-length: 15

15:39:23.519 [AsyncHttpClient-1-2] DEBUG org.asynchttpclient.netty.channel.ChannelManager - Adding key: http://localhost:58509 for channel [id: 0xee7d4684, L:/127.0.0.1:59971 - R:localhost/127.0.0.1:58509]
15:39:23.614 [Forwarding findElements on session 566657fccef467be2dbfb2d8d7b8db24 to remote] DEBUG org.asynchttpclient.netty.request.NettyRequestSender - Using pooled Channel '[id: 0xee7d4684, L:/127.0.0.1:59971 - R:localhost/127.0.0.1:58509]' for 'POST' to 'http://localhost:58509/session/566657fccef467be2dbfb2d8d7b8db24/elements'
15:39:23.614 [Forwarding findElements on session 566657fccef467be2dbfb2d8d7b8db24 to remote] DEBUG org.asynchttpclient.netty.request.NettyRequestSender - Using open Channel [id: 0xee7d4684, L:/127.0.0.1:59971 - R:localhost/127.0.0.1:58509] for POST '/session/566657fccef467be2dbfb2d8d7b8db24/elements'
15:39:23.622 [AsyncHttpClient-1-2] DEBUG org.asynchttpclient.netty.handler.HttpHandler - 

Request DefaultHttpRequest(decodeResult: success, version: HTTP/1.1)
POST /session/566657fccef467be2dbfb2d8d7b8db24/elements HTTP/1.1
User-Agent: selenium/4.1.4 (java windows)
Content-Length: 203
Content-Type: application/json; charset=utf-8
host: localhost:58509
accept: */*

Response DefaultHttpResponse(decodeResult: success, version: HTTP/1.1)
HTTP/1.1 200 OK
Content-Type: application/json; charset=utf-8
cache-control: no-cache
content-length: 248

15:39:23.622 [AsyncHttpClient-1-2] DEBUG org.asynchttpclient.netty.channel.ChannelManager - Adding key: http://localhost:58509 for channel [id: 0xee7d4684, L:/127.0.0.1:59971 - R:localhost/127.0.0.1:58509]
15:39:23.625 [Forwarding isElementDisplayed on session 566657fccef467be2dbfb2d8d7b8db24 to remote] DEBUG org.asynchttpclient.netty.request.NettyRequestSender - Using pooled Channel '[id: 0xee7d4684, L:/127.0.0.1:59971 - R:localhost/127.0.0.1:58509]' for 'POST' to 'http://localhost:58509/session/566657fccef467be2dbfb2d8d7b8db24/execute/sync'
15:39:23.625 [Forwarding isElementDisplayed on session 566657fccef467be2dbfb2d8d7b8db24 to remote] DEBUG org.asynchttpclient.netty.request.NettyRequestSender - Using open Channel [id: 0xee7d4684, L:/127.0.0.1:59971 - R:localhost/127.0.0.1:58509] for POST '/session/566657fccef467be2dbfb2d8d7b8db24/execute/sync'
15:39:23.632 [AsyncHttpClient-1-2] DEBUG org.asynchttpclient.netty.handler.HttpHandler - 

Request DefaultHttpRequest(decodeResult: success, version: HTTP/1.1)
POST /session/566657fccef467be2dbfb2d8d7b8db24/execute/sync HTTP/1.1
User-Agent: selenium/4.1.4 (java windows)
Content-Length: 48780
Content-Type: application/json; charset=utf-8
host: localhost:58509
accept: */*

Response DefaultHttpResponse(decodeResult: success, version: HTTP/1.1)
HTTP/1.1 200 OK
Content-Type: application/json; charset=utf-8
cache-control: no-cache
content-length: 15

15:39:23.632 [AsyncHttpClient-1-2] DEBUG org.asynchttpclient.netty.channel.ChannelManager - Adding key: http://localhost:58509 for channel [id: 0xee7d4684, L:/127.0.0.1:59971 - R:localhost/127.0.0.1:58509]
15:39:23.722 [Forwarding findElements on session 566657fccef467be2dbfb2d8d7b8db24 to remote] DEBUG org.asynchttpclient.netty.request.NettyRequestSender - Using pooled Channel '[id: 0xee7d4684, L:/127.0.0.1:59971 - R:localhost/127.0.0.1:58509]' for 'POST' to 'http://localhost:58509/session/566657fccef467be2dbfb2d8d7b8db24/elements'
15:39:23.722 [Forwarding findElements on session 566657fccef467be2dbfb2d8d7b8db24 to remote] DEBUG org.asynchttpclient.netty.request.NettyRequestSender - Using open Channel [id: 0xee7d4684, L:/127.0.0.1:59971 - R:localhost/127.0.0.1:58509] for POST '/session/566657fccef467be2dbfb2d8d7b8db24/elements'
15:39:23.729 [AsyncHttpClient-1-2] DEBUG org.asynchttpclient.netty.handler.HttpHandler - 

Request DefaultHttpRequest(decodeResult: success, version: HTTP/1.1)
POST /session/566657fccef467be2dbfb2d8d7b8db24/elements HTTP/1.1
User-Agent: selenium/4.1.4 (java windows)
Content-Length: 203
Content-Type: application/json; charset=utf-8
host: localhost:58509
accept: */*

Response DefaultHttpResponse(decodeResult: success, version: HTTP/1.1)
HTTP/1.1 200 OK
Content-Type: application/json; charset=utf-8
cache-control: no-cache
content-length: 248

15:39:23.730 [AsyncHttpClient-1-2] DEBUG org.asynchttpclient.netty.channel.ChannelManager - Adding key: http://localhost:58509 for channel [id: 0xee7d4684, L:/127.0.0.1:59971 - R:localhost/127.0.0.1:58509]
15:39:23.733 [Forwarding isElementDisplayed on session 566657fccef467be2dbfb2d8d7b8db24 to remote] DEBUG org.asynchttpclient.netty.request.NettyRequestSender - Using pooled Channel '[id: 0xee7d4684, L:/127.0.0.1:59971 - R:localhost/127.0.0.1:58509]' for 'POST' to 'http://localhost:58509/session/566657fccef467be2dbfb2d8d7b8db24/execute/sync'
15:39:23.733 [Forwarding isElementDisplayed on session 566657fccef467be2dbfb2d8d7b8db24 to remote] DEBUG org.asynchttpclient.netty.request.NettyRequestSender - Using open Channel [id: 0xee7d4684, L:/127.0.0.1:59971 - R:localhost/127.0.0.1:58509] for POST '/session/566657fccef467be2dbfb2d8d7b8db24/execute/sync'
15:39:23.739 [AsyncHttpClient-1-2] DEBUG org.asynchttpclient.netty.handler.HttpHandler - 

Request DefaultHttpRequest(decodeResult: success, version: HTTP/1.1)
POST /session/566657fccef467be2dbfb2d8d7b8db24/execute/sync HTTP/1.1
User-Agent: selenium/4.1.4 (java windows)
Content-Length: 48780
Content-Type: application/json; charset=utf-8
host: localhost:58509
accept: */*

Response DefaultHttpResponse(decodeResult: success, version: HTTP/1.1)
HTTP/1.1 200 OK
Content-Type: application/json; charset=utf-8
cache-control: no-cache
content-length: 15

15:39:23.739 [AsyncHttpClient-1-2] DEBUG org.asynchttpclient.netty.channel.ChannelManager - Adding key: http://localhost:58509 for channel [id: 0xee7d4684, L:/127.0.0.1:59971 - R:localhost/127.0.0.1:58509]
15:39:23.827 [Forwarding findElements on session 566657fccef467be2dbfb2d8d7b8db24 to remote] DEBUG org.asynchttpclient.netty.request.NettyRequestSender - Using pooled Channel '[id: 0xee7d4684, L:/127.0.0.1:59971 - R:localhost/127.0.0.1:58509]' for 'POST' to 'http://localhost:58509/session/566657fccef467be2dbfb2d8d7b8db24/elements'
15:39:23.827 [Forwarding findElements on session 566657fccef467be2dbfb2d8d7b8db24 to remote] DEBUG org.asynchttpclient.netty.request.NettyRequestSender - Using open Channel [id: 0xee7d4684, L:/127.0.0.1:59971 - R:localhost/127.0.0.1:58509] for POST '/session/566657fccef467be2dbfb2d8d7b8db24/elements'
15:39:23.833 [AsyncHttpClient-1-2] DEBUG org.asynchttpclient.netty.handler.HttpHandler - 

Request DefaultHttpRequest(decodeResult: success, version: HTTP/1.1)
POST /session/566657fccef467be2dbfb2d8d7b8db24/elements HTTP/1.1
User-Agent: selenium/4.1.4 (java windows)
Content-Length: 203
Content-Type: application/json; charset=utf-8
host: localhost:58509
accept: */*

Response DefaultHttpResponse(decodeResult: success, version: HTTP/1.1)
HTTP/1.1 200 OK
Content-Type: application/json; charset=utf-8
cache-control: no-cache
content-length: 248

15:39:23.833 [AsyncHttpClient-1-2] DEBUG org.asynchttpclient.netty.channel.ChannelManager - Adding key: http://localhost:58509 for channel [id: 0xee7d4684, L:/127.0.0.1:59971 - R:localhost/127.0.0.1:58509]
15:39:23.837 [Forwarding isElementDisplayed on session 566657fccef467be2dbfb2d8d7b8db24 to remote] DEBUG org.asynchttpclient.netty.request.NettyRequestSender - Using pooled Channel '[id: 0xee7d4684, L:/127.0.0.1:59971 - R:localhost/127.0.0.1:58509]' for 'POST' to 'http://localhost:58509/session/566657fccef467be2dbfb2d8d7b8db24/execute/sync'
15:39:23.837 [Forwarding isElementDisplayed on session 566657fccef467be2dbfb2d8d7b8db24 to remote] DEBUG org.asynchttpclient.netty.request.NettyRequestSender - Using open Channel [id: 0xee7d4684, L:/127.0.0.1:59971 - R:localhost/127.0.0.1:58509] for POST '/session/566657fccef467be2dbfb2d8d7b8db24/execute/sync'
15:39:23.843 [AsyncHttpClient-1-2] DEBUG org.asynchttpclient.netty.handler.HttpHandler - 

Request DefaultHttpRequest(decodeResult: success, version: HTTP/1.1)
POST /session/566657fccef467be2dbfb2d8d7b8db24/execute/sync HTTP/1.1
User-Agent: selenium/4.1.4 (java windows)
Content-Length: 48780
Content-Type: application/json; charset=utf-8
host: localhost:58509
accept: */*

Response DefaultHttpResponse(decodeResult: success, version: HTTP/1.1)
HTTP/1.1 200 OK
Content-Type: application/json; charset=utf-8
cache-control: no-cache
content-length: 15

15:39:23.844 [AsyncHttpClient-1-2] DEBUG org.asynchttpclient.netty.channel.ChannelManager - Adding key: http://localhost:58509 for channel [id: 0xee7d4684, L:/127.0.0.1:59971 - R:localhost/127.0.0.1:58509]
15:39:23.924 [Forwarding findElements on session 566657fccef467be2dbfb2d8d7b8db24 to remote] DEBUG org.asynchttpclient.netty.request.NettyRequestSender - Using pooled Channel '[id: 0xee7d4684, L:/127.0.0.1:59971 - R:localhost/127.0.0.1:58509]' for 'POST' to 'http://localhost:58509/session/566657fccef467be2dbfb2d8d7b8db24/elements'
15:39:23.924 [Forwarding findElements on session 566657fccef467be2dbfb2d8d7b8db24 to remote] DEBUG org.asynchttpclient.netty.request.NettyRequestSender - Using open Channel [id: 0xee7d4684, L:/127.0.0.1:59971 - R:localhost/127.0.0.1:58509] for POST '/session/566657fccef467be2dbfb2d8d7b8db24/elements'
15:39:23.932 [AsyncHttpClient-1-2] DEBUG org.asynchttpclient.netty.handler.HttpHandler - 

Request DefaultHttpRequest(decodeResult: success, version: HTTP/1.1)
POST /session/566657fccef467be2dbfb2d8d7b8db24/elements HTTP/1.1
User-Agent: selenium/4.1.4 (java windows)
Content-Length: 203
Content-Type: application/json; charset=utf-8
host: localhost:58509
accept: */*

Response DefaultHttpResponse(decodeResult: success, version: HTTP/1.1)
HTTP/1.1 200 OK
Content-Type: application/json; charset=utf-8
cache-control: no-cache
content-length: 248

15:39:23.932 [AsyncHttpClient-1-2] DEBUG org.asynchttpclient.netty.channel.ChannelManager - Adding key: http://localhost:58509 for channel [id: 0xee7d4684, L:/127.0.0.1:59971 - R:localhost/127.0.0.1:58509]
15:39:23.936 [Forwarding isElementDisplayed on session 566657fccef467be2dbfb2d8d7b8db24 to remote] DEBUG org.asynchttpclient.netty.request.NettyRequestSender - Using pooled Channel '[id: 0xee7d4684, L:/127.0.0.1:59971 - R:localhost/127.0.0.1:58509]' for 'POST' to 'http://localhost:58509/session/566657fccef467be2dbfb2d8d7b8db24/execute/sync'
15:39:23.936 [Forwarding isElementDisplayed on session 566657fccef467be2dbfb2d8d7b8db24 to remote] DEBUG org.asynchttpclient.netty.request.NettyRequestSender - Using open Channel [id: 0xee7d4684, L:/127.0.0.1:59971 - R:localhost/127.0.0.1:58509] for POST '/session/566657fccef467be2dbfb2d8d7b8db24/execute/sync'
15:39:23.943 [AsyncHttpClient-1-2] DEBUG org.asynchttpclient.netty.handler.HttpHandler - 

Request DefaultHttpRequest(decodeResult: success, version: HTTP/1.1)
POST /session/566657fccef467be2dbfb2d8d7b8db24/execute/sync HTTP/1.1
User-Agent: selenium/4.1.4 (java windows)
Content-Length: 48780
Content-Type: application/json; charset=utf-8
host: localhost:58509
accept: */*

Response DefaultHttpResponse(decodeResult: success, version: HTTP/1.1)
HTTP/1.1 200 OK
Content-Type: application/json; charset=utf-8
cache-control: no-cache
content-length: 15

15:39:23.943 [AsyncHttpClient-1-2] DEBUG org.asynchttpclient.netty.channel.ChannelManager - Adding key: http://localhost:58509 for channel [id: 0xee7d4684, L:/127.0.0.1:59971 - R:localhost/127.0.0.1:58509]
15:39:24.031 [Forwarding findElements on session 566657fccef467be2dbfb2d8d7b8db24 to remote] DEBUG org.asynchttpclient.netty.request.NettyRequestSender - Using pooled Channel '[id: 0xee7d4684, L:/127.0.0.1:59971 - R:localhost/127.0.0.1:58509]' for 'POST' to 'http://localhost:58509/session/566657fccef467be2dbfb2d8d7b8db24/elements'
15:39:24.031 [Forwarding findElements on session 566657fccef467be2dbfb2d8d7b8db24 to remote] DEBUG org.asynchttpclient.netty.request.NettyRequestSender - Using open Channel [id: 0xee7d4684, L:/127.0.0.1:59971 - R:localhost/127.0.0.1:58509] for POST '/session/566657fccef467be2dbfb2d8d7b8db24/elements'
15:39:24.038 [AsyncHttpClient-1-2] DEBUG org.asynchttpclient.netty.handler.HttpHandler - 

Request DefaultHttpRequest(decodeResult: success, version: HTTP/1.1)
POST /session/566657fccef467be2dbfb2d8d7b8db24/elements HTTP/1.1
User-Agent: selenium/4.1.4 (java windows)
Content-Length: 203
Content-Type: application/json; charset=utf-8
host: localhost:58509
accept: */*

Response DefaultHttpResponse(decodeResult: success, version: HTTP/1.1)
HTTP/1.1 200 OK
Content-Type: application/json; charset=utf-8
cache-control: no-cache
content-length: 248

15:39:24.038 [AsyncHttpClient-1-2] DEBUG org.asynchttpclient.netty.channel.ChannelManager - Adding key: http://localhost:58509 for channel [id: 0xee7d4684, L:/127.0.0.1:59971 - R:localhost/127.0.0.1:58509]
15:39:24.042 [Forwarding isElementDisplayed on session 566657fccef467be2dbfb2d8d7b8db24 to remote] DEBUG org.asynchttpclient.netty.request.NettyRequestSender - Using pooled Channel '[id: 0xee7d4684, L:/127.0.0.1:59971 - R:localhost/127.0.0.1:58509]' for 'POST' to 'http://localhost:58509/session/566657fccef467be2dbfb2d8d7b8db24/execute/sync'
15:39:24.042 [Forwarding isElementDisplayed on session 566657fccef467be2dbfb2d8d7b8db24 to remote] DEBUG org.asynchttpclient.netty.request.NettyRequestSender - Using open Channel [id: 0xee7d4684, L:/127.0.0.1:59971 - R:localhost/127.0.0.1:58509] for POST '/session/566657fccef467be2dbfb2d8d7b8db24/execute/sync'
15:39:24.049 [AsyncHttpClient-1-2] DEBUG org.asynchttpclient.netty.handler.HttpHandler - 

Request DefaultHttpRequest(decodeResult: success, version: HTTP/1.1)
POST /session/566657fccef467be2dbfb2d8d7b8db24/execute/sync HTTP/1.1
User-Agent: selenium/4.1.4 (java windows)
Content-Length: 48780
Content-Type: application/json; charset=utf-8
host: localhost:58509
accept: */*

Response DefaultHttpResponse(decodeResult: success, version: HTTP/1.1)
HTTP/1.1 200 OK
Content-Type: application/json; charset=utf-8
cache-control: no-cache
content-length: 15

15:39:24.049 [AsyncHttpClient-1-2] DEBUG org.asynchttpclient.netty.channel.ChannelManager - Adding key: http://localhost:58509 for channel [id: 0xee7d4684, L:/127.0.0.1:59971 - R:localhost/127.0.0.1:58509]
15:39:24.126 [Forwarding findElements on session 566657fccef467be2dbfb2d8d7b8db24 to remote] DEBUG org.asynchttpclient.netty.request.NettyRequestSender - Using pooled Channel '[id: 0xee7d4684, L:/127.0.0.1:59971 - R:localhost/127.0.0.1:58509]' for 'POST' to 'http://localhost:58509/session/566657fccef467be2dbfb2d8d7b8db24/elements'
15:39:24.126 [Forwarding findElements on session 566657fccef467be2dbfb2d8d7b8db24 to remote] DEBUG org.asynchttpclient.netty.request.NettyRequestSender - Using open Channel [id: 0xee7d4684, L:/127.0.0.1:59971 - R:localhost/127.0.0.1:58509] for POST '/session/566657fccef467be2dbfb2d8d7b8db24/elements'
15:39:24.132 [AsyncHttpClient-1-2] DEBUG org.asynchttpclient.netty.handler.HttpHandler - 

Request DefaultHttpRequest(decodeResult: success, version: HTTP/1.1)
POST /session/566657fccef467be2dbfb2d8d7b8db24/elements HTTP/1.1
User-Agent: selenium/4.1.4 (java windows)
Content-Length: 203
Content-Type: application/json; charset=utf-8
host: localhost:58509
accept: */*

Response DefaultHttpResponse(decodeResult: success, version: HTTP/1.1)
HTTP/1.1 200 OK
Content-Type: application/json; charset=utf-8
cache-control: no-cache
content-length: 248

15:39:24.132 [AsyncHttpClient-1-2] DEBUG org.asynchttpclient.netty.channel.ChannelManager - Adding key: http://localhost:58509 for channel [id: 0xee7d4684, L:/127.0.0.1:59971 - R:localhost/127.0.0.1:58509]
15:39:24.134 [Forwarding isElementDisplayed on session 566657fccef467be2dbfb2d8d7b8db24 to remote] DEBUG org.asynchttpclient.netty.request.NettyRequestSender - Using pooled Channel '[id: 0xee7d4684, L:/127.0.0.1:59971 - R:localhost/127.0.0.1:58509]' for 'POST' to 'http://localhost:58509/session/566657fccef467be2dbfb2d8d7b8db24/execute/sync'
15:39:24.135 [Forwarding isElementDisplayed on session 566657fccef467be2dbfb2d8d7b8db24 to remote] DEBUG org.asynchttpclient.netty.request.NettyRequestSender - Using open Channel [id: 0xee7d4684, L:/127.0.0.1:59971 - R:localhost/127.0.0.1:58509] for POST '/session/566657fccef467be2dbfb2d8d7b8db24/execute/sync'
15:39:24.142 [AsyncHttpClient-1-2] DEBUG org.asynchttpclient.netty.handler.HttpHandler - 

Request DefaultHttpRequest(decodeResult: success, version: HTTP/1.1)
POST /session/566657fccef467be2dbfb2d8d7b8db24/execute/sync HTTP/1.1
User-Agent: selenium/4.1.4 (java windows)
Content-Length: 48780
Content-Type: application/json; charset=utf-8
host: localhost:58509
accept: */*

Response DefaultHttpResponse(decodeResult: success, version: HTTP/1.1)
HTTP/1.1 200 OK
Content-Type: application/json; charset=utf-8
cache-control: no-cache
content-length: 15

15:39:24.142 [AsyncHttpClient-1-2] DEBUG org.asynchttpclient.netty.channel.ChannelManager - Adding key: http://localhost:58509 for channel [id: 0xee7d4684, L:/127.0.0.1:59971 - R:localhost/127.0.0.1:58509]
15:39:24.218 [Forwarding findElements on session 566657fccef467be2dbfb2d8d7b8db24 to remote] DEBUG org.asynchttpclient.netty.request.NettyRequestSender - Using pooled Channel '[id: 0xee7d4684, L:/127.0.0.1:59971 - R:localhost/127.0.0.1:58509]' for 'POST' to 'http://localhost:58509/session/566657fccef467be2dbfb2d8d7b8db24/elements'
15:39:24.219 [Forwarding findElements on session 566657fccef467be2dbfb2d8d7b8db24 to remote] DEBUG org.asynchttpclient.netty.request.NettyRequestSender - Using open Channel [id: 0xee7d4684, L:/127.0.0.1:59971 - R:localhost/127.0.0.1:58509] for POST '/session/566657fccef467be2dbfb2d8d7b8db24/elements'
15:39:24.225 [AsyncHttpClient-1-2] DEBUG org.asynchttpclient.netty.handler.HttpHandler - 

Request DefaultHttpRequest(decodeResult: success, version: HTTP/1.1)
POST /session/566657fccef467be2dbfb2d8d7b8db24/elements HTTP/1.1
User-Agent: selenium/4.1.4 (java windows)
Content-Length: 203
Content-Type: application/json; charset=utf-8
host: localhost:58509
accept: */*

Response DefaultHttpResponse(decodeResult: success, version: HTTP/1.1)
HTTP/1.1 200 OK
Content-Type: application/json; charset=utf-8
cache-control: no-cache
content-length: 248

15:39:24.225 [AsyncHttpClient-1-2] DEBUG org.asynchttpclient.netty.channel.ChannelManager - Adding key: http://localhost:58509 for channel [id: 0xee7d4684, L:/127.0.0.1:59971 - R:localhost/127.0.0.1:58509]
15:39:24.228 [Forwarding isElementDisplayed on session 566657fccef467be2dbfb2d8d7b8db24 to remote] DEBUG org.asynchttpclient.netty.request.NettyRequestSender - Using pooled Channel '[id: 0xee7d4684, L:/127.0.0.1:59971 - R:localhost/127.0.0.1:58509]' for 'POST' to 'http://localhost:58509/session/566657fccef467be2dbfb2d8d7b8db24/execute/sync'
15:39:24.228 [Forwarding isElementDisplayed on session 566657fccef467be2dbfb2d8d7b8db24 to remote] DEBUG org.asynchttpclient.netty.request.NettyRequestSender - Using open Channel [id: 0xee7d4684, L:/127.0.0.1:59971 - R:localhost/127.0.0.1:58509] for POST '/session/566657fccef467be2dbfb2d8d7b8db24/execute/sync'
15:39:24.235 [AsyncHttpClient-1-2] DEBUG org.asynchttpclient.netty.handler.HttpHandler - 

Request DefaultHttpRequest(decodeResult: success, version: HTTP/1.1)
POST /session/566657fccef467be2dbfb2d8d7b8db24/execute/sync HTTP/1.1
User-Agent: selenium/4.1.4 (java windows)
Content-Length: 48780
Content-Type: application/json; charset=utf-8
host: localhost:58509
accept: */*

Response DefaultHttpResponse(decodeResult: success, version: HTTP/1.1)
HTTP/1.1 200 OK
Content-Type: application/json; charset=utf-8
cache-control: no-cache
content-length: 15

15:39:24.235 [AsyncHttpClient-1-2] DEBUG org.asynchttpclient.netty.channel.ChannelManager - Adding key: http://localhost:58509 for channel [id: 0xee7d4684, L:/127.0.0.1:59971 - R:localhost/127.0.0.1:58509]
15:39:24.317 [Forwarding findElements on session 566657fccef467be2dbfb2d8d7b8db24 to remote] DEBUG org.asynchttpclient.netty.request.NettyRequestSender - Using pooled Channel '[id: 0xee7d4684, L:/127.0.0.1:59971 - R:localhost/127.0.0.1:58509]' for 'POST' to 'http://localhost:58509/session/566657fccef467be2dbfb2d8d7b8db24/elements'
15:39:24.318 [Forwarding findElements on session 566657fccef467be2dbfb2d8d7b8db24 to remote] DEBUG org.asynchttpclient.netty.request.NettyRequestSender - Using open Channel [id: 0xee7d4684, L:/127.0.0.1:59971 - R:localhost/127.0.0.1:58509] for POST '/session/566657fccef467be2dbfb2d8d7b8db24/elements'
15:39:24.325 [AsyncHttpClient-1-2] DEBUG org.asynchttpclient.netty.handler.HttpHandler - 

Request DefaultHttpRequest(decodeResult: success, version: HTTP/1.1)
POST /session/566657fccef467be2dbfb2d8d7b8db24/elements HTTP/1.1
User-Agent: selenium/4.1.4 (java windows)
Content-Length: 203
Content-Type: application/json; charset=utf-8
host: localhost:58509
accept: */*

Response DefaultHttpResponse(decodeResult: success, version: HTTP/1.1)
HTTP/1.1 200 OK
Content-Type: application/json; charset=utf-8
cache-control: no-cache
content-length: 248

15:39:24.325 [AsyncHttpClient-1-2] DEBUG org.asynchttpclient.netty.channel.ChannelManager - Adding key: http://localhost:58509 for channel [id: 0xee7d4684, L:/127.0.0.1:59971 - R:localhost/127.0.0.1:58509]
15:39:24.329 [Forwarding isElementDisplayed on session 566657fccef467be2dbfb2d8d7b8db24 to remote] DEBUG org.asynchttpclient.netty.request.NettyRequestSender - Using pooled Channel '[id: 0xee7d4684, L:/127.0.0.1:59971 - R:localhost/127.0.0.1:58509]' for 'POST' to 'http://localhost:58509/session/566657fccef467be2dbfb2d8d7b8db24/execute/sync'
15:39:24.329 [Forwarding isElementDisplayed on session 566657fccef467be2dbfb2d8d7b8db24 to remote] DEBUG org.asynchttpclient.netty.request.NettyRequestSender - Using open Channel [id: 0xee7d4684, L:/127.0.0.1:59971 - R:localhost/127.0.0.1:58509] for POST '/session/566657fccef467be2dbfb2d8d7b8db24/execute/sync'
15:39:24.335 [AsyncHttpClient-1-2] DEBUG org.asynchttpclient.netty.handler.HttpHandler - 

Request DefaultHttpRequest(decodeResult: success, version: HTTP/1.1)
POST /session/566657fccef467be2dbfb2d8d7b8db24/execute/sync HTTP/1.1
User-Agent: selenium/4.1.4 (java windows)
Content-Length: 48780
Content-Type: application/json; charset=utf-8
host: localhost:58509
accept: */*

Response DefaultHttpResponse(decodeResult: success, version: HTTP/1.1)
HTTP/1.1 200 OK
Content-Type: application/json; charset=utf-8
cache-control: no-cache
content-length: 15

15:39:24.335 [AsyncHttpClient-1-2] DEBUG org.asynchttpclient.netty.channel.ChannelManager - Adding key: http://localhost:58509 for channel [id: 0xee7d4684, L:/127.0.0.1:59971 - R:localhost/127.0.0.1:58509]
15:39:24.423 [Forwarding findElements on session 566657fccef467be2dbfb2d8d7b8db24 to remote] DEBUG org.asynchttpclient.netty.request.NettyRequestSender - Using pooled Channel '[id: 0xee7d4684, L:/127.0.0.1:59971 - R:localhost/127.0.0.1:58509]' for 'POST' to 'http://localhost:58509/session/566657fccef467be2dbfb2d8d7b8db24/elements'
15:39:24.423 [Forwarding findElements on session 566657fccef467be2dbfb2d8d7b8db24 to remote] DEBUG org.asynchttpclient.netty.request.NettyRequestSender - Using open Channel [id: 0xee7d4684, L:/127.0.0.1:59971 - R:localhost/127.0.0.1:58509] for POST '/session/566657fccef467be2dbfb2d8d7b8db24/elements'
15:39:24.429 [AsyncHttpClient-1-2] DEBUG org.asynchttpclient.netty.handler.HttpHandler - 

Request DefaultHttpRequest(decodeResult: success, version: HTTP/1.1)
POST /session/566657fccef467be2dbfb2d8d7b8db24/elements HTTP/1.1
User-Agent: selenium/4.1.4 (java windows)
Content-Length: 203
Content-Type: application/json; charset=utf-8
host: localhost:58509
accept: */*

Response DefaultHttpResponse(decodeResult: success, version: HTTP/1.1)
HTTP/1.1 200 OK
Content-Type: application/json; charset=utf-8
cache-control: no-cache
content-length: 248

15:39:24.431 [AsyncHttpClient-1-2] DEBUG org.asynchttpclient.netty.channel.ChannelManager - Adding key: http://localhost:58509 for channel [id: 0xee7d4684, L:/127.0.0.1:59971 - R:localhost/127.0.0.1:58509]
15:39:24.434 [Forwarding isElementDisplayed on session 566657fccef467be2dbfb2d8d7b8db24 to remote] DEBUG org.asynchttpclient.netty.request.NettyRequestSender - Using pooled Channel '[id: 0xee7d4684, L:/127.0.0.1:59971 - R:localhost/127.0.0.1:58509]' for 'POST' to 'http://localhost:58509/session/566657fccef467be2dbfb2d8d7b8db24/execute/sync'
15:39:24.434 [Forwarding isElementDisplayed on session 566657fccef467be2dbfb2d8d7b8db24 to remote] DEBUG org.asynchttpclient.netty.request.NettyRequestSender - Using open Channel [id: 0xee7d4684, L:/127.0.0.1:59971 - R:localhost/127.0.0.1:58509] for POST '/session/566657fccef467be2dbfb2d8d7b8db24/execute/sync'
15:39:24.441 [AsyncHttpClient-1-2] DEBUG org.asynchttpclient.netty.handler.HttpHandler - 

Request DefaultHttpRequest(decodeResult: success, version: HTTP/1.1)
POST /session/566657fccef467be2dbfb2d8d7b8db24/execute/sync HTTP/1.1
User-Agent: selenium/4.1.4 (java windows)
Content-Length: 48780
Content-Type: application/json; charset=utf-8
host: localhost:58509
accept: */*

Response DefaultHttpResponse(decodeResult: success, version: HTTP/1.1)
HTTP/1.1 200 OK
Content-Type: application/json; charset=utf-8
cache-control: no-cache
content-length: 15

15:39:24.441 [AsyncHttpClient-1-2] DEBUG org.asynchttpclient.netty.channel.ChannelManager - Adding key: http://localhost:58509 for channel [id: 0xee7d4684, L:/127.0.0.1:59971 - R:localhost/127.0.0.1:58509]
15:39:24.519 [Forwarding findElements on session 566657fccef467be2dbfb2d8d7b8db24 to remote] DEBUG org.asynchttpclient.netty.request.NettyRequestSender - Using pooled Channel '[id: 0xee7d4684, L:/127.0.0.1:59971 - R:localhost/127.0.0.1:58509]' for 'POST' to 'http://localhost:58509/session/566657fccef467be2dbfb2d8d7b8db24/elements'
15:39:24.520 [Forwarding findElements on session 566657fccef467be2dbfb2d8d7b8db24 to remote] DEBUG org.asynchttpclient.netty.request.NettyRequestSender - Using open Channel [id: 0xee7d4684, L:/127.0.0.1:59971 - R:localhost/127.0.0.1:58509] for POST '/session/566657fccef467be2dbfb2d8d7b8db24/elements'
15:39:24.527 [AsyncHttpClient-1-2] DEBUG org.asynchttpclient.netty.handler.HttpHandler - 

Request DefaultHttpRequest(decodeResult: success, version: HTTP/1.1)
POST /session/566657fccef467be2dbfb2d8d7b8db24/elements HTTP/1.1
User-Agent: selenium/4.1.4 (java windows)
Content-Length: 203
Content-Type: application/json; charset=utf-8
host: localhost:58509
accept: */*

Response DefaultHttpResponse(decodeResult: success, version: HTTP/1.1)
HTTP/1.1 200 OK
Content-Type: application/json; charset=utf-8
cache-control: no-cache
content-length: 248

15:39:24.527 [AsyncHttpClient-1-2] DEBUG org.asynchttpclient.netty.channel.ChannelManager - Adding key: http://localhost:58509 for channel [id: 0xee7d4684, L:/127.0.0.1:59971 - R:localhost/127.0.0.1:58509]
15:39:24.530 [Forwarding isElementDisplayed on session 566657fccef467be2dbfb2d8d7b8db24 to remote] DEBUG org.asynchttpclient.netty.request.NettyRequestSender - Using pooled Channel '[id: 0xee7d4684, L:/127.0.0.1:59971 - R:localhost/127.0.0.1:58509]' for 'POST' to 'http://localhost:58509/session/566657fccef467be2dbfb2d8d7b8db24/execute/sync'
15:39:24.530 [Forwarding isElementDisplayed on session 566657fccef467be2dbfb2d8d7b8db24 to remote] DEBUG org.asynchttpclient.netty.request.NettyRequestSender - Using open Channel [id: 0xee7d4684, L:/127.0.0.1:59971 - R:localhost/127.0.0.1:58509] for POST '/session/566657fccef467be2dbfb2d8d7b8db24/execute/sync'
15:39:24.537 [AsyncHttpClient-1-2] DEBUG org.asynchttpclient.netty.handler.HttpHandler - 

Request DefaultHttpRequest(decodeResult: success, version: HTTP/1.1)
POST /session/566657fccef467be2dbfb2d8d7b8db24/execute/sync HTTP/1.1
User-Agent: selenium/4.1.4 (java windows)
Content-Length: 48780
Content-Type: application/json; charset=utf-8
host: localhost:58509
accept: */*

Response DefaultHttpResponse(decodeResult: success, version: HTTP/1.1)
HTTP/1.1 200 OK
Content-Type: application/json; charset=utf-8
cache-control: no-cache
content-length: 15

15:39:24.537 [AsyncHttpClient-1-2] DEBUG org.asynchttpclient.netty.channel.ChannelManager - Adding key: http://localhost:58509 for channel [id: 0xee7d4684, L:/127.0.0.1:59971 - R:localhost/127.0.0.1:58509]
15:39:24.624 [Forwarding findElements on session 566657fccef467be2dbfb2d8d7b8db24 to remote] DEBUG org.asynchttpclient.netty.request.NettyRequestSender - Using pooled Channel '[id: 0xee7d4684, L:/127.0.0.1:59971 - R:localhost/127.0.0.1:58509]' for 'POST' to 'http://localhost:58509/session/566657fccef467be2dbfb2d8d7b8db24/elements'
15:39:24.625 [Forwarding findElements on session 566657fccef467be2dbfb2d8d7b8db24 to remote] DEBUG org.asynchttpclient.netty.request.NettyRequestSender - Using open Channel [id: 0xee7d4684, L:/127.0.0.1:59971 - R:localhost/127.0.0.1:58509] for POST '/session/566657fccef467be2dbfb2d8d7b8db24/elements'
15:39:24.632 [AsyncHttpClient-1-2] DEBUG org.asynchttpclient.netty.handler.HttpHandler - 

Request DefaultHttpRequest(decodeResult: success, version: HTTP/1.1)
POST /session/566657fccef467be2dbfb2d8d7b8db24/elements HTTP/1.1
User-Agent: selenium/4.1.4 (java windows)
Content-Length: 203
Content-Type: application/json; charset=utf-8
host: localhost:58509
accept: */*

Response DefaultHttpResponse(decodeResult: success, version: HTTP/1.1)
HTTP/1.1 200 OK
Content-Type: application/json; charset=utf-8
cache-control: no-cache
content-length: 248

15:39:24.632 [AsyncHttpClient-1-2] DEBUG org.asynchttpclient.netty.channel.ChannelManager - Adding key: http://localhost:58509 for channel [id: 0xee7d4684, L:/127.0.0.1:59971 - R:localhost/127.0.0.1:58509]
15:39:24.636 [Forwarding isElementDisplayed on session 566657fccef467be2dbfb2d8d7b8db24 to remote] DEBUG org.asynchttpclient.netty.request.NettyRequestSender - Using pooled Channel '[id: 0xee7d4684, L:/127.0.0.1:59971 - R:localhost/127.0.0.1:58509]' for 'POST' to 'http://localhost:58509/session/566657fccef467be2dbfb2d8d7b8db24/execute/sync'
15:39:24.636 [Forwarding isElementDisplayed on session 566657fccef467be2dbfb2d8d7b8db24 to remote] DEBUG org.asynchttpclient.netty.request.NettyRequestSender - Using open Channel [id: 0xee7d4684, L:/127.0.0.1:59971 - R:localhost/127.0.0.1:58509] for POST '/session/566657fccef467be2dbfb2d8d7b8db24/execute/sync'
15:39:24.643 [AsyncHttpClient-1-2] DEBUG org.asynchttpclient.netty.handler.HttpHandler - 

Request DefaultHttpRequest(decodeResult: success, version: HTTP/1.1)
POST /session/566657fccef467be2dbfb2d8d7b8db24/execute/sync HTTP/1.1
User-Agent: selenium/4.1.4 (java windows)
Content-Length: 48780
Content-Type: application/json; charset=utf-8
host: localhost:58509
accept: */*

Response DefaultHttpResponse(decodeResult: success, version: HTTP/1.1)
HTTP/1.1 200 OK
Content-Type: application/json; charset=utf-8
cache-control: no-cache
content-length: 15

15:39:24.643 [AsyncHttpClient-1-2] DEBUG org.asynchttpclient.netty.channel.ChannelManager - Adding key: http://localhost:58509 for channel [id: 0xee7d4684, L:/127.0.0.1:59971 - R:localhost/127.0.0.1:58509]
15:39:24.717 [Forwarding findElements on session 566657fccef467be2dbfb2d8d7b8db24 to remote] DEBUG org.asynchttpclient.netty.request.NettyRequestSender - Using pooled Channel '[id: 0xee7d4684, L:/127.0.0.1:59971 - R:localhost/127.0.0.1:58509]' for 'POST' to 'http://localhost:58509/session/566657fccef467be2dbfb2d8d7b8db24/elements'
15:39:24.717 [Forwarding findElements on session 566657fccef467be2dbfb2d8d7b8db24 to remote] DEBUG org.asynchttpclient.netty.request.NettyRequestSender - Using open Channel [id: 0xee7d4684, L:/127.0.0.1:59971 - R:localhost/127.0.0.1:58509] for POST '/session/566657fccef467be2dbfb2d8d7b8db24/elements'
15:39:24.724 [AsyncHttpClient-1-2] DEBUG org.asynchttpclient.netty.handler.HttpHandler - 

Request DefaultHttpRequest(decodeResult: success, version: HTTP/1.1)
POST /session/566657fccef467be2dbfb2d8d7b8db24/elements HTTP/1.1
User-Agent: selenium/4.1.4 (java windows)
Content-Length: 203
Content-Type: application/json; charset=utf-8
host: localhost:58509
accept: */*

Response DefaultHttpResponse(decodeResult: success, version: HTTP/1.1)
HTTP/1.1 200 OK
Content-Type: application/json; charset=utf-8
cache-control: no-cache
content-length: 248

15:39:24.724 [AsyncHttpClient-1-2] DEBUG org.asynchttpclient.netty.channel.ChannelManager - Adding key: http://localhost:58509 for channel [id: 0xee7d4684, L:/127.0.0.1:59971 - R:localhost/127.0.0.1:58509]
15:39:24.727 [Forwarding isElementDisplayed on session 566657fccef467be2dbfb2d8d7b8db24 to remote] DEBUG org.asynchttpclient.netty.request.NettyRequestSender - Using pooled Channel '[id: 0xee7d4684, L:/127.0.0.1:59971 - R:localhost/127.0.0.1:58509]' for 'POST' to 'http://localhost:58509/session/566657fccef467be2dbfb2d8d7b8db24/execute/sync'
15:39:24.727 [Forwarding isElementDisplayed on session 566657fccef467be2dbfb2d8d7b8db24 to remote] DEBUG org.asynchttpclient.netty.request.NettyRequestSender - Using open Channel [id: 0xee7d4684, L:/127.0.0.1:59971 - R:localhost/127.0.0.1:58509] for POST '/session/566657fccef467be2dbfb2d8d7b8db24/execute/sync'
15:39:24.734 [AsyncHttpClient-1-2] DEBUG org.asynchttpclient.netty.handler.HttpHandler - 

Request DefaultHttpRequest(decodeResult: success, version: HTTP/1.1)
POST /session/566657fccef467be2dbfb2d8d7b8db24/execute/sync HTTP/1.1
User-Agent: selenium/4.1.4 (java windows)
Content-Length: 48780
Content-Type: application/json; charset=utf-8
host: localhost:58509
accept: */*

Response DefaultHttpResponse(decodeResult: success, version: HTTP/1.1)
HTTP/1.1 200 OK
Content-Type: application/json; charset=utf-8
cache-control: no-cache
content-length: 15

15:39:24.734 [AsyncHttpClient-1-2] DEBUG org.asynchttpclient.netty.channel.ChannelManager - Adding key: http://localhost:58509 for channel [id: 0xee7d4684, L:/127.0.0.1:59971 - R:localhost/127.0.0.1:58509]
15:39:24.827 [Forwarding findElements on session 566657fccef467be2dbfb2d8d7b8db24 to remote] DEBUG org.asynchttpclient.netty.request.NettyRequestSender - Using pooled Channel '[id: 0xee7d4684, L:/127.0.0.1:59971 - R:localhost/127.0.0.1:58509]' for 'POST' to 'http://localhost:58509/session/566657fccef467be2dbfb2d8d7b8db24/elements'
15:39:24.827 [Forwarding findElements on session 566657fccef467be2dbfb2d8d7b8db24 to remote] DEBUG org.asynchttpclient.netty.request.NettyRequestSender - Using open Channel [id: 0xee7d4684, L:/127.0.0.1:59971 - R:localhost/127.0.0.1:58509] for POST '/session/566657fccef467be2dbfb2d8d7b8db24/elements'
15:39:24.833 [AsyncHttpClient-1-2] DEBUG org.asynchttpclient.netty.handler.HttpHandler - 

Request DefaultHttpRequest(decodeResult: success, version: HTTP/1.1)
POST /session/566657fccef467be2dbfb2d8d7b8db24/elements HTTP/1.1
User-Agent: selenium/4.1.4 (java windows)
Content-Length: 203
Content-Type: application/json; charset=utf-8
host: localhost:58509
accept: */*

Response DefaultHttpResponse(decodeResult: success, version: HTTP/1.1)
HTTP/1.1 200 OK
Content-Type: application/json; charset=utf-8
cache-control: no-cache
content-length: 248

15:39:24.833 [AsyncHttpClient-1-2] DEBUG org.asynchttpclient.netty.channel.ChannelManager - Adding key: http://localhost:58509 for channel [id: 0xee7d4684, L:/127.0.0.1:59971 - R:localhost/127.0.0.1:58509]
15:39:24.835 [Forwarding isElementDisplayed on session 566657fccef467be2dbfb2d8d7b8db24 to remote] DEBUG org.asynchttpclient.netty.request.NettyRequestSender - Using pooled Channel '[id: 0xee7d4684, L:/127.0.0.1:59971 - R:localhost/127.0.0.1:58509]' for 'POST' to 'http://localhost:58509/session/566657fccef467be2dbfb2d8d7b8db24/execute/sync'
15:39:24.836 [Forwarding isElementDisplayed on session 566657fccef467be2dbfb2d8d7b8db24 to remote] DEBUG org.asynchttpclient.netty.request.NettyRequestSender - Using open Channel [id: 0xee7d4684, L:/127.0.0.1:59971 - R:localhost/127.0.0.1:58509] for POST '/session/566657fccef467be2dbfb2d8d7b8db24/execute/sync'
15:39:24.844 [AsyncHttpClient-1-2] DEBUG org.asynchttpclient.netty.handler.HttpHandler - 

Request DefaultHttpRequest(decodeResult: success, version: HTTP/1.1)
POST /session/566657fccef467be2dbfb2d8d7b8db24/execute/sync HTTP/1.1
User-Agent: selenium/4.1.4 (java windows)
Content-Length: 48780
Content-Type: application/json; charset=utf-8
host: localhost:58509
accept: */*

Response DefaultHttpResponse(decodeResult: success, version: HTTP/1.1)
HTTP/1.1 200 OK
Content-Type: application/json; charset=utf-8
cache-control: no-cache
content-length: 15

15:39:24.844 [AsyncHttpClient-1-2] DEBUG org.asynchttpclient.netty.channel.ChannelManager - Adding key: http://localhost:58509 for channel [id: 0xee7d4684, L:/127.0.0.1:59971 - R:localhost/127.0.0.1:58509]
15:39:24.922 [Forwarding findElements on session 566657fccef467be2dbfb2d8d7b8db24 to remote] DEBUG org.asynchttpclient.netty.request.NettyRequestSender - Using pooled Channel '[id: 0xee7d4684, L:/127.0.0.1:59971 - R:localhost/127.0.0.1:58509]' for 'POST' to 'http://localhost:58509/session/566657fccef467be2dbfb2d8d7b8db24/elements'
15:39:24.923 [Forwarding findElements on session 566657fccef467be2dbfb2d8d7b8db24 to remote] DEBUG org.asynchttpclient.netty.request.NettyRequestSender - Using open Channel [id: 0xee7d4684, L:/127.0.0.1:59971 - R:localhost/127.0.0.1:58509] for POST '/session/566657fccef467be2dbfb2d8d7b8db24/elements'
15:39:24.930 [AsyncHttpClient-1-2] DEBUG org.asynchttpclient.netty.handler.HttpHandler - 

Request DefaultHttpRequest(decodeResult: success, version: HTTP/1.1)
POST /session/566657fccef467be2dbfb2d8d7b8db24/elements HTTP/1.1
User-Agent: selenium/4.1.4 (java windows)
Content-Length: 203
Content-Type: application/json; charset=utf-8
host: localhost:58509
accept: */*

Response DefaultHttpResponse(decodeResult: success, version: HTTP/1.1)
HTTP/1.1 200 OK
Content-Type: application/json; charset=utf-8
cache-control: no-cache
content-length: 248

15:39:24.930 [AsyncHttpClient-1-2] DEBUG org.asynchttpclient.netty.channel.ChannelManager - Adding key: http://localhost:58509 for channel [id: 0xee7d4684, L:/127.0.0.1:59971 - R:localhost/127.0.0.1:58509]
15:39:24.933 [Forwarding isElementDisplayed on session 566657fccef467be2dbfb2d8d7b8db24 to remote] DEBUG org.asynchttpclient.netty.request.NettyRequestSender - Using pooled Channel '[id: 0xee7d4684, L:/127.0.0.1:59971 - R:localhost/127.0.0.1:58509]' for 'POST' to 'http://localhost:58509/session/566657fccef467be2dbfb2d8d7b8db24/execute/sync'
15:39:24.933 [Forwarding isElementDisplayed on session 566657fccef467be2dbfb2d8d7b8db24 to remote] DEBUG org.asynchttpclient.netty.request.NettyRequestSender - Using open Channel [id: 0xee7d4684, L:/127.0.0.1:59971 - R:localhost/127.0.0.1:58509] for POST '/session/566657fccef467be2dbfb2d8d7b8db24/execute/sync'
15:39:24.940 [AsyncHttpClient-1-2] DEBUG org.asynchttpclient.netty.handler.HttpHandler - 

Request DefaultHttpRequest(decodeResult: success, version: HTTP/1.1)
POST /session/566657fccef467be2dbfb2d8d7b8db24/execute/sync HTTP/1.1
User-Agent: selenium/4.1.4 (java windows)
Content-Length: 48780
Content-Type: application/json; charset=utf-8
host: localhost:58509
accept: */*

Response DefaultHttpResponse(decodeResult: success, version: HTTP/1.1)
HTTP/1.1 200 OK
Content-Type: application/json; charset=utf-8
cache-control: no-cache
content-length: 15

15:39:24.940 [AsyncHttpClient-1-2] DEBUG org.asynchttpclient.netty.channel.ChannelManager - Adding key: http://localhost:58509 for channel [id: 0xee7d4684, L:/127.0.0.1:59971 - R:localhost/127.0.0.1:58509]
15:39:25.020 [Forwarding findElements on session 566657fccef467be2dbfb2d8d7b8db24 to remote] DEBUG org.asynchttpclient.netty.request.NettyRequestSender - Using pooled Channel '[id: 0xee7d4684, L:/127.0.0.1:59971 - R:localhost/127.0.0.1:58509]' for 'POST' to 'http://localhost:58509/session/566657fccef467be2dbfb2d8d7b8db24/elements'
15:39:25.020 [Forwarding findElements on session 566657fccef467be2dbfb2d8d7b8db24 to remote] DEBUG org.asynchttpclient.netty.request.NettyRequestSender - Using open Channel [id: 0xee7d4684, L:/127.0.0.1:59971 - R:localhost/127.0.0.1:58509] for POST '/session/566657fccef467be2dbfb2d8d7b8db24/elements'
15:39:25.028 [AsyncHttpClient-1-2] DEBUG org.asynchttpclient.netty.handler.HttpHandler - 

Request DefaultHttpRequest(decodeResult: success, version: HTTP/1.1)
POST /session/566657fccef467be2dbfb2d8d7b8db24/elements HTTP/1.1
User-Agent: selenium/4.1.4 (java windows)
Content-Length: 203
Content-Type: application/json; charset=utf-8
host: localhost:58509
accept: */*

Response DefaultHttpResponse(decodeResult: success, version: HTTP/1.1)
HTTP/1.1 200 OK
Content-Type: application/json; charset=utf-8
cache-control: no-cache
content-length: 248

15:39:25.028 [AsyncHttpClient-1-2] DEBUG org.asynchttpclient.netty.channel.ChannelManager - Adding key: http://localhost:58509 for channel [id: 0xee7d4684, L:/127.0.0.1:59971 - R:localhost/127.0.0.1:58509]
15:39:25.031 [Forwarding isElementDisplayed on session 566657fccef467be2dbfb2d8d7b8db24 to remote] DEBUG org.asynchttpclient.netty.request.NettyRequestSender - Using pooled Channel '[id: 0xee7d4684, L:/127.0.0.1:59971 - R:localhost/127.0.0.1:58509]' for 'POST' to 'http://localhost:58509/session/566657fccef467be2dbfb2d8d7b8db24/execute/sync'
15:39:25.031 [Forwarding isElementDisplayed on session 566657fccef467be2dbfb2d8d7b8db24 to remote] DEBUG org.asynchttpclient.netty.request.NettyRequestSender - Using open Channel [id: 0xee7d4684, L:/127.0.0.1:59971 - R:localhost/127.0.0.1:58509] for POST '/session/566657fccef467be2dbfb2d8d7b8db24/execute/sync'
15:39:25.038 [AsyncHttpClient-1-2] DEBUG org.asynchttpclient.netty.handler.HttpHandler - 

Request DefaultHttpRequest(decodeResult: success, version: HTTP/1.1)
POST /session/566657fccef467be2dbfb2d8d7b8db24/execute/sync HTTP/1.1
User-Agent: selenium/4.1.4 (java windows)
Content-Length: 48780
Content-Type: application/json; charset=utf-8
host: localhost:58509
accept: */*

Response DefaultHttpResponse(decodeResult: success, version: HTTP/1.1)
HTTP/1.1 200 OK
Content-Type: application/json; charset=utf-8
cache-control: no-cache
content-length: 15

15:39:25.039 [AsyncHttpClient-1-2] DEBUG org.asynchttpclient.netty.channel.ChannelManager - Adding key: http://localhost:58509 for channel [id: 0xee7d4684, L:/127.0.0.1:59971 - R:localhost/127.0.0.1:58509]
15:39:25.129 [Forwarding findElements on session 566657fccef467be2dbfb2d8d7b8db24 to remote] DEBUG org.asynchttpclient.netty.request.NettyRequestSender - Using pooled Channel '[id: 0xee7d4684, L:/127.0.0.1:59971 - R:localhost/127.0.0.1:58509]' for 'POST' to 'http://localhost:58509/session/566657fccef467be2dbfb2d8d7b8db24/elements'
15:39:25.129 [Forwarding findElements on session 566657fccef467be2dbfb2d8d7b8db24 to remote] DEBUG org.asynchttpclient.netty.request.NettyRequestSender - Using open Channel [id: 0xee7d4684, L:/127.0.0.1:59971 - R:localhost/127.0.0.1:58509] for POST '/session/566657fccef467be2dbfb2d8d7b8db24/elements'
15:39:25.134 [AsyncHttpClient-1-2] DEBUG org.asynchttpclient.netty.handler.HttpHandler - 

Request DefaultHttpRequest(decodeResult: success, version: HTTP/1.1)
POST /session/566657fccef467be2dbfb2d8d7b8db24/elements HTTP/1.1
User-Agent: selenium/4.1.4 (java windows)
Content-Length: 203
Content-Type: application/json; charset=utf-8
host: localhost:58509
accept: */*

Response DefaultHttpResponse(decodeResult: success, version: HTTP/1.1)
HTTP/1.1 200 OK
Content-Type: application/json; charset=utf-8
cache-control: no-cache
content-length: 248

15:39:25.135 [AsyncHttpClient-1-2] DEBUG org.asynchttpclient.netty.channel.ChannelManager - Adding key: http://localhost:58509 for channel [id: 0xee7d4684, L:/127.0.0.1:59971 - R:localhost/127.0.0.1:58509]
15:39:25.138 [Forwarding isElementDisplayed on session 566657fccef467be2dbfb2d8d7b8db24 to remote] DEBUG org.asynchttpclient.netty.request.NettyRequestSender - Using pooled Channel '[id: 0xee7d4684, L:/127.0.0.1:59971 - R:localhost/127.0.0.1:58509]' for 'POST' to 'http://localhost:58509/session/566657fccef467be2dbfb2d8d7b8db24/execute/sync'
15:39:25.138 [Forwarding isElementDisplayed on session 566657fccef467be2dbfb2d8d7b8db24 to remote] DEBUG org.asynchttpclient.netty.request.NettyRequestSender - Using open Channel [id: 0xee7d4684, L:/127.0.0.1:59971 - R:localhost/127.0.0.1:58509] for POST '/session/566657fccef467be2dbfb2d8d7b8db24/execute/sync'
15:39:25.145 [AsyncHttpClient-1-2] DEBUG org.asynchttpclient.netty.handler.HttpHandler - 

Request DefaultHttpRequest(decodeResult: success, version: HTTP/1.1)
POST /session/566657fccef467be2dbfb2d8d7b8db24/execute/sync HTTP/1.1
User-Agent: selenium/4.1.4 (java windows)
Content-Length: 48780
Content-Type: application/json; charset=utf-8
host: localhost:58509
accept: */*

Response DefaultHttpResponse(decodeResult: success, version: HTTP/1.1)
HTTP/1.1 200 OK
Content-Type: application/json; charset=utf-8
cache-control: no-cache
content-length: 15

15:39:25.146 [AsyncHttpClient-1-2] DEBUG org.asynchttpclient.netty.channel.ChannelManager - Adding key: http://localhost:58509 for channel [id: 0xee7d4684, L:/127.0.0.1:59971 - R:localhost/127.0.0.1:58509]
15:39:25.220 [Forwarding findElements on session 566657fccef467be2dbfb2d8d7b8db24 to remote] DEBUG org.asynchttpclient.netty.request.NettyRequestSender - Using pooled Channel '[id: 0xee7d4684, L:/127.0.0.1:59971 - R:localhost/127.0.0.1:58509]' for 'POST' to 'http://localhost:58509/session/566657fccef467be2dbfb2d8d7b8db24/elements'
15:39:25.220 [Forwarding findElements on session 566657fccef467be2dbfb2d8d7b8db24 to remote] DEBUG org.asynchttpclient.netty.request.NettyRequestSender - Using open Channel [id: 0xee7d4684, L:/127.0.0.1:59971 - R:localhost/127.0.0.1:58509] for POST '/session/566657fccef467be2dbfb2d8d7b8db24/elements'
15:39:25.227 [AsyncHttpClient-1-2] DEBUG org.asynchttpclient.netty.handler.HttpHandler - 

Request DefaultHttpRequest(decodeResult: success, version: HTTP/1.1)
POST /session/566657fccef467be2dbfb2d8d7b8db24/elements HTTP/1.1
User-Agent: selenium/4.1.4 (java windows)
Content-Length: 203
Content-Type: application/json; charset=utf-8
host: localhost:58509
accept: */*

Response DefaultHttpResponse(decodeResult: success, version: HTTP/1.1)
HTTP/1.1 200 OK
Content-Type: application/json; charset=utf-8
cache-control: no-cache
content-length: 248

15:39:25.227 [AsyncHttpClient-1-2] DEBUG org.asynchttpclient.netty.channel.ChannelManager - Adding key: http://localhost:58509 for channel [id: 0xee7d4684, L:/127.0.0.1:59971 - R:localhost/127.0.0.1:58509]
15:39:25.230 [Forwarding isElementDisplayed on session 566657fccef467be2dbfb2d8d7b8db24 to remote] DEBUG org.asynchttpclient.netty.request.NettyRequestSender - Using pooled Channel '[id: 0xee7d4684, L:/127.0.0.1:59971 - R:localhost/127.0.0.1:58509]' for 'POST' to 'http://localhost:58509/session/566657fccef467be2dbfb2d8d7b8db24/execute/sync'
15:39:25.230 [Forwarding isElementDisplayed on session 566657fccef467be2dbfb2d8d7b8db24 to remote] DEBUG org.asynchttpclient.netty.request.NettyRequestSender - Using open Channel [id: 0xee7d4684, L:/127.0.0.1:59971 - R:localhost/127.0.0.1:58509] for POST '/session/566657fccef467be2dbfb2d8d7b8db24/execute/sync'
15:39:25.236 [AsyncHttpClient-1-2] DEBUG org.asynchttpclient.netty.handler.HttpHandler - 

Request DefaultHttpRequest(decodeResult: success, version: HTTP/1.1)
POST /session/566657fccef467be2dbfb2d8d7b8db24/execute/sync HTTP/1.1
User-Agent: selenium/4.1.4 (java windows)
Content-Length: 48780
Content-Type: application/json; charset=utf-8
host: localhost:58509
accept: */*

Response DefaultHttpResponse(decodeResult: success, version: HTTP/1.1)
HTTP/1.1 200 OK
Content-Type: application/json; charset=utf-8
cache-control: no-cache
content-length: 15

15:39:25.236 [AsyncHttpClient-1-2] DEBUG org.asynchttpclient.netty.channel.ChannelManager - Adding key: http://localhost:58509 for channel [id: 0xee7d4684, L:/127.0.0.1:59971 - R:localhost/127.0.0.1:58509]
15:39:25.319 [Forwarding findElements on session 566657fccef467be2dbfb2d8d7b8db24 to remote] DEBUG org.asynchttpclient.netty.request.NettyRequestSender - Using pooled Channel '[id: 0xee7d4684, L:/127.0.0.1:59971 - R:localhost/127.0.0.1:58509]' for 'POST' to 'http://localhost:58509/session/566657fccef467be2dbfb2d8d7b8db24/elements'
15:39:25.319 [Forwarding findElements on session 566657fccef467be2dbfb2d8d7b8db24 to remote] DEBUG org.asynchttpclient.netty.request.NettyRequestSender - Using open Channel [id: 0xee7d4684, L:/127.0.0.1:59971 - R:localhost/127.0.0.1:58509] for POST '/session/566657fccef467be2dbfb2d8d7b8db24/elements'
15:39:25.328 [AsyncHttpClient-1-2] DEBUG org.asynchttpclient.netty.handler.HttpHandler - 

Request DefaultHttpRequest(decodeResult: success, version: HTTP/1.1)
POST /session/566657fccef467be2dbfb2d8d7b8db24/elements HTTP/1.1
User-Agent: selenium/4.1.4 (java windows)
Content-Length: 203
Content-Type: application/json; charset=utf-8
host: localhost:58509
accept: */*

Response DefaultHttpResponse(decodeResult: success, version: HTTP/1.1)
HTTP/1.1 200 OK
Content-Type: application/json; charset=utf-8
cache-control: no-cache
content-length: 248

15:39:25.328 [AsyncHttpClient-1-2] DEBUG org.asynchttpclient.netty.channel.ChannelManager - Adding key: http://localhost:58509 for channel [id: 0xee7d4684, L:/127.0.0.1:59971 - R:localhost/127.0.0.1:58509]
15:39:25.332 [Forwarding isElementDisplayed on session 566657fccef467be2dbfb2d8d7b8db24 to remote] DEBUG org.asynchttpclient.netty.request.NettyRequestSender - Using pooled Channel '[id: 0xee7d4684, L:/127.0.0.1:59971 - R:localhost/127.0.0.1:58509]' for 'POST' to 'http://localhost:58509/session/566657fccef467be2dbfb2d8d7b8db24/execute/sync'
15:39:25.332 [Forwarding isElementDisplayed on session 566657fccef467be2dbfb2d8d7b8db24 to remote] DEBUG org.asynchttpclient.netty.request.NettyRequestSender - Using open Channel [id: 0xee7d4684, L:/127.0.0.1:59971 - R:localhost/127.0.0.1:58509] for POST '/session/566657fccef467be2dbfb2d8d7b8db24/execute/sync'
15:39:25.339 [AsyncHttpClient-1-2] DEBUG org.asynchttpclient.netty.handler.HttpHandler - 

Request DefaultHttpRequest(decodeResult: success, version: HTTP/1.1)
POST /session/566657fccef467be2dbfb2d8d7b8db24/execute/sync HTTP/1.1
User-Agent: selenium/4.1.4 (java windows)
Content-Length: 48780
Content-Type: application/json; charset=utf-8
host: localhost:58509
accept: */*

Response DefaultHttpResponse(decodeResult: success, version: HTTP/1.1)
HTTP/1.1 200 OK
Content-Type: application/json; charset=utf-8
cache-control: no-cache
content-length: 15

15:39:25.339 [AsyncHttpClient-1-2] DEBUG org.asynchttpclient.netty.channel.ChannelManager - Adding key: http://localhost:58509 for channel [id: 0xee7d4684, L:/127.0.0.1:59971 - R:localhost/127.0.0.1:58509]
15:39:25.430 [Forwarding findElements on session 566657fccef467be2dbfb2d8d7b8db24 to remote] DEBUG org.asynchttpclient.netty.request.NettyRequestSender - Using pooled Channel '[id: 0xee7d4684, L:/127.0.0.1:59971 - R:localhost/127.0.0.1:58509]' for 'POST' to 'http://localhost:58509/session/566657fccef467be2dbfb2d8d7b8db24/elements'
15:39:25.430 [Forwarding findElements on session 566657fccef467be2dbfb2d8d7b8db24 to remote] DEBUG org.asynchttpclient.netty.request.NettyRequestSender - Using open Channel [id: 0xee7d4684, L:/127.0.0.1:59971 - R:localhost/127.0.0.1:58509] for POST '/session/566657fccef467be2dbfb2d8d7b8db24/elements'
15:39:25.437 [AsyncHttpClient-1-2] DEBUG org.asynchttpclient.netty.handler.HttpHandler - 

Request DefaultHttpRequest(decodeResult: success, version: HTTP/1.1)
POST /session/566657fccef467be2dbfb2d8d7b8db24/elements HTTP/1.1
User-Agent: selenium/4.1.4 (java windows)
Content-Length: 203
Content-Type: application/json; charset=utf-8
host: localhost:58509
accept: */*

Response DefaultHttpResponse(decodeResult: success, version: HTTP/1.1)
HTTP/1.1 200 OK
Content-Type: application/json; charset=utf-8
cache-control: no-cache
content-length: 248

15:39:25.438 [AsyncHttpClient-1-2] DEBUG org.asynchttpclient.netty.channel.ChannelManager - Adding key: http://localhost:58509 for channel [id: 0xee7d4684, L:/127.0.0.1:59971 - R:localhost/127.0.0.1:58509]
15:39:25.440 [Forwarding isElementDisplayed on session 566657fccef467be2dbfb2d8d7b8db24 to remote] DEBUG org.asynchttpclient.netty.request.NettyRequestSender - Using pooled Channel '[id: 0xee7d4684, L:/127.0.0.1:59971 - R:localhost/127.0.0.1:58509]' for 'POST' to 'http://localhost:58509/session/566657fccef467be2dbfb2d8d7b8db24/execute/sync'
15:39:25.440 [Forwarding isElementDisplayed on session 566657fccef467be2dbfb2d8d7b8db24 to remote] DEBUG org.asynchttpclient.netty.request.NettyRequestSender - Using open Channel [id: 0xee7d4684, L:/127.0.0.1:59971 - R:localhost/127.0.0.1:58509] for POST '/session/566657fccef467be2dbfb2d8d7b8db24/execute/sync'
15:39:25.447 [AsyncHttpClient-1-2] DEBUG org.asynchttpclient.netty.handler.HttpHandler - 

Request DefaultHttpRequest(decodeResult: success, version: HTTP/1.1)
POST /session/566657fccef467be2dbfb2d8d7b8db24/execute/sync HTTP/1.1
User-Agent: selenium/4.1.4 (java windows)
Content-Length: 48780
Content-Type: application/json; charset=utf-8
host: localhost:58509
accept: */*

Response DefaultHttpResponse(decodeResult: success, version: HTTP/1.1)
HTTP/1.1 200 OK
Content-Type: application/json; charset=utf-8
cache-control: no-cache
content-length: 15

15:39:25.447 [AsyncHttpClient-1-2] DEBUG org.asynchttpclient.netty.channel.ChannelManager - Adding key: http://localhost:58509 for channel [id: 0xee7d4684, L:/127.0.0.1:59971 - R:localhost/127.0.0.1:58509]
15:39:25.540 [Forwarding findElements on session 566657fccef467be2dbfb2d8d7b8db24 to remote] DEBUG org.asynchttpclient.netty.request.NettyRequestSender - Using pooled Channel '[id: 0xee7d4684, L:/127.0.0.1:59971 - R:localhost/127.0.0.1:58509]' for 'POST' to 'http://localhost:58509/session/566657fccef467be2dbfb2d8d7b8db24/elements'
15:39:25.540 [Forwarding findElements on session 566657fccef467be2dbfb2d8d7b8db24 to remote] DEBUG org.asynchttpclient.netty.request.NettyRequestSender - Using open Channel [id: 0xee7d4684, L:/127.0.0.1:59971 - R:localhost/127.0.0.1:58509] for POST '/session/566657fccef467be2dbfb2d8d7b8db24/elements'
15:39:25.547 [AsyncHttpClient-1-2] DEBUG org.asynchttpclient.netty.handler.HttpHandler - 

Request DefaultHttpRequest(decodeResult: success, version: HTTP/1.1)
POST /session/566657fccef467be2dbfb2d8d7b8db24/elements HTTP/1.1
User-Agent: selenium/4.1.4 (java windows)
Content-Length: 203
Content-Type: application/json; charset=utf-8
host: localhost:58509
accept: */*

Response DefaultHttpResponse(decodeResult: success, version: HTTP/1.1)
HTTP/1.1 200 OK
Content-Type: application/json; charset=utf-8
cache-control: no-cache
content-length: 248

15:39:25.547 [AsyncHttpClient-1-2] DEBUG org.asynchttpclient.netty.channel.ChannelManager - Adding key: http://localhost:58509 for channel [id: 0xee7d4684, L:/127.0.0.1:59971 - R:localhost/127.0.0.1:58509]
15:39:25.550 [Forwarding isElementDisplayed on session 566657fccef467be2dbfb2d8d7b8db24 to remote] DEBUG org.asynchttpclient.netty.request.NettyRequestSender - Using pooled Channel '[id: 0xee7d4684, L:/127.0.0.1:59971 - R:localhost/127.0.0.1:58509]' for 'POST' to 'http://localhost:58509/session/566657fccef467be2dbfb2d8d7b8db24/execute/sync'
15:39:25.550 [Forwarding isElementDisplayed on session 566657fccef467be2dbfb2d8d7b8db24 to remote] DEBUG org.asynchttpclient.netty.request.NettyRequestSender - Using open Channel [id: 0xee7d4684, L:/127.0.0.1:59971 - R:localhost/127.0.0.1:58509] for POST '/session/566657fccef467be2dbfb2d8d7b8db24/execute/sync'
15:39:25.558 [AsyncHttpClient-1-2] DEBUG org.asynchttpclient.netty.handler.HttpHandler - 

Request DefaultHttpRequest(decodeResult: success, version: HTTP/1.1)
POST /session/566657fccef467be2dbfb2d8d7b8db24/execute/sync HTTP/1.1
User-Agent: selenium/4.1.4 (java windows)
Content-Length: 48780
Content-Type: application/json; charset=utf-8
host: localhost:58509
accept: */*

Response DefaultHttpResponse(decodeResult: success, version: HTTP/1.1)
HTTP/1.1 200 OK
Content-Type: application/json; charset=utf-8
cache-control: no-cache
content-length: 15

15:39:25.558 [AsyncHttpClient-1-2] DEBUG org.asynchttpclient.netty.channel.ChannelManager - Adding key: http://localhost:58509 for channel [id: 0xee7d4684, L:/127.0.0.1:59971 - R:localhost/127.0.0.1:58509]
15:39:25.647 [Forwarding findElements on session 566657fccef467be2dbfb2d8d7b8db24 to remote] DEBUG org.asynchttpclient.netty.request.NettyRequestSender - Using pooled Channel '[id: 0xee7d4684, L:/127.0.0.1:59971 - R:localhost/127.0.0.1:58509]' for 'POST' to 'http://localhost:58509/session/566657fccef467be2dbfb2d8d7b8db24/elements'
15:39:25.647 [Forwarding findElements on session 566657fccef467be2dbfb2d8d7b8db24 to remote] DEBUG org.asynchttpclient.netty.request.NettyRequestSender - Using open Channel [id: 0xee7d4684, L:/127.0.0.1:59971 - R:localhost/127.0.0.1:58509] for POST '/session/566657fccef467be2dbfb2d8d7b8db24/elements'
15:39:25.654 [AsyncHttpClient-1-2] DEBUG org.asynchttpclient.netty.handler.HttpHandler - 

Request DefaultHttpRequest(decodeResult: success, version: HTTP/1.1)
POST /session/566657fccef467be2dbfb2d8d7b8db24/elements HTTP/1.1
User-Agent: selenium/4.1.4 (java windows)
Content-Length: 203
Content-Type: application/json; charset=utf-8
host: localhost:58509
accept: */*

Response DefaultHttpResponse(decodeResult: success, version: HTTP/1.1)
HTTP/1.1 200 OK
Content-Type: application/json; charset=utf-8
cache-control: no-cache
content-length: 248

15:39:25.654 [AsyncHttpClient-1-2] DEBUG org.asynchttpclient.netty.channel.ChannelManager - Adding key: http://localhost:58509 for channel [id: 0xee7d4684, L:/127.0.0.1:59971 - R:localhost/127.0.0.1:58509]
15:39:25.659 [Forwarding isElementDisplayed on session 566657fccef467be2dbfb2d8d7b8db24 to remote] DEBUG org.asynchttpclient.netty.request.NettyRequestSender - Using pooled Channel '[id: 0xee7d4684, L:/127.0.0.1:59971 - R:localhost/127.0.0.1:58509]' for 'POST' to 'http://localhost:58509/session/566657fccef467be2dbfb2d8d7b8db24/execute/sync'
15:39:25.659 [Forwarding isElementDisplayed on session 566657fccef467be2dbfb2d8d7b8db24 to remote] DEBUG org.asynchttpclient.netty.request.NettyRequestSender - Using open Channel [id: 0xee7d4684, L:/127.0.0.1:59971 - R:localhost/127.0.0.1:58509] for POST '/session/566657fccef467be2dbfb2d8d7b8db24/execute/sync'
15:39:25.666 [AsyncHttpClient-1-2] DEBUG org.asynchttpclient.netty.handler.HttpHandler - 

Request DefaultHttpRequest(decodeResult: success, version: HTTP/1.1)
POST /session/566657fccef467be2dbfb2d8d7b8db24/execute/sync HTTP/1.1
User-Agent: selenium/4.1.4 (java windows)
Content-Length: 48780
Content-Type: application/json; charset=utf-8
host: localhost:58509
accept: */*

Response DefaultHttpResponse(decodeResult: success, version: HTTP/1.1)
HTTP/1.1 200 OK
Content-Type: application/json; charset=utf-8
cache-control: no-cache
content-length: 15

15:39:25.666 [AsyncHttpClient-1-2] DEBUG org.asynchttpclient.netty.channel.ChannelManager - Adding key: http://localhost:58509 for channel [id: 0xee7d4684, L:/127.0.0.1:59971 - R:localhost/127.0.0.1:58509]
15:39:25.764 [Forwarding findElements on session 566657fccef467be2dbfb2d8d7b8db24 to remote] DEBUG org.asynchttpclient.netty.request.NettyRequestSender - Using pooled Channel '[id: 0xee7d4684, L:/127.0.0.1:59971 - R:localhost/127.0.0.1:58509]' for 'POST' to 'http://localhost:58509/session/566657fccef467be2dbfb2d8d7b8db24/elements'
15:39:25.764 [Forwarding findElements on session 566657fccef467be2dbfb2d8d7b8db24 to remote] DEBUG org.asynchttpclient.netty.request.NettyRequestSender - Using open Channel [id: 0xee7d4684, L:/127.0.0.1:59971 - R:localhost/127.0.0.1:58509] for POST '/session/566657fccef467be2dbfb2d8d7b8db24/elements'
15:39:25.772 [AsyncHttpClient-1-2] DEBUG org.asynchttpclient.netty.handler.HttpHandler - 

Request DefaultHttpRequest(decodeResult: success, version: HTTP/1.1)
POST /session/566657fccef467be2dbfb2d8d7b8db24/elements HTTP/1.1
User-Agent: selenium/4.1.4 (java windows)
Content-Length: 203
Content-Type: application/json; charset=utf-8
host: localhost:58509
accept: */*

Response DefaultHttpResponse(decodeResult: success, version: HTTP/1.1)
HTTP/1.1 200 OK
Content-Type: application/json; charset=utf-8
cache-control: no-cache
content-length: 248

15:39:25.772 [AsyncHttpClient-1-2] DEBUG org.asynchttpclient.netty.channel.ChannelManager - Adding key: http://localhost:58509 for channel [id: 0xee7d4684, L:/127.0.0.1:59971 - R:localhost/127.0.0.1:58509]
15:39:25.775 [Forwarding isElementDisplayed on session 566657fccef467be2dbfb2d8d7b8db24 to remote] DEBUG org.asynchttpclient.netty.request.NettyRequestSender - Using pooled Channel '[id: 0xee7d4684, L:/127.0.0.1:59971 - R:localhost/127.0.0.1:58509]' for 'POST' to 'http://localhost:58509/session/566657fccef467be2dbfb2d8d7b8db24/execute/sync'
15:39:25.775 [Forwarding isElementDisplayed on session 566657fccef467be2dbfb2d8d7b8db24 to remote] DEBUG org.asynchttpclient.netty.request.NettyRequestSender - Using open Channel [id: 0xee7d4684, L:/127.0.0.1:59971 - R:localhost/127.0.0.1:58509] for POST '/session/566657fccef467be2dbfb2d8d7b8db24/execute/sync'
15:39:25.783 [AsyncHttpClient-1-2] DEBUG org.asynchttpclient.netty.handler.HttpHandler - 

Request DefaultHttpRequest(decodeResult: success, version: HTTP/1.1)
POST /session/566657fccef467be2dbfb2d8d7b8db24/execute/sync HTTP/1.1
User-Agent: selenium/4.1.4 (java windows)
Content-Length: 48780
Content-Type: application/json; charset=utf-8
host: localhost:58509
accept: */*

Response DefaultHttpResponse(decodeResult: success, version: HTTP/1.1)
HTTP/1.1 200 OK
Content-Type: application/json; charset=utf-8
cache-control: no-cache
content-length: 15

15:39:25.783 [AsyncHttpClient-1-2] DEBUG org.asynchttpclient.netty.channel.ChannelManager - Adding key: http://localhost:58509 for channel [id: 0xee7d4684, L:/127.0.0.1:59971 - R:localhost/127.0.0.1:58509]
15:39:25.826 [AsyncHttpClient-1-1] DEBUG org.asynchttpclient.netty.channel.DefaultChannelPool - Entry count for : http://localhost:58509 : 1
15:39:25.864 [Forwarding findElements on session 566657fccef467be2dbfb2d8d7b8db24 to remote] DEBUG org.asynchttpclient.netty.request.NettyRequestSender - Using pooled Channel '[id: 0xee7d4684, L:/127.0.0.1:59971 - R:localhost/127.0.0.1:58509]' for 'POST' to 'http://localhost:58509/session/566657fccef467be2dbfb2d8d7b8db24/elements'
15:39:25.864 [Forwarding findElements on session 566657fccef467be2dbfb2d8d7b8db24 to remote] DEBUG org.asynchttpclient.netty.request.NettyRequestSender - Using open Channel [id: 0xee7d4684, L:/127.0.0.1:59971 - R:localhost/127.0.0.1:58509] for POST '/session/566657fccef467be2dbfb2d8d7b8db24/elements'
15:39:25.871 [AsyncHttpClient-1-2] DEBUG org.asynchttpclient.netty.handler.HttpHandler - 

Request DefaultHttpRequest(decodeResult: success, version: HTTP/1.1)
POST /session/566657fccef467be2dbfb2d8d7b8db24/elements HTTP/1.1
User-Agent: selenium/4.1.4 (java windows)
Content-Length: 203
Content-Type: application/json; charset=utf-8
host: localhost:58509
accept: */*

Response DefaultHttpResponse(decodeResult: success, version: HTTP/1.1)
HTTP/1.1 200 OK
Content-Type: application/json; charset=utf-8
cache-control: no-cache
content-length: 248

15:39:25.871 [AsyncHttpClient-1-2] DEBUG org.asynchttpclient.netty.channel.ChannelManager - Adding key: http://localhost:58509 for channel [id: 0xee7d4684, L:/127.0.0.1:59971 - R:localhost/127.0.0.1:58509]
15:39:25.875 [Forwarding isElementDisplayed on session 566657fccef467be2dbfb2d8d7b8db24 to remote] DEBUG org.asynchttpclient.netty.request.NettyRequestSender - Using pooled Channel '[id: 0xee7d4684, L:/127.0.0.1:59971 - R:localhost/127.0.0.1:58509]' for 'POST' to 'http://localhost:58509/session/566657fccef467be2dbfb2d8d7b8db24/execute/sync'
15:39:25.875 [Forwarding isElementDisplayed on session 566657fccef467be2dbfb2d8d7b8db24 to remote] DEBUG org.asynchttpclient.netty.request.NettyRequestSender - Using open Channel [id: 0xee7d4684, L:/127.0.0.1:59971 - R:localhost/127.0.0.1:58509] for POST '/session/566657fccef467be2dbfb2d8d7b8db24/execute/sync'
15:39:25.967 [AsyncHttpClient-1-2] DEBUG org.asynchttpclient.netty.handler.HttpHandler - 

Request DefaultHttpRequest(decodeResult: success, version: HTTP/1.1)
POST /session/566657fccef467be2dbfb2d8d7b8db24/execute/sync HTTP/1.1
User-Agent: selenium/4.1.4 (java windows)
Content-Length: 48780
Content-Type: application/json; charset=utf-8
host: localhost:58509
accept: */*

Response DefaultHttpResponse(decodeResult: success, version: HTTP/1.1)
HTTP/1.1 200 OK
Content-Type: application/json; charset=utf-8
cache-control: no-cache
content-length: 14

15:39:25.967 [AsyncHttpClient-1-2] DEBUG org.asynchttpclient.netty.channel.ChannelManager - Adding key: http://localhost:58509 for channel [id: 0xee7d4684, L:/127.0.0.1:59971 - R:localhost/127.0.0.1:58509]
15:39:25.981 [Forwarding findElements on session 566657fccef467be2dbfb2d8d7b8db24 to remote] DEBUG org.asynchttpclient.netty.request.NettyRequestSender - Using pooled Channel '[id: 0xee7d4684, L:/127.0.0.1:59971 - R:localhost/127.0.0.1:58509]' for 'POST' to 'http://localhost:58509/session/566657fccef467be2dbfb2d8d7b8db24/elements'
15:39:25.981 [Forwarding findElements on session 566657fccef467be2dbfb2d8d7b8db24 to remote] DEBUG org.asynchttpclient.netty.request.NettyRequestSender - Using open Channel [id: 0xee7d4684, L:/127.0.0.1:59971 - R:localhost/127.0.0.1:58509] for POST '/session/566657fccef467be2dbfb2d8d7b8db24/elements'
15:39:25.987 [AsyncHttpClient-1-2] DEBUG org.asynchttpclient.netty.handler.HttpHandler - 

Request DefaultHttpRequest(decodeResult: success, version: HTTP/1.1)
POST /session/566657fccef467be2dbfb2d8d7b8db24/elements HTTP/1.1
User-Agent: selenium/4.1.4 (java windows)
Content-Length: 203
Content-Type: application/json; charset=utf-8
host: localhost:58509
accept: */*

Response DefaultHttpResponse(decodeResult: success, version: HTTP/1.1)
HTTP/1.1 200 OK
Content-Type: application/json; charset=utf-8
cache-control: no-cache
content-length: 248

15:39:25.988 [AsyncHttpClient-1-2] DEBUG org.asynchttpclient.netty.channel.ChannelManager - Adding key: http://localhost:58509 for channel [id: 0xee7d4684, L:/127.0.0.1:59971 - R:localhost/127.0.0.1:58509]
15:39:25.989 [Forwarding setTimeout on session 566657fccef467be2dbfb2d8d7b8db24 to remote] DEBUG org.asynchttpclient.netty.request.NettyRequestSender - Using pooled Channel '[id: 0xee7d4684, L:/127.0.0.1:59971 - R:localhost/127.0.0.1:58509]' for 'POST' to 'http://localhost:58509/session/566657fccef467be2dbfb2d8d7b8db24/timeouts'
15:39:25.989 [Forwarding setTimeout on session 566657fccef467be2dbfb2d8d7b8db24 to remote] DEBUG org.asynchttpclient.netty.request.NettyRequestSender - Using open Channel [id: 0xee7d4684, L:/127.0.0.1:59971 - R:localhost/127.0.0.1:58509] for POST '/session/566657fccef467be2dbfb2d8d7b8db24/timeouts'
15:39:25.990 [AsyncHttpClient-1-2] DEBUG org.asynchttpclient.netty.handler.HttpHandler - 

Request DefaultHttpRequest(decodeResult: success, version: HTTP/1.1)
POST /session/566657fccef467be2dbfb2d8d7b8db24/timeouts HTTP/1.1
User-Agent: selenium/4.1.4 (java windows)
Content-Length: 23
Content-Type: application/json; charset=utf-8
host: localhost:58509
accept: */*

Response DefaultHttpResponse(decodeResult: success, version: HTTP/1.1)
HTTP/1.1 200 OK
Content-Type: application/json; charset=utf-8
cache-control: no-cache
content-length: 14

15:39:25.990 [AsyncHttpClient-1-2] DEBUG org.asynchttpclient.netty.channel.ChannelManager - Adding key: http://localhost:58509 for channel [id: 0xee7d4684, L:/127.0.0.1:59971 - R:localhost/127.0.0.1:58509]
15:39:26.016 [Forwarding isElementDisplayed on session 566657fccef467be2dbfb2d8d7b8db24 to remote] DEBUG org.asynchttpclient.netty.request.NettyRequestSender - Using pooled Channel '[id: 0xee7d4684, L:/127.0.0.1:59971 - R:localhost/127.0.0.1:58509]' for 'POST' to 'http://localhost:58509/session/566657fccef467be2dbfb2d8d7b8db24/execute/sync'
15:39:26.016 [Forwarding isElementDisplayed on session 566657fccef467be2dbfb2d8d7b8db24 to remote] DEBUG org.asynchttpclient.netty.request.NettyRequestSender - Using open Channel [id: 0xee7d4684, L:/127.0.0.1:59971 - R:localhost/127.0.0.1:58509] for POST '/session/566657fccef467be2dbfb2d8d7b8db24/execute/sync'
15:39:26.023 [AsyncHttpClient-1-2] DEBUG org.asynchttpclient.netty.handler.HttpHandler - 

Request DefaultHttpRequest(decodeResult: success, version: HTTP/1.1)
POST /session/566657fccef467be2dbfb2d8d7b8db24/execute/sync HTTP/1.1
User-Agent: selenium/4.1.4 (java windows)
Content-Length: 48780
Content-Type: application/json; charset=utf-8
host: localhost:58509
accept: */*

Response DefaultHttpResponse(decodeResult: success, version: HTTP/1.1)
HTTP/1.1 200 OK
Content-Type: application/json; charset=utf-8
cache-control: no-cache
content-length: 14

15:39:26.023 [AsyncHttpClient-1-2] DEBUG org.asynchttpclient.netty.channel.ChannelManager - Adding key: http://localhost:58509 for channel [id: 0xee7d4684, L:/127.0.0.1:59971 - R:localhost/127.0.0.1:58509]
15:39:26.026 [Forwarding isElementDisplayed on session 566657fccef467be2dbfb2d8d7b8db24 to remote] DEBUG org.asynchttpclient.netty.request.NettyRequestSender - Using pooled Channel '[id: 0xee7d4684, L:/127.0.0.1:59971 - R:localhost/127.0.0.1:58509]' for 'POST' to 'http://localhost:58509/session/566657fccef467be2dbfb2d8d7b8db24/execute/sync'
15:39:26.026 [Forwarding isElementDisplayed on session 566657fccef467be2dbfb2d8d7b8db24 to remote] DEBUG org.asynchttpclient.netty.request.NettyRequestSender - Using open Channel [id: 0xee7d4684, L:/127.0.0.1:59971 - R:localhost/127.0.0.1:58509] for POST '/session/566657fccef467be2dbfb2d8d7b8db24/execute/sync'
15:39:26.032 [AsyncHttpClient-1-2] DEBUG org.asynchttpclient.netty.handler.HttpHandler - 

Request DefaultHttpRequest(decodeResult: success, version: HTTP/1.1)
POST /session/566657fccef467be2dbfb2d8d7b8db24/execute/sync HTTP/1.1
User-Agent: selenium/4.1.4 (java windows)
Content-Length: 48780
Content-Type: application/json; charset=utf-8
host: localhost:58509
accept: */*

Response DefaultHttpResponse(decodeResult: success, version: HTTP/1.1)
HTTP/1.1 200 OK
Content-Type: application/json; charset=utf-8
cache-control: no-cache
content-length: 14

15:39:26.032 [AsyncHttpClient-1-2] DEBUG org.asynchttpclient.netty.channel.ChannelManager - Adding key: http://localhost:58509 for channel [id: 0xee7d4684, L:/127.0.0.1:59971 - R:localhost/127.0.0.1:58509]
15:39:26.043 [Forwarding screenshot on session 566657fccef467be2dbfb2d8d7b8db24 to remote] DEBUG org.asynchttpclient.netty.request.NettyRequestSender - Using pooled Channel '[id: 0xee7d4684, L:/127.0.0.1:59971 - R:localhost/127.0.0.1:58509]' for 'GET' to 'http://localhost:58509/session/566657fccef467be2dbfb2d8d7b8db24/screenshot'
15:39:26.044 [Forwarding screenshot on session 566657fccef467be2dbfb2d8d7b8db24 to remote] DEBUG org.asynchttpclient.netty.request.NettyRequestSender - Using open Channel [id: 0xee7d4684, L:/127.0.0.1:59971 - R:localhost/127.0.0.1:58509] for GET '/session/566657fccef467be2dbfb2d8d7b8db24/screenshot'
15:39:26.307 [AsyncHttpClient-1-2] DEBUG org.asynchttpclient.netty.handler.HttpHandler - 

Request DefaultFullHttpRequest(decodeResult: success, version: HTTP/1.1, content: EmptyByteBufBE)
GET /session/566657fccef467be2dbfb2d8d7b8db24/screenshot HTTP/1.1
User-Agent: selenium/4.1.4 (java windows)
Cache-Control: no-cache
Content-Type: application/json; charset=utf-8
host: localhost:58509
accept: */*

Response DefaultHttpResponse(decodeResult: success, version: HTTP/1.1)
HTTP/1.1 200 OK
Content-Type: application/json; charset=utf-8
cache-control: no-cache
content-length: 171880

15:39:26.308 [AsyncHttpClient-1-2] DEBUG org.asynchttpclient.netty.channel.ChannelManager - Adding key: http://localhost:58509 for channel [id: 0xee7d4684, L:/127.0.0.1:59971 - R:localhost/127.0.0.1:58509]
15:39:26.312 [Test worker] DEBUG net.serenitybdd.core.photography.Darkroom - Send negative for processing for C:\Users\Administrador\Documents\Choucair\Choucair\ChoucairAutomation\target\site\serenity\e90f7ebab5004777c41053a06c01003ab87a47c929475f986136d1bb7f0a339f.png
15:39:26.312 [Darkroom Processing Line] DEBUG net.serenitybdd.core.photography.DarkroomProcessingLine - Processing screenshot image in /var/screenshots/screenshot-5345128669707736954
15:39:26.312 [Darkroom Processing Line] DEBUG net.serenitybdd.core.photography.DarkroomProcessingLine - Saving screenshot to C:\Users\Administrador\Documents\Choucair\Choucair\ChoucairAutomation\target\site\serenity\e90f7ebab5004777c41053a06c01003ab87a47c929475f986136d1bb7f0a339f.png
15:39:26.325 [Test worker] INFO  - 
  _____   ___   ___   _____     ___     _     ___   ___   ___   ___  
 |_   _| | __| / __| |_   _|   | _ \   /_\   / __| / __| | __| |   \ 
   | |   | _|  \__ \   | |     |  _/  / _ \  \__ \ \__ \ | _|  | |) |
   |_|   |___| |___/   |_|     |_|   /_/ \_\ |___/ |___/ |___| |___/ 

Should meeting and organization be created when submit the complete registration data
----------------------------------------------------------------------
15:39:26.345 [Test worker] DEBUG net.thucydides.core.requirements.PackageRequirementsTagProvider - Loading requirements from package requirements at: com.choucair.features
15:39:26.485 [Driver Command Executor] DEBUG org.asynchttpclient.netty.request.NettyRequestSender - Using pooled Channel '[id: 0xee7d4684, L:/127.0.0.1:59971 - R:localhost/127.0.0.1:58509]' for 'DELETE' to 'http://localhost:58509/session/566657fccef467be2dbfb2d8d7b8db24'
15:39:26.485 [Driver Command Executor] DEBUG org.asynchttpclient.netty.request.NettyRequestSender - Using open Channel [id: 0xee7d4684, L:/127.0.0.1:59971 - R:localhost/127.0.0.1:58509] for DELETE '/session/566657fccef467be2dbfb2d8d7b8db24'
15:39:26.486 [AsyncHttpClient-1-4] DEBUG org.asynchttpclient.netty.handler.WebSocketHandler - Channel Closed: [id: 0x146a9213, L:/127.0.0.1:59980 ! R:localhost/127.0.0.1:59972] with attribute NettyResponseFuture{currentRetry=5,
	isDone=1,
	isCancelled=0,
	asyncHandler=org.asynchttpclient.ws.WebSocketUpgradeHandler@21100721,
	nettyRequest=org.asynchttpclient.netty.request.NettyRequest@6edcf02b,
	future=java.util.concurrent.CompletableFuture@509a42e9[Completed normally],
	uri=ws://localhost:59972/devtools/browser/373be6e0-a3fe-4d70-b26d-86339de9ceb7,
	keepAlive=true,
	redirectCount=0,
	timeoutsHolder=null,
	inAuth=0,
	touch=1664570282684}
15:39:26.486 [AsyncHttpClient-1-4] DEBUG org.asynchttpclient.netty.channel.ChannelManager - Closing Channel [id: 0x146a9213, L:/127.0.0.1:59980 ! R:localhost/127.0.0.1:59972] 
15:39:26.518 [AsyncHttpClient-1-2] DEBUG org.asynchttpclient.netty.handler.HttpHandler - 

Request DefaultFullHttpRequest(decodeResult: success, version: HTTP/1.1, content: EmptyByteBufBE)
DELETE /session/566657fccef467be2dbfb2d8d7b8db24 HTTP/1.1
User-Agent: selenium/4.1.4 (java windows)
Content-Type: application/json; charset=utf-8
host: localhost:58509
accept: */*

Response DefaultHttpResponse(decodeResult: success, version: HTTP/1.1)
HTTP/1.1 200 OK
Content-Type: application/json; charset=utf-8
cache-control: no-cache
content-length: 14

15:39:26.518 [AsyncHttpClient-1-2] DEBUG org.asynchttpclient.netty.channel.ChannelManager - Adding key: http://localhost:58509 for channel [id: 0xee7d4684, L:/127.0.0.1:59971 - R:localhost/127.0.0.1:58509]
15:39:26.551 [AsyncHttpClient-1-2] DEBUG org.asynchttpclient.netty.handler.HttpHandler - Channel Closed: [id: 0xee7d4684, L:/127.0.0.1:59971 ! R:localhost/127.0.0.1:58509] with attribute DISCARD
15:39:26.929 [AsyncHttpClient-1-1] DEBUG org.asynchttpclient.netty.channel.DefaultChannelPool - Entry count for : http://localhost:58509 : 1
15:39:26.929 [AsyncHttpClient-1-1] DEBUG org.asynchttpclient.netty.channel.DefaultChannelPool - Adding Candidate expired Channel [id: 0xee7d4684, L:/127.0.0.1:59971 ! R:localhost/127.0.0.1:58509] isIdleTimeoutExpired=false isRemotelyClosed=true isTtlExpired=false
15:39:26.929 [AsyncHttpClient-1-1] DEBUG org.asynchttpclient.netty.channel.DefaultChannelPool - Closing Idle Channel [id: 0xee7d4684, L:/127.0.0.1:59971 ! R:localhost/127.0.0.1:58509]
15:39:26.930 [AsyncHttpClient-1-1] DEBUG org.asynchttpclient.netty.channel.DefaultChannelPool - Closed 1 connections out of 1 in 1 ms
15:39:27.077 [Test worker] DEBUG net.serenitybdd.core.photography.Darkroom - Closing darkroom
15:39:27.077 [Darkroom Processing Line] DEBUG net.serenitybdd.core.photography.DarkroomProcessingLine - Darkroom processing line shutting down
15:39:27.090 [Test worker] DEBUG net.thucydides.core.reports.ReportService - Reporting formats: [JSON, HTML]
15:39:27.222 [Test worker] DEBUG net.thucydides.core.reports.ReportService - Reporting formats: [JSON, HTML]
15:39:27.229 [Test worker] DEBUG net.thucydides.core.reports.ReportService - Generating reports for 1 test outcomes using: net.thucydides.core.reports.json.JSONTestOutcomeReporter@52f3721a
15:39:27.230 [pool-1-thread-1] DEBUG net.thucydides.core.reports.ReportService - Processing test outcome Start sharp:should_MeetingAndOrganizationBeCreated_When_SubmitTheCompleteRegistrationData
15:39:27.230 [pool-1-thread-1] DEBUG net.thucydides.core.reports.ReportService - net.thucydides.core.reports.json.JSONTestOutcomeReporter@52f3721a: Generating report for test outcome: Start sharp:should_MeetingAndOrganizationBeCreated_When_SubmitTheCompleteRegistrationData
15:39:27.234 [pool-1-thread-1] DEBUG net.thucydides.core.reports.json.JSONTestOutcomeReporter - Generating JSON report for Should meeting and organization be created when submit the complete registration data to file C:\Users\Administrador\Documents\Choucair\Choucair\ChoucairAutomation\target\site\serenity\40ee4e50436d2bffa6416511586709f28ffc1b9e6b3623d9d549f07fb769f2ab.json (using temp file C:\Users\Administrador\Documents\Choucair\Choucair\ChoucairAutomation\target\site\serenity\40ee4e50436d2bffa6416511586709f28ffc1b9e6b3623d9d549f07fb769f2ab.jsonf06d26e0-a45c-4f9c-862f-4a73ae8e9b98)
15:39:27.265 [pool-1-thread-1] DEBUG net.thucydides.core.reports.ReportService - Processing test outcome Start sharp:should_MeetingAndOrganizationBeCreated_When_SubmitTheCompleteRegistrationData done
15:39:27.265 [Test worker] DEBUG net.thucydides.core.reports.ReportService - Shutting down executor service
15:39:27.265 [Test worker] DEBUG net.thucydides.core.reports.ReportService - Reports generated in: 36 ms
15:39:27.265 [Test worker] DEBUG net.thucydides.core.reports.ReportService - Generating reports for 1 test outcomes using: net.thucydides.core.reports.html.HtmlAcceptanceTestReporter@117f98f5
15:39:27.265 [pool-2-thread-1] DEBUG net.thucydides.core.reports.ReportService - Processing test outcome Start sharp:should_MeetingAndOrganizationBeCreated_When_SubmitTheCompleteRegistrationData
15:39:27.266 [pool-2-thread-1] DEBUG net.thucydides.core.reports.ReportService - net.thucydides.core.reports.html.HtmlAcceptanceTestReporter@117f98f5: Generating report for test outcome: Start sharp:should_MeetingAndOrganizationBeCreated_When_SubmitTheCompleteRegistrationData
15:39:27.273 [pool-2-thread-1] DEBUG net.thucydides.core.requirements.PackageRequirementsTagProvider - Loading requirements from package requirements at: com.choucair.features
15:39:30.774 [pool-2-thread-1] DEBUG net.thucydides.core.reports.ReportService - Processing test outcome Start sharp:should_MeetingAndOrganizationBeCreated_When_SubmitTheCompleteRegistrationData done
15:39:30.774 [Test worker] DEBUG net.thucydides.core.reports.ReportService - Shutting down executor service
15:39:30.774 [Test worker] DEBUG net.thucydides.core.reports.ReportService - Reports generated in: 3509 ms
15:39:30.856 [Test worker] DEBUG net.thucydides.core.reports.ReportService - Generating report for configuration
]]></system-out>
  <system-err><![CDATA[ERROR StatusLogger Log4j2 could not find a logging implementation. Please add log4j-core to the classpath. Using SimpleLogger to log to the console...
Starting ChromeDriver 105.0.5195.52 (412c95e518836d8a7d97250d62b29c2ae6a26a85-refs/branch-heads/5195@{#853}) on port 58509
Only local connections are allowed.
Please see https://chromedriver.chromium.org/security-considerations for suggestions on keeping ChromeDriver safe.
ChromeDriver was started successfully.
sept. 30, 2022 3:38:02 P. M. org.openqa.selenium.remote.ProtocolHandshake createSession
INFO: Detected dialect: W3C
sept. 30, 2022 3:38:02 P. M. org.openqa.selenium.devtools.CdpVersionFinder findNearestMatch
WARNING: Unable to find an exact match for CDP version 105, so returning the closest version found: 101
sept. 30, 2022 3:38:02 P. M. org.openqa.selenium.devtools.CdpVersionFinder findNearestMatch
INFO: Found CDP implementation for version 105 of 101
]]></system-err>
</testsuite>
